--- Job aggr Start 06/08/23 15:56:50 42.5.0 cf11b917 WEX-WEI x86 64bit/MS Windows
--- Applying:
    C:\GAMS\42\gmsprmNT.txt
--- GAMS Parameters defined
    Input h:\windc\github\windc_build\household\aggr.gms
    Output h:\windc\github\windc_build\household\lst\aggr_cps_static_gtap_10_state.lst
    ScrDir h:\windc\github\windc_build\household\225b\
    SysDir C:\GAMS\42\
    LogOption 4
    LogFile h:\windc\github\windc_build\household\lst\aggr_cps_static_gtap_10_state.log
    --ds cps_static
    --smap gtap_10
    --rmap state
Licensee: Small MUD - 5 User License                     G230511|0002AO-GEN
          University of Wisconsin-Madison, Agricultural & Applied EconDC289
          C:\Users\Thomas F. Rutherford\Documents\GAMS\gamslice.txt
          License Admin: Thomas F. Rutherford, rutherford@aae.wisc.edu     
Processor information: 1 socket(s), 12 core(s), and 24 thread(s) available
GAMS 42.5.0   Copyright (C) 1987-2023 GAMS Development. All rights reserved
--- Starting compilation
--- aggr.gms(27) 2 Mb
--- . windc_hhdata.gms(39) 2 Mb
--- GDXin=h:\windc\github\windc_build\household\datasets\WiNDC_cps_static.gdx
--- GDX File ($gdxIn) h:\windc\github\windc_build\household\datasets\WiNDC_cps_static.gdx
--- . windc_hhdata.gms(111) 44 Mb
--- aggr.gms(34) 44 Mb
--- . gtap_10.map(103) 44 Mb
--- aggr.gms(35) 44 Mb
--- . state.map(10) 44 Mb
--- aggr.gms(178) 44 Mb
--- Starting execution: elapsed 0:00:00.116
--- aggr.gms(381) 51 Mb
--- GDX File (execute_unload) h:\windc\github\windc_build\household\datasets\WiNDC_cps_static_gtap_10_state.gdx
*** Status: Normal completion
--- Job aggr.gms Stop 06/08/23 15:56:51 elapsed 0:00:00.654
