--- Job consolidate Start 06/08/23 15:56:29 42.5.0 cf11b917 WEX-WEI x86 64bit/MS Windows
--- Applying:
    C:\GAMS\42\gmsprmNT.txt
--- GAMS Parameters defined
    Input h:\windc\github\windc_build\household\consolidate.gms
    Output h:\windc\github\windc_build\household\lst\consolidate_cps_dynamic.lst
    ScrDir h:\windc\github\windc_build\household\225b\
    SysDir C:\GAMS\42\
    LogOption 4
    LogFile h:\windc\github\windc_build\household\lst\consolidate_cps_dynamic.log
    --hh_years 2014*2017
    --hhdata cps
    --invest dynamic
Licensee: Small MUD - 5 User License                     G230511|0002AO-GEN
          University of Wisconsin-Madison, Agricultural & Applied EconDC289
          C:\Users\Thomas F. Rutherford\Documents\GAMS\gamslice.txt
          License Admin: Thomas F. Rutherford, rutherford@aae.wisc.edu     
Processor information: 1 socket(s), 12 core(s), and 24 thread(s) available
GAMS 42.5.0   Copyright (C) 1987-2023 GAMS Development. All rights reserved
--- Starting compilation
--- consolidate.gms(43) 2 Mb
--- . windc_coredata.gms(17) 2 Mb
--- GDXin=h:\windc\github\windc_build\core\WiNDCdatabase.gdx
--- GDX File ($gdxIn) h:\windc\github\windc_build\core\WiNDCdatabase.gdx
--- . windc_coredata.gms(209) 202 Mb
--- consolidate.gms(93) 202 Mb
--- call gdxmerge gdx\capital_taxrate_*.gdx output=h:\windc\github\windc_build\household\225b\merged.gdx
--- consolidate.gms(94) 202 Mb
--- GDXin=h:\windc\github\windc_build\household\225b\merged.gdx
--- GDX File ($gdxIn) h:\windc\github\windc_build\household\225b\merged.gdx
--- consolidate.gms(111) 202 Mb
--- GDXin=h:\windc\github\windc_build\household\gdx\calibrated_hhdata_cps_dynamic_2015.gdx
--- GDX File ($gdxIn) h:\windc\github\windc_build\household\gdx\calibrated_hhdata_cps_dynamic_2015.gdx
--- consolidate.gms(137) 202 Mb
--- call gdxmerge gdx\calibrated_hhdata_cps_dynamic_*.gdx output=gdx\hh_dynamic.gdx
--- consolidate.gms(138) 202 Mb
--- GDXin=h:\windc\github\windc_build\household\gdx\hh_dynamic.gdx
--- GDX File ($gdxIn) h:\windc\github\windc_build\household\gdx\hh_dynamic.gdx
--- consolidate.gms(178) 205 Mb
--- call gdxmerge gdx\dynamic_parameters_*.gdx output=gdx\dynamic.gdx
--- consolidate.gms(179) 205 Mb
--- GDXin=h:\windc\github\windc_build\household\gdx\dynamic.gdx
--- GDX File ($gdxIn) h:\windc\github\windc_build\household\gdx\dynamic.gdx
--- consolidate.gms(218) 276 Mb
--- Starting execution: elapsed 0:00:01.497
--- consolidate.gms(251) 295 Mb
--- GDX File (execute_unload) h:\windc\github\windc_build\household\225b\totgdp.gdx
--- consolidate.gms(252) 295 Mb
--- consolidate.gms(417) 295 Mb
--- GDX File (execute_unload) h:\windc\github\windc_build\household\datasets\WiNDC_cps_dynamic.gdx
*** Status: Normal completion
--- Job consolidate.gms Stop 06/08/23 15:56:34 elapsed 0:00:05.180
