--- Job hhcalib Start 06/08/23 15:52:28 42.5.0 cf11b917 WEX-WEI x86 64bit/MS Windows
--- Applying:
    C:\GAMS\42\gmsprmNT.txt
--- GAMS Parameters defined
    Input h:\windc\github\windc_build\household\hhcalib.gms
    Output h:\windc\github\windc_build\household\lst\hhcalib_2015_cps_dynamic.lst
    ScrDir h:\windc\github\windc_build\household\225b\
    SysDir C:\GAMS\42\
    LogOption 4
    LogFile h:\windc\github\windc_build\household\lst\hhcalib_2015_cps_dynamic.log
    --year 2015
    --hhdata cps
    --invest dynamic
    --puttitle no
Licensee: Small MUD - 5 User License                     G230511|0002AO-GEN
          University of Wisconsin-Madison, Agricultural & Applied EconDC289
          C:\Users\Thomas F. Rutherford\Documents\GAMS\gamslice.txt
          License Admin: Thomas F. Rutherford, rutherford@aae.wisc.edu     
Processor information: 1 socket(s), 12 core(s), and 24 thread(s) available
GAMS 42.5.0   Copyright (C) 1987-2023 GAMS Development. All rights reserved
--- Starting compilation
--- hhcalib.gms(63) 2 Mb
--- . windc_coredata.gms(17) 2 Mb
--- GDXin=h:\windc\github\windc_build\core\WiNDCdatabase.gdx
--- GDX File ($gdxIn) h:\windc\github\windc_build\core\WiNDCdatabase.gdx
--- . windc_coredata.gms(209) 202 Mb
--- hhcalib.gms(89) 202 Mb
--- GDXin=h:\windc\github\windc_build\household\gdx\capital_tax_rates.gdx
--- GDX File ($gdxIn) h:\windc\github\windc_build\household\gdx\capital_tax_rates.gdx
--- hhcalib.gms(121) 202 Mb
--- GDXin=h:\windc\github\windc_build\household\gdx\cps_data_2015.gdx
--- GDX File ($gdxIn) h:\windc\github\windc_build\household\gdx\cps_data_2015.gdx
--- hhcalib.gms(136) 202 Mb
--- GDXin=h:\windc\github\windc_build\household\gdx\capital_gains_2015.gdx
--- GDX File ($gdxIn) h:\windc\github\windc_build\household\gdx\capital_gains_2015.gdx
--- hhcalib.gms(144) 202 Mb
--- GDXin=h:\windc\github\windc_build\household\gdx\labor_tax_rates.gdx
--- GDX File ($gdxIn) h:\windc\github\windc_build\household\gdx\labor_tax_rates.gdx
--- hhcalib.gms(333) 202 Mb
--- . hh_calib_aggregate_regions.map(68) 202 Mb
--- hhcalib.gms(840) 202 Mb
--- call csv2gdx data_sources\cex\national_income_elasticities_CEX_2013_2017.csv output=gdx\national_income_elasticities_CEX_2013_2017.gdx id=regres index=1 useHeader=y value=2,3,4
--- hhcalib.gms(841) 202 Mb
--- GDXin=h:\windc\github\windc_build\household\gdx\national_income_elasticities_CEX_2013_2017.gdx
--- GDX File ($gdxIn) h:\windc\github\windc_build\household\gdx\national_income_elasticities_CEX_2013_2017.gdx
--- hhcalib.gms(847) 202 Mb
--- call csv2gdx data_sources\cex\windc_pce_map.csv output=gdx\windc_pce_map.gdx id=pcebridge index=1,2 useHeader=y value=3,4,5
--- hhcalib.gms(848) 202 Mb
--- GDXin=h:\windc\github\windc_build\household\gdx\windc_pce_map.gdx
--- GDX File ($gdxIn) h:\windc\github\windc_build\household\gdx\windc_pce_map.gdx
--- hhcalib.gms(963) 202 Mb
--- Starting execution: elapsed 0:00:00.565
--- hhcalib.gms(271) 221 Mb
--- GDX File (execute_unload) h:\windc\github\windc_build\household\225b\totgdp.gdx
--- hhcalib.gms(272) 221 Mb
--- hhcalib.gms(517) 221 Mb
--- Generating QCP model partial_ss
--- hhcalib.gms(518) 223 Mb
---   52 rows  3,622 columns  5,392 non-zeroes
---   8,853 nl-code  1,770 nl-non-zeroes
--- Range statistics (absolute non-zero finite values)
--- RHS       [min, max] : [ 6.823E+00, 7.041E+02] - Zero values observed as well
--- Bound     [min, max] : [ 4.472E-06, 5.644E+01] - Zero values observed as well
--- Matrix    [min, max] : [ 1.000E+00, 1.000E+00] - Zero values observed as well
--- hhcalib.gms(518) 221 Mb
--- Executing CPLEX (Solvelink=2): elapsed 0:00:01.691

IBM ILOG CPLEX   42.5.0 cf11b917 Mar 30, 2023          WEI x86 64bit/MS Window

--- GAMS/Cplex licensed for continuous and discrete problems.
--- GMO Q Extraction (ThreePass): 0.00s
--- GMO setup time: 0.00s
--- Space for names approximately 0.07 Mb
--- Use option 'names no' to turn use of names off
--- GMO memory 1.21 Mb (peak 1.26 Mb)
--- Dictionary memory 0.00 Mb
--- Cplex 22.1.1.0 link memory 0.07 Mb (peak 0.25 Mb)
--- Starting Cplex

Version identifier: 22.1.1.0 | 2022-11-27 | 9160aff4d
CPXPARAM_Advance                                 0
CPXPARAM_Threads                                 1
CPXPARAM_MIP_Display                             4
CPXPARAM_MIP_Pool_Capacity                       0
CPXPARAM_MIP_Tolerances_AbsMIPGap                0
Tried aggregator 1 time.
QP Presolve eliminated 0 rows and 1852 columns.
Reduced QP has 51 rows, 1770 columns, and 1770 nonzeros.
Reduced QP objective Q matrix has 1770 nonzeros.
Presolve time = 0.00 sec. (0.76 ticks)
Parallel mode: none, using 1 thread for barrier
Number of nonzeros in lower triangle of A*A' = 0
Using Approximate Minimum Degree ordering
Total time for automatic ordering = 0.00 sec. (0.01 ticks)
Summary statistics for Cholesky factor:
  Rows in Factor            = 51
  Integer space required    = 51
  Total non-zeros in factor = 51
  Total FP ops to factor    = 51
 Itn      Primal Obj        Dual Obj  Prim Inf Upper Inf  Dual Inf          
   0   1.2585589e+06  -1.2588746e+06  4.40e+02  0.00e+00  2.00e+06
   1   3.2011557e+05  -3.2611830e+05  2.22e+02  0.00e+00  1.01e+06
   2   1.9292314e+03  -1.4292882e+03  1.09e+01  0.00e+00  4.93e+04
   3   1.0358163e+03   5.0718398e+02  1.42e+00  0.00e+00  6.46e+03
   4   9.8996170e+02   7.4506177e+02  6.98e-01  0.00e+00  3.17e+03
   5   9.7532335e+02   8.4929843e+02  3.74e-01  0.00e+00  1.70e+03
   6   9.6657613e+02   9.6131584e+02  8.99e-03  0.00e+00  4.09e+01
   7   9.6635086e+02   9.6622599e+02  7.88e-05  0.00e+00  3.58e-01
   8   9.6634615e+02   9.6634370e+02  4.23e-07  0.00e+00  1.92e-03
   9   9.6634606e+02   9.6634602e+02  2.09e-09  0.00e+00  9.52e-06
  10   9.6634606e+02   9.6634606e+02  1.10e-11  0.00e+00  4.74e-08
Barrier time = 0.00 sec. (3.56 ticks)

Total time on 1 threads = 0.00 sec. (3.56 ticks)

--- QP status (1): optimal.
--- Cplex Time: 0.00sec (det. 3.56 ticks)


Optimal solution found
Objective:          966.346063

--- Reading solution for model partial_ss
--- Executing after solve: elapsed 0:00:01.804
--- hhcalib.gms(523) 221 Mb
--- GDX File (execute_unload) h:\windc\github\windc_build\household\gdx\i0_2015.gdx
--- hhcalib.gms(784) 221 Mb
--- Generating NLP model calib_step1_cps
--- hhcalib.gms(787) 223 Mb
---   102 rows  347 columns  1,027 non-zeroes
---   1,562 nl-code  305 nl-non-zeroes
--- Range statistics (absolute non-zero finite values)
--- RHS       [min, max] : [ 1.142E+01, 5.720E+03] - Zero values observed as well
--- Bound     [min, max] : [ 1.000E-02, 7.685E+02] - Zero values observed as well
--- Matrix    [min, max] : [ 8.780E-04, 5.484E+05] - Zero values observed as well
--- hhcalib.gms(787) 221 Mb
--- Executing IPOPT (Solvelink=2): elapsed 0:00:01.858

COIN-OR Ipopt    42.5.0 cf11b917 Mar 30, 2023          WEI x86 64bit/MS Window

COIN-OR Interior Point Optimizer (Ipopt Library 3.14.10)
written by A. Waechter.

******************************************************************************
This program contains Ipopt, a library for large-scale nonlinear optimization.
 Ipopt is released as open source code under the Eclipse Public License (EPL).
         For more information visit https://github.com/coin-or/Ipopt
******************************************************************************

This is Ipopt version 3.14.10, running with linear solver MUMPS 5.5.1.

Number of nonzeros in equality constraint Jacobian...:      721
Number of nonzeros in inequality constraint Jacobian.:        0
Number of nonzeros in Lagrangian Hessian.............:      605

Total number of variables............................:      346
                     variables with only lower bounds:       70
                variables with lower and upper bounds:      256
                     variables with only upper bounds:        0
Total number of equality constraints.................:      101
Total number of inequality constraints...............:        0
        inequality constraints with only lower bounds:        0
   inequality constraints with lower and upper bounds:        0
        inequality constraints with only upper bounds:        0

iter    objective    inf_pr   inf_du lg(mu)  ||d||  lg(rg) alpha_du alpha_pr  ls
   0  2.4314089e+05 4.17e+03 1.01e+02   0.0 0.00e+00    -  0.00e+00 0.00e+00   0
   1  2.2182541e+05 3.61e+03 2.25e+04  -0.4 1.67e+03    -  5.92e-06 1.35e-01f  1
   2  2.9400449e+05 2.95e+03 1.84e+04   0.1 1.45e+03    -  1.04e-01 1.83e-01f  1
   3  2.9566475e+05 2.92e+03 1.82e+04   1.5 1.18e+03    -  4.51e-01 9.29e-03f  1
   4  5.1438379e+05 2.24e+03 1.40e+04   2.0 1.17e+03    -  8.93e-01 2.33e-01f  1
   5  2.5216139e+06 4.45e-04 1.67e-03   2.2 8.99e+02    -  1.00e+00 1.00e+00f  1
   6  1.9677071e+06 7.81e-07 1.21e+01   0.5 8.36e+01    -  9.02e-01 1.00e+00f  1
   7  1.5388491e+06 4.46e-09 1.67e-01   0.7 9.81e+01    -  9.90e-01 1.00e+00f  1
   8  1.3418609e+06 9.36e-09 5.76e-03   0.0 5.14e+01    -  9.99e-01 1.00e+00f  1
   9  1.2539917e+06 1.25e-09 6.88e-03  -0.5 3.45e+01    -  9.96e-01 1.00e+00f  1
iter    objective    inf_pr   inf_du lg(mu)  ||d||  lg(rg) alpha_du alpha_pr  ls
  10  1.2061580e+06 2.32e-10 4.90e-04  -1.1 1.74e+01    -  9.95e-01 9.94e-01f  1
  11  1.1828008e+06 7.63e-11 7.21e-03  -1.7 9.97e+00    -  9.91e-01 8.85e-01f  1
  12  1.1757454e+06 1.65e-10 2.69e-02  -2.3 5.92e+00    -  9.45e-01 5.52e-01f  1
  13  1.1710210e+06 1.46e-10 2.21e-02  -2.9 4.82e+00    -  9.00e-01 5.90e-01f  1
  14  1.1686501e+06 7.71e-11 7.83e-03  -3.1 5.02e+00    -  8.99e-01 6.97e-01f  1
  15  1.1679973e+06 2.87e-11 2.54e-03  -3.1 1.81e+00    -  8.89e-01 7.53e-01f  1
  16  1.1675912e+06 6.07e-11 2.28e-04  -3.4 2.47e+00    -  9.34e-01 9.30e-01f  1
  17  1.1673906e+06 2.85e-11 1.75e-04  -4.8 1.52e+00    -  7.04e-01 7.24e-01f  1
  18  1.1673287e+06 1.02e-11 1.04e-03  -4.6 6.43e-01    -  4.20e-01 6.90e-01f  1
  19  1.1672934e+06 9.09e-13 4.06e-05  -4.6 3.52e-01    -  9.83e-01 9.66e-01f  1
iter    objective    inf_pr   inf_du lg(mu)  ||d||  lg(rg) alpha_du alpha_pr  ls
  20  1.1672709e+06 9.09e-13 1.35e-05  -5.4 3.31e-01    -  9.63e-01 1.00e+00f  1
  21  1.1672654e+06 4.55e-13 8.69e-12  -6.1 1.57e-01    -  1.00e+00 1.00e+00f  1
  22  1.1672642e+06 9.09e-13 4.01e-06  -7.3 6.58e-02    -  9.00e-01 9.99e-01f  1
  23  1.1672641e+06 9.09e-13 9.14e-14  -8.3 1.93e-02    -  1.00e+00 1.00e+00f  1
  24  1.1672641e+06 1.82e-12 2.28e-09  -9.5 9.88e-03    -  9.99e-01 1.00e+00h  1
  25  1.1672641e+06 9.09e-13 1.49e-08 -10.4 4.36e-03    -  9.93e-01 1.00e+00h  1
  26  1.1672641e+06 9.09e-13 1.81e-13 -11.0 1.79e-03    -  1.00e+00 1.00e+00h  1

Number of Iterations....: 26

                                   (scaled)                 (unscaled)
Objective...............:   2.1283706574338697e+02    1.1672640998351902e+06
Dual infeasibility......:   1.8077911976211087e-13    9.9144843855598440e-10
Constraint violation....:   9.0949470177292824e-13    9.0949470177292824e-13
Variable bound violation:   1.9050702348977211e-08    1.9050702348977211e-08
Complementarity.........:   1.6741282188049275e-09    9.1814353928751302e-06
Overall NLP error.......:   1.6741282188049275e-09    9.1814353928751302e-06


Number of objective function evaluations             = 27
Number of objective gradient evaluations             = 27
Number of equality constraint evaluations            = 27
Number of inequality constraint evaluations          = 0
Number of equality constraint Jacobian evaluations   = 1
Number of inequality constraint Jacobian evaluations = 0
Number of Lagrangian Hessian evaluations             = 26
Total seconds in IPOPT                               = 0.086

EXIT: Optimal Solution Found.
--- Reading solution for model calib_step1_cps
--- Executing after solve: elapsed 0:00:02.007
--- hhcalib.gms(978) 221 Mb
--- GDXin=h:\windc\github\windc_build\household\gdx\calib_step2_cps_p.gdx
--- hhcalib.gms(978) 222 Mb
--- GDX File (execute_load) h:\windc\github\windc_build\household\gdx\calib_step2_cps_p.gdx
--- hhcalib.gms(984) 222 Mb
--- Generating NLP model calib_step2_cps
--- hhcalib.gms(986) 228 Mb
---   1,425 rows  17,092 columns  90,532 non-zeroes
---   32,254 nl-code  16,580 nl-non-zeroes
--- Range statistics (absolute non-zero finite values)
--- RHS       [min, max] : [ 4.668E-02, 5.720E+03] - Zero values observed as well
--- Bound     [min, max] : [ 2.705E-06, 6.375E+02] - Zero values observed as well
--- Matrix    [min, max] : [ 2.845E-08, 2.100E+02] - Zero values observed as well
--- hhcalib.gms(986) 226 Mb
--- Executing IPOPT (Solvelink=2): elapsed 0:00:02.426

COIN-OR Ipopt    42.5.0 cf11b917 Mar 30, 2023          WEI x86 64bit/MS Window

COIN-OR Interior Point Optimizer (Ipopt Library 3.14.10)
written by A. Waechter.

******************************************************************************
This program contains Ipopt, a library for large-scale nonlinear optimization.
 Ipopt is released as open source code under the Eclipse Public License (EPL).
         For more information visit https://github.com/coin-or/Ipopt
******************************************************************************

This is Ipopt version 3.14.10, running with linear solver MUMPS 5.5.1.

Number of nonzeros in equality constraint Jacobian...:    22198
Number of nonzeros in inequality constraint Jacobian.:     3415
Number of nonzeros in Lagrangian Hessian.............:    35797

Total number of variables............................:     7307
                     variables with only lower bounds:     3727
                variables with lower and upper bounds:     3325
                     variables with only upper bounds:        0
Total number of equality constraints.................:     1169
Total number of inequality constraints...............:      255
        inequality constraints with only lower bounds:        0
   inequality constraints with lower and upper bounds:        0
        inequality constraints with only upper bounds:      255

iter    objective    inf_pr   inf_du lg(mu)  ||d||  lg(rg) alpha_du alpha_pr  ls
   0  1.7690740e+05 1.37e+03 9.90e+01   0.0 0.00e+00    -  0.00e+00 0.00e+00   0
   1  1.7654118e+05 1.35e+03 9.74e+01  -5.7 1.37e+03    -  2.32e-02 1.60e-02f  1
   2  1.7653988e+05 1.35e+03 9.74e+01  -1.3 1.35e+03    -  1.56e-02 6.27e-05f  1
   3  1.7583161e+05 1.30e+03 9.39e+01  -1.6 1.35e+03    -  1.22e-02 3.60e-02f  1
   4  1.7515436e+05 1.24e+03 8.95e+01  -1.4 1.30e+03    -  4.53e-02 4.68e-02f  1
   5  1.7458269e+05 1.16e+03 8.35e+01  -1.0 1.24e+03    -  7.38e-02 6.72e-02f  1
   6  1.7441351e+05 1.09e+03 1.04e+02  -1.2 1.16e+03    -  2.47e-01 5.94e-02f  1
   7  1.7450113e+05 1.01e+03 6.83e+02  -0.6 1.09e+03    -  3.38e-01 6.82e-02f  1
   8  1.7479920e+05 8.24e+02 9.26e+02  -0.7 1.01e+03    -  4.06e-01 1.88e-01h  1
   9  1.7531170e+05 6.22e+02 3.24e+03  -0.5 8.24e+02    -  9.81e-01 2.46e-01h  1
iter    objective    inf_pr   inf_du lg(mu)  ||d||  lg(rg) alpha_du alpha_pr  ls
  10  1.7582556e+05 4.82e+02 1.05e+04  -0.1 6.22e+02    -  1.00e+00 2.24e-01h  1
  11  1.7651757e+05 3.32e+02 1.96e+04   0.1 4.82e+02    -  1.00e+00 3.11e-01h  1
  12  1.7688932e+05 1.57e+02 7.75e+03  -0.5 3.32e+02    -  1.00e+00 5.26e-01h  1
  13  1.7698188e+05 5.55e+01 3.22e+03  -0.7 1.57e+02    -  1.00e+00 6.48e-01h  1
  14  1.7692358e+05 1.56e+01 1.55e+03  -1.1 5.55e+01    -  1.00e+00 7.19e-01h  1
  15  1.7686890e+05 5.68e+00 1.79e+03  -1.3 1.56e+01    -  1.00e+00 6.36e-01h  1
  16  1.7682731e+05 1.89e+00 1.62e+03  -1.5 5.68e+00    -  1.00e+00 6.67e-01h  1
  17  1.7679875e+05 7.10e-01 1.51e+03  -1.8 1.89e+00    -  1.00e+00 6.24e-01h  1
  18  1.7677170e+05 1.99e-01 9.59e+02  -2.2 7.10e-01    -  1.00e+00 7.19e-01f  1
  19  1.7676253e+05 8.44e-02 1.17e+03  -2.4 1.99e-01    -  1.00e+00 5.77e-01h  1
iter    objective    inf_pr   inf_du lg(mu)  ||d||  lg(rg) alpha_du alpha_pr  ls
  20  1.7676008e+05 6.61e-02 1.75e+03  -2.7 8.64e-02    -  1.00e+00 2.17e-01f  1
  21  1.7675036e+05 7.74e-03 2.56e+02  -3.0 9.22e-02    -  1.00e+00 8.83e-01f  1
  22  1.7674882e+05 2.52e-03 6.79e+02  -3.1 2.45e-02    -  1.00e+00 6.74e-01h  1
  23  1.7674750e+05 8.71e-04 3.97e+02  -3.6 2.45e-02    -  1.00e+00 6.55e-01f  1
  24  1.7674641e+05 1.33e-06 3.19e-07  -4.0 1.71e-02    -  1.00e+00 1.00e+00f  1
  25  1.7674614e+05 1.39e-06 2.51e+02  -4.9 8.49e-03    -  8.24e-01 1.00e+00f  1
  26  1.7674613e+05 1.39e-06 1.21e+03  -5.1 2.99e-03    -  1.00e+00 5.00e-01f  2
  27  1.7674610e+05 1.40e-06 2.03e+01  -5.7 2.90e-03    -  1.00e+00 9.93e-01f  1
  28  1.7674612e+05 1.39e-06 3.19e+03  -4.0 1.89e-02  -4.0 1.00e+00 5.78e-02f  1
  29  1.7674628e+05 3.47e-06 2.50e+03  -4.2 4.30e-03    -  6.41e-01 9.71e-01f  1
iter    objective    inf_pr   inf_du lg(mu)  ||d||  lg(rg) alpha_du alpha_pr  ls
  30  1.7674628e+05 1.40e-06 1.55e+02  -4.2 2.58e-03    -  1.00e+00 9.25e-01f  1
  31  1.7674628e+05 1.37e-06 7.72e+02  -4.2 6.27e-04    -  1.00e+00 5.00e-01f  2
  32  1.7674628e+05 1.31e-06 6.74e-10  -4.2 2.93e-04    -  1.00e+00 1.00e+00h  1
  33  1.7674611e+05 1.26e-06 1.85e+03  -6.3 4.91e-03  -4.5 5.45e-01 9.29e-01f  1
  34  1.7674610e+05 4.07e-07 2.59e+03  -6.3 1.80e-03    -  1.34e-01 9.35e-01f  1
  35  1.7674611e+05 6.98e-07 1.17e-10  -5.3 3.74e-04    -  1.00e+00 1.00e+00f  1
  36  1.7674610e+05 1.04e-06 6.37e+01  -6.1 1.02e-03    -  9.30e-01 1.00e+00f  1
  37  1.7674609e+05 4.08e-07 6.34e-09  -6.8 5.71e-04  -5.0 1.00e+00 1.00e+00h  1
  38  1.7674609e+05 4.08e-07 1.98e+02  -8.5 3.33e-04  -3.6 9.11e-01 1.00e+00h  1
  39  1.7674609e+05 4.08e-07 1.13e-08  -9.6 1.43e-04  -4.1 1.00e+00 1.00e+00h  1
MUMPS returned INFO(1) = -9 and requires more memory, reallocating.  Attempt 1
  Increasing icntl[13] from 1000 to 2000.
In iteration 39, 12 Slacks too small, adjusting variable bounds
iter    objective    inf_pr   inf_du lg(mu)  ||d||  lg(rg) alpha_du alpha_pr  ls
  40  1.7674609e+05 4.08e-07 1.32e-08 -11.0 6.29e-05  -3.7 1.00e+00 1.00e+00h  1
In iteration 40, 12 Slacks too small, adjusting variable bounds
  41  1.7674609e+05 4.08e-07 1.90e+04 -11.0 9.08e-01    -  2.21e-01 1.00e+00h  1
In iteration 41, 12 Slacks too small, adjusting variable bounds
  42  1.7674609e+05 4.08e-07 4.24e+04 -10.9 1.45e+00    -  1.87e-06 1.00e+00h  1
In iteration 42, 7 Slacks too small, adjusting variable bounds
  43  1.7674609e+05 4.07e-07 6.28e+04 -10.9 1.71e+00    -  4.57e-02 1.00e+00h  1
In iteration 43, 7 Slacks too small, adjusting variable bounds
  44  1.7674609e+05 1.11e-06 1.39e+04 -10.9 5.19e+00    -  4.72e-02 1.00e+00h  1
  45  1.7674609e+05 1.10e-06 1.27e+04  -8.0 5.15e+03    -  7.09e-02 8.96e-03f  1
  46  1.7674609e+05 6.76e-08 1.42e+04  -9.3 7.28e-06  -3.3 1.09e-03 1.00e+00h  1
In iteration 46, 1 Slack too small, adjusting variable bound
  47  1.7674609e+05 5.44e-08 1.53e+04  -9.3 2.18e-05  -3.7 2.49e-02 9.39e-01h  1
  48  1.7674609e+05 5.43e-08 1.45e+04  -6.7 2.83e-03  -3.3 7.35e-02 3.11e-01f  1
  49  1.7674609e+05 7.20e-08 1.46e+04  -7.7 9.65e-04  -3.8 1.47e-02 5.69e-01h  1
iter    objective    inf_pr   inf_du lg(mu)  ||d||  lg(rg) alpha_du alpha_pr  ls
  50  1.7674609e+05 7.18e-08 1.32e+04  -7.7 2.85e-03  -4.3 9.31e-02 1.49e-02f  7
  51  1.7674609e+05 5.40e-08 1.38e+04  -7.7 1.08e-03  -3.8 4.19e-02 9.58e-01H  1
  52  1.7674609e+05 5.36e-08 1.25e+04  -7.7 3.16e-03  -4.3 1.10e-01 4.97e-01f  2
  53  1.7674609e+05 5.16e-08 1.08e+04  -7.7 1.18e-03  -3.9 2.05e-01 1.00e+00H  1
  54  1.7674609e+05 1.01e-06 9.95e+03  -7.7 3.45e-03  -4.4 6.38e-02 1.00e+00h  1
  55  1.7674609e+05 2.79e-07 7.26e+03  -7.7 1.27e-03  -3.9 8.98e-02 9.90e-01H  1
  56  1.7674609e+05 2.97e-07 5.20e+03  -7.7 1.73e+01    -  2.92e-01 5.09e-01f  1
  57  1.7674609e+05 2.28e-07 5.12e+03  -7.7 2.37e-03  -4.4 3.76e-02 5.46e-01f  1
  58  1.7674609e+05 2.16e-07 2.86e+03  -7.7 8.88e-04  -4.0 4.39e-01 3.49e-01f  1
  59  1.7674609e+05 2.49e-07 1.32e+03  -7.7 1.13e+01    -  8.90e-01 5.55e-01f  1
iter    objective    inf_pr   inf_du lg(mu)  ||d||  lg(rg) alpha_du alpha_pr  ls
  60  1.7674609e+05 2.19e-07 9.94e+02  -7.7 1.71e-03  -4.5 2.61e-01 2.46e-01f  2
  61  1.7674609e+05 1.24e-07 3.13e+02  -7.7 6.39e-04  -4.0 2.23e-01 7.89e-01h  1
  62  1.7674609e+05 1.17e-07 2.98e+02  -7.7 1.91e-03  -4.5 1.00e+00 6.99e-02f  3
  63  1.7674609e+05 3.85e-08 1.84e+02  -7.7 1.62e+01    -  2.26e-01 1.00e+00h  1
  64  1.7674609e+05 3.85e-08 2.56e+02  -7.7 3.55e-04  -4.1 8.61e-01 9.90e-02h  1
  65  1.7674609e+05 3.85e-08 5.70e+01  -7.7 1.33e-04  -3.7 1.00e+00 8.33e-01f  1
  66  1.7674609e+05 3.85e-08 2.91e-08  -7.7 3.99e-04  -4.1 1.00e+00 1.00e+00f  1
In iteration 66, 1 Slack too small, adjusting variable bound
  67  1.7674609e+05 3.86e-08 1.49e+02 -11.0 4.52e-05  -3.7 5.75e-01 1.00e+00h  1
  68  1.7674609e+05 3.86e-08 7.32e-09  -8.3 1.13e-04  -4.2 1.00e+00 1.00e+00f  1
  69  1.7674609e+05 3.86e-08 1.81e+02 -10.3 2.07e-05  -3.8 6.33e-01 1.00e+00h  1
iter    objective    inf_pr   inf_du lg(mu)  ||d||  lg(rg) alpha_du alpha_pr  ls
  70  1.7674609e+05 3.86e-08 6.82e+02  -8.9 2.82e-05  -4.2 2.41e-01 1.00e+00h  1
  71  1.7674609e+05 3.97e-08 6.28e+02  -8.9 1.06e-05  -3.8 5.32e-01 1.00e+00h  1
  72  1.7674609e+05 4.53e-08 1.59e-10  -8.9 1.11e+01    -  1.00e+00 1.00e+00h  1
  73  1.7674609e+05 2.06e-08 1.89e+01  -8.6 2.38e+01    -  9.64e-01 1.00e+00h  1
  74  1.7674609e+05 1.35e-06 3.07e+02  -8.6 3.65e-06  -4.3 3.29e-01 1.00e+00h  1
  75  1.7674609e+05 2.62e-07 6.34e+02  -8.6 1.37e-06  -3.9 3.57e-02 8.06e-01h  1
In iteration 75, 1 Slack too small, adjusting variable bound
  76  1.7674609e+05 3.78e-08 2.73e+01  -8.6 5.13e-07  -3.4 9.45e-01 8.54e-01f  1
  77  1.7674609e+05 2.05e-08 3.00e+02  -8.6 1.54e-06  -3.9 3.07e-01 1.00e+00h  1
  78  1.7674609e+05 2.04e-08 2.90e+02  -8.6 4.62e-06  -4.4 2.73e-01 4.40e-01h  1
  79  1.7674609e+05 3.13e-08 5.27e+02  -8.6 1.73e-06  -4.0 1.48e-01 1.00e+00f  1
iter    objective    inf_pr   inf_du lg(mu)  ||d||  lg(rg) alpha_du alpha_pr  ls
  80  1.7674609e+05 1.84e-08 7.57e+02  -8.6 6.50e-07  -3.5 1.57e-01 1.00e+00h  1
  81  1.7674609e+05 1.84e-08 6.36e+02  -8.6 1.95e-06  -4.0 4.36e-01 1.00e+00h  1
  82  1.7674609e+05 1.84e-08 2.90e-11  -8.6 1.66e+01    -  1.00e+00 1.00e+00h  1
  83  1.7674609e+05 1.84e-08 3.19e+02  -9.1 8.10e-06  -4.5 8.61e-01 1.95e-03h 10
  84  1.7674609e+05 1.84e-08 6.10e-10  -8.9 7.14e-06  -4.1 1.00e+00 1.00e+00h  1
  85  1.7674609e+05 1.84e-08 8.11e+01  -9.8 6.53e-06  -4.5 8.18e-01 1.00e+00h  1
  86  1.7674609e+05 1.84e-08 3.81e+02  -9.7 1.82e-07  -3.2 4.91e-01 1.00e+00h  1
  87  1.7674609e+05 2.26e-08 4.24e+02  -9.7 4.49e-08  -3.7 5.73e-01 1.00e+00h  1
In iteration 87, 1 Slack too small, adjusting variable bound
  88  1.7674609e+05 2.07e-08 2.03e+02  -9.7 4.12e-07  -3.3 6.57e-01 1.06e-01h  1
  89  1.7674609e+05 1.68e-08 2.87e+02  -9.7 5.05e-08  -3.7 3.32e-01 1.00e+00h  1
In iteration 89, 1 Slack too small, adjusting variable bound
iter    objective    inf_pr   inf_du lg(mu)  ||d||  lg(rg) alpha_du alpha_pr  ls
  90  1.7674609e+05 1.68e-08 5.16e+02  -9.7 2.96e-08  -3.3 3.69e-01 8.98e-01h  1
  91  1.7674609e+05 1.68e-08 8.28e+02  -9.7 5.68e-08  -3.8 2.80e-01 1.00e+00h  1
In iteration 91, 1 Slack too small, adjusting variable bound
  92  1.7674609e+05 2.73e-08 9.64e+02  -9.7 4.30e-08  -3.4 3.19e-01 9.52e-01h  1
  93  1.7674609e+05 4.25e-08 1.36e+03  -9.7 5.84e-08  -2.9 8.44e-02 1.00e+00h  1
  94  1.7674609e+05 4.85e-08 1.02e+03  -9.7 6.25e-08  -3.4 4.70e-01 1.00e+00h  1
  95  1.7674609e+05 3.86e-08 1.55e+03  -9.7 7.18e-08  -3.9 3.03e-02 1.00e+00h  1
  96  1.7674609e+05 5.68e-08 1.22e+03  -9.7 7.31e-08  -3.5 4.29e-01 1.00e+00h  1
  97  1.7674609e+05 4.61e-08 1.72e+03  -9.7 8.10e-08  -3.9 4.33e-02 1.00e+00h  1
  98  1.7674609e+05 4.53e-08 2.25e+03  -9.7 5.72e-08  -3.5 2.15e-02 1.00e+00h  1
  99  1.7674609e+05 2.56e-08 2.25e+03  -9.7 9.11e-08  -4.0 1.01e-01 5.00e-01h  2
iter    objective    inf_pr   inf_du lg(mu)  ||d||  lg(rg) alpha_du alpha_pr  ls
 100  1.7674609e+05 6.49e-08 2.20e+03  -9.7 7.98e-08  -3.6 2.24e-01 1.00e+00h  1
 101  1.7674609e+05 4.82e-08 2.28e+03  -9.7 1.03e-07  -4.1 2.17e-02 2.50e-01h  3
 102  1.7674609e+05 8.66e-08 2.42e+03  -9.7 1.03e-07  -3.6 1.09e-01 1.00e+00h  1
 103  1.7674609e+05 6.67e-08 2.02e+03  -9.7 8.26e-08  -3.2 3.18e-01 1.00e+00h  1
 104  1.7674609e+05 1.66e-08 2.17e+03  -9.7 7.69e-08  -3.7 1.56e-01 1.00e+00h  1
 105  1.7674609e+05 6.47e-08 2.55e+03  -9.7 7.88e-08  -3.3 6.06e-02 1.00e+00h  1
 106  1.7674609e+05 8.60e-08 2.68e+03  -9.7 1.00e-07  -3.7 9.58e-02 1.00e+00h  1
 107  1.7674609e+05 7.41e-08 3.02e+03  -9.7 8.74e-08  -3.3 5.60e-02 1.00e+00h  1
 108  1.7674609e+05 6.09e-08 3.23e+03  -9.7 7.37e-08  -3.8 6.86e-02 1.00e+00h  1
 109  1.7674609e+05 5.98e-08 2.75e+03  -9.7 7.02e-08  -3.4 2.48e-01 1.00e+00h  1
iter    objective    inf_pr   inf_du lg(mu)  ||d||  lg(rg) alpha_du alpha_pr  ls
 110  1.7674609e+05 1.02e-07 2.78e+03  -9.7 1.19e-07  -3.8 1.04e-01 1.00e+00h  1
 111  1.7674609e+05 1.65e-08 3.08e+03  -9.7 1.84e-07  -4.3 5.60e-02 1.00e+00h  1
 112  1.7674609e+05 1.64e-08 3.66e+03  -9.7 8.08e-08  -3.9 9.35e-02 1.00e+00H  1
 113  1.7674609e+05 3.32e-08 3.85e+03  -9.7 2.60e-08  -3.5 6.64e-02 1.00e+00h  1
 114  1.7674609e+05 2.85e-08 4.03e+03  -9.7 5.74e-08  -3.0 1.37e-01 1.00e+00H  1
 115  1.7674609e+05 3.63e-08 4.16e+03  -9.7 4.72e-08  -3.5 6.60e-02 1.00e+00h  1
 116  1.7674609e+05 9.68e-08 2.94e+03  -9.7 1.08e-07  -3.1 3.62e-01 1.00e+00h  1
 117  1.7674609e+05 1.11e-07 1.85e+03  -9.7 1.27e-07  -3.6 4.29e-01 1.00e+00h  1
 118  1.7674609e+05 4.84e-08 7.92e+02  -9.7 1.11e-07  -3.1 6.54e-01 1.00e+00h  1
 119  1.7674609e+05 1.33e-08 7.90e+02  -9.7 4.77e-08  -3.6 5.26e-01 1.00e+00H  1
iter    objective    inf_pr   inf_du lg(mu)  ||d||  lg(rg) alpha_du alpha_pr  ls
 120  1.7674609e+05 1.33e-08 3.45e+02  -9.7 1.11e-07  -4.1 9.25e-01 1.95e-03h 10
 121  1.7674609e+05 1.33e-08 1.28e-10  -9.7 4.15e-08  -3.7 1.00e+00 1.00e+00h  1
 122  1.7674609e+05 1.33e-08 2.03e+02  -8.8 1.30e-05  -3.2 5.34e-01 1.00e+00h  1
 123  1.7674609e+05 1.33e-08 4.30e+02  -9.0 6.46e-06  -3.7 4.55e-01 1.00e+00H  1
 124  1.7674609e+05 2.20e-08 2.42e+02  -9.0 8.64e-08  -3.3 6.53e-01 1.00e+00h  1
 125  1.7674609e+05 1.67e-08 6.87e+01  -9.0 2.59e-07  -3.8 8.64e-01 1.00e+00h  1
 126  1.7674609e+05 1.32e-08 3.20e+02  -9.0 9.71e-08  -3.3 7.81e-02 1.00e+00h  1
 127  1.7674609e+05 1.34e-08 2.13e+02  -9.0 2.91e-07  -3.8 6.42e-01 1.00e+00h  1
 128  1.7674609e+05 1.98e-08 1.56e+01  -9.0 1.09e-07  -3.4 9.47e-01 1.00e+00h  1
 129  1.7674609e+05 1.98e-08 1.70e+02  -9.0 4.10e-08  -3.0 1.00e+00 4.88e-04h 12
iter    objective    inf_pr   inf_du lg(mu)  ||d||  lg(rg) alpha_du alpha_pr  ls
 130  1.7674609e+05 7.72e-09 7.78e-11  -9.0 1.23e-07  -3.4 1.00e+00 1.00e+00H  1
In iteration 130, 7 Slacks too small, adjusting variable bounds
 131  1.7674609e+05 7.68e-09 7.57e+01 -11.0 7.25e-06  -3.9 5.50e-01 1.00e+00h  1
 132  1.7674609e+05 7.54e-09 1.70e+01  -9.5 1.48e-06  -3.5 9.42e-01 1.00e+00h  1
 133  1.7674609e+05 7.54e-09 8.57e-11  -9.5 5.09e-08  -3.1 1.00e+00 1.00e+00h  1
 134  1.7674609e+05 7.54e-09 9.18e+00 -10.4 2.27e-06  -3.5 9.58e-01 1.00e+00h  1
 135  1.7674609e+05 7.54e-09 3.26e+02 -10.4 9.86e-01    -  1.62e-01 1.00e+00h  1
 136  1.7674609e+05 7.89e-09 6.45e-11 -10.4 7.72e-01    -  1.00e+00 1.00e+00h  1
 137  1.7674609e+05 7.84e-09 3.65e+02 -11.0 5.35e-01    -  1.00e+00 7.81e-03h  8
 138  1.7674609e+05 7.54e-09 2.27e+02 -10.8 1.31e+00    -  1.00e+00 5.00e-01h  2
 139  1.7674609e+05 7.54e-09 2.66e+02 -10.8 4.62e-01    -  1.80e-01 3.91e-03h  9
In iteration 139, 3 Slacks too small, adjusting variable bounds
iter    objective    inf_pr   inf_du lg(mu)  ||d||  lg(rg) alpha_du alpha_pr  ls
 140  1.7674609e+05 7.54e-09 7.81e-11 -10.8 5.52e-01    -  1.00e+00 1.00e+00h  1
In iteration 140, 7 Slacks too small, adjusting variable bounds
 141  1.7674609e+05 7.54e-09 5.15e+02 -11.0 4.45e-01    -  4.29e-01 1.00e+00H  1
 142  1.7674609e+05 2.33e-08 8.43e+02 -10.3 8.80e-01    -  1.75e-02 1.00e+00h  1
In iteration 142, 1 Slack too small, adjusting variable bound
 143  1.7674609e+05 1.75e-08 1.07e+03 -10.3 2.11e+00    -  4.90e-02 9.58e-01h  1
 144  1.7674609e+05 2.11e-08 1.33e+03 -10.3 4.34e+00    -  2.45e-02 1.00e+00h  1
In iteration 144, 1 Slack too small, adjusting variable bound
 145  1.7674609e+05 1.35e-08 1.70e+02 -10.3 8.64e+00    -  9.02e-01 3.79e-01h  1
 146  1.7674609e+05 7.48e-09 1.46e+02 -10.3 1.24e-08  -3.1 4.85e-01 1.00e+00h  1
 147  1.7674609e+05 7.48e-09 3.11e+02 -10.3 5.79e-09  -3.6 9.82e-01 1.95e-03h 10
 148  1.7674609e+05 7.48e-09 1.51e-10 -10.3 4.30e-09  -3.2 1.00e+00 1.00e+00H  1

Number of Iterations....: 148

                                   (scaled)                 (unscaled)
Objective...............:   8.4154199668766407e+04    1.7674609305754202e+05
Dual infeasibility......:   1.5122043593296566e-10    3.1760294015997754e-10
Constraint violation....:   7.4825295959257687e-09    7.4825295959257687e-09
Variable bound violation:   7.9798496699368116e-09    7.9798496699368116e-09
Complementarity.........:   6.5128932650645164e-11    1.3678799675260530e-10
Overall NLP error.......:   7.4825295959257687e-09    7.4825295959257687e-09


Number of objective function evaluations             = 242
Number of objective gradient evaluations             = 149
Number of equality constraint evaluations            = 242
Number of inequality constraint evaluations          = 242
Number of equality constraint Jacobian evaluations   = 1
Number of inequality constraint Jacobian evaluations = 1
Number of Lagrangian Hessian evaluations             = 148
Total seconds in IPOPT                               = 13.738

EXIT: Optimal Solution Found.
--- Reading solution for model calib_step2_cps
--- GDX Point h:\windc\github\windc_build\household\calib_step2_cps_p.gdx
--- Executing after solve: elapsed 0:00:16.599
--- hhcalib.gms(995) 226 Mb
--- hhcalib.gms(1173) 226 Mb
--- GDXin=h:\windc\github\windc_build\household\gdx\calib_step3_cps_p.gdx
--- GDX File (execute_load) h:\windc\github\windc_build\household\gdx\calib_step3_cps_p.gdx
--- hhcalib.gms(1177) 226 Mb
--- Generating NLP model calib_step3_cps
--- hhcalib.gms(1179) 229 Mb
---   3,826 rows  18,106 columns  50,695 non-zeroes
---   113,477 nl-code  18,105 nl-non-zeroes
--- Range statistics (absolute non-zero finite values)
--- RHS       [min, max] : [ 2.239E-04, 3.980E+02] - Zero values observed as well
--- Bound     [min, max] : [ 1.000E-05, 1.000E-05] - Zero values observed as well
--- Matrix    [min, max] : [ 2.818E-04, 2.237E+04] - Zero values observed as well
--- hhcalib.gms(1179) 226 Mb
--- Executing IPOPT (Solvelink=2): elapsed 0:00:17.164

COIN-OR Ipopt    42.5.0 cf11b917 Mar 30, 2023          WEI x86 64bit/MS Window

COIN-OR Interior Point Optimizer (Ipopt Library 3.14.10)
written by A. Waechter.

******************************************************************************
This program contains Ipopt, a library for large-scale nonlinear optimization.
 Ipopt is released as open source code under the Eclipse Public License (EPL).
         For more information visit https://github.com/coin-or/Ipopt
******************************************************************************

This is Ipopt version 3.14.10, running with linear solver MUMPS 5.5.1.

Number of nonzeros in equality constraint Jacobian...:    26622
Number of nonzeros in inequality constraint Jacobian.:        0
Number of nonzeros in Lagrangian Hessian.............:    14790

Total number of variables............................:    14790
                     variables with only lower bounds:    14790
                variables with lower and upper bounds:        0
                     variables with only upper bounds:        0
Total number of equality constraints.................:     3825
Total number of inequality constraints...............:        0
        inequality constraints with only lower bounds:        0
   inequality constraints with lower and upper bounds:        0
        inequality constraints with only upper bounds:        0

iter    objective    inf_pr   inf_du lg(mu)  ||d||  lg(rg) alpha_du alpha_pr  ls
   0  3.3159648e+04 1.30e-01 1.45e+00   0.0 0.00e+00    -  0.00e+00 0.00e+00   0
   1  3.4802854e+04 1.83e-02 4.00e+01  -6.1 1.15e-02    -  9.84e-01 8.59e-01h  1
   2  3.5460762e+04 4.02e-03 1.49e+02  -3.6 7.31e-02    -  9.83e-01 7.81e-01h  1
   3  3.5644557e+04 1.77e-03 2.58e+02  -3.6 3.60e-02    -  1.00e+00 5.60e-01h  1
   4  3.5842570e+04 8.80e-05 3.27e+02  -3.3 9.10e-02    -  1.00e+00 9.50e-01h  1
   5  3.5865996e+04 7.60e-08 4.79e+02  -3.0 2.12e-01    -  1.00e+00 1.00e+00h  1
   6  3.5892528e+04 7.08e-08 1.09e+02  -2.7 2.73e-01    -  1.00e+00 1.00e+00f  1
   7  3.5877498e+04 3.67e-08 1.74e+00  -2.8 1.25e-01    -  1.00e+00 1.00e+00f  1
   8  3.5877072e+04 5.20e-09 1.18e+00  -2.8 4.75e-03    -  1.00e+00 1.00e+00h  1
   9  3.5877072e+04 2.10e-11 7.94e-04  -2.8 3.27e-06    -  1.00e+00 1.00e+00h  1
iter    objective    inf_pr   inf_du lg(mu)  ||d||  lg(rg) alpha_du alpha_pr  ls
  10  3.5849003e+04 9.39e-08 1.17e+01  -8.8 4.79e-01    -  7.51e-01 1.00e+00f  1
  11  3.5848481e+04 3.08e-11 1.87e-04  -4.7 6.32e-02    -  1.00e+00 1.00e+00f  1
  12  3.5848470e+04 3.63e-10 4.69e-06  -6.8 7.88e-03    -  1.00e+00 1.00e+00f  1
  13  3.5848470e+04 9.60e-13 7.57e-07 -11.0 6.67e-05    -  1.00e+00 1.00e+00h  1
  14  3.5848470e+04 2.27e-13 2.23e-14 -11.0 1.07e-08    -  1.00e+00 1.00e+00h  1

Number of Iterations....: 14

                                   (scaled)                 (unscaled)
Objective...............:   1.6027847583005146e+02    3.5848470027428557e+04
Dual infeasibility......:   2.2326112952574570e-14    4.9935400674635738e-12
Constraint violation....:   2.2737367544323206e-13    2.2737367544323206e-13
Variable bound violation:   0.0000000000000000e+00    0.0000000000000000e+00
Complementarity.........:   1.0000000410400038e-11    2.2366366608490346e-09
Overall NLP error.......:   1.0000000410400038e-11    2.2366366608490346e-09


Number of objective function evaluations             = 15
Number of objective gradient evaluations             = 15
Number of equality constraint evaluations            = 15
Number of inequality constraint evaluations          = 0
Number of equality constraint Jacobian evaluations   = 1
Number of inequality constraint Jacobian evaluations = 0
Number of Lagrangian Hessian evaluations             = 14
Total seconds in IPOPT                               = 1.007

EXIT: Optimal Solution Found.
--- Reading solution for model calib_step3_cps
--- GDX Point h:\windc\github\windc_build\household\calib_step3_cps_p.gdx
--- Executing after solve: elapsed 0:00:18.578
--- hhcalib.gms(1188) 226 Mb
--- hhcalib.gms(1236) 226 Mb
--- GDX File (execute_unload) h:\windc\github\windc_build\household\gdx\calibrated_hhdata_cps_dynamic_2015.gdx
--- hhcalib.gms(1240) 226 Mb
--- GDX File (execute_unload) h:\windc\github\windc_build\household\gdx\capital_taxrate_2015.gdx
*** Status: Normal completion
--- Job hhcalib.gms Stop 06/08/23 15:52:47 elapsed 0:00:18.983
