--- Job hhcalib Start 06/08/23 15:53:26 42.5.0 cf11b917 WEX-WEI x86 64bit/MS Windows
--- Applying:
    C:\GAMS\42\gmsprmNT.txt
--- GAMS Parameters defined
    Input h:\windc\github\windc_build\household\hhcalib.gms
    Output h:\windc\github\windc_build\household\lst\hhcalib_2016_soi_static.lst
    ScrDir h:\windc\github\windc_build\household\225b\
    SysDir C:\GAMS\42\
    LogOption 4
    LogFile h:\windc\github\windc_build\household\lst\hhcalib_2016_soi_static.log
    --year 2016
    --hhdata soi
    --invest static
    --puttitle no
Licensee: Small MUD - 5 User License                     G230511|0002AO-GEN
          University of Wisconsin-Madison, Agricultural & Applied EconDC289
          C:\Users\Thomas F. Rutherford\Documents\GAMS\gamslice.txt
          License Admin: Thomas F. Rutherford, rutherford@aae.wisc.edu     
Processor information: 1 socket(s), 12 core(s), and 24 thread(s) available
GAMS 42.5.0   Copyright (C) 1987-2023 GAMS Development. All rights reserved
--- Starting compilation
--- hhcalib.gms(63) 2 Mb
--- . windc_coredata.gms(17) 2 Mb
--- GDXin=h:\windc\github\windc_build\core\WiNDCdatabase.gdx
--- GDX File ($gdxIn) h:\windc\github\windc_build\core\WiNDCdatabase.gdx
--- . windc_coredata.gms(209) 202 Mb
--- hhcalib.gms(89) 202 Mb
--- GDXin=h:\windc\github\windc_build\household\gdx\capital_tax_rates.gdx
--- GDX File ($gdxIn) h:\windc\github\windc_build\household\gdx\capital_tax_rates.gdx
--- hhcalib.gms(121) 202 Mb
--- GDXin=h:\windc\github\windc_build\household\gdx\soi_data_2016.gdx
--- GDX File ($gdxIn) h:\windc\github\windc_build\household\gdx\soi_data_2016.gdx
--- hhcalib.gms(130) 202 Mb
--- GDXin=h:\windc\github\windc_build\household\gdx\cps_data_2016.gdx
--- GDX File ($gdxIn) h:\windc\github\windc_build\household\gdx\cps_data_2016.gdx
--- hhcalib.gms(333) 202 Mb
--- . hh_calib_aggregate_regions.map(68) 202 Mb
--- hhcalib.gms(840) 202 Mb
--- call csv2gdx data_sources\cex\national_income_elasticities_CEX_2013_2017.csv output=gdx\national_income_elasticities_CEX_2013_2017.gdx id=regres index=1 useHeader=y value=2,3,4
--- hhcalib.gms(841) 202 Mb
--- GDXin=h:\windc\github\windc_build\household\gdx\national_income_elasticities_CEX_2013_2017.gdx
--- GDX File ($gdxIn) h:\windc\github\windc_build\household\gdx\national_income_elasticities_CEX_2013_2017.gdx
--- hhcalib.gms(847) 202 Mb
--- call csv2gdx data_sources\cex\windc_pce_map.csv output=gdx\windc_pce_map.gdx id=pcebridge index=1,2 useHeader=y value=3,4,5
--- hhcalib.gms(848) 202 Mb
--- GDXin=h:\windc\github\windc_build\household\gdx\windc_pce_map.gdx
--- GDX File ($gdxIn) h:\windc\github\windc_build\household\gdx\windc_pce_map.gdx
--- hhcalib.gms(963) 202 Mb
--- Starting execution: elapsed 0:00:00.563
--- hhcalib.gms(271) 221 Mb
--- GDX File (execute_unload) h:\windc\github\windc_build\household\225b\totgdp.gdx
--- hhcalib.gms(272) 221 Mb
--- hhcalib.gms(764) 221 Mb
--- Generating NLP model calib_step1_soi
--- hhcalib.gms(767) 223 Mb
---   99 rows  147 columns  447 non-zeroes
---   562 nl-code  105 nl-non-zeroes
--- Range statistics (absolute non-zero finite values)
--- RHS       [min, max] : [ 1.059E+02, 5.847E+03] - Zero values observed as well
--- Bound     [min, max] : [ 1.000E-02, 6.844E+02] - Zero values observed as well
--- Matrix    [min, max] : [ 8.635E-04, 1.000E+00] - Zero values observed as well
--- hhcalib.gms(767) 221 Mb
--- Executing IPOPT (Solvelink=2): elapsed 0:00:01.738

COIN-OR Ipopt    42.5.0 cf11b917 Mar 30, 2023          WEI x86 64bit/MS Window

COIN-OR Interior Point Optimizer (Ipopt Library 3.14.10)
written by A. Waechter.

******************************************************************************
This program contains Ipopt, a library for large-scale nonlinear optimization.
 Ipopt is released as open source code under the Eclipse Public License (EPL).
         For more information visit https://github.com/coin-or/Ipopt
******************************************************************************

This is Ipopt version 3.14.10, running with linear solver MUMPS 5.5.1.

Number of nonzeros in equality constraint Jacobian...:      301
Number of nonzeros in inequality constraint Jacobian.:       40
Number of nonzeros in Lagrangian Hessian.............:      205

Total number of variables............................:      146
                     variables with only lower bounds:       90
                variables with lower and upper bounds:       36
                     variables with only upper bounds:        0
Total number of equality constraints.................:       90
Total number of inequality constraints...............:        8
        inequality constraints with only lower bounds:        4
   inequality constraints with lower and upper bounds:        0
        inequality constraints with only upper bounds:        4

iter    objective    inf_pr   inf_du lg(mu)  ||d||  lg(rg) alpha_du alpha_pr  ls
   0  1.6557211e+00 3.24e+03 9.69e+02   0.0 0.00e+00    -  0.00e+00 0.00e+00   0
WARNING: Problem in step computation; switching to emergency mode.
   1r 1.6557211e+00 3.24e+03 9.99e+02   3.5 0.00e+00  20.0 0.00e+00 0.00e+00R  1
WARNING: Problem in step computation; switching to emergency mode.
Cannot call restoration phase at point that is almost feasible for the restoration NLP (violation 0.000000e+00).
Abort in line search due to no other fall back.
Step computation in the restoration phase failed.

Number of Iterations....: 1

                                   (scaled)                 (unscaled)
Objective...............:   1.6557211034919703e+00    1.6557211034919703e+00
Dual infeasibility......:   9.6878985165661970e+02    9.6878985165661970e+02
Constraint violation....:   3.2438620815376594e+03    3.2438620815376594e+03
Variable bound violation:   0.0000000000000000e+00    0.0000000000000000e+00
Complementarity.........:   5.7904295077754853e+02    5.7904295077754853e+02
Overall NLP error.......:   3.2438620815376594e+03    3.2438620815376594e+03


Number of objective function evaluations             = 2
Number of objective gradient evaluations             = 2
Number of equality constraint evaluations            = 2
Number of inequality constraint evaluations          = 2
Number of equality constraint Jacobian evaluations   = 1
Number of inequality constraint Jacobian evaluations = 1
Number of Lagrangian Hessian evaluations             = 2
Total seconds in IPOPT                               = 0.018

EXIT: Restoration Failed!
--- Reading solution for model calib_step1_soi
--- Executing after solve: elapsed 0:00:01.810
--- hhcalib.gms(769) 221 Mb
--- Generating NLP model calib_step1_soi
--- hhcalib.gms(771) 223 Mb
---   99 rows  147 columns  447 non-zeroes
---   562 nl-code  105 nl-non-zeroes
--- Range statistics (absolute non-zero finite values)
--- RHS       [min, max] : [ 1.059E+02, 5.847E+03] - Zero values observed as well
--- Bound     [min, max] : [ 1.000E-02, 6.844E+02] - Zero values observed as well
--- Matrix    [min, max] : [ 8.635E-04, 9.698E+02] - Zero values observed as well
--- hhcalib.gms(771) 221 Mb
--- Executing CONOPT (Solvelink=2): elapsed 0:00:01.842

CONOPT 3         42.5.0 cf11b917 Mar 30, 2023          WEI x86 64bit/MS Window

 
 
    C O N O P T 3   version 3.17N
    Copyright (C)   ARKI Consulting and Development A/S
                    Bagsvaerdvej 246 A
                    DK-2880 Bagsvaerd, Denmark
 
 
   Iter Phase Ninf   Infeasibility   RGmax    NSB   Step InItr MX OK
      0   0        1.4970731584E+04 (Input point)
 
                   Pre-triangular equations:   44
                   Post-triangular equations:  21
                   Definitional equations:     12
 
      1   0        1.0166912429E+04 (After pre-processing)
      2   0        1.0286521306E+01 (After scaling)
 
 ** Feasible solution. Value of objective =    19638310.0283
 
   Iter Phase Ninf     Objective     RGmax    NSB   Step InItr MX OK
     11   3        1.5748301558E+07 3.0E+06    43 4.4E-01    7 F  T
     21   4        7.1253566845E+06 3.6E+04    31 1.0E+00   13 F  T
     26   4        7.8284454189E+05 4.7E+02    29 1.0E+00   16 T  T
     30   4        7.8284162967E+05 8.2E-10    21
 
 ** Optimal solution. Reduced gradient less than tolerance.
 
--- Reading solution for model calib_step1_soi
--- Executing after solve: elapsed 0:00:01.898
--- hhcalib.gms(958) 221 Mb
--- GDXin=h:\windc\github\windc_build\household\gdx\calib_step2_soi_p.gdx
--- hhcalib.gms(958) 221 Mb
--- GDX File (execute_load) h:\windc\github\windc_build\household\gdx\calib_step2_soi_p.gdx
--- hhcalib.gms(964) 221 Mb
--- Generating NLP model calib_step2_soi
--- hhcalib.gms(966) 227 Mb
---   1,327 rows  14,542 columns  83,392 non-zeroes
---   19,892 nl-code  14,030 nl-non-zeroes
--- Range statistics (absolute non-zero finite values)
--- RHS       [min, max] : [ 2.106E-01, 5.847E+03] - Zero values observed as well
--- Bound     [min, max] : [ 1.916E-03, 4.847E+02] - Zero values observed as well
--- Matrix    [min, max] : [ 3.581E-03, 3.527E+04]
--- hhcalib.gms(966) 225 Mb
--- Executing IPOPT (Solvelink=2): elapsed 0:00:02.245

COIN-OR Ipopt    42.5.0 cf11b917 Mar 30, 2023          WEI x86 64bit/MS Window

COIN-OR Interior Point Optimizer (Ipopt Library 3.14.10)
written by A. Waechter.

******************************************************************************
This program contains Ipopt, a library for large-scale nonlinear optimization.
 Ipopt is released as open source code under the Eclipse Public License (EPL).
         For more information visit https://github.com/coin-or/Ipopt
******************************************************************************

This is Ipopt version 3.14.10, running with linear solver MUMPS 5.5.1.

Number of nonzeros in equality constraint Jacobian...:    17486
Number of nonzeros in inequality constraint Jacobian.:     3925
Number of nonzeros in Lagrangian Hessian.............:    31085

Total number of variables............................:     4951
                     variables with only lower bounds:     3982
                variables with lower and upper bounds:      714
                     variables with only upper bounds:        0
Total number of equality constraints.................:      969
Total number of inequality constraints...............:      357
        inequality constraints with only lower bounds:       51
   inequality constraints with lower and upper bounds:        0
        inequality constraints with only upper bounds:      306

iter    objective    inf_pr   inf_du lg(mu)  ||d||  lg(rg) alpha_du alpha_pr  ls
   0  1.2182130e+05 1.40e+03 9.87e+01   0.0 0.00e+00    -  0.00e+00 0.00e+00   0
   1  1.2038731e+05 1.07e+03 7.53e+01  -5.3 1.42e+03    -  1.37e-01 2.36e-01h  1
   2  1.1918094e+05 3.76e+02 2.59e+01  -5.4 1.08e+03    -  4.30e-02 6.49e-01h  1
   3  1.1932404e+05 1.52e+02 1.03e+01  -5.4 3.81e+02    -  2.93e-01 5.94e-01h  1
   4  1.1932371e+05 1.52e+02 8.07e+01  -1.7 1.55e+02    -  4.30e-01 3.66e-03f  1
   5  1.1927796e+05 3.77e+01 2.01e+01  -5.8 1.54e+02    -  8.06e-01 7.52e-01h  1
   6  1.1913713e+05 4.10e+00 2.14e+00  -6.5 3.82e+01    -  7.35e-01 8.91e-01h  1
   7  1.1913659e+05 4.04e+00 6.98e+02  -2.6 4.16e+00    -  7.66e-01 1.39e-02f  1
   8  1.1910694e+05 6.07e-01 8.91e+01  -3.4 4.10e+00    -  7.08e-01 8.50e-01h  1
   9  1.1910210e+05 1.52e-01 9.31e+01  -3.7 6.16e-01    -  9.78e-01 7.49e-01h  1
iter    objective    inf_pr   inf_du lg(mu)  ||d||  lg(rg) alpha_du alpha_pr  ls
  10  1.1910247e+05 7.99e-02 1.29e+03  -3.2 4.80e+01    -  1.00e+00 4.75e-01h  1
  11  1.1910065e+05 1.71e-02 1.84e+02  -3.8 5.07e+00    -  1.00e+00 7.86e-01h  1
  12  1.1909923e+05 1.64e-03 1.79e+01  -4.7 2.13e+00    -  1.00e+00 9.04e-01h  1
  13  1.1909893e+05 2.61e-04 1.25e+01  -5.5 2.22e+00    -  1.00e+00 8.41e-01h  1
  14  1.1909885e+05 1.49e-05 5.86e-01  -6.9 1.77e-02  -4.0 1.00e+00 9.43e-01h  1
  15  1.1909885e+05 3.59e-07 1.66e+00  -7.7 2.45e+00    -  1.00e+00 9.76e-01h  1
  16  1.1909885e+05 7.86e-09 5.97e-08  -7.8 1.79e-03  -4.5 1.00e+00 1.00e+00h  1
MUMPS returned INFO(1) = -9 and requires more memory, reallocating.  Attempt 1
  Increasing icntl[13] from 1000 to 2000.
  17  1.1909885e+05 6.27e-08 7.09e+01 -11.0 1.53e-05  -5.0 3.32e-01 1.00e+00h  1
  18  1.1909885e+05 5.71e-09 4.44e+01  -8.1 1.30e-04  -3.6 7.53e-01 1.00e+00h  1
  19  1.1909885e+05 1.02e-08 3.67e+01  -8.1 3.75e-04  -4.1 7.31e-01 1.00e+00h  1
iter    objective    inf_pr   inf_du lg(mu)  ||d||  lg(rg) alpha_du alpha_pr  ls
  20  1.1909885e+05 8.69e-09 7.63e+00  -8.1 1.39e-04  -3.7 9.38e-01 1.00e+00h  1
  21  1.1909885e+05 5.10e-09 1.62e+01  -8.1 3.97e-04  -4.2 8.28e-01 1.00e+00h  1
  22  1.1909885e+05 5.43e-09 2.74e-08  -8.1 1.46e-04  -3.7 1.00e+00 1.00e+00h  1
  23  1.1909885e+05 4.11e-09 8.08e+01  -8.6 2.03e-05  -3.3 4.33e-01 1.00e+00H  1
  24  1.1909885e+05 5.23e-09 7.61e+01  -8.4 9.22e-05  -3.8 3.83e-01 1.00e+00h  1
In iteration 24, 1 Slack too small, adjusting variable bound
  25  1.1909885e+05 3.56e-09 2.26e+01  -8.4 3.45e-05  -3.4 7.63e-01 6.44e-01h  1
In iteration 25, 1 Slack too small, adjusting variable bound
  26  1.1909885e+05 3.49e-09 5.36e+00  -8.4 1.02e-04  -3.8 1.00e+00 8.95e-01h  1
  27  1.1909885e+05 3.43e-09 1.51e-08  -8.4 3.83e-05  -3.4 1.00e+00 1.00e+00h  1
  28  1.1909885e+05 3.43e-09 7.56e+01  -8.7 5.93e-05  -3.9 5.22e-01 1.00e+00H  1
  29  1.1909885e+05 6.12e-09 7.88e+01  -8.6 1.02e+01    -  3.55e-01 1.00e+00h  1
In iteration 29, 1 Slack too small, adjusting variable bound
iter    objective    inf_pr   inf_du lg(mu)  ||d||  lg(rg) alpha_du alpha_pr  ls
  30  1.1909885e+05 1.91e-06 1.17e+02  -8.6 6.03e-05  -4.4 1.06e-02 2.33e-01h  1
In iteration 30, 1 Slack too small, adjusting variable bound
  31  1.1909885e+05 1.84e-06 3.61e+01  -8.6 2.29e-05  -3.9 8.02e-01 3.71e-02h  1
In iteration 31, 1 Slack too small, adjusting variable bound
  32  1.1909885e+05 1.84e-06 1.07e+02  -8.6 8.63e-06  -3.5 7.79e-01 2.59e-03h  1
In iteration 32, 1 Slack too small, adjusting variable bound
  33  1.1909885e+05 1.73e-06 5.18e+01  -8.6 2.57e-05  -4.0 2.96e-01 5.66e-02h  1
  34  1.1909885e+05 1.72e-06 4.90e+01  -8.6 9.70e-06  -3.6 4.82e-01 5.31e-03h  2
In iteration 34, 1 Slack too small, adjusting variable bound
  35  1.1909885e+05 1.72e-06 5.14e+01  -8.6 1.19e+00    -  4.54e-01 3.78e-04h  1
In iteration 35, 1 Slack too small, adjusting variable bound
  36  1.1909885e+05 1.72e-06 5.02e+01  -8.6 2.89e-05  -4.0 1.00e+00 3.91e-04h  1
In iteration 36, 1 Slack too small, adjusting variable bound
  37  1.1909885e+05 1.35e-06 4.01e+01  -8.6 1.19e+00    -  4.93e-01 2.15e-01h  1
In iteration 37, 1 Slack too small, adjusting variable bound
  38  1.1909885e+05 1.19e-06 4.06e+01  -8.6 8.59e-06  -3.6 6.91e-01 1.18e-01h  1
In iteration 38, 1 Slack too small, adjusting variable bound
  39  1.1909885e+05 1.19e-06 4.90e+01  -8.6 2.56e-05  -4.1 8.18e-01 7.59e-04h  1
In iteration 39, 1 Slack too small, adjusting variable bound
iter    objective    inf_pr   inf_du lg(mu)  ||d||  lg(rg) alpha_du alpha_pr  ls
  40  1.1909885e+05 1.19e-06 4.98e+01  -8.6 9.65e-06  -3.7 1.00e+00 2.35e-03h  1
In iteration 40, 1 Slack too small, adjusting variable bound
  41  1.1909885e+05 1.03e-06 4.31e+01  -8.6 2.87e-05  -4.1 9.56e-01 1.38e-01h  1
In iteration 41, 1 Slack too small, adjusting variable bound
  42  1.1909885e+05 1.02e-06 4.94e+01  -8.6 1.08e-05  -3.7 1.00e+00 2.40e-03h  1
In iteration 42, 1 Slack too small, adjusting variable bound
  43  1.1909885e+05 7.70e-07 3.73e+01  -8.6 4.07e-06  -3.3 9.03e-01 2.49e-01h  1
In iteration 43, 1 Slack too small, adjusting variable bound
  44  1.1909885e+05 7.69e-07 4.91e+01  -8.6 1.22e-05  -3.8 1.00e+00 9.48e-04h  1
  45  1.1909885e+05 1.25e-07 2.09e-09  -8.6 3.62e-05  -4.2 1.00e+00 1.00e+00h  1
  46  1.1909885e+05 3.29e-09 2.81e+01 -11.0 2.61e-06  -3.8 4.74e-01 1.00e+00h  1
  47  1.1909885e+05 2.83e-09 3.27e+01  -9.0 2.06e-06  -3.4 5.91e-01 1.00e+00h  1
  48  1.1909885e+05 2.55e-09 8.45e-10  -9.0 7.73e-07  -3.0 1.00e+00 1.00e+00h  1
  49  1.1909885e+05 1.70e-09 9.59e-02  -9.3 1.30e-06  -3.4 9.97e-01 1.00e+00h  1
iter    objective    inf_pr   inf_du lg(mu)  ||d||  lg(rg) alpha_du alpha_pr  ls
  50  1.1909885e+05 1.70e-09 3.82e-10  -9.3 3.15e-06  -3.9 1.00e+00 1.00e+00h  1

Number of Iterations....: 50

                                   (scaled)                 (unscaled)
Objective...............:   3.3770887367789595e+02    1.1909884547655194e+05
Dual infeasibility......:   3.8219399311010479e-10    1.3478728832841467e-07
Constraint violation....:   1.6965027160864565e-09    1.6965027160864565e-09
Variable bound violation:   9.3768193210053141e-09    9.3768193210053141e-09
Complementarity.........:   3.3702655890634154e-09    1.1885821543133368e-06
Overall NLP error.......:   3.3702655890634154e-09    1.1885821543133368e-06


Number of objective function evaluations             = 55
Number of objective gradient evaluations             = 51
Number of equality constraint evaluations            = 55
Number of inequality constraint evaluations          = 55
Number of equality constraint Jacobian evaluations   = 1
Number of inequality constraint Jacobian evaluations = 1
Number of Lagrangian Hessian evaluations             = 50
Total seconds in IPOPT                               = 4.359

EXIT: Optimal Solution Found.
--- Reading solution for model calib_step2_soi
--- GDX Point h:\windc\github\windc_build\household\calib_step2_soi_p.gdx
--- Executing after solve: elapsed 0:00:06.992
--- hhcalib.gms(975) 225 Mb
--- hhcalib.gms(1153) 225 Mb
--- GDXin=h:\windc\github\windc_build\household\gdx\calib_step3_soi_p.gdx
--- GDX File (execute_load) h:\windc\github\windc_build\household\gdx\calib_step3_soi_p.gdx
--- hhcalib.gms(1157) 225 Mb
--- Generating NLP model calib_step3_soi
--- hhcalib.gms(1159) 227 Mb
---   3,826 rows  18,106 columns  50,695 non-zeroes
---   113,477 nl-code  18,105 nl-non-zeroes
--- Range statistics (absolute non-zero finite values)
--- RHS       [min, max] : [ 2.047E-04, 4.633E+02] - Zero values observed as well
--- Bound     [min, max] : [ 1.000E-05, 1.000E-05] - Zero values observed as well
--- Matrix    [min, max] : [ 7.068E-05, 2.233E+04] - Zero values observed as well
--- hhcalib.gms(1159) 225 Mb
--- Executing IPOPT (Solvelink=2): elapsed 0:00:07.557

COIN-OR Ipopt    42.5.0 cf11b917 Mar 30, 2023          WEI x86 64bit/MS Window

COIN-OR Interior Point Optimizer (Ipopt Library 3.14.10)
written by A. Waechter.

******************************************************************************
This program contains Ipopt, a library for large-scale nonlinear optimization.
 Ipopt is released as open source code under the Eclipse Public License (EPL).
         For more information visit https://github.com/coin-or/Ipopt
******************************************************************************

This is Ipopt version 3.14.10, running with linear solver MUMPS 5.5.1.

Number of nonzeros in equality constraint Jacobian...:    26622
Number of nonzeros in inequality constraint Jacobian.:        0
Number of nonzeros in Lagrangian Hessian.............:    14790

Total number of variables............................:    14790
                     variables with only lower bounds:    14790
                variables with lower and upper bounds:        0
                     variables with only upper bounds:        0
Total number of equality constraints.................:     3825
Total number of inequality constraints...............:        0
        inequality constraints with only lower bounds:        0
   inequality constraints with lower and upper bounds:        0
        inequality constraints with only upper bounds:        0

iter    objective    inf_pr   inf_du lg(mu)  ||d||  lg(rg) alpha_du alpha_pr  ls
   0  3.0283159e+04 2.79e+01 1.45e+00   0.0 0.00e+00    -  0.00e+00 0.00e+00   0
   1  3.1299867e+04 8.77e+00 4.13e+01  -1.2 6.16e+00    -  8.20e-01 6.85e-01h  1
   2  3.2304661e+04 1.93e+00 9.50e+01  -1.9 2.04e+00    -  9.41e-01 7.80e-01h  1
   3  3.2722185e+04 6.49e-01 1.93e+02  -2.2 4.74e-01    -  9.93e-01 6.63e-01h  1
   4  3.2960567e+04 8.47e-02 3.08e+02  -2.7 5.63e-01    -  1.00e+00 8.69e-01h  1
   5  3.2990856e+04 8.35e-08 1.82e+02  -3.1 3.24e-01    -  1.00e+00 1.00e+00h  1
   6  3.2996761e+04 9.75e-08 5.32e+01  -2.9 1.05e-01    -  1.00e+00 1.00e+00f  1
   7  3.2992714e+04 9.83e-09 2.08e+00  -3.0 5.30e-02    -  1.00e+00 1.00e+00f  1
   8  3.2992640e+04 2.75e-09 3.68e-01  -3.0 8.19e-04    -  1.00e+00 1.00e+00h  1
   9  3.2992640e+04 2.56e-11 1.51e-05  -3.0 1.46e-07    -  1.00e+00 1.00e+00h  1
iter    objective    inf_pr   inf_du lg(mu)  ||d||  lg(rg) alpha_du alpha_pr  ls
  10  3.2985045e+04 6.03e-08 4.01e+00  -9.0 2.07e-01    -  8.81e-01 1.00e+00f  1
  11  3.2984976e+04 2.38e-12 1.10e-05  -5.6 1.40e-02    -  1.00e+00 1.00e+00h  1
  12  3.2984976e+04 3.43e-11 9.88e-05 -11.0 6.68e-04    -  9.99e-01 1.00e+00h  1
  13  3.2984976e+04 2.27e-13 3.11e-12 -11.0 4.38e-07    -  1.00e+00 1.00e+00h  1

Number of Iterations....: 13

                                   (scaled)                 (unscaled)
Objective...............:   1.4768322027417574e+02    3.2984976297725581e+04
Dual infeasibility......:   3.1116670790596115e-12    6.9498934718951190e-10
Constraint violation....:   2.2737367544323206e-13    2.2737367544323206e-13
Variable bound violation:   0.0000000000000000e+00    0.0000000000000000e+00
Complementarity.........:   1.0001455835723544e-11    2.2338203559729465e-09
Overall NLP error.......:   1.0001455835723544e-11    2.2338203559729465e-09


Number of objective function evaluations             = 14
Number of objective gradient evaluations             = 14
Number of equality constraint evaluations            = 14
Number of inequality constraint evaluations          = 0
Number of equality constraint Jacobian evaluations   = 1
Number of inequality constraint Jacobian evaluations = 0
Number of Lagrangian Hessian evaluations             = 13
Total seconds in IPOPT                               = 0.937

EXIT: Optimal Solution Found.
--- Reading solution for model calib_step3_soi
--- GDX Point h:\windc\github\windc_build\household\calib_step3_soi_p.gdx
--- Executing after solve: elapsed 0:00:08.904
--- hhcalib.gms(1168) 225 Mb
--- hhcalib.gms(1216) 225 Mb
--- GDX File (execute_unload) h:\windc\github\windc_build\household\gdx\calibrated_hhdata_soi_static_2016.gdx
--- hhcalib.gms(1220) 225 Mb
--- GDX File (execute_unload) h:\windc\github\windc_build\household\gdx\capital_taxrate_2016.gdx
*** Status: Normal completion
--- Job hhcalib.gms Stop 06/08/23 15:53:36 elapsed 0:00:09.308
