--- Job hhcalib Start 06/08/23 15:53:59 42.5.0 cf11b917 WEX-WEI x86 64bit/MS Windows
--- Applying:
    C:\GAMS\42\gmsprmNT.txt
--- GAMS Parameters defined
    Input h:\windc\github\windc_build\household\hhcalib.gms
    Output h:\windc\github\windc_build\household\lst\hhcalib_2017_cps_dynamic.lst
    ScrDir h:\windc\github\windc_build\household\225b\
    SysDir C:\GAMS\42\
    LogOption 4
    LogFile h:\windc\github\windc_build\household\lst\hhcalib_2017_cps_dynamic.log
    --year 2017
    --hhdata cps
    --invest dynamic
    --puttitle no
Licensee: Small MUD - 5 User License                     G230511|0002AO-GEN
          University of Wisconsin-Madison, Agricultural & Applied EconDC289
          C:\Users\Thomas F. Rutherford\Documents\GAMS\gamslice.txt
          License Admin: Thomas F. Rutherford, rutherford@aae.wisc.edu     
Processor information: 1 socket(s), 12 core(s), and 24 thread(s) available
GAMS 42.5.0   Copyright (C) 1987-2023 GAMS Development. All rights reserved
--- Starting compilation
--- hhcalib.gms(63) 2 Mb
--- . windc_coredata.gms(17) 2 Mb
--- GDXin=h:\windc\github\windc_build\core\WiNDCdatabase.gdx
--- GDX File ($gdxIn) h:\windc\github\windc_build\core\WiNDCdatabase.gdx
--- . windc_coredata.gms(209) 202 Mb
--- hhcalib.gms(89) 202 Mb
--- GDXin=h:\windc\github\windc_build\household\gdx\capital_tax_rates.gdx
--- GDX File ($gdxIn) h:\windc\github\windc_build\household\gdx\capital_tax_rates.gdx
--- hhcalib.gms(121) 202 Mb
--- GDXin=h:\windc\github\windc_build\household\gdx\cps_data_2017.gdx
--- GDX File ($gdxIn) h:\windc\github\windc_build\household\gdx\cps_data_2017.gdx
--- hhcalib.gms(136) 202 Mb
--- GDXin=h:\windc\github\windc_build\household\gdx\capital_gains_2017.gdx
--- GDX File ($gdxIn) h:\windc\github\windc_build\household\gdx\capital_gains_2017.gdx
--- hhcalib.gms(144) 202 Mb
--- GDXin=h:\windc\github\windc_build\household\gdx\labor_tax_rates.gdx
--- GDX File ($gdxIn) h:\windc\github\windc_build\household\gdx\labor_tax_rates.gdx
--- hhcalib.gms(333) 202 Mb
--- . hh_calib_aggregate_regions.map(68) 202 Mb
--- hhcalib.gms(840) 202 Mb
--- call csv2gdx data_sources\cex\national_income_elasticities_CEX_2013_2017.csv output=gdx\national_income_elasticities_CEX_2013_2017.gdx id=regres index=1 useHeader=y value=2,3,4
--- hhcalib.gms(841) 202 Mb
--- GDXin=h:\windc\github\windc_build\household\gdx\national_income_elasticities_CEX_2013_2017.gdx
--- GDX File ($gdxIn) h:\windc\github\windc_build\household\gdx\national_income_elasticities_CEX_2013_2017.gdx
--- hhcalib.gms(847) 202 Mb
--- call csv2gdx data_sources\cex\windc_pce_map.csv output=gdx\windc_pce_map.gdx id=pcebridge index=1,2 useHeader=y value=3,4,5
--- hhcalib.gms(848) 202 Mb
--- GDXin=h:\windc\github\windc_build\household\gdx\windc_pce_map.gdx
--- GDX File ($gdxIn) h:\windc\github\windc_build\household\gdx\windc_pce_map.gdx
--- hhcalib.gms(963) 202 Mb
--- Starting execution: elapsed 0:00:00.571
--- hhcalib.gms(271) 221 Mb
--- GDX File (execute_unload) h:\windc\github\windc_build\household\225b\totgdp.gdx
--- hhcalib.gms(272) 221 Mb
--- hhcalib.gms(517) 221 Mb
--- Generating QCP model partial_ss
--- hhcalib.gms(518) 223 Mb
---   52 rows  3,622 columns  5,195 non-zeroes
---   7,868 nl-code  1,573 nl-non-zeroes
--- Range statistics (absolute non-zero finite values)
--- RHS       [min, max] : [ 7.001E+00, 7.758E+02] - Zero values observed as well
--- Bound     [min, max] : [ 3.076E-06, 6.707E+01] - Zero values observed as well
--- Matrix    [min, max] : [ 1.000E+00, 1.000E+00] - Zero values observed as well
--- hhcalib.gms(518) 221 Mb
--- Executing CPLEX (Solvelink=2): elapsed 0:00:01.698

IBM ILOG CPLEX   42.5.0 cf11b917 Mar 30, 2023          WEI x86 64bit/MS Window

--- GAMS/Cplex licensed for continuous and discrete problems.
--- GMO Q Extraction (ThreePass): 0.00s
--- GMO setup time: 0.00s
--- Space for names approximately 0.07 Mb
--- Use option 'names no' to turn use of names off
--- GMO memory 1.19 Mb (peak 1.25 Mb)
--- Dictionary memory 0.00 Mb
--- Cplex 22.1.1.0 link memory 0.07 Mb (peak 0.25 Mb)
--- Starting Cplex

Version identifier: 22.1.1.0 | 2022-11-27 | 9160aff4d
CPXPARAM_Advance                                 0
CPXPARAM_Threads                                 1
CPXPARAM_MIP_Display                             4
CPXPARAM_MIP_Pool_Capacity                       0
CPXPARAM_MIP_Tolerances_AbsMIPGap                0
Tried aggregator 1 time.
QP Presolve eliminated 0 rows and 2049 columns.
Reduced QP has 51 rows, 1573 columns, and 1573 nonzeros.
Reduced QP objective Q matrix has 1573 nonzeros.
Presolve time = 0.00 sec. (0.75 ticks)
Parallel mode: none, using 1 thread for barrier
Number of nonzeros in lower triangle of A*A' = 0
Using Approximate Minimum Degree ordering
Total time for automatic ordering = 0.00 sec. (0.01 ticks)
Summary statistics for Cholesky factor:
  Rows in Factor            = 51
  Integer space required    = 51
  Total non-zeros in factor = 51
  Total FP ops to factor    = 51
 Itn      Primal Obj        Dual Obj  Prim Inf Upper Inf  Dual Inf          
   0   1.3759125e+06  -1.3760187e+06  3.14e+02  0.00e+00  1.90e+06
   1   3.8572499e+05  -3.9214228e+05  1.66e+02  0.00e+00  1.01e+06
   2   1.5646637e+04  -1.6333518e+04  3.19e+01  0.00e+00  1.94e+05
   3   1.5391869e+03  -1.3800184e+02  5.51e+00  0.00e+00  3.35e+04
   4   1.0429222e+03   8.7390302e+02  9.26e-01  0.00e+00  5.62e+03
   5   1.0259244e+03   9.5215548e+02  4.49e-01  0.00e+00  2.73e+03
   6   1.0215292e+03   9.8084233e+02  2.62e-01  0.00e+00  1.59e+03
   7   1.0180725e+03   1.0172739e+03  1.83e-03  0.00e+00  1.11e+01
   8   1.0180415e+03   1.0180273e+03  9.07e-06  0.00e+00  5.52e-02
   9   1.0180412e+03   1.0180410e+03  4.53e-08  0.00e+00  2.75e-04
  10   1.0180412e+03   1.0180412e+03  2.27e-10  0.00e+00  1.37e-06
Barrier time = 0.02 sec. (3.25 ticks)

Total time on 1 threads = 0.02 sec. (3.25 ticks)

--- QP status (1): optimal.
--- Cplex Time: 0.02sec (det. 3.25 ticks)


Optimal solution found
Objective:         1018.041194

--- Reading solution for model partial_ss
--- Executing after solve: elapsed 0:00:01.806
--- hhcalib.gms(523) 221 Mb
--- GDX File (execute_unload) h:\windc\github\windc_build\household\gdx\i0_2017.gdx
--- hhcalib.gms(784) 221 Mb
--- Generating NLP model calib_step1_cps
--- hhcalib.gms(787) 223 Mb
---   102 rows  347 columns  1,027 non-zeroes
---   1,562 nl-code  305 nl-non-zeroes
--- Range statistics (absolute non-zero finite values)
--- RHS       [min, max] : [ 1.086E+01, 6.085E+03] - Zero values observed as well
--- Bound     [min, max] : [ 1.000E-02, 9.104E+02] - Zero values observed as well
--- Matrix    [min, max] : [ 7.014E-04, 9.308E+05] - Zero values observed as well
--- hhcalib.gms(787) 221 Mb
--- Executing IPOPT (Solvelink=2): elapsed 0:00:01.859

COIN-OR Ipopt    42.5.0 cf11b917 Mar 30, 2023          WEI x86 64bit/MS Window

COIN-OR Interior Point Optimizer (Ipopt Library 3.14.10)
written by A. Waechter.

******************************************************************************
This program contains Ipopt, a library for large-scale nonlinear optimization.
 Ipopt is released as open source code under the Eclipse Public License (EPL).
         For more information visit https://github.com/coin-or/Ipopt
******************************************************************************

This is Ipopt version 3.14.10, running with linear solver MUMPS 5.5.1.

Number of nonzeros in equality constraint Jacobian...:      721
Number of nonzeros in inequality constraint Jacobian.:        0
Number of nonzeros in Lagrangian Hessian.............:      605

Total number of variables............................:      346
                     variables with only lower bounds:       70
                variables with lower and upper bounds:      256
                     variables with only upper bounds:        0
Total number of equality constraints.................:      101
Total number of inequality constraints...............:        0
        inequality constraints with only lower bounds:        0
   inequality constraints with lower and upper bounds:        0
        inequality constraints with only upper bounds:        0

iter    objective    inf_pr   inf_du lg(mu)  ||d||  lg(rg) alpha_du alpha_pr  ls
   0  4.1254720e+05 4.40e+03 1.01e+02   0.0 0.00e+00    -  0.00e+00 0.00e+00   0
   1  3.3233166e+05 3.61e+03 3.51e+04  -4.8 1.95e+03    -  5.09e-06 1.80e-01h  1
   2  9.3793266e+05 8.98e+02 8.73e+03  -0.3 1.60e+03    -  1.45e-01 7.51e-01h  1
   3  9.4929899e+05 8.31e+02 8.08e+03   0.5 3.97e+02    -  8.43e-01 7.44e-02f  1
   4  1.0684551e+06 1.05e-04 1.43e-03   0.6 3.67e+02    -  9.99e-01 1.00e+00f  1
   5  1.0132541e+06 7.66e-09 1.33e-01  -0.7 3.38e+01    -  9.57e-01 1.00e+00f  1
   6  9.5067832e+05 8.12e-11 4.79e-03  -0.9 3.08e+01    -  9.92e-01 1.00e+00f  1
   7  9.1179650e+05 6.97e-11 2.71e-03  -1.5 1.52e+01    -  9.96e-01 9.71e-01f  1
   8  8.9596667e+05 6.84e-11 5.18e-03  -2.0 7.74e+00    -  9.98e-01 7.73e-01f  1
   9  8.8962833e+05 7.06e-11 5.75e-03  -3.2 4.92e+00    -  7.18e-01 5.60e-01f  1
iter    objective    inf_pr   inf_du lg(mu)  ||d||  lg(rg) alpha_du alpha_pr  ls
  10  8.8641094e+05 4.62e-11 2.76e-03  -3.3 5.50e+00    -  6.25e-01 5.93e-01f  1
  11  8.8511619e+05 2.84e-11 2.32e-03  -3.5 3.69e+00    -  6.58e-01 4.94e-01f  1
  12  8.8434494e+05 1.42e-11 3.65e-03  -3.6 3.02e+00    -  8.70e-01 5.81e-01f  1
  13  8.8407121e+05 1.40e-11 7.33e-03  -3.7 2.12e+00    -  9.04e-01 5.26e-01f  1
  14  8.8382080e+05 9.77e-12 7.17e-05  -3.8 9.60e-01    -  9.78e-01 1.00e+00f  1
  15  8.8370483e+05 2.30e-12 6.82e-04  -4.2 4.74e-01    -  6.74e-01 9.96e-01f  1
  16  8.8363820e+05 4.81e-13 5.21e-05  -4.7 4.20e-01    -  9.43e-01 9.25e-01f  1
  17  8.8360837e+05 4.55e-13 4.72e-05  -5.1 5.89e-01    -  7.76e-01 8.78e-01f  1
  18  8.8359249e+05 4.55e-13 3.45e-06  -5.6 3.82e-01    -  9.76e-01 1.00e+00f  1
  19  8.8358715e+05 1.82e-12 1.11e-06  -6.6 1.84e-01    -  9.98e-01 9.79e-01f  1
iter    objective    inf_pr   inf_du lg(mu)  ||d||  lg(rg) alpha_du alpha_pr  ls
  20  8.8358635e+05 9.09e-13 1.82e-07  -7.6 6.22e-02    -  9.82e-01 9.75e-01f  1
  21  8.8358625e+05 5.68e-13 2.61e-07  -9.0 2.24e-02    -  9.65e-01 1.00e+00f  1
  22  8.8358624e+05 9.09e-13 1.10e-08  -9.4 9.04e-03    -  9.97e-01 1.00e+00h  1
  23  8.8358624e+05 4.55e-13 1.67e-13 -11.0 4.22e-03    -  1.00e+00 1.00e+00h  1

Number of Iterations....: 23

                                   (scaled)                 (unscaled)
Objective...............:   9.4928520977220629e+01    8.8358624017788260e+05
Dual infeasibility......:   1.6697795052331592e-13    1.5542159298037445e-09
Constraint violation....:   4.5474735088646412e-13    4.5474735088646412e-13
Variable bound violation:   2.3727352527203038e-08    2.3727352527203038e-08
Complementarity.........:   5.1856231797148272e-09    4.8267319886327941e-05
Overall NLP error.......:   5.1856231797148272e-09    4.8267319886327941e-05


Number of objective function evaluations             = 24
Number of objective gradient evaluations             = 24
Number of equality constraint evaluations            = 24
Number of inequality constraint evaluations          = 0
Number of equality constraint Jacobian evaluations   = 1
Number of inequality constraint Jacobian evaluations = 0
Number of Lagrangian Hessian evaluations             = 23
Total seconds in IPOPT                               = 0.073

EXIT: Optimal Solution Found.
--- Reading solution for model calib_step1_cps
--- Executing after solve: elapsed 0:00:01.992
--- hhcalib.gms(978) 221 Mb
--- GDXin=h:\windc\github\windc_build\household\gdx\calib_step2_cps_p.gdx
--- hhcalib.gms(978) 222 Mb
--- GDX File (execute_load) h:\windc\github\windc_build\household\gdx\calib_step2_cps_p.gdx
--- hhcalib.gms(984) 222 Mb
--- Generating NLP model calib_step2_cps
--- hhcalib.gms(986) 228 Mb
---   1,425 rows  17,092 columns  90,532 non-zeroes
---   32,262 nl-code  16,580 nl-non-zeroes
--- Range statistics (absolute non-zero finite values)
--- RHS       [min, max] : [ 1.021E-01, 6.085E+03] - Zero values observed as well
--- Bound     [min, max] : [ 3.485E-07, 7.278E+02] - Zero values observed as well
--- Matrix    [min, max] : [ 7.337E-08, 1.480E+02] - Zero values observed as well
--- hhcalib.gms(986) 226 Mb
--- Executing IPOPT (Solvelink=2): elapsed 0:00:02.401

COIN-OR Ipopt    42.5.0 cf11b917 Mar 30, 2023          WEI x86 64bit/MS Window

COIN-OR Interior Point Optimizer (Ipopt Library 3.14.10)
written by A. Waechter.

******************************************************************************
This program contains Ipopt, a library for large-scale nonlinear optimization.
 Ipopt is released as open source code under the Eclipse Public License (EPL).
         For more information visit https://github.com/coin-or/Ipopt
******************************************************************************

This is Ipopt version 3.14.10, running with linear solver MUMPS 5.5.1.

Number of nonzeros in equality constraint Jacobian...:    22206
Number of nonzeros in inequality constraint Jacobian.:     3415
Number of nonzeros in Lagrangian Hessian.............:    35805

Total number of variables............................:     7311
                     variables with only lower bounds:     3727
                variables with lower and upper bounds:     3329
                     variables with only upper bounds:        0
Total number of equality constraints.................:     1169
Total number of inequality constraints...............:      255
        inequality constraints with only lower bounds:        0
   inequality constraints with lower and upper bounds:        0
        inequality constraints with only upper bounds:      255

iter    objective    inf_pr   inf_du lg(mu)  ||d||  lg(rg) alpha_du alpha_pr  ls
   0  1.3348806e+05 1.49e+03 1.06e+02   0.0 0.00e+00    -  0.00e+00 0.00e+00   0
   1  1.3311473e+05 1.46e+03 1.04e+02  -5.6 1.49e+03    -  1.80e-02 1.65e-02f  1
   2  1.3311457e+05 1.46e+03 1.04e+02  -1.2 1.46e+03    -  9.78e-03 7.52e-06f  1
   3  1.3263144e+05 1.43e+03 1.01e+02  -1.5 1.46e+03    -  1.36e-02 2.46e-02f  1
   4  1.3205974e+05 1.37e+03 9.76e+01  -1.3 1.43e+03    -  3.00e-02 3.73e-02f  1
   5  1.3147672e+05 1.30e+03 9.24e+01  -1.0 1.37e+03    -  6.35e-02 5.35e-02f  1
   6  1.3110468e+05 1.20e+03 1.72e+02  -0.6 1.30e+03    -  2.01e-01 7.29e-02f  1
   7  1.3105323e+05 1.08e+03 3.32e+02  -0.9 1.20e+03    -  3.00e-01 1.03e-01f  1
   8  1.3123146e+05 9.65e+02 7.54e+02  -0.6 1.08e+03    -  3.42e-01 1.07e-01h  1
   9  1.3171624e+05 7.69e+02 1.99e+03  -0.2 9.64e+02    -  5.13e-01 2.02e-01h  1
iter    objective    inf_pr   inf_du lg(mu)  ||d||  lg(rg) alpha_du alpha_pr  ls
  10  1.3225708e+05 5.45e+02 4.79e+03  -0.3 7.69e+02    -  9.92e-01 2.92e-01h  1
  11  1.3264499e+05 4.62e+02 2.58e+04   0.3 5.44e+02    -  1.00e+00 1.52e-01h  1
  12  1.3322244e+05 2.52e+02 1.54e+04  -0.1 4.62e+02    -  1.00e+00 4.55e-01h  1
  13  1.3352509e+05 9.26e+01 6.23e+03  -0.4 2.52e+02    -  1.00e+00 6.32e-01h  1
  14  1.3352895e+05 5.01e+01 4.53e+03  -0.7 9.26e+01    -  1.00e+00 4.59e-01h  1
  15  1.3344388e+05 1.09e+01 1.15e+03  -1.2 5.01e+01    -  1.00e+00 7.83e-01h  1
  16  1.3337806e+05 1.80e+00 5.40e+02  -1.5 1.09e+01    -  1.00e+00 8.35e-01h  1
  17  1.3335658e+05 6.77e-01 1.13e+03  -1.9 1.80e+00    -  1.00e+00 6.24e-01h  1
  18  1.3334171e+05 2.37e-01 9.34e+02  -2.2 6.77e-01    -  1.00e+00 6.50e-01h  1
  19  1.3333711e+05 1.02e-01 1.81e+03  -2.2 2.37e-01    -  1.00e+00 5.68e-01h  1
iter    objective    inf_pr   inf_du lg(mu)  ||d||  lg(rg) alpha_du alpha_pr  ls
  20  1.3333170e+05 3.42e-02 1.05e+03  -2.5 1.02e-01    -  1.00e+00 6.66e-01h  1
  21  1.3332709e+05 4.12e-03 3.02e+02  -2.7 6.01e-02    -  1.00e+00 8.80e-01h  1
  22  1.3332599e+05 1.99e-03 1.38e+03  -3.1 3.51e-02    -  1.00e+00 5.18e-01h  1
  23  1.3332447e+05 4.22e-04 3.25e+02  -3.4 3.58e-02    -  1.00e+00 7.88e-01f  1
  24  1.3332400e+05 1.29e-06 3.43e-07  -3.5 1.29e-02    -  1.00e+00 1.00e+00h  1
  25  1.3332376e+05 7.79e-07 1.23e+02  -4.6 1.39e-02    -  8.25e-01 4.25e-01f  1
  26  1.3332375e+05 7.49e-07 6.39e+02  -4.1 7.16e-03    -  1.00e+00 6.18e-02f  5
  27  1.3332353e+05 3.59e-07 1.06e+02  -4.5 9.74e-03    -  1.00e+00 7.55e-01f  1
  28  1.3332354e+05 3.52e-07 9.04e-10  -4.1 7.49e-04    -  1.00e+00 1.00e+00f  1
  29  1.3332351e+05 3.61e-07 1.73e-09  -4.2 9.70e-04    -  1.00e+00 1.00e+00h  1
iter    objective    inf_pr   inf_du lg(mu)  ||d||  lg(rg) alpha_du alpha_pr  ls
  30  1.3332347e+05 3.78e-07 1.43e+02  -4.8 2.99e-03    -  7.99e-01 5.00e-01f  2
  31  1.3332341e+05 4.03e-07 5.22e-09  -5.2 2.61e-03    -  1.00e+00 1.00e+00f  1
  32  1.3332339e+05 4.09e-07 9.65e+01  -6.3 1.51e-03    -  8.90e-01 1.00e+00f  1
  33  1.3332339e+05 4.09e-07 1.67e+03  -6.6 6.52e-04    -  1.00e+00 3.81e-06h 19
  34  1.3332339e+05 4.09e-07 1.94e+03  -6.6 8.16e-04  -4.0 1.00e+00 3.81e-06h 19
  35  1.3332339e+05 4.09e-07 1.94e+03  -6.6 8.67e-04    -  1.00e+00 1.91e-06h 20
  36  1.3332339e+05 4.09e-07 1.94e+03  -6.6 8.85e-04  -4.5 1.00e+00 1.91e-06h 20
  37  1.3332339e+05 4.09e-07 1.94e+03  -6.6 8.90e-04  -5.0 1.00e+00 1.91e-06h 20
  38  1.3332339e+05 4.09e-07 1.94e+03  -6.6 8.92e-04    -  1.00e+00 1.91e-06h 20
  39  1.3332339e+05 4.09e-07 1.94e+03  -6.6 8.93e-04  -4.5 1.00e+00 3.81e-06h 19
iter    objective    inf_pr   inf_du lg(mu)  ||d||  lg(rg) alpha_du alpha_pr  ls
  40  1.3332339e+05 4.09e-07 1.94e+03  -6.6 8.93e-04  -5.0 1.00e+00 1.91e-06h 20
  41  1.3332339e+05 4.09e-07 1.94e+03  -6.6 8.93e-04  -4.6 1.00e+00 3.81e-06h 19
  42  1.3332339e+05 4.09e-07 1.94e+03  -6.6 8.93e-04  -5.1 1.00e+00 1.91e-06h 20
  43  1.3332339e+05 4.09e-07 1.94e+03  -6.6 8.93e-04    -  1.00e+00 1.91e-06h 20
  44  1.3332339e+05 4.10e-07 2.09e-08  -6.6 8.93e-04  -4.6 1.00e+00 1.00e+00w  1
  45  1.3332339e+05 4.10e-07 1.58e+02 -11.0 1.54e-04  -4.2 9.14e-01 9.95e-01h  1
  46  1.3332340e+05 4.07e-07 2.01e+04  -5.7 1.48e-03  -4.7 1.95e-01 1.00e+00f  1
  47  1.3332339e+05 6.36e-07 1.76e+04  -6.2 1.17e-03    -  2.78e-03 1.00e+00h  1
  48  1.3332339e+05 1.79e-07 3.68e+03  -6.2 5.89e-05    -  6.70e-01 1.00e+00H  1
  49  1.3332339e+05 1.73e-07 1.68e-10  -6.2 5.82e-05    -  1.00e+00 1.00e+00H  1
iter    objective    inf_pr   inf_du lg(mu)  ||d||  lg(rg) alpha_du alpha_pr  ls
  50  1.3332339e+05 1.53e-07 1.56e-10  -6.2 1.53e-07  -5.2 1.00e+00 1.00e+00H  1
  51  1.3332339e+05 1.55e-07 1.81e+02  -6.9 1.91e-04  -4.7 7.10e-01 1.00e+00h  1
  52  1.3332339e+05 1.54e-07 1.64e+02  -6.7 1.36e-05  -5.2 8.38e-01 1.00e+00h  1
  53  1.3332339e+05 1.54e-07 7.98e+02  -6.7 4.84e-06  -5.7 9.97e-01 2.71e-02h  1
  54  1.3332339e+05 1.54e-07 5.72e+02  -6.7 1.23e-06  -4.4 1.00e+00 3.06e-01f  1
  55  1.3332339e+05 2.68e-05 1.45e+03  -6.7 8.56e-07  -4.8 6.71e-02 1.00e+00f  1
In iteration 55, 1 Slack too small, adjusting variable bound
  56  1.3332339e+05 1.27e-05 1.06e+03  -6.7 4.30e-06  -4.4 2.71e-01 5.26e-01h  1
In iteration 56, 1 Slack too small, adjusting variable bound
  57  1.3332339e+05 2.40e-06 2.85e+02  -6.7 3.23e-06  -4.0 7.30e-01 8.13e-01h  1
  58  1.3332339e+05 1.28e-07 5.95e+02  -6.7 2.07e-06  -4.5 3.12e-01 1.00e+00h  1
  59  1.3332339e+05 8.77e-08 1.26e+02  -6.7 1.92e-06  -4.9 8.92e-01 8.04e-01H  1
iter    objective    inf_pr   inf_du lg(mu)  ||d||  lg(rg) alpha_du alpha_pr  ls
  60  1.3332339e+05 8.61e-08 8.63e+02  -6.7 4.89e-07  -5.4 3.86e-01 1.00e+00H  1
  61  1.3332339e+05 1.92e-07 9.78e+02  -6.7 8.81e-05    -  2.62e-01 1.00e+00h  1
  62  1.3332339e+05 8.61e-08 2.78e-10  -6.7 1.18e-04    -  1.00e+00 1.00e+00h  1
  63  1.3332339e+05 8.61e-08 1.64e+02 -11.0 1.80e-04    -  6.42e-01 9.97e-01h  1
  64  1.3332339e+05 8.61e-08 4.98e+03  -6.1 5.82e-04  -3.2 1.00e+00 7.75e-02f  1
  65  1.3332339e+05 8.60e-08 9.53e+01  -6.4 1.53e-04    -  1.00e+00 7.46e-01f  1
  66  1.3332339e+05 8.59e-08 2.23e-08  -6.4 1.02e-04  -3.7 1.00e+00 1.00e+00f  1
  67  1.3332339e+05 8.61e-08 1.48e+02  -8.5 2.03e-04  -4.1 6.10e-01 1.00e+00h  1
  68  1.3332339e+05 8.61e-08 1.62e+02  -7.0 2.83e-05  -3.7 7.65e-01 1.00e+00f  1
  69  1.3332339e+05 8.61e-08 1.59e+01  -7.0 1.09e-06  -4.2 9.78e-01 1.00e+00h  1
iter    objective    inf_pr   inf_du lg(mu)  ||d||  lg(rg) alpha_du alpha_pr  ls
  70  1.3332339e+05 8.61e-08 6.90e-11  -7.0 1.24e-07  -4.7 1.00e+00 1.00e+00h  1
  71  1.3332339e+05 8.61e-08 2.16e+02  -9.1 7.47e-05  -4.2 6.04e-01 1.00e+00h  1
  72  1.3332339e+05 8.61e-08 7.35e+01  -7.6 1.07e-05  -3.8 9.26e-01 1.00e+00h  1
  73  1.3332339e+05 8.61e-08 7.81e+02  -7.6 8.89e-04    -  8.54e-02 1.00e+00h  1
  74  1.3332339e+05 8.61e-08 1.04e+03  -7.6 5.59e-08  -4.3 3.35e-01 1.00e+00h  1
  75  1.3332339e+05 8.61e-08 5.98e+02  -7.6 3.09e-08  -3.9 6.71e-01 1.00e+00h  1
  76  1.3332339e+05 8.61e-08 1.53e-10  -7.6 1.49e-07  -4.3 1.00e+00 1.00e+00h  1
  77  1.3332339e+05 8.61e-08 1.76e+02  -8.3 1.73e-05  -3.9 7.74e-01 1.00e+00h  1
  78  1.3332339e+05 8.61e-08 1.04e+03  -8.2 7.54e-07  -3.5 1.61e-01 1.00e+00h  1
  79  1.3332339e+05 8.61e-08 1.68e+01  -8.2 8.86e-08  -4.0 8.73e-01 7.34e-01h  1
iter    objective    inf_pr   inf_du lg(mu)  ||d||  lg(rg) alpha_du alpha_pr  ls
  80  1.3332339e+05 8.61e-08 1.88e-10  -8.2 4.88e-08  -3.5 1.00e+00 1.00e+00f  1
In iteration 80, 4 Slacks too small, adjusting variable bounds
  81  1.3332339e+05 8.61e-08 6.82e+02 -11.0 6.96e-06  -4.0 3.57e-01 9.99e-01h  1
  82  1.3332339e+05 8.61e-08 2.08e-10  -8.6 4.30e-03    -  1.00e+00 1.00e+00h  1
In iteration 82, 8 Slacks too small, adjusting variable bounds
  83  1.3332339e+05 8.61e-08 8.15e+02 -11.0 3.77e-03    -  3.99e-01 9.99e-01h  1
  84  1.3332339e+05 8.61e-08 4.26e+02  -9.0 9.21e-07  -3.6 8.35e-01 1.00e+00h  1
MUMPS returned INFO(1) = -9 and requires more memory, reallocating.  Attempt 1
  Increasing icntl[13] from 1000 to 2000.
  85  1.3332339e+05 8.61e-08 3.29e+01  -9.0 7.68e-08  -4.1 9.85e-01 1.00e+00h  1
  86  1.3332339e+05 8.61e-08 5.81e+01  -9.0 7.90e-08  -3.6 9.68e-01 1.00e+00h  1
  87  1.3332339e+05 8.61e-08 8.52e+02  -9.0 4.76e-08  -4.1 5.32e-01 1.00e+00h  1
  88  1.3332339e+05 8.61e-08 1.75e+03  -9.0 6.52e-08  -3.7 3.31e-01 1.00e+00h  1
  89  1.3332339e+05 8.61e-08 2.44e+03  -9.0 9.69e-08  -3.3 3.04e-01 1.00e+00h  1
iter    objective    inf_pr   inf_du lg(mu)  ||d||  lg(rg) alpha_du alpha_pr  ls
  90  1.3332339e+05 8.61e-08 2.73e+03  -9.0 1.07e-07  -3.7 3.51e-01 1.00e+00h  1
  91  1.3332339e+05 8.61e-08 2.18e+03  -9.0 1.02e-07  -3.3 5.15e-01 1.00e+00h  1
  92  1.3332339e+05 8.61e-08 3.87e+03  -9.0 1.08e-07  -3.8 1.84e-02 1.00e+00h  1
  93  1.3332339e+05 9.67e-08 5.33e+03  -9.0 1.35e-07  -3.4 5.28e-02 1.00e+00h  1
  94  1.3332339e+05 9.39e-08 5.66e+03  -9.0 1.22e-07  -3.8 2.02e-01 1.00e+00h  1
  95  1.3332339e+05 3.03e-07 3.56e+03  -9.0 3.89e-07  -3.4 1.02e-01 1.00e+00h  1
  96  1.3332339e+05 2.96e-07 3.58e+03  -6.8 1.61e-04  -3.9 1.40e-01 2.32e-02f  1
  97  1.3332339e+05 1.15e-07 3.30e+03  -7.8 9.87e-06  -3.5 3.19e-03 1.00e+00h  1
  98  1.3332339e+05 2.43e-07 3.15e+03  -7.8 1.82e-07  -3.9 1.34e-01 1.00e+00h  1
  99  1.3332339e+05 2.46e-07 3.25e+03  -7.8 2.78e-07  -3.5 8.87e-02 1.00e+00h  1
iter    objective    inf_pr   inf_du lg(mu)  ||d||  lg(rg) alpha_du alpha_pr  ls
 100  1.3332339e+05 2.49e-07 2.74e+03  -7.8 2.82e-07  -4.0 2.48e-01 1.00e+00h  1
 101  1.3332339e+05 2.33e-07 2.78e+03  -7.8 2.62e-07  -4.5 4.89e-02 1.00e+00h  1
 102  1.3332339e+05 4.04e-08 1.63e+03  -7.8 2.73e-07  -4.1 5.28e-01 1.00e+00H  1
 103  1.3332339e+05 1.40e-07 1.64e+03  -7.8 1.61e-07  -3.6 1.86e-01 1.00e+00h  1
 104  1.3332339e+05 1.13e-07 1.67e+03  -7.8 1.55e-07  -4.1 1.77e-01 1.00e+00h  1
 105  1.3332339e+05 4.04e-08 9.90e+02  -7.8 1.66e-07  -4.6 5.17e-01 1.00e+00h  1
 106  1.3332339e+05 4.04e-08 4.55e+02  -7.8 1.46e-07  -4.2 6.69e-01 1.00e+00h  1
 107  1.3332339e+05 7.21e-08 3.09e+02  -7.8 1.05e-07  -3.7 6.31e-01 1.00e+00h  1
 108  1.3332339e+05 5.04e-08 5.64e+02  -7.8 8.45e-08  -4.2 1.87e-01 1.00e+00h  1
 109  1.3332339e+05 4.64e-08 4.19e+02  -7.8 7.13e-08  -3.8 5.58e-01 1.00e+00h  1
iter    objective    inf_pr   inf_du lg(mu)  ||d||  lg(rg) alpha_du alpha_pr  ls
 110  1.3332339e+05 4.39e-08 2.60e+02  -7.8 6.78e-08  -3.4 6.77e-01 1.00e+00h  1
 111  1.3332339e+05 4.09e-08 5.15e+01  -7.8 3.51e-07  -3.8 3.62e-01 6.44e-02h  1
 112  1.3332339e+05 4.03e-08 3.08e+02  -7.8 7.83e-08  -4.3 1.00e+00 1.98e-01f  1
 113  1.3332339e+05 4.03e-08 6.86e+01  -7.8 1.35e-07  -4.8 6.74e-01 1.00e+00f  1
 114  1.3332339e+05 4.03e-08 1.15e-10  -7.8 6.79e-08  -4.4 1.00e+00 1.00e+00h  1
In iteration 114, 3 Slacks too small, adjusting variable bounds
 115  1.3332339e+05 4.04e-08 1.81e+02 -11.0 1.43e-05  -3.9 5.30e-01 1.00e+00h  1
 116  1.3332339e+05 4.04e-08 5.42e+02  -8.4 3.71e-06  -3.5 2.37e-01 1.00e+00f  1
 117  1.3332339e+05 4.04e-08 1.79e-10  -8.4 4.15e-08  -4.0 1.00e+00 1.00e+00h  1
 118  1.3332339e+05 4.04e-08 5.18e+02  -9.5 3.83e-06  -3.6 2.05e-02 1.00e+00h  1
 119  1.3332339e+05 4.03e-08 5.50e+02  -8.6 2.14e-06  -4.0 5.09e-01 1.00e+00h  1
iter    objective    inf_pr   inf_du lg(mu)  ||d||  lg(rg) alpha_du alpha_pr  ls
 120  1.3332339e+05 4.94e-08 6.05e+02  -8.6 8.97e-08  -4.5 3.44e-01 1.00e+00h  1
 121  1.3332339e+05 5.07e-08 9.88e+01  -8.6 7.18e-03    -  9.08e-01 1.00e+00h  1
 122  1.3332339e+05 3.01e-08 9.18e+01  -8.6 4.80e-08  -4.1 8.41e-01 1.00e+00h  1
 123  1.3332339e+05 3.01e-08 7.40e+02  -8.6 3.32e-08  -3.7 2.92e-01 1.00e+00H  1
 124  1.3332339e+05 3.91e-08 8.88e+02  -8.6 5.69e-08  -4.1 2.70e-01 1.00e+00h  1
 125  1.3332339e+05 3.35e-08 1.31e+03  -8.6 4.71e-08  -3.7 3.77e-02 1.00e+00h  1
 126  1.3332339e+05 5.71e-08 1.73e+03  -8.6 7.15e-08  -4.2 3.07e-02 1.00e+00h  1
 127  1.3332339e+05 3.39e-08 1.51e+03  -8.6 5.20e-03    -  3.11e-01 1.00e+00h  1
 128  1.3332339e+05 2.73e-08 1.74e+03  -8.6 6.27e-08  -3.8 4.47e-02 1.00e+00h  1
 129  1.3332339e+05 1.05e-07 1.79e+03  -8.6 1.33e-07  -4.2 1.77e-01 1.00e+00h  1
iter    objective    inf_pr   inf_du lg(mu)  ||d||  lg(rg) alpha_du alpha_pr  ls
 130  1.3332339e+05 6.23e-08 2.14e+03  -8.6 1.21e-07  -3.8 3.85e-02 1.00e+00h  1
 131  1.3332339e+05 3.69e-08 1.05e+03  -8.6 6.96e-03    -  5.09e-01 5.00e-01h  2
 132  1.3332339e+05 7.48e-08 1.22e+03  -8.6 1.01e-07  -3.4 1.74e-01 1.00e+00h  1
 133  1.3332339e+05 8.49e-08 6.28e+02  -8.6 1.07e-07  -3.9 6.00e-01 1.00e+00h  1
 134  1.3332339e+05 5.89e-08 2.93e+02  -8.6 8.55e-08  -3.4 7.16e-01 1.00e+00h  1
 135  1.3332339e+05 2.84e-08 2.58e+02  -8.6 5.75e-03    -  9.06e-01 5.00e-01h  2
 136  1.3332339e+05 2.43e-08 2.89e-10  -8.6 3.02e-08  -3.9 1.00e+00 1.00e+00h  1
 137  1.3332339e+05 2.43e-08 2.26e+01  -9.1 1.75e-06  -3.5 9.45e-01 1.00e+00h  1
 138  1.3332339e+05 2.43e-08 5.12e+02  -9.2 9.06e-08  -4.0 1.31e-01 1.00e+00h  1
 139  1.3332339e+05 2.43e-08 5.47e+02  -9.2 3.48e-08  -3.5 4.93e-01 1.00e+00h  1
iter    objective    inf_pr   inf_du lg(mu)  ||d||  lg(rg) alpha_du alpha_pr  ls
 140  1.3332339e+05 2.43e-08 1.46e+02  -9.2 3.64e-08  -3.1 8.69e-01 1.00e+00h  1
 141  1.3332339e+05 2.43e-08 4.95e+02  -9.2 3.56e-08  -3.6 3.05e-01 1.00e+00h  1
 142  1.3332339e+05 2.43e-08 4.82e+02  -9.2 2.79e-08  -3.2 5.46e-01 1.00e+00h  1
 143  1.3332339e+05 2.46e-08 3.52e+02  -9.2 4.01e-08  -3.6 6.49e-01 1.00e+00h  1
 144  1.3332339e+05 2.43e-08 4.82e+02  -9.2 2.50e-08  -3.2 4.64e-01 1.00e+00h  1
 145  1.3332339e+05 2.42e-08 8.48e+02  -9.2 3.48e-08  -3.7 1.74e-01 1.00e+00h  1
 146  1.3332339e+05 4.37e-08 8.72e+02  -9.2 7.82e-03    -  3.03e-01 1.00e+00h  1
 147  1.3332339e+05 2.96e-08 2.78e+02  -9.2 4.36e-08  -3.3 7.96e-01 1.00e+00h  1
 148  1.3332339e+05 2.01e-08 2.54e+01  -9.2 2.93e-08  -3.7 9.67e-01 1.00e+00h  1
 149  1.3332339e+05 2.01e-08 4.12e+02  -9.2 4.76e-09  -3.3 2.01e-01 1.00e+00h  1
iter    objective    inf_pr   inf_du lg(mu)  ||d||  lg(rg) alpha_du alpha_pr  ls
 150  1.3332339e+05 2.01e-08 8.16e+02  -9.2 3.47e-08  -3.8 9.50e-02 1.00e+00h  1
 151  1.3332339e+05 2.74e-08 3.85e+02  -9.2 4.26e-08  -3.4 7.06e-01 1.00e+00h  1
In iteration 151, 1 Slack too small, adjusting variable bound
 152  1.3332339e+05 2.19e-08 2.60e+02  -9.2 5.56e-07  -3.8 8.53e-01 2.08e-01h  1
 153  1.3332339e+05 2.01e-08 3.17e+02  -9.2 2.67e-08  -3.4 2.14e-01 1.00e+00h  1
In iteration 153, 1 Slack too small, adjusting variable bound
 154  1.3332339e+05 2.01e-08 1.97e+02  -9.2 5.93e-08  -3.0 3.81e-01 3.79e-01h  1
 155  1.3332339e+05 2.01e-08 3.00e+02  -9.2 2.31e-08  -3.5 4.80e-01 1.00e+00h  1
In iteration 155, 1 Slack too small, adjusting variable bound
 156  1.3332339e+05 2.01e-08 6.16e+02  -9.2 2.06e-08  -4.0 2.31e-01 6.49e-01H  1
 157  1.3332339e+05 3.63e-08 8.73e+02  -9.2 1.74e-02    -  1.80e-01 1.00e+00h  1
 158  1.3332339e+05 2.56e-08 1.96e+02  -9.2 3.89e-08  -3.5 8.53e-01 1.00e+00h  1
 159  1.3332339e+05 2.01e-08 7.20e+01  -9.2 2.61e-08  -4.0 8.91e-01 1.00e+00h  1
iter    objective    inf_pr   inf_du lg(mu)  ||d||  lg(rg) alpha_du alpha_pr  ls
 160  1.3332339e+05 2.01e-08 3.57e+02  -9.2 8.43e-09  -3.6 3.31e-01 1.00e+00h  1
 161  1.3332339e+05 2.01e-08 4.24e+02  -9.2 3.53e-08  -4.1 4.61e-01 1.00e+00h  1
 162  1.3332339e+05 2.01e-08 1.17e+02  -9.2 2.08e-08  -3.6 8.66e-01 1.00e+00h  1
 163  1.3332339e+05 2.01e-08 3.57e+02  -9.2 2.70e-08  -3.2 3.64e-01 1.00e+00h  1
 164  1.3332339e+05 2.93e-08 5.07e+02  -9.2 4.46e-02    -  3.67e-01 1.00e+00h  1
 165  1.3332339e+05 2.00e-08 2.84e+02  -9.2 3.17e-08  -3.7 7.02e-01 1.00e+00h  1
 166  1.3332339e+05 2.00e-08 3.47e+02  -9.2 3.29e-08  -4.2 5.23e-01 1.00e+00h  1
 167  1.3332339e+05 2.53e-08 3.91e+02  -9.2 1.16e-07  -4.6 3.40e-01 1.00e+00h  1
 168  1.3332339e+05 2.05e-08 2.09e+01  -9.2 3.14e-08  -3.3 9.71e-01 1.00e+00h  1
 169  1.3332339e+05 1.56e-08 6.55e+01  -9.2 1.91e-08  -3.8 8.17e-01 1.00e+00h  1
iter    objective    inf_pr   inf_du lg(mu)  ||d||  lg(rg) alpha_du alpha_pr  ls
 170  1.3332339e+05 1.56e-08 2.56e-10  -9.2 4.85e-09  -3.4 1.00e+00 1.00e+00h  1
In iteration 170, 2 Slacks too small, adjusting variable bounds
 171  1.3332339e+05 1.56e-08 2.23e+02 -11.0 6.66e-07  -3.8 3.05e-01 9.70e-01h  1
 172  1.3332339e+05 1.56e-08 9.99e-11  -9.6 2.54e-07  -3.4 1.00e+00 1.00e+00h  1
 173  1.3332339e+05 1.56e-08 2.37e-10 -10.2 2.26e-07  -3.0 1.00e+00 1.00e+00h  1
In iteration 173, 19 Slacks too small, adjusting variable bounds
 174  1.3332339e+05 1.56e-08 7.99e+01 -11.0 4.93e-08  -3.5 8.65e-01 1.00e+00h  1
In iteration 174, 19 Slacks too small, adjusting variable bounds
 175  1.3332339e+05 1.56e-08 6.35e+02 -10.9 7.30e-01    -  3.10e-01 1.00e+00h  1
In iteration 175, 7 Slacks too small, adjusting variable bounds
 176  1.3332339e+05 1.56e-08 9.21e+02 -10.9 1.75e+00    -  3.76e-01 1.00e+00h  1
In iteration 176, 7 Slacks too small, adjusting variable bounds
 177  1.3332339e+05 1.86e-08 7.70e+02 -10.9 2.26e+00    -  4.72e-01 1.00e+00h  1
In iteration 177, 7 Slacks too small, adjusting variable bounds
 178  1.3332339e+05 1.43e-08 1.31e+03 -10.9 1.26e+00    -  1.06e-01 1.00e+00h  1
In iteration 178, 7 Slacks too small, adjusting variable bounds
 179  1.3332339e+05 2.66e-08 1.35e+03 -10.9 7.96e-01    -  2.85e-01 1.00e+00h  1
In iteration 179, 7 Slacks too small, adjusting variable bounds
iter    objective    inf_pr   inf_du lg(mu)  ||d||  lg(rg) alpha_du alpha_pr  ls
 180  1.3332339e+05 2.02e-08 5.42e+02 -10.9 8.00e+00    -  7.29e-01 1.00e+00h  1
In iteration 180, 7 Slacks too small, adjusting variable bounds
 181  1.3332339e+05 1.75e-08 1.32e+02 -10.9 5.54e+00    -  8.89e-01 1.00e+00h  1
In iteration 181, 7 Slacks too small, adjusting variable bounds
 182  1.3332339e+05 1.06e-08 4.27e+01 -10.9 2.43e+00    -  9.46e-01 1.00e+00h  1
In iteration 182, 7 Slacks too small, adjusting variable bounds
 183  1.3332339e+05 1.06e-08 1.12e+03 -10.9 1.12e+00    -  1.68e-01 1.00e+00H  1
In iteration 183, 7 Slacks too small, adjusting variable bounds
 184  1.3332339e+05 2.13e-08 1.13e+03 -10.9 8.39e-01    -  3.39e-01 1.00e+00h  1
In iteration 184, 7 Slacks too small, adjusting variable bounds
 185  1.3332339e+05 1.65e-08 1.69e+03 -10.9 1.00e+00    -  4.20e-02 1.00e+00h  1
In iteration 185, 7 Slacks too small, adjusting variable bounds
 186  1.3332339e+05 2.93e-08 1.23e+03 -10.9 6.83e-01    -  4.52e-01 1.00e+00h  1
In iteration 186, 7 Slacks too small, adjusting variable bounds
 187  1.3332339e+05 2.56e-08 2.50e+02 -10.9 9.87e-01    -  8.51e-01 1.00e+00h  1
In iteration 187, 7 Slacks too small, adjusting variable bounds
 188  1.3332339e+05 9.59e-09 8.16e+01 -10.9 5.71e-01    -  8.99e-01 1.00e+00h  1
In iteration 188, 7 Slacks too small, adjusting variable bounds
 189  1.3332339e+05 9.59e-09 7.65e+01 -10.9 6.53e-01    -  9.36e-01 1.00e+00H  1
In iteration 189, 7 Slacks too small, adjusting variable bounds
iter    objective    inf_pr   inf_du lg(mu)  ||d||  lg(rg) alpha_du alpha_pr  ls
 190  1.3332339e+05 9.59e-09 5.42e+02 -10.9 1.33e+00    -  1.45e-01 1.00e+00h  1
In iteration 190, 6 Slacks too small, adjusting variable bounds
 191  1.3332339e+05 9.59e-09 2.07e-10 -10.9 2.06e+00    -  1.00e+00 1.00e+00h  1
In iteration 191, 6 Slacks too small, adjusting variable bounds
 192  1.3332339e+05 9.59e-09 5.42e+02 -11.0 1.35e+00    -  1.00e+00 9.77e-04h 11
In iteration 192, 6 Slacks too small, adjusting variable bounds
 193  1.3332339e+05 9.59e-09 4.48e+02 -10.5 6.76e+00    -  1.00e+00 1.94e-03h 10
In iteration 193, 1 Slack too small, adjusting variable bound
 194  1.3332339e+05 9.59e-09 4.49e+02 -10.5 2.07e+00    -  1.00e+00 4.88e-04h 12
In iteration 194, 1 Slack too small, adjusting variable bound
 195  1.3332339e+05 9.59e-09 4.49e+02 -10.5 2.05e+00    -  1.00e+00 3.05e-05h 16
In iteration 195, 1 Slack too small, adjusting variable bound
 196  1.3332339e+05 9.59e-09 4.49e+02 -10.5 2.04e+00    -  1.00e+00 6.10e-05h 15
 197  1.3332339e+05 9.59e-09 1.09e-10 -10.5 1.66e-08  -3.0 1.00e+00 1.00e+00s 22

Number of Iterations....: 197

                                   (scaled)                 (unscaled)
Objective...............:   9.0069298104289279e+04    1.3332339321172010e+05
Dual infeasibility......:   1.0853027097371042e-10    1.6064990287421208e-10
Constraint violation....:   9.5910547837085858e-09    9.5910547837085858e-09
Variable bound violation:   9.2032905740779825e-09    9.2032905740779825e-09
Complementarity.........:   6.4939839222697361e-09    9.6125981905273137e-09
Overall NLP error.......:   9.5910547837085858e-09    9.6125981905273137e-09


Number of objective function evaluations             = 524
Number of objective gradient evaluations             = 198
Number of equality constraint evaluations            = 524
Number of inequality constraint evaluations          = 524
Number of equality constraint Jacobian evaluations   = 1
Number of inequality constraint Jacobian evaluations = 1
Number of Lagrangian Hessian evaluations             = 197
Total seconds in IPOPT                               = 17.247

EXIT: Optimal Solution Found.
--- Reading solution for model calib_step2_cps
--- GDX Point h:\windc\github\windc_build\household\calib_step2_cps_p.gdx
--- Executing after solve: elapsed 0:00:20.060
--- hhcalib.gms(995) 226 Mb
--- hhcalib.gms(1173) 226 Mb
--- GDXin=h:\windc\github\windc_build\household\gdx\calib_step3_cps_p.gdx
--- GDX File (execute_load) h:\windc\github\windc_build\household\gdx\calib_step3_cps_p.gdx
--- hhcalib.gms(1177) 226 Mb
--- Generating NLP model calib_step3_cps
--- hhcalib.gms(1179) 229 Mb
---   3,826 rows  18,106 columns  50,695 non-zeroes
---   113,477 nl-code  18,105 nl-non-zeroes
--- Range statistics (absolute non-zero finite values)
--- RHS       [min, max] : [ 1.556E-04, 4.348E+02] - Zero values observed as well
--- Bound     [min, max] : [ 1.000E-05, 1.000E-05] - Zero values observed as well
--- Matrix    [min, max] : [ 4.835E-05, 3.216E+04] - Zero values observed as well
--- hhcalib.gms(1179) 226 Mb
--- Executing IPOPT (Solvelink=2): elapsed 0:00:20.622

COIN-OR Ipopt    42.5.0 cf11b917 Mar 30, 2023          WEI x86 64bit/MS Window

COIN-OR Interior Point Optimizer (Ipopt Library 3.14.10)
written by A. Waechter.

******************************************************************************
This program contains Ipopt, a library for large-scale nonlinear optimization.
 Ipopt is released as open source code under the Eclipse Public License (EPL).
         For more information visit https://github.com/coin-or/Ipopt
******************************************************************************

This is Ipopt version 3.14.10, running with linear solver MUMPS 5.5.1.

Number of nonzeros in equality constraint Jacobian...:    26622
Number of nonzeros in inequality constraint Jacobian.:        0
Number of nonzeros in Lagrangian Hessian.............:    14790

Total number of variables............................:    14790
                     variables with only lower bounds:    14790
                variables with lower and upper bounds:        0
                     variables with only upper bounds:        0
Total number of equality constraints.................:     3825
Total number of inequality constraints...............:        0
        inequality constraints with only lower bounds:        0
   inequality constraints with lower and upper bounds:        0
        inequality constraints with only upper bounds:        0

iter    objective    inf_pr   inf_du lg(mu)  ||d||  lg(rg) alpha_du alpha_pr  ls
   0  3.3276656e+04 1.19e-01 1.31e+00   0.0 0.00e+00    -  0.00e+00 0.00e+00   0
   1  3.5100095e+04 1.10e-02 2.78e+01  -6.0 1.09e-02    -  9.89e-01 9.08e-01h  1
   2  3.5615381e+04 2.55e-03 1.26e+02  -3.7 7.66e-02    -  9.84e-01 7.68e-01h  1
   3  3.5770677e+04 1.07e-03 2.00e+02  -3.7 4.36e-02    -  1.00e+00 5.79e-01h  1
   4  3.5901812e+04 1.90e-04 2.34e+02  -3.4 1.01e-01    -  1.00e+00 8.23e-01h  1
   5  3.5955971e+04 3.47e-05 6.56e+02  -2.9 3.83e-01    -  1.00e+00 8.17e-01h  1
   6  3.5936520e+04 3.80e-08 1.30e+02  -3.5 3.09e-01    -  1.00e+00 1.00e+00h  1
   7  3.5940872e+04 9.95e-09 7.62e+00  -3.3 9.20e-02    -  1.00e+00 1.00e+00f  1
   8  3.5937875e+04 4.66e-09 4.36e+00  -3.4 4.96e-02    -  1.00e+00 1.00e+00f  1
   9  3.5937840e+04 1.86e-10 1.51e-04  -3.4 8.24e-04    -  1.00e+00 1.00e+00h  1
iter    objective    inf_pr   inf_du lg(mu)  ||d||  lg(rg) alpha_du alpha_pr  ls
  10  3.5932272e+04 3.00e-08 2.90e+00  -9.4 1.96e-01    -  8.60e-01 1.00e+00f  1
  11  3.5932247e+04 1.68e-12 6.26e-06  -5.9 1.35e-02    -  1.00e+00 1.00e+00h  1
  12  3.5932247e+04 2.10e-11 6.98e-05 -11.0 7.28e-04    -  9.99e-01 1.00e+00h  1
  13  3.5932247e+04 1.42e-13 1.84e-12 -11.0 3.89e-07    -  1.00e+00 1.00e+00h  1

Number of Iterations....: 13

                                   (scaled)                 (unscaled)
Objective...............:   1.1172963804890537e+02    3.5932247073179387e+04
Dual infeasibility......:   1.8371228204059481e-12    5.9081862466705992e-10
Constraint violation....:   1.4210854715202004e-13    1.4210854715202004e-13
Variable bound violation:   0.0000000000000000e+00    0.0000000000000000e+00
Complementarity.........:   1.0000268159317038e-11    3.2160858351778136e-09
Overall NLP error.......:   1.0000268159317038e-11    3.2160858351778136e-09


Number of objective function evaluations             = 14
Number of objective gradient evaluations             = 14
Number of equality constraint evaluations            = 14
Number of inequality constraint evaluations          = 0
Number of equality constraint Jacobian evaluations   = 1
Number of inequality constraint Jacobian evaluations = 0
Number of Lagrangian Hessian evaluations             = 13
Total seconds in IPOPT                               = 0.945

EXIT: Optimal Solution Found.
--- Reading solution for model calib_step3_cps
--- GDX Point h:\windc\github\windc_build\household\calib_step3_cps_p.gdx
--- Executing after solve: elapsed 0:00:22.006
--- hhcalib.gms(1188) 226 Mb
--- hhcalib.gms(1236) 226 Mb
--- GDX File (execute_unload) h:\windc\github\windc_build\household\gdx\calibrated_hhdata_cps_dynamic_2017.gdx
--- hhcalib.gms(1240) 226 Mb
--- GDX File (execute_unload) h:\windc\github\windc_build\household\gdx\capital_taxrate_2017.gdx
*** Status: Normal completion
--- Job hhcalib.gms Stop 06/08/23 15:54:21 elapsed 0:00:22.408
