--- Job hhcalib Start 06/08/23 15:52:55 42.5.0 cf11b917 WEX-WEI x86 64bit/MS Windows
--- Applying:
    C:\GAMS\42\gmsprmNT.txt
--- GAMS Parameters defined
    Input h:\windc\github\windc_build\household\hhcalib.gms
    Output h:\windc\github\windc_build\household\lst\hhcalib_2015_soi_dynamic.lst
    ScrDir h:\windc\github\windc_build\household\225b\
    SysDir C:\GAMS\42\
    LogOption 4
    LogFile h:\windc\github\windc_build\household\lst\hhcalib_2015_soi_dynamic.log
    --year 2015
    --hhdata soi
    --invest dynamic
    --puttitle no
Licensee: Small MUD - 5 User License                     G230511|0002AO-GEN
          University of Wisconsin-Madison, Agricultural & Applied EconDC289
          C:\Users\Thomas F. Rutherford\Documents\GAMS\gamslice.txt
          License Admin: Thomas F. Rutherford, rutherford@aae.wisc.edu     
Processor information: 1 socket(s), 12 core(s), and 24 thread(s) available
GAMS 42.5.0   Copyright (C) 1987-2023 GAMS Development. All rights reserved
--- Starting compilation
--- hhcalib.gms(63) 2 Mb
--- . windc_coredata.gms(17) 2 Mb
--- GDXin=h:\windc\github\windc_build\core\WiNDCdatabase.gdx
--- GDX File ($gdxIn) h:\windc\github\windc_build\core\WiNDCdatabase.gdx
--- . windc_coredata.gms(209) 202 Mb
--- hhcalib.gms(89) 202 Mb
--- GDXin=h:\windc\github\windc_build\household\gdx\capital_tax_rates.gdx
--- GDX File ($gdxIn) h:\windc\github\windc_build\household\gdx\capital_tax_rates.gdx
--- hhcalib.gms(121) 202 Mb
--- GDXin=h:\windc\github\windc_build\household\gdx\soi_data_2015.gdx
--- GDX File ($gdxIn) h:\windc\github\windc_build\household\gdx\soi_data_2015.gdx
--- hhcalib.gms(130) 202 Mb
--- GDXin=h:\windc\github\windc_build\household\gdx\cps_data_2015.gdx
--- GDX File ($gdxIn) h:\windc\github\windc_build\household\gdx\cps_data_2015.gdx
--- hhcalib.gms(333) 202 Mb
--- . hh_calib_aggregate_regions.map(68) 202 Mb
--- hhcalib.gms(840) 202 Mb
--- call csv2gdx data_sources\cex\national_income_elasticities_CEX_2013_2017.csv output=gdx\national_income_elasticities_CEX_2013_2017.gdx id=regres index=1 useHeader=y value=2,3,4
--- hhcalib.gms(841) 202 Mb
--- GDXin=h:\windc\github\windc_build\household\gdx\national_income_elasticities_CEX_2013_2017.gdx
--- GDX File ($gdxIn) h:\windc\github\windc_build\household\gdx\national_income_elasticities_CEX_2013_2017.gdx
--- hhcalib.gms(847) 202 Mb
--- call csv2gdx data_sources\cex\windc_pce_map.csv output=gdx\windc_pce_map.gdx id=pcebridge index=1,2 useHeader=y value=3,4,5
--- hhcalib.gms(848) 202 Mb
--- GDXin=h:\windc\github\windc_build\household\gdx\windc_pce_map.gdx
--- GDX File ($gdxIn) h:\windc\github\windc_build\household\gdx\windc_pce_map.gdx
--- hhcalib.gms(963) 202 Mb
--- Starting execution: elapsed 0:00:00.570
--- hhcalib.gms(271) 221 Mb
--- GDX File (execute_unload) h:\windc\github\windc_build\household\225b\totgdp.gdx
--- hhcalib.gms(272) 221 Mb
--- hhcalib.gms(517) 221 Mb
--- Generating QCP model partial_ss
--- hhcalib.gms(518) 223 Mb
---   52 rows  3,622 columns  5,392 non-zeroes
---   8,853 nl-code  1,770 nl-non-zeroes
--- Range statistics (absolute non-zero finite values)
--- RHS       [min, max] : [ 6.823E+00, 7.041E+02] - Zero values observed as well
--- Bound     [min, max] : [ 4.472E-06, 5.644E+01] - Zero values observed as well
--- Matrix    [min, max] : [ 1.000E+00, 1.000E+00] - Zero values observed as well
--- hhcalib.gms(518) 221 Mb
--- Executing CPLEX (Solvelink=2): elapsed 0:00:01.778

IBM ILOG CPLEX   42.5.0 cf11b917 Mar 30, 2023          WEI x86 64bit/MS Window

--- GAMS/Cplex licensed for continuous and discrete problems.
--- GMO Q Extraction (ThreePass): 0.00s
--- GMO setup time: 0.00s
--- Space for names approximately 0.07 Mb
--- Use option 'names no' to turn use of names off
--- GMO memory 1.21 Mb (peak 1.26 Mb)
--- Dictionary memory 0.00 Mb
--- Cplex 22.1.1.0 link memory 0.07 Mb (peak 0.25 Mb)
--- Starting Cplex

Version identifier: 22.1.1.0 | 2022-11-27 | 9160aff4d
CPXPARAM_Advance                                 0
CPXPARAM_Threads                                 1
CPXPARAM_MIP_Display                             4
CPXPARAM_MIP_Pool_Capacity                       0
CPXPARAM_MIP_Tolerances_AbsMIPGap                0
Tried aggregator 1 time.
QP Presolve eliminated 0 rows and 1852 columns.
Reduced QP has 51 rows, 1770 columns, and 1770 nonzeros.
Reduced QP objective Q matrix has 1770 nonzeros.
Presolve time = 0.02 sec. (0.76 ticks)
Parallel mode: none, using 1 thread for barrier
Number of nonzeros in lower triangle of A*A' = 0
Using Approximate Minimum Degree ordering
Total time for automatic ordering = 0.00 sec. (0.01 ticks)
Summary statistics for Cholesky factor:
  Rows in Factor            = 51
  Integer space required    = 51
  Total non-zeros in factor = 51
  Total FP ops to factor    = 51
 Itn      Primal Obj        Dual Obj  Prim Inf Upper Inf  Dual Inf          
   0   1.2585589e+06  -1.2588746e+06  4.40e+02  0.00e+00  2.00e+06
   1   3.2011557e+05  -3.2611830e+05  2.22e+02  0.00e+00  1.01e+06
   2   1.9292314e+03  -1.4292882e+03  1.09e+01  0.00e+00  4.93e+04
   3   1.0358163e+03   5.0718398e+02  1.42e+00  0.00e+00  6.46e+03
   4   9.8996170e+02   7.4506177e+02  6.98e-01  0.00e+00  3.17e+03
   5   9.7532335e+02   8.4929843e+02  3.74e-01  0.00e+00  1.70e+03
   6   9.6657613e+02   9.6131584e+02  8.99e-03  0.00e+00  4.09e+01
   7   9.6635086e+02   9.6622599e+02  7.88e-05  0.00e+00  3.58e-01
   8   9.6634615e+02   9.6634370e+02  4.23e-07  0.00e+00  1.92e-03
   9   9.6634606e+02   9.6634602e+02  2.09e-09  0.00e+00  9.52e-06
  10   9.6634606e+02   9.6634606e+02  1.10e-11  0.00e+00  4.74e-08
Barrier time = 0.02 sec. (3.56 ticks)

Total time on 1 threads = 0.02 sec. (3.56 ticks)

--- QP status (1): optimal.
--- Cplex Time: 0.02sec (det. 3.56 ticks)


Optimal solution found
Objective:          966.346063

--- Reading solution for model partial_ss
--- Executing after solve: elapsed 0:00:01.887
--- hhcalib.gms(523) 221 Mb
--- GDX File (execute_unload) h:\windc\github\windc_build\household\gdx\i0_2015.gdx
--- hhcalib.gms(784) 221 Mb
--- Generating NLP model calib_step1_soi
--- hhcalib.gms(787) 223 Mb
---   99 rows  147 columns  447 non-zeroes
---   562 nl-code  105 nl-non-zeroes
--- Range statistics (absolute non-zero finite values)
--- RHS       [min, max] : [ 1.057E+02, 5.720E+03] - Zero values observed as well
--- Bound     [min, max] : [ 1.000E-02, 6.748E+02] - Zero values observed as well
--- Matrix    [min, max] : [ 8.769E-04, 1.000E+00] - Zero values observed as well
--- hhcalib.gms(787) 221 Mb
--- Executing IPOPT (Solvelink=2): elapsed 0:00:01.935

COIN-OR Ipopt    42.5.0 cf11b917 Mar 30, 2023          WEI x86 64bit/MS Window

COIN-OR Interior Point Optimizer (Ipopt Library 3.14.10)
written by A. Waechter.

******************************************************************************
This program contains Ipopt, a library for large-scale nonlinear optimization.
 Ipopt is released as open source code under the Eclipse Public License (EPL).
         For more information visit https://github.com/coin-or/Ipopt
******************************************************************************

This is Ipopt version 3.14.10, running with linear solver MUMPS 5.5.1.

Number of nonzeros in equality constraint Jacobian...:      301
Number of nonzeros in inequality constraint Jacobian.:       40
Number of nonzeros in Lagrangian Hessian.............:      205

Total number of variables............................:      146
                     variables with only lower bounds:       90
                variables with lower and upper bounds:       36
                     variables with only upper bounds:        0
Total number of equality constraints.................:       90
Total number of inequality constraints...............:        8
        inequality constraints with only lower bounds:        4
   inequality constraints with lower and upper bounds:        0
        inequality constraints with only upper bounds:        4

iter    objective    inf_pr   inf_du lg(mu)  ||d||  lg(rg) alpha_du alpha_pr  ls
   0  1.6161988e+00 4.64e+03 9.57e+02   0.0 0.00e+00    -  0.00e+00 0.00e+00   0
WARNING: Problem in step computation; switching to emergency mode.
   1r 1.6161988e+00 4.64e+03 9.99e+02   3.7 0.00e+00  20.0 0.00e+00 0.00e+00R  1
WARNING: Problem in step computation; switching to emergency mode.
Cannot call restoration phase at point that is almost feasible for the restoration NLP (violation 0.000000e+00).
Abort in line search due to no other fall back.
Step computation in the restoration phase failed.

Number of Iterations....: 1

                                   (scaled)                 (unscaled)
Objective...............:   1.6161988195794663e+00    1.6161988195794663e+00
Dual infeasibility......:   9.5677922758002592e+02    9.5677922758002592e+02
Constraint violation....:   4.6430244358449363e+03    4.6430244358449363e+03
Variable bound violation:   0.0000000000000000e+00    0.0000000000000000e+00
Complementarity.........:   5.7022140029935747e+02    5.7022140029935747e+02
Overall NLP error.......:   4.6430244358449363e+03    4.6430244358449363e+03


Number of objective function evaluations             = 2
Number of objective gradient evaluations             = 2
Number of equality constraint evaluations            = 2
Number of inequality constraint evaluations          = 2
Number of equality constraint Jacobian evaluations   = 1
Number of inequality constraint Jacobian evaluations = 1
Number of Lagrangian Hessian evaluations             = 2
Total seconds in IPOPT                               = 0.018

EXIT: Restoration Failed!
--- Reading solution for model calib_step1_soi
--- Executing after solve: elapsed 0:00:02.008
--- hhcalib.gms(789) 221 Mb
--- Generating NLP model calib_step1_soi
--- hhcalib.gms(791) 223 Mb
---   99 rows  147 columns  447 non-zeroes
---   562 nl-code  105 nl-non-zeroes
--- Range statistics (absolute non-zero finite values)
--- RHS       [min, max] : [ 1.057E+02, 5.720E+03] - Zero values observed as well
--- Bound     [min, max] : [ 1.000E-02, 6.748E+02] - Zero values observed as well
--- Matrix    [min, max] : [ 8.769E-04, 9.578E+02] - Zero values observed as well
--- hhcalib.gms(791) 221 Mb
--- Executing CONOPT (Solvelink=2): elapsed 0:00:02.039

CONOPT 3         42.5.0 cf11b917 Mar 30, 2023          WEI x86 64bit/MS Window

 
 
    C O N O P T 3   version 3.17N
    Copyright (C)   ARKI Consulting and Development A/S
                    Bagsvaerdvej 246 A
                    DK-2880 Bagsvaerd, Denmark
 
 
   Iter Phase Ninf   Infeasibility   RGmax    NSB   Step InItr MX OK
      0   0        1.5493048859E+04 (Input point)
 
                   Pre-triangular equations:   44
                   Post-triangular equations:  21
                   Definitional equations:     12
 
      1   0        1.0988613601E+04 (After pre-processing)
      2   0        9.4112507145E+00 (After scaling)
 
 ** Feasible solution. Value of objective =    22075854.8990
 
   Iter Phase Ninf     Objective     RGmax    NSB   Step InItr MX OK
     11   3        1.7048957527E+07 3.5E+06    46 2.1E-01    9 F  T
     21   4        6.5602476114E+06 7.5E+05    38 1.0E+00    3 T  T
     26   4        7.0437658302E+05 1.5E+04    25 1.0E+00   13 T  T
     31   4        6.9936605936E+05 1.1E+01    22 1.0E+00    4 T  T
     34   4        6.9936605936E+05 6.4E-10    21
 
 ** Optimal solution. Reduced gradient less than tolerance.
 
--- Reading solution for model calib_step1_soi
--- Executing after solve: elapsed 0:00:02.097
--- hhcalib.gms(978) 221 Mb
--- GDXin=h:\windc\github\windc_build\household\gdx\calib_step2_soi_p.gdx
--- GDX File (execute_load) h:\windc\github\windc_build\household\gdx\calib_step2_soi_p.gdx
--- hhcalib.gms(984) 221 Mb
--- Generating NLP model calib_step2_soi
--- hhcalib.gms(986) 227 Mb
---   1,327 rows  14,542 columns  83,392 non-zeroes
---   19,892 nl-code  14,030 nl-non-zeroes
--- Range statistics (absolute non-zero finite values)
--- RHS       [min, max] : [ 2.412E-01, 5.720E+03] - Zero values observed as well
--- Bound     [min, max] : [ 1.855E-03, 4.647E+02] - Zero values observed as well
--- Matrix    [min, max] : [ 4.223E-08, 1.826E+02]
--- hhcalib.gms(986) 225 Mb
--- Executing IPOPT (Solvelink=2): elapsed 0:00:02.445

COIN-OR Ipopt    42.5.0 cf11b917 Mar 30, 2023          WEI x86 64bit/MS Window

COIN-OR Interior Point Optimizer (Ipopt Library 3.14.10)
written by A. Waechter.

******************************************************************************
This program contains Ipopt, a library for large-scale nonlinear optimization.
 Ipopt is released as open source code under the Eclipse Public License (EPL).
         For more information visit https://github.com/coin-or/Ipopt
******************************************************************************

This is Ipopt version 3.14.10, running with linear solver MUMPS 5.5.1.

Number of nonzeros in equality constraint Jacobian...:    17486
Number of nonzeros in inequality constraint Jacobian.:     3925
Number of nonzeros in Lagrangian Hessian.............:    31085

Total number of variables............................:     4951
                     variables with only lower bounds:     3982
                variables with lower and upper bounds:      714
                     variables with only upper bounds:        0
Total number of equality constraints.................:      969
Total number of inequality constraints...............:      357
        inequality constraints with only lower bounds:       51
   inequality constraints with lower and upper bounds:        0
        inequality constraints with only upper bounds:      306

iter    objective    inf_pr   inf_du lg(mu)  ||d||  lg(rg) alpha_du alpha_pr  ls
   0  1.1044076e+05 1.37e+03 1.00e+02   0.0 0.00e+00    -  0.00e+00 0.00e+00   0
   1  1.1043672e+05 1.37e+03 1.49e+02  -0.4 1.37e+03    -  1.64e-02 1.55e-04f  1
   2  1.1006648e+05 1.35e+03 2.68e+02  -0.3 1.37e+03    -  2.43e-02 1.42e-02f  1
   3  1.0971333e+05 1.33e+03 4.23e+03   0.3 1.35e+03    -  9.89e-02 1.72e-02f  1
   4  1.0894188e+05 1.23e+03 1.25e+04   0.6 1.33e+03    -  1.77e-01 7.31e-02f  1
   5  1.0891232e+05 1.07e+03 1.04e+05   0.8 1.23e+03    -  1.00e+00 1.35e-01h  1
   6  1.0997615e+05 6.75e+02 6.85e+04   1.1 1.07e+03    -  1.00e+00 3.66e-01h  1
   7  1.1039895e+05 3.01e+02 2.16e+04   0.6 6.75e+02    -  1.00e+00 5.54e-01h  1
   8  1.1038774e+05 8.70e+01 5.58e+03   0.2 3.01e+02    -  1.00e+00 7.11e-01h  1
   9  1.1031017e+05 1.03e+01 7.05e+02  -0.4 8.70e+01    -  1.00e+00 8.82e-01h  1
iter    objective    inf_pr   inf_du lg(mu)  ||d||  lg(rg) alpha_du alpha_pr  ls
  10  1.1029851e+05 4.49e+00 1.90e+03  -0.7 1.03e+01    -  1.00e+00 5.64e-01h  1
  11  1.1028663e+05 1.38e+00 1.12e+03  -1.3 4.48e+00    -  1.00e+00 6.93e-01h  1
  12  1.1028056e+05 1.35e-01 3.12e+02  -1.6 1.38e+00    -  1.00e+00 9.02e-01h  1
  13  1.1027889e+05 1.25e-02 1.14e+02  -2.6 1.35e-01    -  1.00e+00 9.08e-01h  1
  14  1.1027862e+05 1.53e-03 6.66e+01  -3.5 3.71e-02    -  1.00e+00 8.77e-01h  1
  15  1.1027857e+05 1.13e-05 3.79e-01  -4.9 1.39e-02    -  1.00e+00 9.93e-01h  1
  16  1.1027857e+05 6.09e-07 3.97e+00  -6.5 6.81e-04    -  1.00e+00 9.46e-01h  1
  17  1.1027856e+05 2.48e-08 7.32e-10  -7.0 7.31e-06  -4.0 1.00e+00 1.00e+00H  1
  18  1.1027856e+05 2.66e-08 1.07e-10 -11.0 5.21e-07  -4.5 1.00e+00 1.00e+00h  1
MUMPS returned INFO(1) = -9 and requires more memory, reallocating.  Attempt 1
  Increasing icntl[13] from 1000 to 2000.
  19  1.1027856e+05 2.66e-08 2.31e+03 -11.0 2.90e+00    -  1.51e-01 1.00e+00h  1
iter    objective    inf_pr   inf_du lg(mu)  ||d||  lg(rg) alpha_du alpha_pr  ls
  20  1.1027856e+05 2.66e-08 2.13e+03  -9.1 2.56e+02    -  7.51e-02 6.73e-02h  1
  21  1.1027856e+05 2.66e-08 1.94e+03  -9.1 4.74e+01  -3.1 7.41e-02 3.45e-02f  1
  22  1.1027856e+05 2.65e-08 2.53e+03  -9.1 6.09e-01  -3.6 1.05e-01 1.00e+00f  1
  23  1.1027856e+05 2.59e-08 2.05e+03  -5.0 3.48e-01  -3.2 1.00e+00 5.89e-03f  1
  24  1.1027857e+05 2.61e-08 8.66e+02  -5.2 1.03e-01  -3.7 6.01e-01 3.75e-01f  1
  25  1.1027857e+05 1.37e-06 6.64e+02  -5.2 7.74e+00    -  6.01e-01 8.72e-01f  1
  26  1.1027857e+05 1.18e-06 4.59e+02  -5.2 2.75e-01  -4.2 5.61e-01 1.20e-01f  1
  27  1.1027857e+05 1.30e-07 3.45e+01  -5.2 1.38e-01  -4.6 1.00e+00 8.89e-01f  1
  28  1.1027857e+05 1.21e-07 1.44e-10  -5.2 5.70e+00    -  1.00e+00 1.00e+00h  1
  29  1.1027856e+05 2.00e-08 5.56e-09  -7.8 3.34e-05  -3.8 1.00e+00 1.00e+00h  1
iter    objective    inf_pr   inf_du lg(mu)  ||d||  lg(rg) alpha_du alpha_pr  ls
  30  1.1027856e+05 2.54e-08 4.22e-11 -11.0 8.39e-08  -3.4 1.00e+00 1.00e+00h  1
  31  1.1027856e+05 2.54e-08 6.77e+02  -8.4 1.15e+03    -  3.23e-01 3.58e-02h  1
  32  1.1027856e+05 2.56e-08 5.32e+02  -8.7 1.22e+01  -3.8 1.17e-01 2.12e-01f  1
In iteration 32, 1 Slack too small, adjusting variable bound
  33  1.1027856e+05 2.63e-08 7.09e+01  -8.7 2.32e-01  -3.4 3.02e-01 7.51e-01f  1
  34  1.1027856e+05 2.64e-08 4.80e+02  -8.7 1.33e-03  -3.9 8.58e-02 1.00e+00h  1
  35  1.1027856e+05 2.62e-08 8.42e+02  -8.7 5.94e-04  -3.5 1.73e-01 1.00e+00h  1
  36  1.1027856e+05 2.52e-08 1.06e+03  -8.7 1.23e-03  -3.9 2.27e-01 1.00e+00h  1
  37  1.1027856e+05 4.90e-08 1.13e+03  -8.7 5.41e-04  -3.5 1.54e-01 1.00e+00h  1
  38  1.1027856e+05 8.54e-09 6.71e+02  -8.7 1.22e-03  -4.0 2.20e-01 1.00e+00H  1
  39  1.1027856e+05 1.07e-08 5.36e+02  -8.7 2.24e-03  -4.5 3.78e-01 1.00e+00h  1
iter    objective    inf_pr   inf_du lg(mu)  ||d||  lg(rg) alpha_du alpha_pr  ls
  40  1.1027856e+05 8.59e-09 4.68e+02  -8.7 1.08e-03  -4.0 3.57e-01 1.00e+00h  1
  41  1.1027856e+05 8.54e-09 7.30e+01  -8.7 2.35e-03  -4.5 8.89e-01 1.00e+00h  1
  42  1.1027856e+05 8.54e-09 1.87e+02  -8.7 9.99e-04  -4.1 2.94e-01 1.00e+00h  1
  43  1.1027856e+05 8.54e-09 3.75e+02  -8.7 3.64e-04  -3.7 1.34e-02 1.00e+00h  1
  44  1.1027856e+05 8.54e-09 2.49e+02  -8.7 1.35e-04  -3.2 5.62e-01 1.00e+00h  1
  45  1.1027856e+05 8.54e-09 4.04e+02  -8.7 3.92e-04  -3.7 8.47e-02 1.00e+00h  1
  46  1.1027856e+05 8.54e-09 4.65e+02  -8.7 1.07e-03  -4.2 2.21e-01 1.00e+00h  1
  47  1.1027856e+05 8.53e-09 6.25e+02  -8.7 3.92e-04  -3.8 4.92e-02 1.00e+00h  1
  48  1.1027856e+05 8.53e-09 7.08e+02  -8.7 1.07e-03  -4.2 1.33e-01 1.00e+00h  1
  49  1.1027856e+05 8.53e-09 6.42e+02  -8.7 3.94e-04  -3.8 2.88e-01 1.00e+00h  1
iter    objective    inf_pr   inf_du lg(mu)  ||d||  lg(rg) alpha_du alpha_pr  ls
  50  1.1027856e+05 8.53e-09 6.01e-08  -8.7 1.47e-04  -3.4 1.00e+00 1.00e+00H  1

Number of Iterations....: 50

                                   (scaled)                 (unscaled)
Objective...............:   6.0399981323064058e+04    1.1027856491690475e+05
Dual infeasibility......:   6.0107263109210418e-08    1.0974411864984120e-07
Constraint violation....:   8.5255038584364229e-09    8.5255038584364229e-09
Variable bound violation:   9.6360679435747443e-09    9.6360679435747443e-09
Complementarity.........:   3.1959760231508841e-08    5.8352277868558183e-08
Overall NLP error.......:   8.5255038584364229e-09    1.0974411864984120e-07


Number of objective function evaluations             = 57
Number of objective gradient evaluations             = 51
Number of equality constraint evaluations            = 57
Number of inequality constraint evaluations          = 57
Number of equality constraint Jacobian evaluations   = 1
Number of inequality constraint Jacobian evaluations = 1
Number of Lagrangian Hessian evaluations             = 50
Total seconds in IPOPT                               = 3.778

EXIT: Optimal Solution Found.
--- Reading solution for model calib_step2_soi
--- GDX Point h:\windc\github\windc_build\household\calib_step2_soi_p.gdx
--- Executing after solve: elapsed 0:00:06.618
--- hhcalib.gms(995) 225 Mb
--- hhcalib.gms(1173) 225 Mb
--- GDXin=h:\windc\github\windc_build\household\gdx\calib_step3_soi_p.gdx
--- GDX File (execute_load) h:\windc\github\windc_build\household\gdx\calib_step3_soi_p.gdx
--- hhcalib.gms(1177) 225 Mb
--- Generating NLP model calib_step3_soi
--- hhcalib.gms(1179) 228 Mb
---   3,826 rows  18,106 columns  50,695 non-zeroes
---   113,477 nl-code  18,105 nl-non-zeroes
--- Range statistics (absolute non-zero finite values)
--- RHS       [min, max] : [ 2.239E-04, 4.442E+02] - Zero values observed as well
--- Bound     [min, max] : [ 1.000E-05, 1.000E-05] - Zero values observed as well
--- Matrix    [min, max] : [ 5.776E-04, 2.233E+04] - Zero values observed as well
--- hhcalib.gms(1179) 226 Mb
--- Executing IPOPT (Solvelink=2): elapsed 0:00:07.185

COIN-OR Ipopt    42.5.0 cf11b917 Mar 30, 2023          WEI x86 64bit/MS Window

COIN-OR Interior Point Optimizer (Ipopt Library 3.14.10)
written by A. Waechter.

******************************************************************************
This program contains Ipopt, a library for large-scale nonlinear optimization.
 Ipopt is released as open source code under the Eclipse Public License (EPL).
         For more information visit https://github.com/coin-or/Ipopt
******************************************************************************

This is Ipopt version 3.14.10, running with linear solver MUMPS 5.5.1.

Number of nonzeros in equality constraint Jacobian...:    26622
Number of nonzeros in inequality constraint Jacobian.:        0
Number of nonzeros in Lagrangian Hessian.............:    14790

Total number of variables............................:    14790
                     variables with only lower bounds:    14790
                variables with lower and upper bounds:        0
                     variables with only upper bounds:        0
Total number of equality constraints.................:     3825
Total number of inequality constraints...............:        0
        inequality constraints with only lower bounds:        0
   inequality constraints with lower and upper bounds:        0
        inequality constraints with only upper bounds:        0

iter    objective    inf_pr   inf_du lg(mu)  ||d||  lg(rg) alpha_du alpha_pr  ls
   0  3.0436677e+04 1.11e-01 1.45e+00   0.0 0.00e+00    -  0.00e+00 0.00e+00   0
   1  3.2747084e+04 3.19e-03 3.99e+01  -6.1 1.02e-02    -  9.89e-01 9.71e-01h  1
   2  3.2979612e+04 9.35e-04 2.88e+02  -4.1 1.20e-02    -  9.89e-01 7.07e-01h  1
   3  3.3122833e+04 2.96e-08 2.31e+02  -4.0 1.26e-02    -  1.00e+00 1.00e+00h  1
   4  3.3119749e+04 4.75e-08 1.14e+02  -3.6 2.75e-02    -  1.00e+00 1.00e+00f  1
   5  3.3120805e+04 2.14e-08 2.20e+01  -3.3 6.21e-02    -  1.00e+00 1.00e+00f  1
   6  3.3119979e+04 4.03e-09 6.65e+00  -3.4 2.22e-02    -  1.00e+00 1.00e+00f  1
   7  3.3119971e+04 1.16e-09 8.64e-02  -3.4 1.86e-04    -  1.00e+00 1.00e+00h  1
   8  3.3119971e+04 6.72e-11 2.92e-04  -3.4 1.20e-07    -  1.00e+00 1.00e+00h  1
   9  3.3118644e+04 1.72e-08 7.01e-01  -9.4 8.65e-02    -  9.42e-01 1.00e+00f  1
iter    objective    inf_pr   inf_du lg(mu)  ||d||  lg(rg) alpha_du alpha_pr  ls
  10  3.3118640e+04 3.22e-13 6.20e-07  -6.3 2.74e-03    -  1.00e+00 1.00e+00h  1
  11  3.3118640e+04 4.07e-12 1.42e-06 -11.0 1.16e-04    -  1.00e+00 1.00e+00h  1
  12  3.3118640e+04 1.14e-13 4.19e-14 -11.0 6.63e-09    -  1.00e+00 1.00e+00h  1

Number of Iterations....: 12

                                   (scaled)                 (unscaled)
Objective...............:   1.4828166958144345e+02    3.3118639650458121e+04
Dual infeasibility......:   4.1919400732258754e-14    9.3626780109344475e-12
Constraint violation....:   1.1368683772161603e-13    1.1368683772161603e-13
Variable bound violation:   0.0000000000000000e+00    0.0000000000000000e+00
Complementarity.........:   1.0000000370112602e-11    2.2334952775825306e-09
Overall NLP error.......:   1.0000000370112602e-11    2.2334952775825306e-09


Number of objective function evaluations             = 13
Number of objective gradient evaluations             = 13
Number of equality constraint evaluations            = 13
Number of inequality constraint evaluations          = 0
Number of equality constraint Jacobian evaluations   = 1
Number of inequality constraint Jacobian evaluations = 0
Number of Lagrangian Hessian evaluations             = 12
Total seconds in IPOPT                               = 0.866

EXIT: Optimal Solution Found.
--- Reading solution for model calib_step3_soi
--- GDX Point h:\windc\github\windc_build\household\calib_step3_soi_p.gdx
--- Executing after solve: elapsed 0:00:08.481
--- hhcalib.gms(1188) 226 Mb
--- hhcalib.gms(1236) 226 Mb
--- GDX File (execute_unload) h:\windc\github\windc_build\household\gdx\calibrated_hhdata_soi_dynamic_2015.gdx
--- hhcalib.gms(1240) 226 Mb
--- GDX File (execute_unload) h:\windc\github\windc_build\household\gdx\capital_taxrate_2015.gdx
*** Status: Normal completion
--- Job hhcalib.gms Stop 06/08/23 15:53:04 elapsed 0:00:08.882
