--- Job hhcalib Start 06/08/23 15:52:48 42.5.0 cf11b917 WEX-WEI x86 64bit/MS Windows
--- Applying:
    C:\GAMS\42\gmsprmNT.txt
--- GAMS Parameters defined
    Input h:\windc\github\windc_build\household\hhcalib.gms
    Output h:\windc\github\windc_build\household\lst\hhcalib_2015_soi_static.lst
    ScrDir h:\windc\github\windc_build\household\225b\
    SysDir C:\GAMS\42\
    LogOption 4
    LogFile h:\windc\github\windc_build\household\lst\hhcalib_2015_soi_static.log
    --year 2015
    --hhdata soi
    --invest static
    --puttitle no
Licensee: Small MUD - 5 User License                     G230511|0002AO-GEN
          University of Wisconsin-Madison, Agricultural & Applied EconDC289
          C:\Users\Thomas F. Rutherford\Documents\GAMS\gamslice.txt
          License Admin: Thomas F. Rutherford, rutherford@aae.wisc.edu     
Processor information: 1 socket(s), 12 core(s), and 24 thread(s) available
GAMS 42.5.0   Copyright (C) 1987-2023 GAMS Development. All rights reserved
--- Starting compilation
--- hhcalib.gms(63) 2 Mb
--- . windc_coredata.gms(17) 2 Mb
--- GDXin=h:\windc\github\windc_build\core\WiNDCdatabase.gdx
--- GDX File ($gdxIn) h:\windc\github\windc_build\core\WiNDCdatabase.gdx
--- . windc_coredata.gms(209) 202 Mb
--- hhcalib.gms(89) 202 Mb
--- GDXin=h:\windc\github\windc_build\household\gdx\capital_tax_rates.gdx
--- GDX File ($gdxIn) h:\windc\github\windc_build\household\gdx\capital_tax_rates.gdx
--- hhcalib.gms(121) 202 Mb
--- GDXin=h:\windc\github\windc_build\household\gdx\soi_data_2015.gdx
--- GDX File ($gdxIn) h:\windc\github\windc_build\household\gdx\soi_data_2015.gdx
--- hhcalib.gms(130) 202 Mb
--- GDXin=h:\windc\github\windc_build\household\gdx\cps_data_2015.gdx
--- GDX File ($gdxIn) h:\windc\github\windc_build\household\gdx\cps_data_2015.gdx
--- hhcalib.gms(333) 202 Mb
--- . hh_calib_aggregate_regions.map(68) 202 Mb
--- hhcalib.gms(840) 202 Mb
--- call csv2gdx data_sources\cex\national_income_elasticities_CEX_2013_2017.csv output=gdx\national_income_elasticities_CEX_2013_2017.gdx id=regres index=1 useHeader=y value=2,3,4
--- hhcalib.gms(841) 202 Mb
--- GDXin=h:\windc\github\windc_build\household\gdx\national_income_elasticities_CEX_2013_2017.gdx
--- GDX File ($gdxIn) h:\windc\github\windc_build\household\gdx\national_income_elasticities_CEX_2013_2017.gdx
--- hhcalib.gms(847) 202 Mb
--- call csv2gdx data_sources\cex\windc_pce_map.csv output=gdx\windc_pce_map.gdx id=pcebridge index=1,2 useHeader=y value=3,4,5
--- hhcalib.gms(848) 202 Mb
--- GDXin=h:\windc\github\windc_build\household\gdx\windc_pce_map.gdx
--- GDX File ($gdxIn) h:\windc\github\windc_build\household\gdx\windc_pce_map.gdx
--- hhcalib.gms(963) 202 Mb
--- Starting execution: elapsed 0:00:00.584
--- hhcalib.gms(271) 221 Mb
--- GDX File (execute_unload) h:\windc\github\windc_build\household\225b\totgdp.gdx
--- hhcalib.gms(272) 221 Mb
--- hhcalib.gms(764) 221 Mb
--- Generating NLP model calib_step1_soi
--- hhcalib.gms(767) 223 Mb
---   99 rows  147 columns  447 non-zeroes
---   562 nl-code  105 nl-non-zeroes
--- Range statistics (absolute non-zero finite values)
--- RHS       [min, max] : [ 1.057E+02, 5.720E+03] - Zero values observed as well
--- Bound     [min, max] : [ 1.000E-02, 6.748E+02] - Zero values observed as well
--- Matrix    [min, max] : [ 8.769E-04, 1.000E+00] - Zero values observed as well
--- hhcalib.gms(767) 221 Mb
--- Executing IPOPT (Solvelink=2): elapsed 0:00:01.790

COIN-OR Ipopt    42.5.0 cf11b917 Mar 30, 2023          WEI x86 64bit/MS Window

COIN-OR Interior Point Optimizer (Ipopt Library 3.14.10)
written by A. Waechter.

******************************************************************************
This program contains Ipopt, a library for large-scale nonlinear optimization.
 Ipopt is released as open source code under the Eclipse Public License (EPL).
         For more information visit https://github.com/coin-or/Ipopt
******************************************************************************

This is Ipopt version 3.14.10, running with linear solver MUMPS 5.5.1.

Number of nonzeros in equality constraint Jacobian...:      301
Number of nonzeros in inequality constraint Jacobian.:       40
Number of nonzeros in Lagrangian Hessian.............:      205

Total number of variables............................:      146
                     variables with only lower bounds:       90
                variables with lower and upper bounds:       36
                     variables with only upper bounds:        0
Total number of equality constraints.................:       90
Total number of inequality constraints...............:        8
        inequality constraints with only lower bounds:        4
   inequality constraints with lower and upper bounds:        0
        inequality constraints with only upper bounds:        4

iter    objective    inf_pr   inf_du lg(mu)  ||d||  lg(rg) alpha_du alpha_pr  ls
   0  1.6161988e+00 3.27e+03 9.57e+02   0.0 0.00e+00    -  0.00e+00 0.00e+00   0
WARNING: Problem in step computation; switching to emergency mode.
   1r 1.6161988e+00 3.27e+03 9.99e+02   3.5 0.00e+00  20.0 0.00e+00 0.00e+00R  1
WARNING: Problem in step computation; switching to emergency mode.
Cannot call restoration phase at point that is almost feasible for the restoration NLP (violation 0.000000e+00).
Abort in line search due to no other fall back.
Step computation in the restoration phase failed.

Number of Iterations....: 1

                                   (scaled)                 (unscaled)
Objective...............:   1.6161988195794663e+00    1.6161988195794663e+00
Dual infeasibility......:   9.5677922758002592e+02    9.5677922758002592e+02
Constraint violation....:   3.2709464614977619e+03    3.2709464614977619e+03
Variable bound violation:   0.0000000000000000e+00    0.0000000000000000e+00
Complementarity.........:   5.7022140029935747e+02    5.7022140029935747e+02
Overall NLP error.......:   3.2709464614977619e+03    3.2709464614977619e+03


Number of objective function evaluations             = 2
Number of objective gradient evaluations             = 2
Number of equality constraint evaluations            = 2
Number of inequality constraint evaluations          = 2
Number of equality constraint Jacobian evaluations   = 1
Number of inequality constraint Jacobian evaluations = 1
Number of Lagrangian Hessian evaluations             = 2
Total seconds in IPOPT                               = 0.017

EXIT: Restoration Failed!
--- Reading solution for model calib_step1_soi
--- Executing after solve: elapsed 0:00:01.863
--- hhcalib.gms(769) 221 Mb
--- Generating NLP model calib_step1_soi
--- hhcalib.gms(771) 223 Mb
---   99 rows  147 columns  447 non-zeroes
---   562 nl-code  105 nl-non-zeroes
--- Range statistics (absolute non-zero finite values)
--- RHS       [min, max] : [ 1.057E+02, 5.720E+03] - Zero values observed as well
--- Bound     [min, max] : [ 1.000E-02, 6.748E+02] - Zero values observed as well
--- Matrix    [min, max] : [ 8.769E-04, 9.578E+02] - Zero values observed as well
--- hhcalib.gms(771) 221 Mb
--- Executing CONOPT (Solvelink=2): elapsed 0:00:01.894

CONOPT 3         42.5.0 cf11b917 Mar 30, 2023          WEI x86 64bit/MS Window

 
 
    C O N O P T 3   version 3.17N
    Copyright (C)   ARKI Consulting and Development A/S
                    Bagsvaerdvej 246 A
                    DK-2880 Bagsvaerd, Denmark
 
 
   Iter Phase Ninf   Infeasibility   RGmax    NSB   Step InItr MX OK
      0   0        1.4120970885E+04 (Input point)
 
                   Pre-triangular equations:   44
                   Post-triangular equations:  21
                   Definitional equations:     12
 
      1   0        9.6165356268E+03 (After pre-processing)
      2   0        9.8748416538E+00 (After scaling)
 
 ** Feasible solution. Value of objective =    18751026.2566
 
   Iter Phase Ninf     Objective     RGmax    NSB   Step InItr MX OK
     11   3        1.5006882476E+07 2.9E+06    45 5.3E-01    7 F  T
     21   4        7.7736160547E+06 6.1E+05    41 1.0E+00    3 T  T
     26   4        1.3537755128E+06 9.4E+04    21 1.0E+00   13 T  T
     31   4        6.9939995661E+05 1.7E+03    22 1.0E+00    5 T  T
     34   4        6.9936605936E+05 7.7E-08    21
 
 ** Optimal solution. Reduced gradient less than tolerance.
 
--- Reading solution for model calib_step1_soi
--- Executing after solve: elapsed 0:00:01.951
--- hhcalib.gms(958) 221 Mb
--- GDXin=h:\windc\github\windc_build\household\gdx\calib_step2_soi_p.gdx
--- GDX File (execute_load) h:\windc\github\windc_build\household\gdx\calib_step2_soi_p.gdx
--- hhcalib.gms(964) 221 Mb
--- Generating NLP model calib_step2_soi
--- hhcalib.gms(966) 227 Mb
---   1,327 rows  14,542 columns  83,392 non-zeroes
---   19,892 nl-code  14,030 nl-non-zeroes
--- Range statistics (absolute non-zero finite values)
--- RHS       [min, max] : [ 2.412E-01, 5.720E+03] - Zero values observed as well
--- Bound     [min, max] : [ 1.855E-03, 4.647E+02] - Zero values observed as well
--- Matrix    [min, max] : [ 2.969E-04, 1.719E+05]
--- hhcalib.gms(966) 225 Mb
--- Executing IPOPT (Solvelink=2): elapsed 0:00:02.298

COIN-OR Ipopt    42.5.0 cf11b917 Mar 30, 2023          WEI x86 64bit/MS Window

COIN-OR Interior Point Optimizer (Ipopt Library 3.14.10)
written by A. Waechter.

******************************************************************************
This program contains Ipopt, a library for large-scale nonlinear optimization.
 Ipopt is released as open source code under the Eclipse Public License (EPL).
         For more information visit https://github.com/coin-or/Ipopt
******************************************************************************

This is Ipopt version 3.14.10, running with linear solver MUMPS 5.5.1.

Number of nonzeros in equality constraint Jacobian...:    17486
Number of nonzeros in inequality constraint Jacobian.:     3925
Number of nonzeros in Lagrangian Hessian.............:    31085

Total number of variables............................:     4951
                     variables with only lower bounds:     3982
                variables with lower and upper bounds:      714
                     variables with only upper bounds:        0
Total number of equality constraints.................:      969
Total number of inequality constraints...............:      357
        inequality constraints with only lower bounds:       51
   inequality constraints with lower and upper bounds:        0
        inequality constraints with only upper bounds:      306

iter    objective    inf_pr   inf_du lg(mu)  ||d||  lg(rg) alpha_du alpha_pr  ls
   0  1.2091123e+05 1.23e+03 9.90e+01   0.0 0.00e+00    -  0.00e+00 0.00e+00   0
   1  1.1693865e+05 1.01e+03 8.11e+01  -5.4 1.35e+03    -  1.21e-01 1.80e-01h  1
   2  1.1220614e+05 6.04e+02 4.84e+01  -5.4 1.10e+03    -  1.50e-02 4.00e-01h  1
   3  1.1073363e+05 1.70e+02 1.32e+01  -5.4 6.62e+02    -  3.12e-01 7.19e-01h  1
   4  1.1101368e+05 2.18e+01 1.52e+00  -5.6 1.86e+02    -  5.79e-01 8.72e-01h  1
   5  1.1081872e+05 4.73e+00 3.39e-01  -6.0 2.39e+01    -  8.12e-01 7.83e-01h  1
   6  1.1051333e+05 1.73e+00 1.23e-01  -6.7 6.46e+00    -  6.16e-01 6.36e-01h  1
   7  1.1036417e+05 8.05e-01 5.90e-02  -7.1 4.30e+00    -  6.33e-01 5.33e-01h  1
   8  1.1036365e+05 8.02e-01 1.35e+03  -3.7 2.60e+00    -  4.83e-01 3.50e-03h  1
   9  1.1031008e+05 4.50e-01 7.37e+02  -3.9 2.66e+00    -  6.62e-01 4.39e-01h  1
iter    objective    inf_pr   inf_du lg(mu)  ||d||  lg(rg) alpha_du alpha_pr  ls
  10  1.1028252e+05 9.05e-02 1.67e+02  -4.4 1.62e+00    -  6.33e-01 7.99e-01h  1
  11  1.1028396e+05 6.52e-02 1.50e+03  -3.6 1.97e+00    -  9.41e-01 2.80e-01h  1
  12  1.1028588e+05 2.95e-02 5.24e+02  -3.7 8.18e+00    -  1.00e+00 5.48e-01h  1
  13  1.1028293e+05 4.46e-03 8.14e+01  -4.1 4.92e+00    -  1.00e+00 8.49e-01h  1
  14  1.1027981e+05 6.33e-04 2.47e+01  -4.9 1.64e+00    -  1.00e+00 8.58e-01h  1
  15  1.1027892e+05 1.03e-04 2.10e+01  -5.4 2.24e+00    -  1.00e+00 8.37e-01h  1
  16  1.1027861e+05 6.13e-06 1.80e+00  -6.5 3.94e-02  -4.0 1.00e+00 9.40e-01h  1
  17  1.1027857e+05 8.16e-08 6.07e-01  -7.8 1.51e-02  -4.5 1.00e+00 9.87e-01h  1
  18  1.1027857e+05 6.56e-09 7.25e-02  -8.0 1.31e-04  -4.1 9.99e-01 1.00e+00h  1
MUMPS returned INFO(1) = -9 and requires more memory, reallocating.  Attempt 1
  Increasing icntl[13] from 1000 to 2000.
  19  1.1027857e+05 6.22e-09 4.63e-09  -8.1 1.95e-05  -3.6 1.00e+00 1.00e+00h  1
iter    objective    inf_pr   inf_du lg(mu)  ||d||  lg(rg) alpha_du alpha_pr  ls
  20  1.1027857e+05 5.81e-09 2.54e+01  -8.4 2.66e-05  -4.1 7.73e-01 1.00e+00h  1
  21  1.1027857e+05 5.79e-09 8.65e+01  -8.4 9.94e-06  -3.7 4.08e-01 1.00e+00h  1
In iteration 21, 1 Slack too small, adjusting variable bound
  22  1.1027857e+05 5.78e-09 4.68e+01  -8.4 3.72e-06  -3.3 3.98e-01 7.53e-02h  1
In iteration 22, 1 Slack too small, adjusting variable bound
  23  1.1027857e+05 5.69e-09 3.04e+01  -8.4 1.11e-05  -3.7 6.49e-01 8.80e-01h  1
  24  1.1027857e+05 5.48e-09 8.00e+01  -8.4 3.29e-05  -4.2 3.97e-01 1.00e+00h  1
In iteration 24, 1 Slack too small, adjusting variable bound
  25  1.1027857e+05 5.14e-09 8.13e+01  -8.4 1.22e-05  -3.8 3.41e-01 6.84e-01h  1
In iteration 25, 1 Slack too small, adjusting variable bound
  26  1.1027857e+05 4.57e-09 5.13e+01  -8.4 4.59e-06  -3.4 4.81e-01 6.16e-01h  1
In iteration 26, 1 Slack too small, adjusting variable bound
  27  1.1027857e+05 4.46e-09 4.74e+01  -8.4 1.37e-05  -3.8 4.27e-01 7.21e-01h  1
  28  1.1027857e+05 8.40e-07 9.00e-12  -8.4 6.95e+00    -  1.00e+00 1.00e+00h  1
  29  1.1027856e+05 3.80e-09 4.53e+01 -11.0 1.85e-05  -3.4 3.02e-01 1.00e+00h  1
iter    objective    inf_pr   inf_du lg(mu)  ||d||  lg(rg) alpha_du alpha_pr  ls
  30  1.1027857e+05 3.75e-09 6.45e+01  -8.7 9.75e-06  -3.9 4.10e-01 1.00e+00h  1
  31  1.1027857e+05 3.73e-09 8.78e+01  -8.7 4.54e-01    -  3.31e-01 1.00e+00h  1
In iteration 31, 1 Slack too small, adjusting variable bound
  32  1.1027857e+05 4.20e-09 6.95e+01  -8.7 3.59e-08  -3.5 4.78e-01 8.71e-01h  1
  33  1.1027857e+05 3.67e-09 4.55e-13  -8.7 8.54e-02    -  1.00e+00 1.00e+00h  1

Number of Iterations....: 33

                                   (scaled)                 (unscaled)
Objective...............:   6.4145000725112624e+01    1.1027856504910953e+05
Dual infeasibility......:   4.5474735088646412e-13    7.8180504713923864e-10
Constraint violation....:   3.6729019825543219e-09    3.6729019825543219e-09
Variable bound violation:   8.2562507941474905e-09    8.2562507941474905e-09
Complementarity.........:   3.7062608738989794e-09    6.3718314171165759e-06
Overall NLP error.......:   3.7062608738989794e-09    6.3718314171165759e-06


Number of objective function evaluations             = 34
Number of objective gradient evaluations             = 34
Number of equality constraint evaluations            = 34
Number of inequality constraint evaluations          = 34
Number of equality constraint Jacobian evaluations   = 1
Number of inequality constraint Jacobian evaluations = 1
Number of Lagrangian Hessian evaluations             = 33
Total seconds in IPOPT                               = 2.445

EXIT: Optimal Solution Found.
--- Reading solution for model calib_step2_soi
--- GDX Point h:\windc\github\windc_build\household\calib_step2_soi_p.gdx
--- Executing after solve: elapsed 0:00:05.134
--- hhcalib.gms(975) 225 Mb
--- hhcalib.gms(1153) 225 Mb
--- GDXin=h:\windc\github\windc_build\household\gdx\calib_step3_soi_p.gdx
--- GDX File (execute_load) h:\windc\github\windc_build\household\gdx\calib_step3_soi_p.gdx
--- hhcalib.gms(1157) 225 Mb
--- Generating NLP model calib_step3_soi
--- hhcalib.gms(1159) 227 Mb
---   3,826 rows  18,106 columns  50,695 non-zeroes
---   113,477 nl-code  18,105 nl-non-zeroes
--- Range statistics (absolute non-zero finite values)
--- RHS       [min, max] : [ 2.239E-04, 4.442E+02] - Zero values observed as well
--- Bound     [min, max] : [ 1.000E-05, 1.000E-05] - Zero values observed as well
--- Matrix    [min, max] : [ 5.579E-04, 1.891E+04] - Zero values observed as well
--- hhcalib.gms(1159) 225 Mb
--- Executing IPOPT (Solvelink=2): elapsed 0:00:05.699

COIN-OR Ipopt    42.5.0 cf11b917 Mar 30, 2023          WEI x86 64bit/MS Window

COIN-OR Interior Point Optimizer (Ipopt Library 3.14.10)
written by A. Waechter.

******************************************************************************
This program contains Ipopt, a library for large-scale nonlinear optimization.
 Ipopt is released as open source code under the Eclipse Public License (EPL).
         For more information visit https://github.com/coin-or/Ipopt
******************************************************************************

This is Ipopt version 3.14.10, running with linear solver MUMPS 5.5.1.

Number of nonzeros in equality constraint Jacobian...:    26622
Number of nonzeros in inequality constraint Jacobian.:        0
Number of nonzeros in Lagrangian Hessian.............:    14790

Total number of variables............................:    14790
                     variables with only lower bounds:    14790
                variables with lower and upper bounds:        0
                     variables with only upper bounds:        0
Total number of equality constraints.................:     3825
Total number of inequality constraints...............:        0
        inequality constraints with only lower bounds:        0
   inequality constraints with lower and upper bounds:        0
        inequality constraints with only upper bounds:        0

iter    objective    inf_pr   inf_du lg(mu)  ||d||  lg(rg) alpha_du alpha_pr  ls
   0  3.0374596e+04 2.07e+01 1.53e+00   0.0 0.00e+00    -  0.00e+00 0.00e+00   0
   1  3.2151506e+04 2.34e+00 4.71e+01  -2.0 6.32e+00    -  8.26e-01 8.87e-01h  1
   2  3.2554116e+04 1.03e+00 1.70e+02  -2.3 8.07e-01    -  9.59e-01 5.61e-01h  1
   3  3.2962586e+04 3.67e-01 4.75e+02  -2.0 1.15e+00    -  9.84e-01 6.43e-01h  1
   4  3.3112296e+04 6.93e-02 3.64e+02  -2.6 4.36e-01    -  1.00e+00 8.11e-01h  1
   5  3.3204001e+04 2.37e-07 9.43e+02  -2.3 1.78e-01    -  1.00e+00 1.00e+00h  1
   6  3.3132335e+04 9.40e-08 9.15e+01  -3.0 5.10e-01    -  1.00e+00 1.00e+00f  1
   7  3.3119959e+04 2.46e-08 2.52e+01  -3.4 1.88e-01    -  1.00e+00 1.00e+00f  1
   8  3.3118659e+04 1.39e-08 6.11e+00  -4.4 7.15e-02    -  1.00e+00 1.00e+00f  1
   9  3.3118640e+04 7.27e-10 3.01e-01  -5.4 7.31e-03    -  1.00e+00 1.00e+00h  1
iter    objective    inf_pr   inf_du lg(mu)  ||d||  lg(rg) alpha_du alpha_pr  ls
  10  3.3118640e+04 4.65e-11 1.06e-03  -7.3 6.78e-04    -  1.00e+00 1.00e+00h  1
  11  3.3118640e+04 2.08e-13 1.08e-08  -9.4 8.86e-06    -  1.00e+00 1.00e+00h  1
  12  3.3118640e+04 1.71e-13 3.43e-14 -11.0 7.12e-08    -  1.00e+00 1.00e+00h  1

Number of Iterations....: 12

                                   (scaled)                 (unscaled)
Objective...............:   1.7509588778005545e+02    3.3118639618981622e+04
Dual infeasibility......:   3.4256561109102194e-14    6.4794822787791773e-12
Constraint violation....:   1.7053025658242404e-13    1.7053025658242404e-13
Variable bound violation:   0.0000000000000000e+00    0.0000000000000000e+00
Complementarity.........:   1.0000025535201010e-11    1.8914621358609681e-09
Overall NLP error.......:   1.0000025535201010e-11    1.8914621358609681e-09


Number of objective function evaluations             = 13
Number of objective gradient evaluations             = 13
Number of equality constraint evaluations            = 13
Number of inequality constraint evaluations          = 0
Number of equality constraint Jacobian evaluations   = 1
Number of inequality constraint Jacobian evaluations = 0
Number of Lagrangian Hessian evaluations             = 12
Total seconds in IPOPT                               = 0.902

EXIT: Optimal Solution Found.
--- Reading solution for model calib_step3_soi
--- GDX Point h:\windc\github\windc_build\household\calib_step3_soi_p.gdx
--- Executing after solve: elapsed 0:00:07.018
--- hhcalib.gms(1168) 225 Mb
--- hhcalib.gms(1216) 225 Mb
--- GDX File (execute_unload) h:\windc\github\windc_build\household\gdx\calibrated_hhdata_soi_static_2015.gdx
--- hhcalib.gms(1220) 225 Mb
--- GDX File (execute_unload) h:\windc\github\windc_build\household\gdx\capital_taxrate_2015.gdx
*** Status: Normal completion
--- Job hhcalib.gms Stop 06/08/23 15:52:55 elapsed 0:00:07.417
