--- Job hhcalib Start 06/08/23 15:53:45 42.5.0 cf11b917 WEX-WEI x86 64bit/MS Windows
--- Applying:
    C:\GAMS\42\gmsprmNT.txt
--- GAMS Parameters defined
    Input h:\windc\github\windc_build\household\hhcalib.gms
    Output h:\windc\github\windc_build\household\lst\hhcalib_2017_cps_static.lst
    ScrDir h:\windc\github\windc_build\household\225b\
    SysDir C:\GAMS\42\
    LogOption 4
    LogFile h:\windc\github\windc_build\household\lst\hhcalib_2017_cps_static.log
    --year 2017
    --hhdata cps
    --invest static
    --puttitle no
Licensee: Small MUD - 5 User License                     G230511|0002AO-GEN
          University of Wisconsin-Madison, Agricultural & Applied EconDC289
          C:\Users\Thomas F. Rutherford\Documents\GAMS\gamslice.txt
          License Admin: Thomas F. Rutherford, rutherford@aae.wisc.edu     
Processor information: 1 socket(s), 12 core(s), and 24 thread(s) available
GAMS 42.5.0   Copyright (C) 1987-2023 GAMS Development. All rights reserved
--- Starting compilation
--- hhcalib.gms(63) 2 Mb
--- . windc_coredata.gms(17) 2 Mb
--- GDXin=h:\windc\github\windc_build\core\WiNDCdatabase.gdx
--- GDX File ($gdxIn) h:\windc\github\windc_build\core\WiNDCdatabase.gdx
--- . windc_coredata.gms(209) 202 Mb
--- hhcalib.gms(89) 202 Mb
--- GDXin=h:\windc\github\windc_build\household\gdx\capital_tax_rates.gdx
--- GDX File ($gdxIn) h:\windc\github\windc_build\household\gdx\capital_tax_rates.gdx
--- hhcalib.gms(121) 202 Mb
--- GDXin=h:\windc\github\windc_build\household\gdx\cps_data_2017.gdx
--- GDX File ($gdxIn) h:\windc\github\windc_build\household\gdx\cps_data_2017.gdx
--- hhcalib.gms(136) 202 Mb
--- GDXin=h:\windc\github\windc_build\household\gdx\capital_gains_2017.gdx
--- GDX File ($gdxIn) h:\windc\github\windc_build\household\gdx\capital_gains_2017.gdx
--- hhcalib.gms(144) 202 Mb
--- GDXin=h:\windc\github\windc_build\household\gdx\labor_tax_rates.gdx
--- GDX File ($gdxIn) h:\windc\github\windc_build\household\gdx\labor_tax_rates.gdx
--- hhcalib.gms(333) 202 Mb
--- . hh_calib_aggregate_regions.map(68) 202 Mb
--- hhcalib.gms(840) 202 Mb
--- call csv2gdx data_sources\cex\national_income_elasticities_CEX_2013_2017.csv output=gdx\national_income_elasticities_CEX_2013_2017.gdx id=regres index=1 useHeader=y value=2,3,4
--- hhcalib.gms(841) 202 Mb
--- GDXin=h:\windc\github\windc_build\household\gdx\national_income_elasticities_CEX_2013_2017.gdx
--- GDX File ($gdxIn) h:\windc\github\windc_build\household\gdx\national_income_elasticities_CEX_2013_2017.gdx
--- hhcalib.gms(847) 202 Mb
--- call csv2gdx data_sources\cex\windc_pce_map.csv output=gdx\windc_pce_map.gdx id=pcebridge index=1,2 useHeader=y value=3,4,5
--- hhcalib.gms(848) 202 Mb
--- GDXin=h:\windc\github\windc_build\household\gdx\windc_pce_map.gdx
--- GDX File ($gdxIn) h:\windc\github\windc_build\household\gdx\windc_pce_map.gdx
--- hhcalib.gms(963) 202 Mb
--- Starting execution: elapsed 0:00:00.574
--- hhcalib.gms(271) 221 Mb
--- GDX File (execute_unload) h:\windc\github\windc_build\household\225b\totgdp.gdx
--- hhcalib.gms(272) 221 Mb
--- hhcalib.gms(764) 221 Mb
--- Generating NLP model calib_step1_cps
--- hhcalib.gms(767) 223 Mb
---   102 rows  347 columns  1,027 non-zeroes
---   1,562 nl-code  305 nl-non-zeroes
--- Range statistics (absolute non-zero finite values)
--- RHS       [min, max] : [ 1.086E+01, 6.085E+03] - Zero values observed as well
--- Bound     [min, max] : [ 1.000E-02, 9.104E+02] - Zero values observed as well
--- Matrix    [min, max] : [ 7.014E-04, 9.308E+05] - Zero values observed as well
--- hhcalib.gms(767) 221 Mb
--- Executing IPOPT (Solvelink=2): elapsed 0:00:01.663

COIN-OR Ipopt    42.5.0 cf11b917 Mar 30, 2023          WEI x86 64bit/MS Window

COIN-OR Interior Point Optimizer (Ipopt Library 3.14.10)
written by A. Waechter.

******************************************************************************
This program contains Ipopt, a library for large-scale nonlinear optimization.
 Ipopt is released as open source code under the Eclipse Public License (EPL).
         For more information visit https://github.com/coin-or/Ipopt
******************************************************************************

This is Ipopt version 3.14.10, running with linear solver MUMPS 5.5.1.

Number of nonzeros in equality constraint Jacobian...:      721
Number of nonzeros in inequality constraint Jacobian.:        0
Number of nonzeros in Lagrangian Hessian.............:      605

Total number of variables............................:      346
                     variables with only lower bounds:       70
                variables with lower and upper bounds:      256
                     variables with only upper bounds:        0
Total number of equality constraints.................:      101
Total number of inequality constraints...............:        0
        inequality constraints with only lower bounds:        0
   inequality constraints with lower and upper bounds:        0
        inequality constraints with only upper bounds:        0

iter    objective    inf_pr   inf_du lg(mu)  ||d||  lg(rg) alpha_du alpha_pr  ls
   0  4.1254720e+05 2.92e+03 1.01e+02   0.0 0.00e+00    -  0.00e+00 0.00e+00   0
   1  3.3233052e+05 2.39e+03 8.30e+03  -4.8 9.82e+02    -  2.15e-05 1.80e-01h  1
   2  9.3724228e+05 5.95e+02 2.06e+03  -0.3 7.65e+02    -  1.45e-01 7.51e-01h  1
   3  1.1432009e+06 1.76e-05 3.83e-01  -0.8 2.04e+02    -  6.27e-01 1.00e+00h  1
   4  1.0264147e+06 1.27e-09 4.72e-02  -0.4 6.09e+01    -  8.65e-01 1.00e+00f  1
   5  9.5915510e+05 3.83e-10 7.35e-03  -0.7 6.95e+01    -  9.43e-01 1.00e+00f  1
   6  9.3372281e+05 1.28e-10 7.48e-04  -1.0 2.75e+01    -  9.93e-01 1.00e+00f  1
   7  9.0671541e+05 6.38e-11 6.74e-04  -1.5 1.23e+01    -  9.91e-01 1.00e+00f  1
   8  8.9429835e+05 8.37e-11 6.02e-03  -2.1 6.61e+00    -  9.91e-01 7.49e-01f  1
   9  8.8923397e+05 7.32e-11 9.42e-03  -2.7 4.29e+00    -  8.22e-01 5.52e-01f  1
iter    objective    inf_pr   inf_du lg(mu)  ||d||  lg(rg) alpha_du alpha_pr  ls
  10  8.8602101e+05 4.97e-11 3.74e-03  -3.8 5.66e+00    -  6.26e-01 6.13e-01f  1
  11  8.8491915e+05 2.96e-11 3.81e-03  -3.8 3.83e+00    -  8.09e-01 4.61e-01f  1
  12  8.8426022e+05 1.49e-11 3.40e-03  -3.6 2.97e+00    -  8.17e-01 5.61e-01f  1
  13  8.8399788e+05 1.49e-11 4.91e-03  -3.7 1.96e+00    -  9.09e-01 6.37e-01f  1
  14  8.8379056e+05 8.33e-12 1.29e-04  -3.9 9.51e-01    -  9.62e-01 1.00e+00f  1
  15  8.8367507e+05 1.43e-12 8.13e-04  -4.4 5.30e-01    -  4.77e-01 1.00e+00f  1
  16  8.8363282e+05 9.09e-13 1.20e-05  -4.7 3.44e-01    -  9.93e-01 9.85e-01f  1
  17  8.8360331e+05 1.82e-12 4.33e-05  -5.1 5.43e-01    -  8.59e-01 1.00e+00f  1
  18  8.8359128e+05 1.82e-12 2.81e-06  -5.7 2.96e-01    -  9.78e-01 1.00e+00f  1
  19  8.8358686e+05 4.55e-13 4.42e-07  -6.7 1.56e-01    -  9.91e-01 1.00e+00f  1
iter    objective    inf_pr   inf_du lg(mu)  ||d||  lg(rg) alpha_du alpha_pr  ls
  20  8.8358630e+05 9.09e-13 3.71e-07  -8.1 5.01e-02    -  9.42e-01 9.59e-01f  1
  21  8.8358625e+05 1.82e-12 2.48e-07  -8.6 1.92e-02    -  9.64e-01 1.00e+00f  1
  22  8.8358624e+05 4.55e-13 9.47e-09  -9.3 8.36e-03    -  9.97e-01 1.00e+00h  1
  23  8.8358624e+05 9.09e-13 1.67e-13 -11.0 3.92e-03    -  1.00e+00 1.00e+00h  1

Number of Iterations....: 23

                                   (scaled)                 (unscaled)
Objective...............:   9.4928520975430160e+01    8.8358624016121705e+05
Dual infeasibility......:   1.6697795051457883e-13    1.5542159297224204e-09
Constraint violation....:   9.0949470177292824e-13    9.0949470177292824e-13
Variable bound violation:   2.3727352527203038e-08    2.3727352527203038e-08
Complementarity.........:   4.5063092978928717e-09    4.1944326621914414e-05
Overall NLP error.......:   4.5063092978928717e-09    4.1944326621914414e-05


Number of objective function evaluations             = 24
Number of objective gradient evaluations             = 24
Number of equality constraint evaluations            = 24
Number of inequality constraint evaluations          = 0
Number of equality constraint Jacobian evaluations   = 1
Number of inequality constraint Jacobian evaluations = 0
Number of Lagrangian Hessian evaluations             = 23
Total seconds in IPOPT                               = 0.076

EXIT: Optimal Solution Found.
--- Reading solution for model calib_step1_cps
--- Executing after solve: elapsed 0:00:01.797
--- hhcalib.gms(958) 221 Mb
--- GDXin=h:\windc\github\windc_build\household\gdx\calib_step2_cps_p.gdx
--- GDX File (execute_load) h:\windc\github\windc_build\household\gdx\calib_step2_cps_p.gdx
--- hhcalib.gms(964) 221 Mb
--- Generating NLP model calib_step2_cps
--- hhcalib.gms(966) 228 Mb
---   1,425 rows  17,092 columns  90,532 non-zeroes
---   32,262 nl-code  16,580 nl-non-zeroes
--- Range statistics (absolute non-zero finite values)
--- RHS       [min, max] : [ 1.021E-01, 6.085E+03] - Zero values observed as well
--- Bound     [min, max] : [ 3.485E-07, 7.278E+02] - Zero values observed as well
--- Matrix    [min, max] : [ 5.032E-07, 4.010E+05] - Zero values observed as well
--- hhcalib.gms(966) 226 Mb
--- Executing IPOPT (Solvelink=2): elapsed 0:00:02.212

COIN-OR Ipopt    42.5.0 cf11b917 Mar 30, 2023          WEI x86 64bit/MS Window

COIN-OR Interior Point Optimizer (Ipopt Library 3.14.10)
written by A. Waechter.

******************************************************************************
This program contains Ipopt, a library for large-scale nonlinear optimization.
 Ipopt is released as open source code under the Eclipse Public License (EPL).
         For more information visit https://github.com/coin-or/Ipopt
******************************************************************************

This is Ipopt version 3.14.10, running with linear solver MUMPS 5.5.1.

Number of nonzeros in equality constraint Jacobian...:    22206
Number of nonzeros in inequality constraint Jacobian.:     3415
Number of nonzeros in Lagrangian Hessian.............:    35805

Total number of variables............................:     7311
                     variables with only lower bounds:     3727
                variables with lower and upper bounds:     3329
                     variables with only upper bounds:        0
Total number of equality constraints.................:     1169
Total number of inequality constraints...............:      255
        inequality constraints with only lower bounds:        0
   inequality constraints with lower and upper bounds:        0
        inequality constraints with only upper bounds:      255

iter    objective    inf_pr   inf_du lg(mu)  ||d||  lg(rg) alpha_du alpha_pr  ls
   0  2.5988953e+05 1.28e+03 9.90e+01   0.0 0.00e+00    -  0.00e+00 0.00e+00   0
   1  2.5671826e+05 1.26e+03 9.76e+01  -5.6 1.39e+03    -  1.36e-02 1.43e-02h  1
   2  2.4853267e+05 1.21e+03 9.38e+01  -5.6 1.37e+03    -  4.50e-03 3.85e-02h  1
   3  2.3860446e+05 1.15e+03 8.90e+01  -5.6 1.32e+03    -  2.14e-02 5.08e-02h  1
   4  2.3004390e+05 1.09e+03 8.46e+01  -5.6 1.25e+03    -  1.77e-02 4.85e-02h  1
   5  2.1434883e+05 9.82e+02 7.60e+01  -5.6 1.19e+03    -  2.24e-02 1.01e-01h  1
   6  1.9803010e+05 8.53e+02 6.59e+01  -5.7 1.07e+03    -  4.70e-02 1.32e-01h  1
   7  1.8297474e+05 7.12e+02 5.49e+01  -5.7 9.27e+02    -  3.42e-02 1.65e-01h  1
   8  1.7536393e+05 6.29e+02 4.85e+01  -5.7 7.74e+02    -  6.10e-02 1.16e-01h  1
   9  1.5912938e+05 3.96e+02 3.03e+01  -5.7 6.84e+02    -  1.03e-01 3.70e-01h  1
iter    objective    inf_pr   inf_du lg(mu)  ||d||  lg(rg) alpha_du alpha_pr  ls
  10  1.5424518e+05 2.92e+02 2.22e+01  -5.8 4.31e+02    -  5.90e-02 2.63e-01h  1
  11  1.5025289e+05 1.64e+02 1.23e+01  -5.8 3.18e+02    -  1.33e-01 4.38e-01h  1
  12  1.4870088e+05 8.50e+01 6.16e+00  -5.9 1.79e+02    -  1.55e-01 4.83e-01h  1
  13  1.4869931e+05 8.49e+01 4.34e+01  -2.0 9.24e+01    -  2.15e-01 7.92e-04f  1
  14  1.4860639e+05 8.14e+01 4.29e+01  -6.0 9.23e+01    -  3.38e-01 4.15e-02h  1
  15  1.4815460e+05 6.89e+01 3.67e+01  -6.2 8.85e+01    -  3.26e-01 1.53e-01h  1
  16  1.4769873e+05 6.08e+01 3.26e+01  -6.4 7.49e+01    -  2.41e-01 1.18e-01h  1
  17  1.4690471e+05 5.05e+01 6.58e+01  -2.6 6.61e+01    -  5.87e-01 1.69e-01f  1
  18  1.4153650e+05 1.53e+01 1.16e+00  -3.0 5.49e+01    -  3.09e-01 6.97e-01h  1
  19  1.3921737e+05 7.00e+00 1.89e+01  -3.1 1.78e+01    -  3.67e-01 5.42e-01h  1
iter    objective    inf_pr   inf_du lg(mu)  ||d||  lg(rg) alpha_du alpha_pr  ls
  20  1.3850412e+05 5.54e+00 2.29e+02  -2.6 1.39e+01    -  4.89e-01 2.08e-01h  1
  21  1.3747849e+05 3.93e+00 8.57e+02  -2.2 1.51e+01    -  5.89e-01 2.90e-01h  1
  22  1.3658495e+05 2.41e+00 2.53e+03  -2.0 1.69e+01    -  8.76e-01 3.86e-01h  1
  23  1.3587789e+05 8.07e-01 1.10e+03  -2.1 9.56e+00    -  1.00e+00 6.66e-01h  1
  24  1.3534555e+05 1.66e-01 3.65e+02  -2.5 5.10e+00    -  1.00e+00 7.94e-01h  1
  25  1.3467505e+05 2.76e-02 1.91e+02  -2.9 3.66e+00    -  1.00e+00 8.34e-01h  1
  26  1.3423679e+05 8.13e-03 3.48e+02  -3.3 2.93e+00    -  1.00e+00 7.05e-01h  1
  27  1.3398193e+05 2.86e-03 4.46e+02  -3.5 3.07e+00    -  1.00e+00 6.49e-01h  1
  28  1.3377507e+05 8.55e-04 2.72e+02  -3.8 1.31e+00    -  1.00e+00 7.01e-01h  1
  29  1.3357442e+05 1.38e-04 8.82e+01  -4.1 7.76e-01    -  1.00e+00 8.39e-01h  1
iter    objective    inf_pr   inf_du lg(mu)  ||d||  lg(rg) alpha_du alpha_pr  ls
  30  1.3347764e+05 4.49e-05 1.74e+02  -4.5 5.32e-01    -  1.00e+00 6.75e-01h  1
  31  1.3341497e+05 1.54e-05 1.62e+02  -4.8 3.91e-01    -  1.00e+00 6.56e-01h  1
  32  1.3335070e+05 2.32e-07 3.93e-07  -5.2 2.85e-01    -  1.00e+00 1.00e+00h  1
  33  1.3333744e+05 2.30e-07 3.20e+01  -5.5 1.52e-01    -  9.54e-01 8.91e-01h  1
  34  1.3334462e+05 3.08e-06 6.46e-09  -5.3 3.32e-01    -  1.00e+00 1.00e+00f  1
  35  1.3334072e+05 1.37e-07 2.12e-09  -5.3 1.22e-01    -  1.00e+00 1.00e+00h  1
  36  1.3333007e+05 1.55e-07 1.06e+02  -5.9 7.31e-02    -  7.04e-01 9.94e-01h  1
  37  1.3332997e+05 1.55e-07 4.86e+02  -6.1 4.87e-02    -  1.00e+00 3.12e-02f  6
  38  1.3332799e+05 1.57e-07 3.30e+02  -6.3 6.45e-02  -4.0 1.00e+00 4.52e-01h  2
  39  1.3332495e+05 1.51e-07 4.08e+02  -6.6 5.91e-02  -4.5 4.49e-01 9.17e-01H  1
iter    objective    inf_pr   inf_du lg(mu)  ||d||  lg(rg) alpha_du alpha_pr  ls
  40  1.3332458e+05 1.50e-07 1.04e-06  -6.6 1.17e-02  -4.1 1.00e+00 1.00e+00h  1
  41  1.3332400e+05 1.48e-07 9.20e+01  -7.8 2.26e-02  -4.5 6.69e-01 5.44e-01h  1
  42  1.3332471e+05 8.47e-08 9.54e+01  -6.4 2.37e-02  -4.1 5.41e-01 6.26e-01f  1
  43  1.3332454e+05 8.47e-08 2.30e+02  -6.7 1.76e-02    -  1.00e+00 5.00e-01h  2
  44  1.3332436e+05 8.45e-08 1.19e-07  -6.7 4.50e-03  -4.6 1.00e+00 1.00e+00h  1
  45  1.3332381e+05 8.52e-08 6.49e+00  -7.9 1.90e-02  -5.1 6.47e-01 6.33e-01h  1
  46  1.3332394e+05 8.48e-08 4.37e+02  -6.7 9.87e-03  -3.7 7.59e-01 2.78e-01f  1
  47  1.3332396e+05 8.36e-08 5.89e-08  -6.9 9.43e-04  -4.2 1.00e+00 1.00e+00h  1
  48  1.3332361e+05 8.39e-08 1.20e+02 -11.0 1.22e-02  -3.8 4.13e-01 6.49e-01h  1
  49  1.3332406e+05 7.64e-08 4.07e+02  -6.3 4.79e-02  -3.4 1.18e-01 2.14e-01f  1
iter    objective    inf_pr   inf_du lg(mu)  ||d||  lg(rg) alpha_du alpha_pr  ls
  50  1.3332388e+05 8.66e-08 1.83e+02  -7.0 4.28e-03  -3.8 6.71e-01 1.00e+00h  1
  51  1.3332388e+05 4.21e-08 2.66e+02  -7.0 5.44e-04  -4.3 3.88e-01 1.00e+00h  1
  52  1.3332388e+05 4.14e-08 2.09e+02  -7.0 3.85e-05  -3.9 4.48e-01 7.01e-01h  1
  53  1.3332388e+05 4.02e-08 5.14e+01  -7.0 1.59e-05  -4.4 7.08e-01 6.48e-01f  1
  54  1.3332388e+05 2.85e-07 4.36e+01  -7.0 1.06e-05  -4.8 8.23e-01 1.00e+00f  1
  55  1.3332388e+05 3.43e-08 5.19e+01  -7.0 3.95e-06  -4.4 7.90e-01 1.00e+00h  1
  56  1.3332388e+05 3.20e-08 8.29e+00  -7.0 1.48e-06  -4.0 9.66e-01 1.00e+00h  1
  57  1.3332388e+05 3.17e-08 7.69e+01  -7.0 1.20e-02    -  5.95e-01 1.00e+00h  1
  58  1.3332388e+05 3.17e-08 1.75e-12  -7.0 3.41e-08  -4.5 1.00e+00 1.00e+00h  1
  59  1.3332364e+05 3.19e-08 4.29e+01  -7.5 7.58e-03  -4.0 9.90e-01 7.66e-01h  1
iter    objective    inf_pr   inf_du lg(mu)  ||d||  lg(rg) alpha_du alpha_pr  ls
  60  1.3332363e+05 3.20e-08 1.87e+02  -7.5 3.70e-03  -4.5 8.31e-01 1.25e-01f  4
  61  1.3332355e+05 3.21e-08 2.62e-07  -7.5 3.19e-03  -4.1 1.00e+00 1.00e+00h  1
  62  1.3332346e+05 3.22e-08 4.65e+01  -8.2 4.12e-03  -4.6 5.74e-01 7.55e-01h  1
  63  1.3332354e+05 3.20e-08 1.87e-07  -7.6 2.57e-03  -4.1 1.00e+00 1.00e+00f  1
  64  1.3332345e+05 3.20e-08 3.48e+02  -8.0 3.00e-03  -4.6 3.27e-01 1.00e+00H  1
  65  1.3332348e+05 3.18e-08 5.00e+02  -7.8 6.91e-04  -4.2 2.24e-01 1.00e+00h  1
  66  1.3332348e+05 3.34e-08 5.09e+02  -7.8 6.25e-05    -  2.32e-01 6.59e-01h  1
  67  1.3332348e+05 3.08e-08 5.76e+02  -7.8 1.72e-05  -3.8 1.71e-01 7.16e-01f  1
  68  1.3332348e+05 3.01e-08 3.73e+02  -7.8 5.93e-06  -3.3 3.10e-01 2.14e-01f  1
  69  1.3332348e+05 2.13e-08 3.66e+02  -7.8 6.56e-06  -3.8 1.31e-01 4.98e-01f  1
iter    objective    inf_pr   inf_du lg(mu)  ||d||  lg(rg) alpha_du alpha_pr  ls
  70  1.3332348e+05 5.42e-07 1.94e+02  -7.8 4.31e-06  -4.3 3.77e-01 5.31e-01f  1
  71  1.3332348e+05 2.06e-08 1.41e+02  -7.8 2.04e-06  -3.9 6.18e-01 1.00e+00f  1
  72  1.3332348e+05 1.84e-08 2.52e+02  -7.8 5.16e-07  -4.3 2.07e-01 9.95e-01h  1
  73  1.3332348e+05 1.77e-08 1.60e+02  -7.8 5.57e-08  -3.9 6.28e-01 1.00e+00f  1
  74  1.3332348e+05 2.18e-08 6.20e+01  -7.8 4.32e-08  -4.4 8.16e-01 1.00e+00h  1
  75  1.3332348e+05 1.91e-08 7.68e+01  -7.8 4.37e-08  -4.0 6.58e-01 1.00e+00h  1
  76  1.3332348e+05 1.75e-08 1.37e+02  -7.8 2.72e-08  -4.4 4.50e-01 1.00e+00h  1
  77  1.3332348e+05 1.74e-08 1.11e+02  -7.8 2.21e-08  -4.0 6.36e-01 1.00e+00h  1
  78  1.3332348e+05 1.71e-08 1.75e+02  -7.8 1.99e-08  -3.6 3.69e-01 1.00e+00h  1
  79  1.3332348e+05 1.66e-08 1.28e+02  -7.8 1.43e-04    -  5.17e-01 7.93e-01h  1
iter    objective    inf_pr   inf_du lg(mu)  ||d||  lg(rg) alpha_du alpha_pr  ls
  80  1.3332348e+05 1.54e-08 4.84e+01  -7.8 3.01e-08  -4.1 6.67e-01 7.10e-01f  1
  81  1.3332348e+05 1.50e-08 3.76e+01  -7.8 2.97e-08  -3.6 7.98e-01 1.00e+00f  1
  82  1.3332348e+05 1.49e-08 1.65e-12  -7.8 2.25e-08  -4.1 1.00e+00 1.00e+00h  1
  83  1.3332341e+05 1.51e-08 1.04e+02  -8.6 2.28e-03  -3.7 2.75e-01 1.00e+00h  1
  84  1.3332344e+05 1.50e-08 1.58e+02  -7.4 7.61e-03  -4.2 9.37e-01 1.41e-01h  1
  85  1.3332353e+05 1.47e-08 3.87e+01  -7.6 2.55e-03  -3.7 5.49e-01 1.00e+00h  1
  86  1.3332353e+05 1.47e-08 1.36e-12  -7.6 8.90e-04    -  1.00e+00 1.00e+00h  1
  87  1.3332345e+05 1.48e-08 2.62e+01 -11.0 4.30e-03  -4.2 4.64e-01 6.70e-01h  1
  88  1.3332345e+05 1.47e-08 4.86e-08  -8.0 3.04e-04  -3.8 1.00e+00 1.00e+00f  1
  89  1.3332341e+05 1.48e-08 5.74e+01  -8.8 1.58e-03  -3.4 6.27e-01 1.00e+00h  1
iter    objective    inf_pr   inf_du lg(mu)  ||d||  lg(rg) alpha_du alpha_pr  ls
  90  1.3332342e+05 1.47e-08 1.76e+02  -8.5 8.00e-03    -  3.18e-01 1.00e+00h  1
  91  1.3332342e+05 1.47e-08 3.02e+02  -8.5 3.34e-05  -3.8 2.02e-01 1.00e+00h  1
  92  1.3332342e+05 1.47e-08 2.30e+02  -8.5 4.41e-06  -3.4 3.33e-01 4.77e-01h  1
  93  1.3332342e+05 1.47e-08 1.32e+02  -8.5 3.87e-06  -3.9 6.94e-01 1.00e+00f  1
In iteration 93, 1 Slack too small, adjusting variable bound
  94  1.3332342e+05 1.47e-08 1.56e+02  -8.5 5.51e-07  -3.5 4.90e-01 9.28e-01h  1
  95  1.3332342e+05 1.47e-08 1.83e+02  -8.5 3.26e-07  -3.9 4.88e-01 1.00e+00h  1
  96  1.3332342e+05 1.47e-08 1.96e+02  -8.5 4.51e-08  -3.5 4.89e-01 1.00e+00h  1
  97  1.3332342e+05 1.46e-08 1.98e+02  -8.5 2.20e-08  -4.0 5.00e-01 1.00e+00h  1
  98  1.3332342e+05 1.45e-08 2.98e+02  -8.5 1.50e-08  -3.6 2.48e-01 1.00e+00h  1
  99  1.3332342e+05 1.38e-08 2.97e+02  -8.5 2.59e-08  -4.1 3.30e-01 8.47e-01h  1
iter    objective    inf_pr   inf_du lg(mu)  ||d||  lg(rg) alpha_du alpha_pr  ls
 100  1.3332342e+05 2.38e-08 1.71e+02  -8.5 3.81e-08  -3.6 4.10e-01 1.00e+00f  1
 101  1.3332342e+05 8.41e-09 7.56e+01  -8.5 2.70e-08  -4.1 7.35e-01 1.00e+00h  1
 102  1.3332342e+05 1.13e-08 1.03e-12  -8.5 3.03e-08  -4.6 1.00e+00 1.00e+00h  1
 103  1.3332340e+05 8.44e-09 5.62e+01  -9.3 1.01e-03  -4.2 5.16e-01 1.00e+00h  1
 104  1.3332341e+05 8.43e-09 1.38e+02  -8.9 1.47e-04  -3.7 3.16e-01 1.00e+00h  1
 105  1.3332341e+05 8.42e-09 7.27e-09  -8.9 1.46e-05  -3.3 1.00e+00 1.00e+00h  1
 106  1.3332340e+05 8.42e-09 1.51e+01  -9.2 3.41e-04  -3.8 8.96e-01 1.00e+00h  1
MUMPS returned INFO(1) = -9 and requires more memory, reallocating.  Attempt 1
  Increasing icntl[13] from 1000 to 2000.
 107  1.3332340e+05 8.41e-09 5.37e-08  -9.3 1.21e-04  -3.4 1.00e+00 1.00e+00h  1
 108  1.3332340e+05 8.39e-09 7.82e+01 -11.0 2.70e-04  -2.9 5.60e-01 9.94e-01h  1
 109  1.3332340e+05 3.63e-09 1.14e+02  -9.8 1.52e-04  -3.4 1.35e-01 1.00e+00f  1
iter    objective    inf_pr   inf_du lg(mu)  ||d||  lg(rg) alpha_du alpha_pr  ls
 110  1.3332340e+05 3.49e-09 1.08e-08  -9.8 8.20e-05  -3.9 1.00e+00 1.00e+00h  1
 111  1.3332340e+05 3.49e-09 4.70e+00 -10.2 9.62e-05  -3.5 9.53e-01 1.00e+00h  1
In iteration 111, 1 Slack too small, adjusting variable bound
 112  1.3332340e+05 3.49e-09 1.57e+01 -10.2 3.30e-05  -3.0 3.83e-02 1.24e-01h  1
In iteration 112, 1 Slack too small, adjusting variable bound
 113  1.3332340e+05 3.49e-09 1.26e+02 -10.2 5.22e-05  -3.5 1.00e+00 2.93e-02h  1
In iteration 113, 1 Slack too small, adjusting variable bound
 114  1.3332340e+05 8.88e-09 6.44e+01 -10.2 3.55e-02    -  9.06e-02 4.78e-01h  1
 115  1.3332340e+05 3.49e-09 1.43e-08 -10.2 1.72e-05  -3.1 1.00e+00 1.00e+00h  1
 116  1.3332340e+05 1.22e-08 1.99e+00 -10.5 4.74e-05  -3.6 9.92e-01 1.00e+00H  1
 117  1.3332340e+05 3.49e-09 9.09e-13 -10.6 5.50e-01    -  1.00e+00 1.00e+00h  1

Number of Iterations....: 117

                                   (scaled)                 (unscaled)
Objective...............:   3.3249603302807586e+01    1.3332340183349760e+05
Dual infeasibility......:   9.0949470177292824e-13    3.6468683997703599e-09
Constraint violation....:   3.4858249620128845e-09    3.4858249620128845e-09
Variable bound violation:   9.2032621523685521e-09    9.2032621523685521e-09
Complementarity.........:   3.9752435554754690e-11    1.5939829089266915e-07
Overall NLP error.......:   3.4858249620128845e-09    1.5939829089266915e-07


Number of objective function evaluations             = 139
Number of objective gradient evaluations             = 118
Number of equality constraint evaluations            = 139
Number of inequality constraint evaluations          = 139
Number of equality constraint Jacobian evaluations   = 1
Number of inequality constraint Jacobian evaluations = 1
Number of Lagrangian Hessian evaluations             = 117
Total seconds in IPOPT                               = 9.042

EXIT: Optimal Solution Found.
--- Reading solution for model calib_step2_cps
--- GDX Point h:\windc\github\windc_build\household\calib_step2_cps_p.gdx
--- Executing after solve: elapsed 0:00:11.664
--- hhcalib.gms(975) 226 Mb
--- hhcalib.gms(1153) 226 Mb
--- GDXin=h:\windc\github\windc_build\household\gdx\calib_step3_cps_p.gdx
--- GDX File (execute_load) h:\windc\github\windc_build\household\gdx\calib_step3_cps_p.gdx
--- hhcalib.gms(1157) 226 Mb
--- Generating NLP model calib_step3_cps
--- hhcalib.gms(1159) 228 Mb
---   3,826 rows  18,106 columns  50,695 non-zeroes
---   113,477 nl-code  18,105 nl-non-zeroes
--- Range statistics (absolute non-zero finite values)
--- RHS       [min, max] : [ 1.556E-04, 4.348E+02] - Zero values observed as well
--- Bound     [min, max] : [ 1.000E-05, 1.000E-05] - Zero values observed as well
--- Matrix    [min, max] : [ 6.092E-04, 2.446E+04] - Zero values observed as well
--- hhcalib.gms(1159) 226 Mb
--- Executing IPOPT (Solvelink=2): elapsed 0:00:12.225

COIN-OR Ipopt    42.5.0 cf11b917 Mar 30, 2023          WEI x86 64bit/MS Window

COIN-OR Interior Point Optimizer (Ipopt Library 3.14.10)
written by A. Waechter.

******************************************************************************
This program contains Ipopt, a library for large-scale nonlinear optimization.
 Ipopt is released as open source code under the Eclipse Public License (EPL).
         For more information visit https://github.com/coin-or/Ipopt
******************************************************************************

This is Ipopt version 3.14.10, running with linear solver MUMPS 5.5.1.

Number of nonzeros in equality constraint Jacobian...:    26622
Number of nonzeros in inequality constraint Jacobian.:        0
Number of nonzeros in Lagrangian Hessian.............:    14790

Total number of variables............................:    14790
                     variables with only lower bounds:    14790
                variables with lower and upper bounds:        0
                     variables with only upper bounds:        0
Total number of equality constraints.................:     3825
Total number of inequality constraints...............:        0
        inequality constraints with only lower bounds:        0
   inequality constraints with lower and upper bounds:        0
        inequality constraints with only upper bounds:        0

iter    objective    inf_pr   inf_du lg(mu)  ||d||  lg(rg) alpha_du alpha_pr  ls
   0  3.3669815e+04 3.21e+01 1.41e+00   0.0 0.00e+00    -  0.00e+00 0.00e+00   0
   1  3.3607987e+04 2.50e+01 4.56e+01  -0.9 1.01e+01    -  7.14e-01 2.22e-01h  1
   2  3.5104624e+04 4.09e+00 2.15e+02  -1.4 8.62e+00    -  7.62e-01 8.36e-01h  1
   3  3.5720437e+04 1.34e+00 1.09e+02  -1.8 1.62e+00    -  9.50e-01 6.73e-01h  1
   4  3.6181997e+04 2.81e-01 2.47e+02  -2.0 1.47e+00    -  1.00e+00 7.90e-01h  1
   5  3.6131625e+04 6.31e-02 4.25e+02  -2.4 1.25e+00    -  1.00e+00 7.76e-01h  1
   6  3.6019354e+04 1.87e-07 3.17e+02  -2.6 7.30e-01    -  1.00e+00 1.00e+00h  1
   7  3.5949767e+04 7.38e-08 9.18e+00  -3.1 4.94e-01    -  1.00e+00 1.00e+00f  1
   8  3.5932869e+04 5.59e-08 1.93e-01  -3.9 3.00e-01    -  1.00e+00 1.00e+00f  1
   9  3.5932250e+04 5.42e-09 2.65e-02  -5.1 5.91e-02    -  1.00e+00 1.00e+00f  1
iter    objective    inf_pr   inf_du lg(mu)  ||d||  lg(rg) alpha_du alpha_pr  ls
  10  3.5932247e+04 1.92e-10 1.10e-04  -6.8 3.54e-03    -  1.00e+00 1.00e+00h  1
  11  3.5932247e+04 1.66e-12 1.01e-06 -11.0 6.58e-05    -  1.00e+00 1.00e+00h  1
  12  3.5932247e+04 1.71e-13 5.14e-14 -11.0 2.91e-09    -  1.00e+00 1.00e+00h  1

Number of Iterations....: 12

                                   (scaled)                 (unscaled)
Objective...............:   1.4688153878967549e+02    3.5932246980792275e+04
Dual infeasibility......:   5.1410023423779569e-14    1.2576649687723800e-11
Constraint violation....:   1.7053025658242404e-13    1.7053025658242404e-13
Variable bound violation:   0.0000000000000000e+00    0.0000000000000000e+00
Complementarity.........:   1.0000000022890864e-11    2.4463419541442074e-09
Overall NLP error.......:   1.0000000022890864e-11    2.4463419541442074e-09


Number of objective function evaluations             = 13
Number of objective gradient evaluations             = 13
Number of equality constraint evaluations            = 13
Number of inequality constraint evaluations          = 0
Number of equality constraint Jacobian evaluations   = 1
Number of inequality constraint Jacobian evaluations = 0
Number of Lagrangian Hessian evaluations             = 12
Total seconds in IPOPT                               = 0.923

EXIT: Optimal Solution Found.
--- Reading solution for model calib_step3_cps
--- GDX Point h:\windc\github\windc_build\household\calib_step3_cps_p.gdx
--- Executing after solve: elapsed 0:00:13.559
--- hhcalib.gms(1168) 226 Mb
--- hhcalib.gms(1216) 226 Mb
--- GDX File (execute_unload) h:\windc\github\windc_build\household\gdx\calibrated_hhdata_cps_static_2017.gdx
--- hhcalib.gms(1220) 226 Mb
--- GDX File (execute_unload) h:\windc\github\windc_build\household\gdx\capital_taxrate_2017.gdx
*** Status: Normal completion
--- Job hhcalib.gms Stop 06/08/23 15:53:58 elapsed 0:00:13.961
