--- Job hhcalib Start 06/08/23 15:54:31 42.5.0 cf11b917 WEX-WEI x86 64bit/MS Windows
--- Applying:
    C:\GAMS\42\gmsprmNT.txt
--- GAMS Parameters defined
    Input h:\windc\github\windc_build\household\hhcalib.gms
    Output h:\windc\github\windc_build\household\lst\hhcalib_2017_soi_dynamic.lst
    ScrDir h:\windc\github\windc_build\household\225b\
    SysDir C:\GAMS\42\
    LogOption 4
    LogFile h:\windc\github\windc_build\household\lst\hhcalib_2017_soi_dynamic.log
    --year 2017
    --hhdata soi
    --invest dynamic
    --puttitle no
Licensee: Small MUD - 5 User License                     G230511|0002AO-GEN
          University of Wisconsin-Madison, Agricultural & Applied EconDC289
          C:\Users\Thomas F. Rutherford\Documents\GAMS\gamslice.txt
          License Admin: Thomas F. Rutherford, rutherford@aae.wisc.edu     
Processor information: 1 socket(s), 12 core(s), and 24 thread(s) available
GAMS 42.5.0   Copyright (C) 1987-2023 GAMS Development. All rights reserved
--- Starting compilation
--- hhcalib.gms(63) 2 Mb
--- . windc_coredata.gms(17) 2 Mb
--- GDXin=h:\windc\github\windc_build\core\WiNDCdatabase.gdx
--- GDX File ($gdxIn) h:\windc\github\windc_build\core\WiNDCdatabase.gdx
--- . windc_coredata.gms(209) 202 Mb
--- hhcalib.gms(89) 202 Mb
--- GDXin=h:\windc\github\windc_build\household\gdx\capital_tax_rates.gdx
--- GDX File ($gdxIn) h:\windc\github\windc_build\household\gdx\capital_tax_rates.gdx
--- hhcalib.gms(121) 202 Mb
--- GDXin=h:\windc\github\windc_build\household\gdx\soi_data_2017.gdx
--- GDX File ($gdxIn) h:\windc\github\windc_build\household\gdx\soi_data_2017.gdx
--- hhcalib.gms(130) 202 Mb
--- GDXin=h:\windc\github\windc_build\household\gdx\cps_data_2017.gdx
--- GDX File ($gdxIn) h:\windc\github\windc_build\household\gdx\cps_data_2017.gdx
--- hhcalib.gms(333) 202 Mb
--- . hh_calib_aggregate_regions.map(68) 202 Mb
--- hhcalib.gms(840) 202 Mb
--- call csv2gdx data_sources\cex\national_income_elasticities_CEX_2013_2017.csv output=gdx\national_income_elasticities_CEX_2013_2017.gdx id=regres index=1 useHeader=y value=2,3,4
--- hhcalib.gms(841) 202 Mb
--- GDXin=h:\windc\github\windc_build\household\gdx\national_income_elasticities_CEX_2013_2017.gdx
--- GDX File ($gdxIn) h:\windc\github\windc_build\household\gdx\national_income_elasticities_CEX_2013_2017.gdx
--- hhcalib.gms(847) 202 Mb
--- call csv2gdx data_sources\cex\windc_pce_map.csv output=gdx\windc_pce_map.gdx id=pcebridge index=1,2 useHeader=y value=3,4,5
--- hhcalib.gms(848) 202 Mb
--- GDXin=h:\windc\github\windc_build\household\gdx\windc_pce_map.gdx
--- GDX File ($gdxIn) h:\windc\github\windc_build\household\gdx\windc_pce_map.gdx
--- hhcalib.gms(963) 202 Mb
--- Starting execution: elapsed 0:00:00.582
--- hhcalib.gms(271) 221 Mb
--- GDX File (execute_unload) h:\windc\github\windc_build\household\225b\totgdp.gdx
--- hhcalib.gms(272) 221 Mb
--- hhcalib.gms(517) 221 Mb
--- Generating QCP model partial_ss
--- hhcalib.gms(518) 223 Mb
---   52 rows  3,622 columns  5,195 non-zeroes
---   7,868 nl-code  1,573 nl-non-zeroes
--- Range statistics (absolute non-zero finite values)
--- RHS       [min, max] : [ 7.001E+00, 7.758E+02] - Zero values observed as well
--- Bound     [min, max] : [ 3.076E-06, 6.707E+01] - Zero values observed as well
--- Matrix    [min, max] : [ 1.000E+00, 1.000E+00] - Zero values observed as well
--- hhcalib.gms(518) 221 Mb
--- Executing CPLEX (Solvelink=2): elapsed 0:00:01.796

IBM ILOG CPLEX   42.5.0 cf11b917 Mar 30, 2023          WEI x86 64bit/MS Window

--- GAMS/Cplex licensed for continuous and discrete problems.
--- GMO Q Extraction (ThreePass): 0.00s
--- GMO setup time: 0.00s
--- Space for names approximately 0.07 Mb
--- Use option 'names no' to turn use of names off
--- GMO memory 1.19 Mb (peak 1.25 Mb)
--- Dictionary memory 0.00 Mb
--- Cplex 22.1.1.0 link memory 0.07 Mb (peak 0.25 Mb)
--- Starting Cplex

Version identifier: 22.1.1.0 | 2022-11-27 | 9160aff4d
CPXPARAM_Advance                                 0
CPXPARAM_Threads                                 1
CPXPARAM_MIP_Display                             4
CPXPARAM_MIP_Pool_Capacity                       0
CPXPARAM_MIP_Tolerances_AbsMIPGap                0
Tried aggregator 1 time.
QP Presolve eliminated 0 rows and 2049 columns.
Reduced QP has 51 rows, 1573 columns, and 1573 nonzeros.
Reduced QP objective Q matrix has 1573 nonzeros.
Presolve time = 0.00 sec. (0.75 ticks)
Parallel mode: none, using 1 thread for barrier
Number of nonzeros in lower triangle of A*A' = 0
Using Approximate Minimum Degree ordering
Total time for automatic ordering = 0.00 sec. (0.01 ticks)
Summary statistics for Cholesky factor:
  Rows in Factor            = 51
  Integer space required    = 51
  Total non-zeros in factor = 51
  Total FP ops to factor    = 51
 Itn      Primal Obj        Dual Obj  Prim Inf Upper Inf  Dual Inf          
   0   1.3759125e+06  -1.3760187e+06  3.14e+02  0.00e+00  1.90e+06
   1   3.8572499e+05  -3.9214228e+05  1.66e+02  0.00e+00  1.01e+06
   2   1.5646637e+04  -1.6333518e+04  3.19e+01  0.00e+00  1.94e+05
   3   1.5391869e+03  -1.3800184e+02  5.51e+00  0.00e+00  3.35e+04
   4   1.0429222e+03   8.7390302e+02  9.26e-01  0.00e+00  5.62e+03
   5   1.0259244e+03   9.5215548e+02  4.49e-01  0.00e+00  2.73e+03
   6   1.0215292e+03   9.8084233e+02  2.62e-01  0.00e+00  1.59e+03
   7   1.0180725e+03   1.0172739e+03  1.83e-03  0.00e+00  1.11e+01
   8   1.0180415e+03   1.0180273e+03  9.07e-06  0.00e+00  5.52e-02
   9   1.0180412e+03   1.0180410e+03  4.53e-08  0.00e+00  2.75e-04
  10   1.0180412e+03   1.0180412e+03  2.27e-10  0.00e+00  1.37e-06
Barrier time = 0.00 sec. (3.25 ticks)

Total time on 1 threads = 0.00 sec. (3.25 ticks)

--- QP status (1): optimal.
--- Cplex Time: 0.00sec (det. 3.25 ticks)


Optimal solution found
Objective:         1018.041194

--- Reading solution for model partial_ss
--- Executing after solve: elapsed 0:00:01.906
--- hhcalib.gms(523) 221 Mb
--- GDX File (execute_unload) h:\windc\github\windc_build\household\gdx\i0_2017.gdx
--- hhcalib.gms(784) 221 Mb
--- Generating NLP model calib_step1_soi
--- hhcalib.gms(787) 223 Mb
---   99 rows  147 columns  447 non-zeroes
---   562 nl-code  105 nl-non-zeroes
--- Range statistics (absolute non-zero finite values)
--- RHS       [min, max] : [ 1.040E+02, 6.085E+03] - Zero values observed as well
--- Bound     [min, max] : [ 1.000E-02, 7.219E+02] - Zero values observed as well
--- Matrix    [min, max] : [ 8.118E-04, 1.000E+00] - Zero values observed as well
--- hhcalib.gms(787) 221 Mb
--- Executing IPOPT (Solvelink=2): elapsed 0:00:01.954

COIN-OR Ipopt    42.5.0 cf11b917 Mar 30, 2023          WEI x86 64bit/MS Window

COIN-OR Interior Point Optimizer (Ipopt Library 3.14.10)
written by A. Waechter.

******************************************************************************
This program contains Ipopt, a library for large-scale nonlinear optimization.
 Ipopt is released as open source code under the Eclipse Public License (EPL).
         For more information visit https://github.com/coin-or/Ipopt
******************************************************************************

This is Ipopt version 3.14.10, running with linear solver MUMPS 5.5.1.

Number of nonzeros in equality constraint Jacobian...:      301
Number of nonzeros in inequality constraint Jacobian.:       40
Number of nonzeros in Lagrangian Hessian.............:      205

Total number of variables............................:      146
                     variables with only lower bounds:       90
                variables with lower and upper bounds:       36
                     variables with only upper bounds:        0
Total number of equality constraints.................:       90
Total number of inequality constraints...............:        8
        inequality constraints with only lower bounds:        4
   inequality constraints with lower and upper bounds:        0
        inequality constraints with only upper bounds:        4

iter    objective    inf_pr   inf_du lg(mu)  ||d||  lg(rg) alpha_du alpha_pr  ls
   0  1.9142032e+00 4.94e+03 1.13e+03   0.0 0.00e+00    -  0.00e+00 0.00e+00   0
WARNING: Problem in step computation; switching to emergency mode.
   1r 1.9142032e+00 4.94e+03 9.99e+02   3.7 0.00e+00  20.0 0.00e+00 0.00e+00R  1
WARNING: Problem in step computation; switching to emergency mode.
Cannot call restoration phase at point that is almost feasible for the restoration NLP (violation 0.000000e+00).
Abort in line search due to no other fall back.
Step computation in the restoration phase failed.

Number of Iterations....: 1

                                   (scaled)                 (unscaled)
Objective...............:   1.9142032204873516e+00    1.9142032204873516e+00
Dual infeasibility......:   1.1336026067506425e+03    1.1336026067506425e+03
Constraint violation....:   4.9397349795086984e+03    4.9397349795086984e+03
Variable bound violation:   0.0000000000000000e+00    0.0000000000000000e+00
Complementarity.........:   6.1590342985567293e+02    6.1590342985567293e+02
Overall NLP error.......:   4.9397349795086984e+03    4.9397349795086984e+03


Number of objective function evaluations             = 2
Number of objective gradient evaluations             = 2
Number of equality constraint evaluations            = 2
Number of inequality constraint evaluations          = 2
Number of equality constraint Jacobian evaluations   = 1
Number of inequality constraint Jacobian evaluations = 1
Number of Lagrangian Hessian evaluations             = 2
Total seconds in IPOPT                               = 0.018

EXIT: Restoration Failed!
--- Reading solution for model calib_step1_soi
--- Executing after solve: elapsed 0:00:02.039
--- hhcalib.gms(789) 221 Mb
--- Generating NLP model calib_step1_soi
--- hhcalib.gms(791) 223 Mb
---   99 rows  147 columns  447 non-zeroes
---   562 nl-code  105 nl-non-zeroes
--- Range statistics (absolute non-zero finite values)
--- RHS       [min, max] : [ 1.040E+02, 6.085E+03] - Zero values observed as well
--- Bound     [min, max] : [ 1.000E-02, 7.219E+02] - Zero values observed as well
--- Matrix    [min, max] : [ 8.118E-04, 1.135E+03] - Zero values observed as well
--- hhcalib.gms(791) 221 Mb
--- Executing CONOPT (Solvelink=2): elapsed 0:00:02.071

CONOPT 3         42.5.0 cf11b917 Mar 30, 2023          WEI x86 64bit/MS Window

 
 
    C O N O P T 3   version 3.17N
    Copyright (C)   ARKI Consulting and Development A/S
                    Bagsvaerdvej 246 A
                    DK-2880 Bagsvaerd, Denmark
 
 
   Iter Phase Ninf   Infeasibility   RGmax    NSB   Step InItr MX OK
      0   0        1.6514957683E+04 (Input point)
 
                   Pre-triangular equations:   44
                   Post-triangular equations:  21
                   Definitional equations:     12
 
      1   0        1.1621348182E+04 (After pre-processing)
      2   0        9.2036565551E+00 (After scaling)
 
 ** Feasible solution. Value of objective =    22726910.1421
 
   Iter Phase Ninf     Objective     RGmax    NSB   Step InItr MX OK
     11   3        2.1307359613E+07 6.4E+06    47 1.0E+00    2 T  T
     21   3        6.5610705057E+06 4.7E+05    39 4.1E-02    3 F  T
     31   4        6.4240028129E+06 5.5E+05    35 1.1E-01      F  T
     36   4        6.3746230465E+06 7.1E+04    33 1.0E+00    2 T  T
     41   4        6.6113748322E+05 1.8E+04    24 1.0E+00   15 T  T
     46   4        6.5701590451E+05 2.7E-08    22
 
 ** Optimal solution. Reduced gradient less than tolerance.
 
--- Reading solution for model calib_step1_soi
--- Executing after solve: elapsed 0:00:02.130
--- hhcalib.gms(978) 221 Mb
--- GDXin=h:\windc\github\windc_build\household\gdx\calib_step2_soi_p.gdx
--- GDX File (execute_load) h:\windc\github\windc_build\household\gdx\calib_step2_soi_p.gdx
--- hhcalib.gms(984) 221 Mb
--- Generating NLP model calib_step2_soi
--- hhcalib.gms(986) 227 Mb
---   1,327 rows  14,542 columns  83,392 non-zeroes
---   19,892 nl-code  14,030 nl-non-zeroes
--- Range statistics (absolute non-zero finite values)
--- RHS       [min, max] : [ 1.913E-01, 6.085E+03] - Zero values observed as well
--- Bound     [min, max] : [ 1.786E-03, 5.082E+02] - Zero values observed as well
--- Matrix    [min, max] : [ 8.102E-09, 1.731E+02]
--- hhcalib.gms(986) 225 Mb
--- Executing IPOPT (Solvelink=2): elapsed 0:00:02.487

COIN-OR Ipopt    42.5.0 cf11b917 Mar 30, 2023          WEI x86 64bit/MS Window

COIN-OR Interior Point Optimizer (Ipopt Library 3.14.10)
written by A. Waechter.

******************************************************************************
This program contains Ipopt, a library for large-scale nonlinear optimization.
 Ipopt is released as open source code under the Eclipse Public License (EPL).
         For more information visit https://github.com/coin-or/Ipopt
******************************************************************************

This is Ipopt version 3.14.10, running with linear solver MUMPS 5.5.1.

Number of nonzeros in equality constraint Jacobian...:    17486
Number of nonzeros in inequality constraint Jacobian.:     3925
Number of nonzeros in Lagrangian Hessian.............:    31085

Total number of variables............................:     4951
                     variables with only lower bounds:     3982
                variables with lower and upper bounds:      714
                     variables with only upper bounds:        0
Total number of equality constraints.................:      969
Total number of inequality constraints...............:      357
        inequality constraints with only lower bounds:       51
   inequality constraints with lower and upper bounds:        0
        inequality constraints with only upper bounds:      306

iter    objective    inf_pr   inf_du lg(mu)  ||d||  lg(rg) alpha_du alpha_pr  ls
   0  1.1612262e+05 1.49e+03 1.00e+02   0.0 0.00e+00    -  0.00e+00 0.00e+00   0
   1  1.1611673e+05 1.49e+03 1.69e+02  -0.4 1.49e+03    -  1.69e-02 1.48e-04f  1
   2  1.1591217e+05 1.48e+03 4.38e+03   0.3 1.49e+03    -  8.24e-02 4.04e-03f  1
   3  1.1510031e+05 1.44e+03 4.84e+03   0.1 1.48e+03    -  5.15e-02 2.83e-02f  1
   4  1.1335816e+05 1.32e+03 1.16e+04   0.3 1.44e+03    -  2.38e-01 8.07e-02f  1
   5  1.1269780e+05 1.17e+03 1.46e+04   0.1 1.32e+03    -  3.52e-01 1.14e-01f  1
   6  1.1290291e+05 1.05e+03 8.93e+04   0.7 1.17e+03    -  1.00e+00 1.01e-01h  1
   7  1.1399905e+05 7.27e+02 5.09e+04   0.7 1.05e+03    -  7.17e-01 3.09e-01h  1
   8  1.1538041e+05 2.58e+02 1.12e+04   0.1 7.27e+02    -  1.00e+00 6.45e-01h  1
   9  1.1590772e+05 5.56e+01 2.22e+03  -0.5 2.58e+02    -  1.00e+00 7.85e-01h  1
iter    objective    inf_pr   inf_du lg(mu)  ||d||  lg(rg) alpha_du alpha_pr  ls
  10  1.1597231e+05 2.64e+01 4.43e+03  -0.5 5.56e+01    -  1.00e+00 5.24e-01h  1
  11  1.1598150e+05 7.39e+00 1.04e+03  -1.0 2.64e+01    -  1.00e+00 7.21e-01h  1
  12  1.1597649e+05 2.81e+00 8.52e+02  -1.3 7.39e+00    -  1.00e+00 6.20e-01h  1
  13  1.1597083e+05 2.74e-01 1.26e+02  -2.0 2.81e+00    -  1.00e+00 9.03e-01h  1
  14  1.1596963e+05 3.39e-02 5.05e+01  -3.1 2.74e-01    -  1.00e+00 8.76e-01h  1
  15  1.1596937e+05 1.08e-03 2.34e+00  -4.5 4.61e-02    -  1.00e+00 9.68e-01h  1
  16  1.1596935e+05 8.47e-06 1.88e-01  -6.3 1.51e-02    -  1.00e+00 9.92e-01h  1
  17  1.1596935e+05 5.19e-07 8.32e+00  -6.4 4.52e-03  -4.0 1.00e+00 9.39e-01h  1
  18  1.1596935e+05 2.51e-08 5.80e+00  -6.1 1.52e-04  -4.5 1.00e+00 9.52e-01h  1
  19  1.1596935e+05 1.83e-08 3.31e-09  -6.2 3.73e-05  -4.1 1.00e+00 1.00e+00h  1
In iteration 19, 1 Slack too small, adjusting variable bound
iter    objective    inf_pr   inf_du lg(mu)  ||d||  lg(rg) alpha_du alpha_pr  ls
  20  1.1596935e+05 2.74e-08 1.60e+00 -11.0 6.87e-06  -4.5 1.00e+00 9.90e-01h  1
MUMPS returned INFO(1) = -9 and requires more memory, reallocating.  Attempt 1
  Increasing icntl[13] from 1000 to 2000.
  21  1.1596935e+05 2.73e-08 6.65e+02  -6.4 2.73e+03    -  4.30e-01 9.13e-03f  1
  22  1.1596935e+05 1.72e-08 1.77e+02  -6.9 6.48e-02  -4.1 7.10e-01 1.00e+00h  1
  23  1.1596935e+05 2.29e-08 1.26e+01  -6.9 1.71e-02  -4.6 7.60e-01 1.00e+00h  1
  24  1.1596935e+05 2.17e-08 5.16e+01  -6.9 1.21e-02  -4.2 7.57e-01 1.00e+00h  1
  25  1.1596935e+05 1.59e-08 8.52e-07  -6.9 4.55e-03  -3.7 1.00e+00 1.00e+00h  1
  26  1.1596935e+05 1.29e-08 2.12e+02  -7.4 3.89e-03  -4.2 4.47e-01 1.00e+00H  1
  27  1.1596935e+05 2.76e-08 9.11e+01  -7.2 2.52e-03  -3.8 6.14e-01 1.00e+00h  1
  28  1.1596935e+05 1.44e-08 3.95e-07  -7.2 7.13e-03  -4.3 1.00e+00 1.00e+00h  1
  29  1.1596935e+05 9.55e-09 9.57e+01  -9.3 2.18e-05  -3.8 4.07e-01 1.00e+00H  1
In iteration 29, 1 Slack too small, adjusting variable bound
iter    objective    inf_pr   inf_du lg(mu)  ||d||  lg(rg) alpha_du alpha_pr  ls
  30  1.1596935e+05 2.33e-06 2.57e+02  -7.6 3.33e-03  -4.3 4.76e-02 3.95e-01h  1
In iteration 30, 1 Slack too small, adjusting variable bound
  31  1.1596935e+05 1.32e-06 2.06e+02  -7.6 1.26e-03  -3.9 2.04e-01 4.34e-01h  1
  32  1.1596935e+05 2.64e-08 1.95e+02  -7.6 3.69e-03  -4.4 7.90e-02 1.00e+00h  1
  33  1.1596935e+05 1.74e-08 1.11e+02  -7.6 1.38e-03  -3.9 5.93e-01 9.54e-01h  1
In iteration 33, 1 Slack too small, adjusting variable bound
  34  1.1596935e+05 9.06e-09 1.15e+02  -7.6 4.01e-03  -4.4 2.20e-01 6.18e-01f  1
  35  1.1596935e+05 9.00e-09 1.01e+02  -7.6 1.51e-03  -4.0 4.23e-01 1.00e+00h  1
In iteration 35, 1 Slack too small, adjusting variable bound
  36  1.1596935e+05 8.93e-09 6.15e+01  -7.6 5.64e-04  -3.6 5.67e-01 8.05e-01h  1
  37  1.1596935e+05 8.81e-09 1.55e-07  -7.6 1.67e-03  -4.0 1.00e+00 1.00e+00h  1
  38  1.1596935e+05 9.53e-09 3.89e+01  -9.7 5.28e-06  -3.6 5.18e-01 1.00e+00h  1
  39  1.1596935e+05 9.29e-09 5.94e+01  -8.1 6.49e-04  -4.1 5.72e-01 1.00e+00h  1
iter    objective    inf_pr   inf_du lg(mu)  ||d||  lg(rg) alpha_du alpha_pr  ls
  40  1.1596935e+05 9.09e-09 1.35e+02  -8.1 2.43e-04  -3.7 1.46e-01 1.00e+00h  1
  41  1.1596935e+05 9.07e-09 2.49e-08  -8.4 4.26e-05  -3.2 1.00e+00 1.00e+00h  1

Number of Iterations....: 41

                                   (scaled)                 (unscaled)
Objective...............:   6.7012798679874904e+04    1.1596935210311862e+05
Dual infeasibility......:   2.4892585204368391e-08    4.3077994579999949e-08
Constraint violation....:   9.0656726570159663e-09    9.0656726570159663e-09
Variable bound violation:   1.0465583955010516e-08    1.0465583955010516e-08
Complementarity.........:   1.0190219012441368e-08    1.7634737243358969e-08
Overall NLP error.......:   9.0656726570159663e-09    4.3077994579999949e-08


Number of objective function evaluations             = 45
Number of objective gradient evaluations             = 42
Number of equality constraint evaluations            = 45
Number of inequality constraint evaluations          = 45
Number of equality constraint Jacobian evaluations   = 1
Number of inequality constraint Jacobian evaluations = 1
Number of Lagrangian Hessian evaluations             = 41
Total seconds in IPOPT                               = 2.567

EXIT: Optimal Solution Found.
--- Reading solution for model calib_step2_soi
--- GDX Point h:\windc\github\windc_build\household\calib_step2_soi_p.gdx
--- Executing after solve: elapsed 0:00:05.416
--- hhcalib.gms(995) 225 Mb
--- hhcalib.gms(1173) 225 Mb
--- GDXin=h:\windc\github\windc_build\household\gdx\calib_step3_soi_p.gdx
--- GDX File (execute_load) h:\windc\github\windc_build\household\gdx\calib_step3_soi_p.gdx
--- hhcalib.gms(1177) 225 Mb
--- Generating NLP model calib_step3_soi
--- hhcalib.gms(1179) 228 Mb
---   3,826 rows  18,106 columns  50,695 non-zeroes
---   113,477 nl-code  18,105 nl-non-zeroes
--- Range statistics (absolute non-zero finite values)
--- RHS       [min, max] : [ 1.556E-04, 4.886E+02] - Zero values observed as well
--- Bound     [min, max] : [ 1.000E-05, 1.000E-05] - Zero values observed as well
--- Matrix    [min, max] : [ 5.528E-04, 3.214E+04] - Zero values observed as well
--- hhcalib.gms(1179) 226 Mb
--- Executing IPOPT (Solvelink=2): elapsed 0:00:06.000

COIN-OR Ipopt    42.5.0 cf11b917 Mar 30, 2023          WEI x86 64bit/MS Window

COIN-OR Interior Point Optimizer (Ipopt Library 3.14.10)
written by A. Waechter.

******************************************************************************
This program contains Ipopt, a library for large-scale nonlinear optimization.
 Ipopt is released as open source code under the Eclipse Public License (EPL).
         For more information visit https://github.com/coin-or/Ipopt
******************************************************************************

This is Ipopt version 3.14.10, running with linear solver MUMPS 5.5.1.

Number of nonzeros in equality constraint Jacobian...:    26622
Number of nonzeros in inequality constraint Jacobian.:        0
Number of nonzeros in Lagrangian Hessian.............:    14790

Total number of variables............................:    14790
                     variables with only lower bounds:    14790
                variables with lower and upper bounds:        0
                     variables with only upper bounds:        0
Total number of equality constraints.................:     3825
Total number of inequality constraints...............:        0
        inequality constraints with only lower bounds:        0
   inequality constraints with lower and upper bounds:        0
        inequality constraints with only upper bounds:        0

iter    objective    inf_pr   inf_du lg(mu)  ||d||  lg(rg) alpha_du alpha_pr  ls
   0  3.0331969e+04 1.09e-01 1.31e+00   0.0 0.00e+00    -  0.00e+00 0.00e+00   0
   1  3.2586354e+04 3.10e-03 2.77e+01  -6.0 1.02e-02    -  9.90e-01 9.72e-01h  1
   2  3.2823471e+04 9.31e-04 2.05e+02  -4.1 1.73e-02    -  9.89e-01 7.00e-01h  1
   3  3.2946468e+04 1.77e-04 2.34e+02  -3.9 2.41e-02    -  1.00e+00 8.09e-01h  1
   4  3.2982491e+04 5.19e-08 1.70e+02  -3.7 3.40e-02    -  1.00e+00 1.00e+00h  1
   5  3.2995391e+04 6.16e-08 3.25e+01  -3.0 2.19e-01    -  1.00e+00 1.00e+00f  1
   6  3.2989799e+04 6.12e-09 6.84e+00  -3.1 6.10e-02    -  1.00e+00 1.00e+00f  1
   7  3.2989687e+04 9.76e-10 2.34e-02  -3.1 1.46e-03    -  1.00e+00 1.00e+00h  1
   8  3.2981576e+04 4.91e-08 1.46e-01  -4.0 1.86e-01    -  9.95e-01 1.00e+00f  1
   9  3.2981248e+04 4.06e-09 3.63e-05  -5.7 3.63e-02    -  1.00e+00 1.00e+00f  1
iter    objective    inf_pr   inf_du lg(mu)  ||d||  lg(rg) alpha_du alpha_pr  ls
  10  3.2981248e+04 3.57e-11 1.80e-04 -11.0 9.11e-04    -  9.98e-01 1.00e+00h  1
  11  3.2981248e+04 2.84e-13 5.47e-12 -11.0 1.07e-06    -  1.00e+00 1.00e+00h  1

Number of Iterations....: 11

                                   (scaled)                 (unscaled)
Objective...............:   1.0262718945736958e+02    3.2981247655916704e+04
Dual infeasibility......:   5.4736819189628999e-12    1.7590743731125841e-09
Constraint violation....:   2.8421709430404007e-13    2.8421709430404007e-13
Variable bound violation:   0.0000000000000000e+00    0.0000000000000000e+00
Complementarity.........:   1.0018516056740633e-11    3.2196454074131661e-09
Overall NLP error.......:   1.0018516056740633e-11    3.2196454074131661e-09


Number of objective function evaluations             = 12
Number of objective gradient evaluations             = 12
Number of equality constraint evaluations            = 12
Number of inequality constraint evaluations          = 0
Number of equality constraint Jacobian evaluations   = 1
Number of inequality constraint Jacobian evaluations = 0
Number of Lagrangian Hessian evaluations             = 11
Total seconds in IPOPT                               = 0.816

EXIT: Optimal Solution Found.
--- Reading solution for model calib_step3_soi
--- GDX Point h:\windc\github\windc_build\household\calib_step3_soi_p.gdx
--- Executing after solve: elapsed 0:00:07.243
--- hhcalib.gms(1188) 226 Mb
--- hhcalib.gms(1236) 226 Mb
--- GDX File (execute_unload) h:\windc\github\windc_build\household\gdx\calibrated_hhdata_soi_dynamic_2017.gdx
--- hhcalib.gms(1240) 226 Mb
--- GDX File (execute_unload) h:\windc\github\windc_build\household\gdx\capital_taxrate_2017.gdx
*** Status: Normal completion
--- Job hhcalib.gms Stop 06/08/23 15:54:39 elapsed 0:00:07.647
