--- Job hhcalib Start 06/08/23 15:51:36 42.5.0 cf11b917 WEX-WEI x86 64bit/MS Windows
--- Applying:
    C:\GAMS\42\gmsprmNT.txt
--- GAMS Parameters defined
    Input h:\windc\github\windc_build\household\hhcalib.gms
    Output h:\windc\github\windc_build\household\lst\hhcalib_2014_cps_static.lst
    ScrDir h:\windc\github\windc_build\household\225b\
    SysDir C:\GAMS\42\
    LogOption 4
    LogFile h:\windc\github\windc_build\household\lst\hhcalib_2014_cps_static.log
    --year 2014
    --hhdata cps
    --invest static
    --puttitle no
Licensee: Small MUD - 5 User License                     G230511|0002AO-GEN
          University of Wisconsin-Madison, Agricultural & Applied EconDC289
          C:\Users\Thomas F. Rutherford\Documents\GAMS\gamslice.txt
          License Admin: Thomas F. Rutherford, rutherford@aae.wisc.edu     
Processor information: 1 socket(s), 12 core(s), and 24 thread(s) available
GAMS 42.5.0   Copyright (C) 1987-2023 GAMS Development. All rights reserved
--- Starting compilation
--- hhcalib.gms(63) 2 Mb
--- . windc_coredata.gms(17) 2 Mb
--- GDXin=h:\windc\github\windc_build\core\WiNDCdatabase.gdx
--- GDX File ($gdxIn) h:\windc\github\windc_build\core\WiNDCdatabase.gdx
--- . windc_coredata.gms(209) 202 Mb
--- hhcalib.gms(89) 202 Mb
--- GDXin=h:\windc\github\windc_build\household\gdx\capital_tax_rates.gdx
--- GDX File ($gdxIn) h:\windc\github\windc_build\household\gdx\capital_tax_rates.gdx
--- hhcalib.gms(121) 202 Mb
--- GDXin=h:\windc\github\windc_build\household\gdx\cps_data_2014.gdx
--- GDX File ($gdxIn) h:\windc\github\windc_build\household\gdx\cps_data_2014.gdx
--- hhcalib.gms(136) 202 Mb
--- GDXin=h:\windc\github\windc_build\household\gdx\capital_gains_2014.gdx
--- GDX File ($gdxIn) h:\windc\github\windc_build\household\gdx\capital_gains_2014.gdx
--- hhcalib.gms(144) 202 Mb
--- GDXin=h:\windc\github\windc_build\household\gdx\labor_tax_rates.gdx
--- GDX File ($gdxIn) h:\windc\github\windc_build\household\gdx\labor_tax_rates.gdx
--- hhcalib.gms(333) 202 Mb
--- . hh_calib_aggregate_regions.map(68) 202 Mb
--- hhcalib.gms(840) 202 Mb
--- call csv2gdx data_sources\cex\national_income_elasticities_CEX_2013_2017.csv output=gdx\national_income_elasticities_CEX_2013_2017.gdx id=regres index=1 useHeader=y value=2,3,4
--- hhcalib.gms(841) 202 Mb
--- GDXin=h:\windc\github\windc_build\household\gdx\national_income_elasticities_CEX_2013_2017.gdx
--- GDX File ($gdxIn) h:\windc\github\windc_build\household\gdx\national_income_elasticities_CEX_2013_2017.gdx
--- hhcalib.gms(847) 202 Mb
--- call csv2gdx data_sources\cex\windc_pce_map.csv output=gdx\windc_pce_map.gdx id=pcebridge index=1,2 useHeader=y value=3,4,5
--- hhcalib.gms(848) 202 Mb
--- GDXin=h:\windc\github\windc_build\household\gdx\windc_pce_map.gdx
--- GDX File ($gdxIn) h:\windc\github\windc_build\household\gdx\windc_pce_map.gdx
--- hhcalib.gms(963) 202 Mb
--- Starting execution: elapsed 0:00:00.568
--- hhcalib.gms(271) 221 Mb
--- GDX File (execute_unload) h:\windc\github\windc_build\household\225b\totgdp.gdx
--- hhcalib.gms(272) 221 Mb
--- hhcalib.gms(764) 221 Mb
--- Generating NLP model calib_step1_cps
--- hhcalib.gms(767) 223 Mb
---   102 rows  347 columns  1,027 non-zeroes
---   1,562 nl-code  305 nl-non-zeroes
--- Range statistics (absolute non-zero finite values)
--- RHS       [min, max] : [ 1.386E+01, 5.543E+03] - Zero values observed as well
--- Bound     [min, max] : [ 5.704E-03, 6.885E+02] - Zero values observed as well
--- Matrix    [min, max] : [ 9.623E-04, 5.107E+05] - Zero values observed as well
--- hhcalib.gms(767) 221 Mb
--- Executing IPOPT (Solvelink=2): elapsed 0:00:01.670

COIN-OR Ipopt    42.5.0 cf11b917 Mar 30, 2023          WEI x86 64bit/MS Window

COIN-OR Interior Point Optimizer (Ipopt Library 3.14.10)
written by A. Waechter.

******************************************************************************
This program contains Ipopt, a library for large-scale nonlinear optimization.
 Ipopt is released as open source code under the Eclipse Public License (EPL).
         For more information visit https://github.com/coin-or/Ipopt
******************************************************************************

This is Ipopt version 3.14.10, running with linear solver MUMPS 5.5.1.

Number of nonzeros in equality constraint Jacobian...:      721
Number of nonzeros in inequality constraint Jacobian.:        0
Number of nonzeros in Lagrangian Hessian.............:      605

Total number of variables............................:      346
                     variables with only lower bounds:       70
                variables with lower and upper bounds:      256
                     variables with only upper bounds:        0
Total number of equality constraints.................:      101
Total number of inequality constraints...............:        0
        inequality constraints with only lower bounds:        0
   inequality constraints with lower and upper bounds:        0
        inequality constraints with only upper bounds:        0

iter    objective    inf_pr   inf_du lg(mu)  ||d||  lg(rg) alpha_du alpha_pr  ls
   0  2.2633693e+05 2.70e+03 1.01e+02   0.0 0.00e+00    -  0.00e+00 0.00e+00   0
   1  2.0555155e+05 2.31e+03 3.35e+03  -4.8 9.54e+02    -  4.26e-05 1.44e-01h  1
   2  2.5812895e+05 1.93e+03 2.80e+03  -0.9 7.60e+02    -  1.12e-01 1.64e-01h  1
   3  2.5852474e+05 1.93e+03 2.79e+03   1.1 6.20e+02    -  4.67e-01 3.39e-03f  1
   4  1.3155904e+06 5.27e-05 2.36e+00   1.0 5.95e+02    -  3.72e-01 1.00e+00f  1
   5  1.2022659e+06 3.74e-08 1.66e-01  -0.1 1.61e+02    -  9.73e-01 1.00e+00f  1
   6  1.1419459e+06 8.91e-10 4.48e-04  -0.6 3.60e+01    -  1.00e+00 1.00e+00f  1
   7  1.0961112e+06 2.30e-10 7.99e-03  -1.1 1.62e+01    -  9.96e-01 9.72e-01f  1
   8  1.0758215e+06 7.49e-11 9.17e-03  -1.7 8.89e+00    -  1.00e+00 8.62e-01f  1
   9  1.0677443e+06 1.61e-10 1.86e-02  -2.2 5.86e+00    -  9.96e-01 6.72e-01f  1
iter    objective    inf_pr   inf_du lg(mu)  ||d||  lg(rg) alpha_du alpha_pr  ls
  10  1.0627110e+06 1.63e-10 6.10e-03  -2.8 4.65e+00    -  7.88e-01 7.31e-01f  1
  11  1.0618641e+06 1.09e-10 1.01e-02  -3.0 2.56e+00    -  7.65e-01 4.24e-01f  1
  12  1.0613521e+06 5.81e-11 1.43e-02  -3.2 2.91e+00    -  9.88e-01 5.57e-01f  1
  13  1.0609206e+06 2.82e-11 1.63e-03  -3.3 1.77e+00    -  1.00e+00 9.12e-01f  1
  14  1.0607997e+06 4.36e-12 2.78e-05  -3.5 5.46e-01    -  9.85e-01 1.00e+00f  1
  15  1.0606827e+06 6.02e-13 1.50e-09  -3.8 5.66e-01    -  1.00e+00 1.00e+00f  1
  16  1.0605902e+06 4.55e-13 9.23e-05  -4.4 4.80e-01    -  8.68e-01 1.00e+00f  1
  17  1.0605646e+06 9.09e-13 1.05e-04  -4.8 4.12e-01    -  9.91e-01 8.73e-01f  1
  18  1.0605532e+06 4.55e-13 7.28e-05  -5.0 2.43e-01    -  8.41e-01 1.00e+00f  1
  19  1.0605449e+06 4.55e-13 1.79e-06  -5.9 1.66e-01    -  9.89e-01 1.00e+00f  1
iter    objective    inf_pr   inf_du lg(mu)  ||d||  lg(rg) alpha_du alpha_pr  ls
  20  1.0605432e+06 9.09e-13 6.00e-06  -6.6 8.15e-02    -  9.19e-01 1.00e+00f  1
  21  1.0605430e+06 9.09e-13 2.12e-07  -7.1 2.38e-02    -  9.91e-01 1.00e+00f  1
  22  1.0605429e+06 4.55e-13 1.20e-06  -8.4 1.24e-02    -  9.96e-01 8.98e-01f  1
  23  1.0605429e+06 9.09e-13 1.29e-13  -9.6 5.31e-03    -  1.00e+00 1.00e+00f  1
  24  1.0605429e+06 9.09e-13 1.10e-13 -11.0 8.13e-04    -  1.00e+00 1.00e+00h  1

Number of Iterations....: 24

                                   (scaled)                 (unscaled)
Objective...............:   2.0768191943868342e+02    1.0605429050877152e+06
Dual infeasibility......:   1.0962721130468788e-13    5.5981936929307276e-10
Constraint violation....:   9.0949470177292824e-13    9.0949470177292824e-13
Variable bound violation:   1.9588668465075898e-08    1.9588668465075898e-08
Complementarity.........:   3.8212744265593583e-10    1.9513617229819390e-06
Overall NLP error.......:   3.8212744265593583e-10    1.9513617229819390e-06


Number of objective function evaluations             = 25
Number of objective gradient evaluations             = 25
Number of equality constraint evaluations            = 25
Number of inequality constraint evaluations          = 0
Number of equality constraint Jacobian evaluations   = 1
Number of inequality constraint Jacobian evaluations = 0
Number of Lagrangian Hessian evaluations             = 24
Total seconds in IPOPT                               = 0.077

EXIT: Optimal Solution Found.
--- Reading solution for model calib_step1_cps
--- Executing after solve: elapsed 0:00:01.800
--- hhcalib.gms(964) 221 Mb
--- Generating NLP model calib_step2_cps
--- hhcalib.gms(966) 227 Mb
---   1,425 rows  17,092 columns  90,532 non-zeroes
---   32,270 nl-code  16,580 nl-non-zeroes
--- Range statistics (absolute non-zero finite values)
--- RHS       [min, max] : [ 9.507E-03, 5.543E+03] - Zero values observed as well
--- Bound     [min, max] : [ 5.267E-06, 5.467E+02] - Zero values observed as well
--- Matrix    [min, max] : [ 3.920E-06, 9.240E+05] - Zero values observed as well
--- hhcalib.gms(966) 225 Mb
--- Executing IPOPT (Solvelink=2): elapsed 0:00:02.200

COIN-OR Ipopt    42.5.0 cf11b917 Mar 30, 2023          WEI x86 64bit/MS Window

COIN-OR Interior Point Optimizer (Ipopt Library 3.14.10)
written by A. Waechter.

******************************************************************************
This program contains Ipopt, a library for large-scale nonlinear optimization.
 Ipopt is released as open source code under the Eclipse Public License (EPL).
         For more information visit https://github.com/coin-or/Ipopt
******************************************************************************

This is Ipopt version 3.14.10, running with linear solver MUMPS 5.5.1.

Number of nonzeros in equality constraint Jacobian...:    22214
Number of nonzeros in inequality constraint Jacobian.:     3415
Number of nonzeros in Lagrangian Hessian.............:    35813

Total number of variables............................:     7315
                     variables with only lower bounds:     3727
                variables with lower and upper bounds:     3333
                     variables with only upper bounds:        0
Total number of equality constraints.................:     1169
Total number of inequality constraints...............:      255
        inequality constraints with only lower bounds:        0
   inequality constraints with lower and upper bounds:        0
        inequality constraints with only upper bounds:      255

iter    objective    inf_pr   inf_du lg(mu)  ||d||  lg(rg) alpha_du alpha_pr  ls
   0  1.0811293e+06 4.03e+03 9.90e+01   0.0 0.00e+00    -  0.00e+00 0.00e+00   0
   1  9.8175197e+05 3.84e+03 1.10e+03  -5.9 5.13e+02    -  4.26e-05 4.73e-02h  1
   2  8.5890770e+05 3.59e+03 1.03e+03  -5.9 4.79e+02    -  4.23e-02 6.59e-02h  1
   3  8.5885357e+05 3.59e+03 1.03e+03  -0.4 4.57e+02    -  2.15e-02 3.25e-05f  1
   4  5.1774984e+05 2.73e+03 7.81e+02  -1.3 4.63e+02    -  2.38e-02 2.40e-01f  1
   5  3.5556392e+05 2.15e+03 6.16e+02  -1.0 3.47e+02    -  4.84e-02 2.11e-01f  1
   6  1.8816159e+05 1.03e+03 2.96e+02  -2.1 2.69e+02    -  6.23e-02 5.19e-01h  1
   7  1.7518257e+05 5.52e+02 1.58e+02  -2.1 1.16e+02    -  1.92e-01 4.67e-01h  1
   8  1.8161154e+05 2.95e+02 8.44e+01  -2.2 4.88e+01    -  2.77e-01 4.66e-01h  1
   9  1.8852684e+05 1.27e+02 3.65e+01  -2.3 1.92e+01    -  1.51e-01 5.68e-01h  1
iter    objective    inf_pr   inf_du lg(mu)  ||d||  lg(rg) alpha_du alpha_pr  ls
  10  1.9006216e+05 6.30e+01 1.80e+01  -6.3 1.05e+01    -  4.66e-01 5.06e-01h  1
  11  1.8701635e+05 2.41e+01 6.90e+00  -6.6 2.33e+01    -  6.58e-01 6.17e-01h  1
  12  1.7815750e+05 9.54e+00 2.73e+00  -7.0 4.22e+01    -  5.36e-01 6.04e-01h  1
  13  1.6808403e+05 2.66e+00 1.49e+00  -7.4 4.27e+01    -  3.67e-01 7.21e-01h  1
  14  1.6387677e+05 9.52e-01 1.35e+00  -7.6 2.61e+01    -  5.00e-01 6.42e-01h  1
  15  1.6140725e+05 3.25e-01 7.01e-01  -7.9 1.64e+01    -  5.68e-01 6.58e-01h  1
  16  1.5968564e+05 1.18e-01 1.86e+00  -8.2 8.73e+00    -  4.14e-01 6.37e-01h  1
  17  1.5962014e+05 1.14e-01 3.70e+02  -4.1 5.03e+00    -  6.31e-01 3.27e-02f  1
  18  1.5851506e+05 6.31e-02 3.02e+02  -4.0 6.66e+00    -  6.65e-01 4.47e-01h  1
  19  1.5735016e+05 1.68e-02 8.56e+01  -4.3 5.20e+00    -  7.74e-01 7.34e-01h  1
iter    objective    inf_pr   inf_du lg(mu)  ||d||  lg(rg) alpha_du alpha_pr  ls
  20  1.5686956e+05 3.96e-03 2.75e+01  -4.7 2.35e+00    -  8.36e-01 7.64e-01h  1
  21  1.5666354e+05 7.38e-04 5.35e+00  -5.0 3.88e+00    -  8.15e-01 8.14e-01h  1
  22  1.5661402e+05 3.26e-04 5.17e+01  -5.3 7.27e+00    -  7.73e-01 5.58e-01h  1
  23  1.5656953e+05 8.04e-05 3.08e+01  -5.6 8.62e+00    -  9.18e-01 7.53e-01h  1
  24  1.5655354e+05 2.14e-05 4.15e+01  -5.7 1.02e-01  -4.0 1.00e+00 7.34e-01h  1
  25  1.5654479e+05 8.14e-06 5.49e+01  -6.0 7.69e+00    -  9.11e-01 6.21e-01h  1
  26  1.5653775e+05 1.03e-06 2.48e+01  -6.2 5.42e-02  -4.5 1.00e+00 8.77e-01h  1
  27  1.5653379e+05 5.84e-08 5.20e+00  -6.6 3.34e-02  -4.1 1.00e+00 9.77e-01h  1
  28  1.5653252e+05 4.93e-08 7.52e-07  -6.8 2.54e-02  -4.5 1.00e+00 1.00e+00h  1
  29  1.5653133e+05 4.50e-08 3.58e+01  -7.6 2.31e-02  -5.0 7.99e-01 1.00e+00h  1
iter    objective    inf_pr   inf_du lg(mu)  ||d||  lg(rg) alpha_du alpha_pr  ls
  30  1.5653347e+05 2.02e-08 1.39e+01  -6.6 4.24e-02  -4.6 1.00e+00 9.48e-01f  1
  31  1.5653300e+05 1.97e-08 9.44e-07  -6.7 1.34e-02  -4.2 1.00e+00 1.00e+00h  1
  32  1.5653152e+05 1.49e-08 6.74e+00  -7.4 2.10e-02  -4.6 9.15e-01 9.96e-01h  1
  33  1.5653146e+05 1.48e-08 2.77e+01  -7.4 8.32e-03  -4.2 7.80e-01 1.00e+00f  1
  34  1.5653146e+05 1.46e-08 2.42e+01  -7.4 1.61e+01    -  8.76e-01 6.19e-01h  1
  35  1.5653146e+05 1.39e-08 2.18e-04  -7.4 1.31e+00  -3.8 1.00e+00 1.00e+00f  1
  36  1.5653116e+05 1.38e-08 2.99e-01  -7.9 7.21e-03  -4.3 9.97e-01 1.00e+00h  1
  37  1.5653144e+05 8.92e-09 3.23e+01  -7.3 1.00e-02  -3.8 1.00e+00 6.48e-01h  1
  38  1.5653145e+05 7.40e-09 6.58e-13  -7.4 1.30e+01    -  1.00e+00 1.00e+00h  1
  39  1.5653112e+05 8.65e-09 3.29e+00  -8.1 6.18e+00    -  9.53e-01 9.94e-01h  1
iter    objective    inf_pr   inf_du lg(mu)  ||d||  lg(rg) alpha_du alpha_pr  ls
  40  1.5653111e+05 7.85e-09 2.98e+01  -8.1 1.98e-03  -4.3 7.37e-01 1.00e+00f  1
  41  1.5653111e+05 7.70e-09 5.61e+01  -8.1 3.52e-04  -3.9 5.73e-01 1.00e+00h  1
  42  1.5653111e+05 7.37e-09 2.75e+01  -8.1 8.83e+00    -  7.21e-01 8.49e-01h  1
  43  1.5653111e+05 6.88e-09 3.25e+01  -8.1 2.67e-05  -3.5 7.33e-01 1.00e+00f  1
  44  1.5653111e+05 6.47e-09 6.21e-01  -8.1 8.02e-05  -3.9 9.95e-01 1.00e+00h  1
  45  1.5653111e+05 4.85e-09 2.40e-13  -8.1 1.93e+00    -  1.00e+00 1.00e+00h  1
  46  1.5653104e+05 4.69e-09 2.85e+01  -9.0 1.66e-02    -  5.41e-01 1.00e+00h  1
  47  1.5653106e+05 4.47e-09 2.87e+01  -8.6 8.20e-02    -  7.09e-01 1.00e+00h  1
  48  1.5653106e+05 4.29e-09 2.33e+01  -8.6 3.06e-05  -4.4 7.43e-01 1.00e+00h  1
  49  1.5653106e+05 4.21e-09 1.86e+01  -8.6 2.40e-06  -4.0 7.73e-01 1.00e+00h  1
iter    objective    inf_pr   inf_du lg(mu)  ||d||  lg(rg) alpha_du alpha_pr  ls
  50  1.5653106e+05 4.05e-09 1.14e+01  -8.6 8.41e-07  -3.6 8.51e-01 1.00e+00h  1
In iteration 50, 1 Slack too small, adjusting variable bound
  51  1.5653106e+05 3.57e-09 1.65e+00  -8.6 2.52e-06  -4.0 1.00e+00 9.68e-01h  1
  52  1.5653106e+05 1.73e-09 2.33e-10  -8.6 9.46e-07  -3.6 1.00e+00 1.00e+00h  1
  53  1.5653103e+05 1.82e-09 1.11e+01  -9.3 1.22e-03  -4.1 5.56e-01 9.97e-01h  1
MUMPS returned INFO(1) = -9 and requires more memory, reallocating.  Attempt 1
  Increasing icntl[13] from 1000 to 2000.
  54  1.5653104e+05 1.79e-09 2.27e-13  -9.0 2.31e-02    -  1.00e+00 1.00e+00f  1

Number of Iterations....: 54

                                   (scaled)                 (unscaled)
Objective...............:   1.6939912285240261e+01    1.5653103759205167e+05
Dual infeasibility......:   2.2737367544323206e-13    2.1010166250540724e-09
Constraint violation....:   1.7934183027534800e-09    1.7934183027534800e-09
Variable bound violation:   8.2753643937394372e-09    8.2753643937394372e-09
Complementarity.........:   3.2167446469901913e-09    2.9723906994534423e-05
Overall NLP error.......:   3.2167446469901913e-09    2.9723906994534423e-05


Number of objective function evaluations             = 55
Number of objective gradient evaluations             = 55
Number of equality constraint evaluations            = 55
Number of inequality constraint evaluations          = 55
Number of equality constraint Jacobian evaluations   = 1
Number of inequality constraint Jacobian evaluations = 1
Number of Lagrangian Hessian evaluations             = 54
Total seconds in IPOPT                               = 3.789

EXIT: Optimal Solution Found.
--- Reading solution for model calib_step2_cps
--- GDX Point h:\windc\github\windc_build\household\calib_step2_cps_p.gdx
--- Executing after solve: elapsed 0:00:06.420
--- hhcalib.gms(975) 225 Mb
--- hhcalib.gms(1157) 225 Mb
--- Generating NLP model calib_step3_cps
--- hhcalib.gms(1159) 228 Mb
---   3,826 rows  18,106 columns  50,695 non-zeroes
---   113,477 nl-code  18,105 nl-non-zeroes
--- Range statistics (absolute non-zero finite values)
--- RHS       [min, max] : [ 2.645E-04, 4.209E+02] - Zero values observed as well
--- Bound     [min, max] : [ 1.000E-05, 1.000E-05] - Zero values observed as well
--- Matrix    [min, max] : [ 1.418E-02, 1.000E+05] - Zero values observed as well
--- hhcalib.gms(1159) 226 Mb
--- Executing IPOPT (Solvelink=2): elapsed 0:00:06.970

COIN-OR Ipopt    42.5.0 cf11b917 Mar 30, 2023          WEI x86 64bit/MS Window

COIN-OR Interior Point Optimizer (Ipopt Library 3.14.10)
written by A. Waechter.

******************************************************************************
This program contains Ipopt, a library for large-scale nonlinear optimization.
 Ipopt is released as open source code under the Eclipse Public License (EPL).
         For more information visit https://github.com/coin-or/Ipopt
******************************************************************************

This is Ipopt version 3.14.10, running with linear solver MUMPS 5.5.1.

Number of nonzeros in equality constraint Jacobian...:    26622
Number of nonzeros in inequality constraint Jacobian.:        0
Number of nonzeros in Lagrangian Hessian.............:    14790

Total number of variables............................:    14790
                     variables with only lower bounds:    14790
                variables with lower and upper bounds:        0
                     variables with only upper bounds:        0
Total number of equality constraints.................:     3825
Total number of inequality constraints...............:        0
        inequality constraints with only lower bounds:        0
   inequality constraints with lower and upper bounds:        0
        inequality constraints with only upper bounds:        0

iter    objective    inf_pr   inf_du lg(mu)  ||d||  lg(rg) alpha_du alpha_pr  ls
   0  3.1251066e+04 6.54e+01 1.10e+00   0.0 0.00e+00    -  0.00e+00 0.00e+00   0
   1  3.6881603e+04 1.27e+01 9.04e+00  -6.1 2.52e+01    -  5.39e-01 8.06e-01h  1
   2  3.7677645e+04 5.37e+00 2.12e+01  -2.5 4.19e+00    -  7.62e-01 5.76e-01h  1
   3  3.7908735e+04 8.76e-01 4.30e+01  -3.1 3.37e+00    -  8.41e-01 8.37e-01h  1
   4  3.6958419e+04 2.97e-01 6.42e+01  -3.5 4.61e+00    -  8.26e-01 6.61e-01h  1
   5  3.5864913e+04 2.30e-01 1.12e+03  -2.2 7.08e+00    -  9.68e-01 2.25e-01f  1
   6  3.5821856e+04 1.74e-07 5.53e+00  -2.5 2.45e+00    -  1.00e+00 1.00e+00h  1
   7  3.5909407e+04 2.68e-08 9.21e-01  -2.6 6.05e-01    -  9.93e-01 1.00e+00f  1
   8  3.5810574e+04 2.26e-08 1.77e-01  -2.7 3.32e-01    -  1.00e+00 1.00e+00f  1
   9  3.5602601e+04 5.42e-08 3.13e-01  -3.1 8.47e-01    -  9.88e-01 1.00e+00f  1
iter    objective    inf_pr   inf_du lg(mu)  ||d||  lg(rg) alpha_du alpha_pr  ls
  10  3.5484821e+04 2.42e-08 1.16e-03  -3.5 7.11e-01    -  1.00e+00 1.00e+00f  1
  11  3.5455159e+04 8.28e-09 1.22e+00  -4.8 4.09e-01    -  8.08e-01 1.00e+00f  1
  12  3.5454364e+04 2.05e-10 5.31e-05  -5.6 9.47e-02    -  1.00e+00 1.00e+00f  1
  13  3.5454358e+04 2.21e-11 1.94e-04  -7.5 7.05e-03    -  9.97e-01 1.00e+00h  1
  14  3.5454358e+04 1.99e-13 3.79e-08 -11.0 8.06e-05    -  1.00e+00 1.00e+00h  1
  15  3.5454358e+04 3.41e-13 7.39e-15 -11.0 8.31e-09    -  1.00e+00 1.00e+00h  1

Number of Iterations....: 15

                                   (scaled)                 (unscaled)
Objective...............:   3.5454358040529875e+01    3.5454358040428480e+04
Dual infeasibility......:   7.3918293141001781e-15    7.3918293140790381e-12
Constraint violation....:   3.4106051316484809e-13    3.4106051316484809e-13
Variable bound violation:   0.0000000000000000e+00    0.0000000000000000e+00
Complementarity.........:   1.0000000010100143e-11    1.0000000010071543e-08
Overall NLP error.......:   1.0000000010100143e-11    1.0000000010071543e-08


Number of objective function evaluations             = 16
Number of objective gradient evaluations             = 16
Number of equality constraint evaluations            = 16
Number of inequality constraint evaluations          = 0
Number of equality constraint Jacobian evaluations   = 1
Number of inequality constraint Jacobian evaluations = 0
Number of Lagrangian Hessian evaluations             = 15
Total seconds in IPOPT                               = 1.122

EXIT: Optimal Solution Found.
--- Reading solution for model calib_step3_cps
--- GDX Point h:\windc\github\windc_build\household\calib_step3_cps_p.gdx
--- Executing after solve: elapsed 0:00:08.510
--- hhcalib.gms(1168) 226 Mb
--- hhcalib.gms(1216) 226 Mb
--- GDX File (execute_unload) h:\windc\github\windc_build\household\gdx\calibrated_hhdata_cps_static_2014.gdx
--- hhcalib.gms(1220) 226 Mb
--- GDX File (execute_unload) h:\windc\github\windc_build\household\gdx\capital_taxrate_2014.gdx
*** Status: Normal completion
--- Job hhcalib.gms Stop 06/08/23 15:51:45 elapsed 0:00:08.900
