--- Job hhcalib Start 06/08/23 15:52:02 42.5.0 cf11b917 WEX-WEI x86 64bit/MS Windows
--- Applying:
    C:\GAMS\42\gmsprmNT.txt
--- GAMS Parameters defined
    Input h:\windc\github\windc_build\household\hhcalib.gms
    Output h:\windc\github\windc_build\household\lst\hhcalib_2014_soi_dynamic.lst
    ScrDir h:\windc\github\windc_build\household\225b\
    SysDir C:\GAMS\42\
    LogOption 4
    LogFile h:\windc\github\windc_build\household\lst\hhcalib_2014_soi_dynamic.log
    --year 2014
    --hhdata soi
    --invest dynamic
    --puttitle no
Licensee: Small MUD - 5 User License                     G230511|0002AO-GEN
          University of Wisconsin-Madison, Agricultural & Applied EconDC289
          C:\Users\Thomas F. Rutherford\Documents\GAMS\gamslice.txt
          License Admin: Thomas F. Rutherford, rutherford@aae.wisc.edu     
Processor information: 1 socket(s), 12 core(s), and 24 thread(s) available
GAMS 42.5.0   Copyright (C) 1987-2023 GAMS Development. All rights reserved
--- Starting compilation
--- hhcalib.gms(63) 2 Mb
--- . windc_coredata.gms(17) 2 Mb
--- GDXin=h:\windc\github\windc_build\core\WiNDCdatabase.gdx
--- GDX File ($gdxIn) h:\windc\github\windc_build\core\WiNDCdatabase.gdx
--- . windc_coredata.gms(209) 202 Mb
--- hhcalib.gms(89) 202 Mb
--- GDXin=h:\windc\github\windc_build\household\gdx\capital_tax_rates.gdx
--- GDX File ($gdxIn) h:\windc\github\windc_build\household\gdx\capital_tax_rates.gdx
--- hhcalib.gms(121) 202 Mb
--- GDXin=h:\windc\github\windc_build\household\gdx\soi_data_2014.gdx
--- GDX File ($gdxIn) h:\windc\github\windc_build\household\gdx\soi_data_2014.gdx
--- hhcalib.gms(130) 202 Mb
--- GDXin=h:\windc\github\windc_build\household\gdx\cps_data_2014.gdx
--- GDX File ($gdxIn) h:\windc\github\windc_build\household\gdx\cps_data_2014.gdx
--- hhcalib.gms(333) 202 Mb
--- . hh_calib_aggregate_regions.map(68) 202 Mb
--- hhcalib.gms(840) 202 Mb
--- call csv2gdx data_sources\cex\national_income_elasticities_CEX_2013_2017.csv output=gdx\national_income_elasticities_CEX_2013_2017.gdx id=regres index=1 useHeader=y value=2,3,4
--- hhcalib.gms(841) 202 Mb
--- GDXin=h:\windc\github\windc_build\household\gdx\national_income_elasticities_CEX_2013_2017.gdx
--- GDX File ($gdxIn) h:\windc\github\windc_build\household\gdx\national_income_elasticities_CEX_2013_2017.gdx
--- hhcalib.gms(847) 202 Mb
--- call csv2gdx data_sources\cex\windc_pce_map.csv output=gdx\windc_pce_map.gdx id=pcebridge index=1,2 useHeader=y value=3,4,5
--- hhcalib.gms(848) 202 Mb
--- GDXin=h:\windc\github\windc_build\household\gdx\windc_pce_map.gdx
--- GDX File ($gdxIn) h:\windc\github\windc_build\household\gdx\windc_pce_map.gdx
--- hhcalib.gms(963) 202 Mb
--- Starting execution: elapsed 0:00:00.571
--- hhcalib.gms(271) 221 Mb
--- GDX File (execute_unload) h:\windc\github\windc_build\household\225b\totgdp.gdx
--- hhcalib.gms(272) 221 Mb
--- hhcalib.gms(517) 221 Mb
--- Generating QCP model partial_ss
--- hhcalib.gms(518) 223 Mb
---   52 rows  3,622 columns  5,337 non-zeroes
---   8,578 nl-code  1,715 nl-non-zeroes
--- Range statistics (absolute non-zero finite values)
--- RHS       [min, max] : [ 6.646E+00, 6.667E+02] - Zero values observed as well
--- Bound     [min, max] : [ 3.682E-06, 4.907E+01] - Zero values observed as well
--- Matrix    [min, max] : [ 1.000E+00, 1.000E+00] - Zero values observed as well
--- hhcalib.gms(518) 221 Mb
--- Executing CPLEX (Solvelink=2): elapsed 0:00:01.777

IBM ILOG CPLEX   42.5.0 cf11b917 Mar 30, 2023          WEI x86 64bit/MS Window

--- GAMS/Cplex licensed for continuous and discrete problems.
--- GMO Q Extraction (ThreePass): 0.00s
--- GMO setup time: 0.00s
--- Space for names approximately 0.07 Mb
--- Use option 'names no' to turn use of names off
--- GMO memory 1.20 Mb (peak 1.26 Mb)
--- Dictionary memory 0.00 Mb
--- Cplex 22.1.1.0 link memory 0.07 Mb (peak 0.25 Mb)
--- Starting Cplex

Version identifier: 22.1.1.0 | 2022-11-27 | 9160aff4d
CPXPARAM_Advance                                 0
CPXPARAM_Threads                                 1
CPXPARAM_MIP_Display                             4
CPXPARAM_MIP_Pool_Capacity                       0
CPXPARAM_MIP_Tolerances_AbsMIPGap                0
Tried aggregator 1 time.
QP Presolve eliminated 0 rows and 1907 columns.
Reduced QP has 51 rows, 1715 columns, and 1715 nonzeros.
Reduced QP objective Q matrix has 1715 nonzeros.
Presolve time = 0.00 sec. (0.76 ticks)
Parallel mode: none, using 1 thread for barrier
Number of nonzeros in lower triangle of A*A' = 0
Using Approximate Minimum Degree ordering
Total time for automatic ordering = 0.00 sec. (0.01 ticks)
Summary statistics for Cholesky factor:
  Rows in Factor            = 51
  Integer space required    = 51
  Total non-zeros in factor = 51
  Total FP ops to factor    = 51
 Itn      Primal Obj        Dual Obj  Prim Inf Upper Inf  Dual Inf          
   0   3.2091070e+06  -3.2096195e+06  4.16e+02  0.00e+00  3.50e+06
   1   7.3459889e+05  -7.4139521e+05  1.99e+02  0.00e+00  1.67e+06
   2   1.5500083e+04  -1.5689143e+04  2.76e+01  0.00e+00  2.32e+05
   3   1.0901720e+03   6.4798948e+02  8.90e-01  0.00e+00  7.48e+03
   4   1.0642564e+03   7.5862481e+02  6.43e-01  0.00e+00  5.40e+03
   5   1.0351259e+03   9.3238379e+02  2.28e-01  0.00e+00  1.92e+03
   6   1.0278216e+03   1.0237390e+03  4.55e-03  0.00e+00  3.83e+01
   7   1.0276552e+03   1.0275526e+03  5.21e-05  0.00e+00  4.38e-01
   8   1.0276516e+03   1.0276496e+03  2.94e-07  0.00e+00  2.47e-03
   9   1.0276515e+03   1.0276515e+03  1.46e-09  0.00e+00  1.22e-05
  10   1.0276515e+03   1.0276515e+03  7.87e-12  0.00e+00  6.10e-08
Barrier time = 0.00 sec. (3.47 ticks)

Total time on 1 threads = 0.00 sec. (3.47 ticks)

--- QP status (1): optimal.
--- Cplex Time: 0.00sec (det. 3.47 ticks)


Optimal solution found
Objective:         1027.651537

--- Reading solution for model partial_ss
--- Executing after solve: elapsed 0:00:01.883
--- hhcalib.gms(523) 221 Mb
--- GDX File (execute_unload) h:\windc\github\windc_build\household\gdx\i0_2014.gdx
--- hhcalib.gms(784) 221 Mb
--- Generating NLP model calib_step1_soi
--- hhcalib.gms(787) 223 Mb
---   99 rows  147 columns  447 non-zeroes
---   562 nl-code  105 nl-non-zeroes
--- Range statistics (absolute non-zero finite values)
--- RHS       [min, max] : [ 1.069E+02, 5.543E+03] - Zero values observed as well
--- Bound     [min, max] : [ 1.000E-02, 6.434E+02] - Zero values observed as well
--- Matrix    [min, max] : [ 9.172E-04, 1.000E+00] - Zero values observed as well
--- hhcalib.gms(787) 221 Mb
--- Executing IPOPT (Solvelink=2): elapsed 0:00:01.932

COIN-OR Ipopt    42.5.0 cf11b917 Mar 30, 2023          WEI x86 64bit/MS Window

COIN-OR Interior Point Optimizer (Ipopt Library 3.14.10)
written by A. Waechter.

******************************************************************************
This program contains Ipopt, a library for large-scale nonlinear optimization.
 Ipopt is released as open source code under the Eclipse Public License (EPL).
         For more information visit https://github.com/coin-or/Ipopt
******************************************************************************

This is Ipopt version 3.14.10, running with linear solver MUMPS 5.5.1.

Number of nonzeros in equality constraint Jacobian...:      301
Number of nonzeros in inequality constraint Jacobian.:       40
Number of nonzeros in Lagrangian Hessian.............:      205

Total number of variables............................:      146
                     variables with only lower bounds:       90
                variables with lower and upper bounds:       36
                     variables with only upper bounds:        0
Total number of equality constraints.................:       90
Total number of inequality constraints...............:        8
        inequality constraints with only lower bounds:        4
   inequality constraints with lower and upper bounds:        0
        inequality constraints with only upper bounds:        4

iter    objective    inf_pr   inf_du lg(mu)  ||d||  lg(rg) alpha_du alpha_pr  ls
   0  1.5242374e+00 4.50e+03 9.08e+02   0.0 0.00e+00    -  0.00e+00 0.00e+00   0
WARNING: Problem in step computation; switching to emergency mode.
   1r 1.5242374e+00 4.50e+03 9.99e+02   3.7 0.00e+00  20.0 0.00e+00 0.00e+00R  1
WARNING: Problem in step computation; switching to emergency mode.
Cannot call restoration phase at point that is almost feasible for the restoration NLP (violation 0.000000e+00).
Abort in line search due to no other fall back.
Step computation in the restoration phase failed.

Number of Iterations....: 1

                                   (scaled)                 (unscaled)
Objective...............:   1.5242373906825151e+00    1.5242373906825151e+00
Dual infeasibility......:   9.0823995739164468e+02    9.0823995739164468e+02
Constraint violation....:   4.4991925485340853e+03    4.4991925485340853e+03
Variable bound violation:   0.0000000000000000e+00    0.0000000000000000e+00
Complementarity.........:   5.4516214918388073e+02    5.4516214918388073e+02
Overall NLP error.......:   4.4991925485340853e+03    4.4991925485340853e+03


Number of objective function evaluations             = 2
Number of objective gradient evaluations             = 2
Number of equality constraint evaluations            = 2
Number of inequality constraint evaluations          = 2
Number of equality constraint Jacobian evaluations   = 1
Number of inequality constraint Jacobian evaluations = 1
Number of Lagrangian Hessian evaluations             = 2
Total seconds in IPOPT                               = 0.018

EXIT: Restoration Failed!
--- Reading solution for model calib_step1_soi
--- Executing after solve: elapsed 0:00:02.007
--- hhcalib.gms(789) 221 Mb
--- Generating NLP model calib_step1_soi
--- hhcalib.gms(791) 223 Mb
---   99 rows  147 columns  447 non-zeroes
---   562 nl-code  105 nl-non-zeroes
--- Range statistics (absolute non-zero finite values)
--- RHS       [min, max] : [ 1.069E+02, 5.543E+03] - Zero values observed as well
--- Bound     [min, max] : [ 1.000E-02, 6.434E+02] - Zero values observed as well
--- Matrix    [min, max] : [ 9.172E-04, 9.092E+02] - Zero values observed as well
--- hhcalib.gms(791) 221 Mb
--- Executing CONOPT (Solvelink=2): elapsed 0:00:02.038

CONOPT 3         42.5.0 cf11b917 Mar 30, 2023          WEI x86 64bit/MS Window

 
 
    C O N O P T 3   version 3.17N
    Copyright (C)   ARKI Consulting and Development A/S
                    Bagsvaerdvej 246 A
                    DK-2880 Bagsvaerd, Denmark
 
 
   Iter Phase Ninf   Infeasibility   RGmax    NSB   Step InItr MX OK
      0   0        1.5012650822E+04 (Input point)
 
                   Pre-triangular equations:   44
                   Post-triangular equations:  21
                   Definitional equations:     12
 
      1   0        1.0601988140E+04 (After pre-processing)
      2   0        9.2595285485E+00 (After scaling)
 
 ** Feasible solution. Value of objective =    20810504.4717
 
   Iter Phase Ninf     Objective     RGmax    NSB   Step InItr MX OK
     11   3        1.3823279156E+07 3.0E+06    47 1.0E+00   10 T  T
     21   4        6.1140281365E+06 1.1E+05    39 1.8E-01      F  T
     26   4        7.1764438140E+05 1.0E+05    26 1.0E+00   12 T  T
     31   4        6.7894636761E+05 3.2E-04    22 1.0E+00    2 F  T
     32   4        6.7894636761E+05 9.4E-10    22
 
 ** Optimal solution. Reduced gradient less than tolerance.
 
--- Reading solution for model calib_step1_soi
--- Executing after solve: elapsed 0:00:02.094
--- hhcalib.gms(978) 221 Mb
--- GDXin=h:\windc\github\windc_build\household\gdx\calib_step2_soi_p.gdx
--- GDX File (execute_load) h:\windc\github\windc_build\household\gdx\calib_step2_soi_p.gdx
--- hhcalib.gms(984) 221 Mb
--- Generating NLP model calib_step2_soi
--- hhcalib.gms(986) 227 Mb
---   1,327 rows  14,542 columns  83,392 non-zeroes
---   19,892 nl-code  14,030 nl-non-zeroes
--- Range statistics (absolute non-zero finite values)
--- RHS       [min, max] : [ 2.472E-01, 5.543E+03] - Zero values observed as well
--- Bound     [min, max] : [ 1.835E-03, 4.407E+02] - Zero values observed as well
--- Matrix    [min, max] : [ 3.607E-08, 1.770E+02]
--- hhcalib.gms(986) 225 Mb
--- Executing IPOPT (Solvelink=2): elapsed 0:00:02.443

COIN-OR Ipopt    42.5.0 cf11b917 Mar 30, 2023          WEI x86 64bit/MS Window

COIN-OR Interior Point Optimizer (Ipopt Library 3.14.10)
written by A. Waechter.

******************************************************************************
This program contains Ipopt, a library for large-scale nonlinear optimization.
 Ipopt is released as open source code under the Eclipse Public License (EPL).
         For more information visit https://github.com/coin-or/Ipopt
******************************************************************************

This is Ipopt version 3.14.10, running with linear solver MUMPS 5.5.1.

Number of nonzeros in equality constraint Jacobian...:    17486
Number of nonzeros in inequality constraint Jacobian.:     3925
Number of nonzeros in Lagrangian Hessian.............:    31085

Total number of variables............................:     4951
                     variables with only lower bounds:     3982
                variables with lower and upper bounds:      714
                     variables with only upper bounds:        0
Total number of equality constraints.................:      969
Total number of inequality constraints...............:      357
        inequality constraints with only lower bounds:       51
   inequality constraints with lower and upper bounds:        0
        inequality constraints with only upper bounds:      306

iter    objective    inf_pr   inf_du lg(mu)  ||d||  lg(rg) alpha_du alpha_pr  ls
   0  1.0673907e+05 1.41e+03 1.00e+02   0.0 0.00e+00    -  0.00e+00 0.00e+00   0
   1  1.0673542e+05 1.40e+03 1.61e+02  -0.4 1.41e+03    -  1.65e-02 1.42e-04f  1
   2  1.0637930e+05 1.39e+03 2.79e+02  -0.3 1.40e+03    -  2.49e-02 1.41e-02f  1
   3  1.0600299e+05 1.36e+03 4.23e+03   0.2 1.39e+03    -  1.18e-01 1.91e-02f  1
   4  1.0481203e+05 1.21e+03 5.28e+03   0.2 1.36e+03    -  1.47e-01 1.06e-01f  1
   5  1.0480864e+05 1.09e+03 6.23e+04   0.5 1.21e+03    -  9.95e-01 1.05e-01h  1
   6  1.0555957e+05 7.68e+02 5.21e+04   0.8 1.09e+03    -  6.76e-01 2.93e-01h  1
   7  1.0612024e+05 4.52e+02 2.27e+04   0.4 7.68e+02    -  1.00e+00 4.11e-01h  1
   8  1.0658930e+05 1.41e+02 7.76e+03   0.1 4.52e+02    -  1.00e+00 6.88e-01h  1
   9  1.0662784e+05 4.68e+01 3.44e+03  -0.3 1.41e+02    -  1.00e+00 6.68e-01h  1
iter    objective    inf_pr   inf_du lg(mu)  ||d||  lg(rg) alpha_du alpha_pr  ls
  10  1.0660808e+05 1.29e+01 1.28e+03  -0.7 4.68e+01    -  1.00e+00 7.24e-01h  1
  11  1.0659476e+05 3.54e+00 6.65e+02  -1.1 1.29e+01    -  1.00e+00 7.26e-01h  1
  12  1.0659058e+05 1.24e+00 9.96e+02  -1.4 3.54e+00    -  1.00e+00 6.50e-01h  1
  13  1.0658622e+05 1.12e-01 1.57e+02  -2.1 1.24e+00    -  1.00e+00 9.09e-01h  1
  14  1.0658559e+05 3.18e-02 3.17e+02  -2.8 1.12e-01    -  1.00e+00 7.17e-01h  1
  15  1.0658545e+05 3.96e-04 6.03e+01  -2.5 3.18e-01    -  1.00e+00 9.88e-01h  1
  16  1.0658526e+05 7.14e-07 2.53e-07  -3.6 1.46e-02    -  1.00e+00 1.00e+00h  1
  17  1.0658524e+05 1.42e-08 4.43e-09  -5.5 5.52e-03    -  1.00e+00 1.00e+00h  1
  18  1.0658524e+05 3.12e-08 1.07e-10  -7.5 1.18e-03    -  1.00e+00 1.00e+00h  1
  19  1.0658524e+05 2.58e-08 1.87e-01 -11.0 6.17e-05  -4.0 9.99e-01 1.00e+00h  1
MUMPS returned INFO(1) = -9 and requires more memory, reallocating.  Attempt 1
  Increasing icntl[13] from 1000 to 2000.
iter    objective    inf_pr   inf_du lg(mu)  ||d||  lg(rg) alpha_du alpha_pr  ls
  20  1.0658524e+05 2.59e-08 2.26e+01 -11.0 5.99e-01    -  1.00e+00 9.91e-01h  1
  21  1.0658524e+05 2.59e-08 1.78e+03 -10.4 2.42e+00    -  5.37e-02 1.00e+00h  1
  22  1.0658524e+05 2.59e-08 3.61e+03 -10.4 7.22e+00    -  1.92e-02 1.00e+00h  1
In iteration 22, 1 Slack too small, adjusting variable bound
  23  1.0658524e+05 2.58e-08 4.97e+03 -10.4 1.13e-07  -3.6 9.84e-02 9.97e-01h  1
  24  1.0658524e+05 2.58e-08 6.64e+03 -10.4 2.84e-07  -3.1 3.44e-02 1.00e+00h  1
  25  1.0658524e+05 2.57e-08 7.60e+03 -10.4 2.03e-07  -3.6 1.09e-01 1.00e+00h  1
In iteration 25, 1 Slack too small, adjusting variable bound
  26  1.0658524e+05 2.44e-08 8.31e+03 -10.4 1.35e-07  -3.2 1.17e-01 9.93e-01h  1
  27  1.0658524e+05 1.84e-08 8.38e+03 -10.4 2.17e-07  -2.8 3.19e-02 1.00e+00H  1
  28  1.0658524e+05 1.57e-08 9.96e+03 -10.4 3.44e-07  -3.3 4.44e-02 1.00e+00H  1
In iteration 28, 1 Slack too small, adjusting variable bound
  29  1.0658524e+05 9.58e-08 9.01e+03 -10.4 4.30e-07  -2.8 4.81e-02 8.78e-01h  1
iter    objective    inf_pr   inf_du lg(mu)  ||d||  lg(rg) alpha_du alpha_pr  ls
  30  1.0658524e+05 9.58e-08 8.51e+03 -10.4 2.86e-07  -3.3 7.26e-02 7.05e-03h  8
In iteration 30, 1 Slack too small, adjusting variable bound
  31  1.0658524e+05 1.12e-08 5.08e+03 -10.4 2.84e-07  -3.8 4.09e-02 9.99e-01H  1
  32  1.0658524e+05 2.90e-08 4.78e+03 -10.4 5.74e-07  -3.4 1.46e-01 1.00e+00h  1
  33  1.0658524e+05 2.22e-08 4.83e+03  -7.9 1.01e-06  -2.9 1.43e-02 2.33e-01h  1
In iteration 33, 1 Slack too small, adjusting variable bound
  34  1.0658524e+05 2.05e-08 4.94e+03  -9.2 8.50e-07  -3.4 2.95e-03 4.84e-01h  1
  35  1.0658524e+05 2.57e-08 4.31e+03  -9.2 3.94e-07  -3.9 1.73e-01 1.00e+00h  1
  36  1.0658524e+05 3.81e-08 4.26e+03  -9.2 5.63e-07  -3.5 6.85e-02 1.00e+00h  1
  37  1.0658524e+05 9.57e-09 4.45e+03  -9.2 5.32e-07  -3.9 7.05e-02 1.00e+00H  1
  38  1.0658524e+05 7.91e-09 4.18e+03  -9.2 5.72e-07  -3.5 1.62e-01 1.00e+00H  1
In iteration 38, 1 Slack too small, adjusting variable bound
  39  1.0658524e+05 1.76e-08 4.25e+03  -9.2 4.99e-07  -4.0 4.34e-02 9.85e-01h  1
iter    objective    inf_pr   inf_du lg(mu)  ||d||  lg(rg) alpha_du alpha_pr  ls
  40  1.0658524e+05 1.66e-08 3.32e+03  -9.2 1.87e-07  -3.6 2.63e-01 1.00e+00h  1
  41  1.0658524e+05 2.19e-08 3.39e+03  -9.2 5.61e-07  -4.0 5.03e-02 1.00e+00h  1
  42  1.0658524e+05 2.02e-08 3.18e+03  -9.2 3.78e-07  -3.6 1.27e-01 1.00e+00h  1
  43  1.0658524e+05 9.79e-09 2.71e+03  -9.2 3.63e-07  -3.2 1.97e-01 1.00e+00h  1
  44  1.0658524e+05 3.17e-08 2.51e+03  -9.2 2.36e-07  -3.7 4.36e-02 1.00e+00H  1
  45  1.0658524e+05 7.53e-08 1.91e+03  -9.2 8.88e-08  -3.2 2.54e-01 1.00e+00h  1
In iteration 45, 1 Slack too small, adjusting variable bound
  46  1.0658524e+05 4.28e-08 1.43e+03  -9.2 2.66e-07  -3.7 2.71e-01 4.57e-01h  1
  47  1.0658524e+05 5.99e-09 1.47e+03  -9.2 9.98e-08  -3.3 1.33e-01 1.00e+00H  1
  48  1.0658524e+05 5.49e-08 1.32e+03  -9.2 3.00e-07  -3.8 1.53e-01 1.00e+00h  1
  49  1.0658524e+05 8.84e-09 1.36e+03  -9.2 1.12e-07  -3.3 1.28e-01 1.00e+00H  1
iter    objective    inf_pr   inf_du lg(mu)  ||d||  lg(rg) alpha_du alpha_pr  ls
  50  1.0658524e+05 1.14e-08 1.22e+03  -9.2 3.37e-07  -3.8 1.94e-01 1.00e+00h  1
  51  1.0658524e+05 4.70e-09 1.15e+03  -9.2 1.26e-07  -3.4 1.56e-01 1.00e+00H  1
In iteration 51, 1 Slack too small, adjusting variable bound
  52  1.0658524e+05 4.49e-08 9.75e+02  -9.2 3.79e-07  -3.9 9.95e-02 8.36e-01h  1
  53  1.0658524e+05 4.48e-08 7.09e+02  -9.2 1.14e-06  -4.3 2.49e-01 6.92e-04h 11
  54  1.0658524e+05 8.91e-09 7.04e+02  -9.2 5.33e-08  -3.0 1.33e-01 1.00e+00H  1
  55  1.0658524e+05 3.35e-08 5.03e+02  -9.2 1.60e-07  -3.5 2.52e-01 1.00e+00h  1
  56  1.0658524e+05 6.49e-09 2.87e+02  -9.2 1.07e-07  -3.1 5.17e-01 1.00e+00h  1
  57  1.0658524e+05 3.84e-09 7.18e+01  -9.2 1.80e-07  -3.5 8.10e-01 1.00e+00h  1
  58  1.0658524e+05 3.84e-09 1.51e+02  -9.2 6.75e-08  -3.1 7.26e-02 1.00e+00h  1
  59  1.0658524e+05 3.84e-09 4.66e+01  -9.2 2.02e-07  -3.6 1.00e+00 4.86e-01h  2
iter    objective    inf_pr   inf_du lg(mu)  ||d||  lg(rg) alpha_du alpha_pr  ls
  60  1.0658524e+05 3.84e-09 1.05e-10  -9.2 6.07e-07  -4.1 1.00e+00 1.00e+00H  1

Number of Iterations....: 60

                                   (scaled)                 (unscaled)
Objective...............:   6.0210251658738096e+04    1.0658524364024187e+05
Dual infeasibility......:   1.0530961825750029e-10    1.8642093348579400e-10
Constraint violation....:   3.8381813283194788e-09    3.8381813283194788e-09
Variable bound violation:   9.3662606559519190e-09    9.3662606559519190e-09
Complementarity.........:   7.2205651632546637e-09    1.2781971108636799e-08
Overall NLP error.......:   3.8381813283194788e-09    1.2781971108636799e-08


Number of objective function evaluations             = 92
Number of objective gradient evaluations             = 61
Number of equality constraint evaluations            = 92
Number of inequality constraint evaluations          = 92
Number of equality constraint Jacobian evaluations   = 1
Number of inequality constraint Jacobian evaluations = 1
Number of Lagrangian Hessian evaluations             = 60
Total seconds in IPOPT                               = 5.311

EXIT: Optimal Solution Found.
--- Reading solution for model calib_step2_soi
--- GDX Point h:\windc\github\windc_build\household\calib_step2_soi_p.gdx
--- Executing after solve: elapsed 0:00:08.127
--- hhcalib.gms(995) 225 Mb
--- hhcalib.gms(1173) 225 Mb
--- GDXin=h:\windc\github\windc_build\household\gdx\calib_step3_soi_p.gdx
--- GDX File (execute_load) h:\windc\github\windc_build\household\gdx\calib_step3_soi_p.gdx
--- hhcalib.gms(1177) 225 Mb
--- Generating NLP model calib_step3_soi
--- hhcalib.gms(1179) 228 Mb
---   3,826 rows  18,106 columns  50,695 non-zeroes
---   113,477 nl-code  18,105 nl-non-zeroes
--- Range statistics (absolute non-zero finite values)
--- RHS       [min, max] : [ 2.645E-04, 4.265E+02] - Zero values observed as well
--- Bound     [min, max] : [ 1.000E-05, 1.000E-05] - Zero values observed as well
--- Matrix    [min, max] : [ 1.573E-04, 1.891E+04] - Zero values observed as well
--- hhcalib.gms(1179) 226 Mb
--- Executing IPOPT (Solvelink=2): elapsed 0:00:08.709

COIN-OR Ipopt    42.5.0 cf11b917 Mar 30, 2023          WEI x86 64bit/MS Window

COIN-OR Interior Point Optimizer (Ipopt Library 3.14.10)
written by A. Waechter.

******************************************************************************
This program contains Ipopt, a library for large-scale nonlinear optimization.
 Ipopt is released as open source code under the Eclipse Public License (EPL).
         For more information visit https://github.com/coin-or/Ipopt
******************************************************************************

This is Ipopt version 3.14.10, running with linear solver MUMPS 5.5.1.

Number of nonzeros in equality constraint Jacobian...:    26622
Number of nonzeros in inequality constraint Jacobian.:        0
Number of nonzeros in Lagrangian Hessian.............:    14790

Total number of variables............................:    14790
                     variables with only lower bounds:    14790
                variables with lower and upper bounds:        0
                     variables with only upper bounds:        0
Total number of equality constraints.................:     3825
Total number of inequality constraints...............:        0
        inequality constraints with only lower bounds:        0
   inequality constraints with lower and upper bounds:        0
        inequality constraints with only upper bounds:        0

iter    objective    inf_pr   inf_du lg(mu)  ||d||  lg(rg) alpha_du alpha_pr  ls
   0  3.0514539e+04 1.12e-01 1.53e+00   0.0 0.00e+00    -  0.00e+00 0.00e+00   0
   1  3.2733289e+04 3.42e-03 4.71e+01  -6.1 1.02e-02    -  9.89e-01 9.69e-01h  1
   2  3.2957207e+04 9.74e-04 3.31e+02  -4.1 1.00e-02    -  9.90e-01 7.15e-01h  1
   3  3.3084226e+04 3.07e-08 1.64e+02  -4.0 9.19e-03    -  1.00e+00 1.00e+00h  1
   4  3.3081922e+04 3.67e-08 6.56e+01  -3.7 2.14e-02    -  1.00e+00 1.00e+00f  1
   5  3.3082145e+04 2.06e-08 1.39e+01  -3.4 2.99e-02    -  1.00e+00 1.00e+00f  1
   6  3.3081847e+04 2.21e-09 1.66e+00  -3.5 1.34e-02    -  1.00e+00 1.00e+00h  1
   7  3.3081343e+04 9.00e-09 1.48e-02  -4.8 5.08e-02    -  1.00e+00 1.00e+00f  1
   8  3.3081339e+04 2.07e-10 1.62e-04  -6.7 3.16e-03    -  1.00e+00 1.00e+00h  1
   9  3.3081339e+04 9.53e-13 6.58e-07 -11.0 3.64e-05    -  1.00e+00 1.00e+00h  1
iter    objective    inf_pr   inf_du lg(mu)  ||d||  lg(rg) alpha_du alpha_pr  ls
  10  3.3081339e+04 1.14e-13 2.48e-14 -11.0 6.82e-10    -  1.00e+00 1.00e+00h  1

Number of Iterations....: 10

                                   (scaled)                 (unscaled)
Objective...............:   1.7489868349136293e+02    3.3081339245795207e+04
Dual infeasibility......:   2.4824237895395879e-14    4.6953986098841665e-12
Constraint violation....:   1.1368683772161603e-13    1.1368683772161603e-13
Variable bound violation:   0.0000000000000000e+00    0.0000000000000000e+00
Complementarity.........:   1.0000000023133084e-11    1.8914573089943364e-09
Overall NLP error.......:   1.0000000023133084e-11    1.8914573089943364e-09


Number of objective function evaluations             = 11
Number of objective gradient evaluations             = 11
Number of equality constraint evaluations            = 11
Number of inequality constraint evaluations          = 0
Number of equality constraint Jacobian evaluations   = 1
Number of inequality constraint Jacobian evaluations = 0
Number of Lagrangian Hessian evaluations             = 10
Total seconds in IPOPT                               = 0.748

EXIT: Optimal Solution Found.
--- Reading solution for model calib_step3_soi
--- GDX Point h:\windc\github\windc_build\household\calib_step3_soi_p.gdx
--- Executing after solve: elapsed 0:00:09.889
--- hhcalib.gms(1188) 226 Mb
--- hhcalib.gms(1236) 226 Mb
--- GDX File (execute_unload) h:\windc\github\windc_build\household\gdx\calibrated_hhdata_soi_dynamic_2014.gdx
--- hhcalib.gms(1240) 226 Mb
--- GDX File (execute_unload) h:\windc\github\windc_build\household\gdx\capital_taxrate_2014.gdx
*** Status: Normal completion
--- Job hhcalib.gms Stop 06/08/23 15:52:12 elapsed 0:00:10.289
