--- Job hhcalib Start 06/08/23 15:51:45 42.5.0 cf11b917 WEX-WEI x86 64bit/MS Windows
--- Applying:
    C:\GAMS\42\gmsprmNT.txt
--- GAMS Parameters defined
    Input h:\windc\github\windc_build\household\hhcalib.gms
    Output h:\windc\github\windc_build\household\lst\hhcalib_2014_cps_dynamic.lst
    ScrDir h:\windc\github\windc_build\household\225b\
    SysDir C:\GAMS\42\
    LogOption 4
    LogFile h:\windc\github\windc_build\household\lst\hhcalib_2014_cps_dynamic.log
    --year 2014
    --hhdata cps
    --invest dynamic
    --puttitle no
Licensee: Small MUD - 5 User License                     G230511|0002AO-GEN
          University of Wisconsin-Madison, Agricultural & Applied EconDC289
          C:\Users\Thomas F. Rutherford\Documents\GAMS\gamslice.txt
          License Admin: Thomas F. Rutherford, rutherford@aae.wisc.edu     
Processor information: 1 socket(s), 12 core(s), and 24 thread(s) available
GAMS 42.5.0   Copyright (C) 1987-2023 GAMS Development. All rights reserved
--- Starting compilation
--- hhcalib.gms(63) 2 Mb
--- . windc_coredata.gms(17) 2 Mb
--- GDXin=h:\windc\github\windc_build\core\WiNDCdatabase.gdx
--- GDX File ($gdxIn) h:\windc\github\windc_build\core\WiNDCdatabase.gdx
--- . windc_coredata.gms(209) 202 Mb
--- hhcalib.gms(89) 202 Mb
--- GDXin=h:\windc\github\windc_build\household\gdx\capital_tax_rates.gdx
--- GDX File ($gdxIn) h:\windc\github\windc_build\household\gdx\capital_tax_rates.gdx
--- hhcalib.gms(121) 202 Mb
--- GDXin=h:\windc\github\windc_build\household\gdx\cps_data_2014.gdx
--- GDX File ($gdxIn) h:\windc\github\windc_build\household\gdx\cps_data_2014.gdx
--- hhcalib.gms(136) 202 Mb
--- GDXin=h:\windc\github\windc_build\household\gdx\capital_gains_2014.gdx
--- GDX File ($gdxIn) h:\windc\github\windc_build\household\gdx\capital_gains_2014.gdx
--- hhcalib.gms(144) 202 Mb
--- GDXin=h:\windc\github\windc_build\household\gdx\labor_tax_rates.gdx
--- GDX File ($gdxIn) h:\windc\github\windc_build\household\gdx\labor_tax_rates.gdx
--- hhcalib.gms(333) 202 Mb
--- . hh_calib_aggregate_regions.map(68) 202 Mb
--- hhcalib.gms(840) 202 Mb
--- call csv2gdx data_sources\cex\national_income_elasticities_CEX_2013_2017.csv output=gdx\national_income_elasticities_CEX_2013_2017.gdx id=regres index=1 useHeader=y value=2,3,4
--- hhcalib.gms(841) 202 Mb
--- GDXin=h:\windc\github\windc_build\household\gdx\national_income_elasticities_CEX_2013_2017.gdx
--- GDX File ($gdxIn) h:\windc\github\windc_build\household\gdx\national_income_elasticities_CEX_2013_2017.gdx
--- hhcalib.gms(847) 202 Mb
--- call csv2gdx data_sources\cex\windc_pce_map.csv output=gdx\windc_pce_map.gdx id=pcebridge index=1,2 useHeader=y value=3,4,5
--- hhcalib.gms(848) 202 Mb
--- GDXin=h:\windc\github\windc_build\household\gdx\windc_pce_map.gdx
--- GDX File ($gdxIn) h:\windc\github\windc_build\household\gdx\windc_pce_map.gdx
--- hhcalib.gms(963) 202 Mb
--- Starting execution: elapsed 0:00:00.570
--- hhcalib.gms(271) 221 Mb
--- GDX File (execute_unload) h:\windc\github\windc_build\household\225b\totgdp.gdx
--- hhcalib.gms(272) 221 Mb
--- hhcalib.gms(517) 221 Mb
--- Generating QCP model partial_ss
--- hhcalib.gms(518) 223 Mb
---   52 rows  3,622 columns  5,337 non-zeroes
---   8,578 nl-code  1,715 nl-non-zeroes
--- Range statistics (absolute non-zero finite values)
--- RHS       [min, max] : [ 6.646E+00, 6.667E+02] - Zero values observed as well
--- Bound     [min, max] : [ 3.682E-06, 4.907E+01] - Zero values observed as well
--- Matrix    [min, max] : [ 1.000E+00, 1.000E+00] - Zero values observed as well
--- hhcalib.gms(518) 221 Mb
--- Executing CPLEX (Solvelink=2): elapsed 0:00:01.704

IBM ILOG CPLEX   42.5.0 cf11b917 Mar 30, 2023          WEI x86 64bit/MS Window

--- GAMS/Cplex licensed for continuous and discrete problems.
--- GMO Q Extraction (ThreePass): 0.00s
--- GMO setup time: 0.00s
--- Space for names approximately 0.07 Mb
--- Use option 'names no' to turn use of names off
--- GMO memory 1.20 Mb (peak 1.26 Mb)
--- Dictionary memory 0.00 Mb
--- Cplex 22.1.1.0 link memory 0.07 Mb (peak 0.25 Mb)
--- Starting Cplex

Version identifier: 22.1.1.0 | 2022-11-27 | 9160aff4d
CPXPARAM_Advance                                 0
CPXPARAM_Threads                                 1
CPXPARAM_MIP_Display                             4
CPXPARAM_MIP_Pool_Capacity                       0
CPXPARAM_MIP_Tolerances_AbsMIPGap                0
Tried aggregator 1 time.
QP Presolve eliminated 0 rows and 1907 columns.
Reduced QP has 51 rows, 1715 columns, and 1715 nonzeros.
Reduced QP objective Q matrix has 1715 nonzeros.
Presolve time = 0.00 sec. (0.76 ticks)
Parallel mode: none, using 1 thread for barrier
Number of nonzeros in lower triangle of A*A' = 0
Using Approximate Minimum Degree ordering
Total time for automatic ordering = 0.00 sec. (0.01 ticks)
Summary statistics for Cholesky factor:
  Rows in Factor            = 51
  Integer space required    = 51
  Total non-zeros in factor = 51
  Total FP ops to factor    = 51
 Itn      Primal Obj        Dual Obj  Prim Inf Upper Inf  Dual Inf          
   0   3.2091070e+06  -3.2096195e+06  4.16e+02  0.00e+00  3.50e+06
   1   7.3459889e+05  -7.4139521e+05  1.99e+02  0.00e+00  1.67e+06
   2   1.5500083e+04  -1.5689143e+04  2.76e+01  0.00e+00  2.32e+05
   3   1.0901720e+03   6.4798948e+02  8.90e-01  0.00e+00  7.48e+03
   4   1.0642564e+03   7.5862481e+02  6.43e-01  0.00e+00  5.40e+03
   5   1.0351259e+03   9.3238379e+02  2.28e-01  0.00e+00  1.92e+03
   6   1.0278216e+03   1.0237390e+03  4.55e-03  0.00e+00  3.83e+01
   7   1.0276552e+03   1.0275526e+03  5.21e-05  0.00e+00  4.38e-01
   8   1.0276516e+03   1.0276496e+03  2.94e-07  0.00e+00  2.47e-03
   9   1.0276515e+03   1.0276515e+03  1.46e-09  0.00e+00  1.22e-05
  10   1.0276515e+03   1.0276515e+03  7.87e-12  0.00e+00  6.10e-08
Barrier time = 0.00 sec. (3.47 ticks)

Total time on 1 threads = 0.00 sec. (3.47 ticks)

--- QP status (1): optimal.
--- Cplex Time: 0.00sec (det. 3.47 ticks)


Optimal solution found
Objective:         1027.651537

--- Reading solution for model partial_ss
--- Executing after solve: elapsed 0:00:01.812
--- hhcalib.gms(523) 221 Mb
--- GDX File (execute_unload) h:\windc\github\windc_build\household\gdx\i0_2014.gdx
--- hhcalib.gms(784) 221 Mb
--- Generating NLP model calib_step1_cps
--- hhcalib.gms(787) 223 Mb
---   102 rows  347 columns  1,027 non-zeroes
---   1,562 nl-code  305 nl-non-zeroes
--- Range statistics (absolute non-zero finite values)
--- RHS       [min, max] : [ 1.386E+01, 5.543E+03] - Zero values observed as well
--- Bound     [min, max] : [ 5.704E-03, 6.885E+02] - Zero values observed as well
--- Matrix    [min, max] : [ 9.623E-04, 5.107E+05] - Zero values observed as well
--- hhcalib.gms(787) 221 Mb
--- Executing IPOPT (Solvelink=2): elapsed 0:00:01.863

COIN-OR Ipopt    42.5.0 cf11b917 Mar 30, 2023          WEI x86 64bit/MS Window

COIN-OR Interior Point Optimizer (Ipopt Library 3.14.10)
written by A. Waechter.

******************************************************************************
This program contains Ipopt, a library for large-scale nonlinear optimization.
 Ipopt is released as open source code under the Eclipse Public License (EPL).
         For more information visit https://github.com/coin-or/Ipopt
******************************************************************************

This is Ipopt version 3.14.10, running with linear solver MUMPS 5.5.1.

Number of nonzeros in equality constraint Jacobian...:      721
Number of nonzeros in inequality constraint Jacobian.:        0
Number of nonzeros in Lagrangian Hessian.............:      605

Total number of variables............................:      346
                     variables with only lower bounds:       70
                variables with lower and upper bounds:      256
                     variables with only upper bounds:        0
Total number of equality constraints.................:      101
Total number of inequality constraints...............:        0
        inequality constraints with only lower bounds:        0
   inequality constraints with lower and upper bounds:        0
        inequality constraints with only upper bounds:        0

iter    objective    inf_pr   inf_du lg(mu)  ||d||  lg(rg) alpha_du alpha_pr  ls
   0  2.2633693e+05 4.05e+03 1.01e+02   0.0 0.00e+00    -  0.00e+00 0.00e+00   0
   1  2.0555183e+05 3.46e+03 2.36e+04  -4.8 1.64e+03    -  6.05e-06 1.44e-01h  1
   2  2.5614148e+05 2.91e+03 1.98e+04  -0.9 1.40e+03    -  1.12e-01 1.60e-01h  1
   3  2.5651844e+05 2.90e+03 1.98e+04   1.1 1.18e+03    -  4.64e-01 3.38e-03f  1
   4  3.2652136e+05 2.59e+03 1.76e+04   2.0 1.29e+03    -  9.52e-01 1.08e-01f  1
   5  1.6966545e+06 1.14e+03 7.80e+03   2.5 1.05e+03    -  1.00e+00 5.58e-01f  1
   6  2.1183005e+06 3.20e-04 1.90e+00   2.0 4.63e+02    -  9.88e-01 1.00e+00f  1
   7  1.7568090e+06 4.11e-07 3.30e-01   1.2 6.63e+01    -  9.95e-01 1.00e+00f  1
   8  1.3853708e+06 4.12e-08 8.87e-02   0.6 8.39e+01    -  9.93e-01 1.00e+00f  1
   9  1.2142838e+06 6.78e-09 1.02e-05   0.0 5.06e+01    -  1.00e+00 1.00e+00f  1
iter    objective    inf_pr   inf_du lg(mu)  ||d||  lg(rg) alpha_du alpha_pr  ls
  10  1.1338225e+06 1.25e-09 1.59e-02  -0.6 2.91e+01    -  9.90e-01 1.00e+00f  1
  11  1.0934777e+06 2.46e-10 1.54e-02  -1.2 1.52e+01    -  9.93e-01 9.48e-01f  1
  12  1.0746711e+06 8.41e-11 1.19e-02  -1.8 8.26e+00    -  9.97e-01 8.30e-01f  1
  13  1.0672081e+06 1.50e-10 2.12e-02  -2.4 5.86e+00    -  9.62e-01 6.10e-01f  1
  14  1.0622604e+06 1.43e-10 1.04e-02  -2.7 4.37e+00    -  8.99e-01 7.66e-01f  1
  15  1.0617095e+06 9.19e-11 1.95e-02  -2.9 2.43e+00    -  9.81e-01 4.52e-01f  1
  16  1.0611328e+06 4.77e-11 7.25e-03  -3.2 2.59e+00    -  9.96e-01 7.73e-01f  1
  17  1.0609192e+06 2.51e-11 3.23e-03  -3.5 1.21e+00    -  9.96e-01 6.49e-01f  1
  18  1.0607325e+06 7.27e-12 5.75e-04  -3.8 9.37e-01    -  1.00e+00 8.47e-01f  1
  19  1.0606165e+06 2.19e-12 9.17e-05  -4.5 6.66e-01    -  8.48e-01 8.43e-01f  1
iter    objective    inf_pr   inf_du lg(mu)  ||d||  lg(rg) alpha_du alpha_pr  ls
  20  1.0605723e+06 9.09e-13 5.94e-05  -4.6 5.25e-01    -  8.61e-01 9.43e-01f  1
  21  1.0605500e+06 6.61e-13 3.48e-04  -5.4 3.32e-01    -  6.89e-01 9.89e-01f  1
  22  1.0605454e+06 9.09e-13 3.04e-07  -5.7 1.56e-01    -  9.98e-01 1.00e+00f  1
  23  1.0605433e+06 9.09e-13 1.06e-05  -6.5 8.94e-02    -  8.82e-01 1.00e+00f  1
  24  1.0605431e+06 9.09e-13 3.01e-07  -6.9 2.53e-02    -  9.90e-01 1.00e+00f  1
  25  1.0605429e+06 4.55e-13 1.08e-06  -8.2 1.44e-02    -  9.93e-01 9.13e-01f  1
  26  1.0605429e+06 9.09e-13 2.05e-13  -9.3 6.32e-03    -  1.00e+00 1.00e+00f  1
  27  1.0605429e+06 9.09e-13 1.16e-13 -11.0 1.17e-03    -  1.00e+00 1.00e+00h  1

Number of Iterations....: 27

                                   (scaled)                 (unscaled)
Objective...............:   2.0768191943913968e+02    1.0605429050900452e+06
Dual infeasibility......:   1.1553044699549046e-13    5.8996467392942391e-10
Constraint violation....:   9.0949470177292824e-13    9.0949470177292824e-13
Variable bound violation:   1.9588668465075898e-08    1.9588668465075898e-08
Complementarity.........:   8.1321607882718861e-10    4.1527473601670916e-06
Overall NLP error.......:   8.1321607882718861e-10    4.1527473601670916e-06


Number of objective function evaluations             = 28
Number of objective gradient evaluations             = 28
Number of equality constraint evaluations            = 28
Number of inequality constraint evaluations          = 0
Number of equality constraint Jacobian evaluations   = 1
Number of inequality constraint Jacobian evaluations = 0
Number of Lagrangian Hessian evaluations             = 27
Total seconds in IPOPT                               = 0.085

EXIT: Optimal Solution Found.
--- Reading solution for model calib_step1_cps
--- Executing after solve: elapsed 0:00:02.008
--- hhcalib.gms(978) 221 Mb
--- GDXin=h:\windc\github\windc_build\household\gdx\calib_step2_cps_p.gdx
--- hhcalib.gms(978) 222 Mb
--- GDX File (execute_load) h:\windc\github\windc_build\household\gdx\calib_step2_cps_p.gdx
--- hhcalib.gms(984) 222 Mb
--- Generating NLP model calib_step2_cps
--- hhcalib.gms(986) 228 Mb
---   1,425 rows  17,092 columns  90,532 non-zeroes
---   32,270 nl-code  16,580 nl-non-zeroes
--- Range statistics (absolute non-zero finite values)
--- RHS       [min, max] : [ 9.507E-03, 5.543E+03] - Zero values observed as well
--- Bound     [min, max] : [ 5.267E-06, 5.467E+02] - Zero values observed as well
--- Matrix    [min, max] : [ 2.019E-06, 1.814E+02] - Zero values observed as well
--- hhcalib.gms(986) 226 Mb
--- Executing IPOPT (Solvelink=2): elapsed 0:00:02.428

COIN-OR Ipopt    42.5.0 cf11b917 Mar 30, 2023          WEI x86 64bit/MS Window

COIN-OR Interior Point Optimizer (Ipopt Library 3.14.10)
written by A. Waechter.

******************************************************************************
This program contains Ipopt, a library for large-scale nonlinear optimization.
 Ipopt is released as open source code under the Eclipse Public License (EPL).
         For more information visit https://github.com/coin-or/Ipopt
******************************************************************************

This is Ipopt version 3.14.10, running with linear solver MUMPS 5.5.1.

Number of nonzeros in equality constraint Jacobian...:    22214
Number of nonzeros in inequality constraint Jacobian.:     3415
Number of nonzeros in Lagrangian Hessian.............:    35813

Total number of variables............................:     7315
                     variables with only lower bounds:     3727
                variables with lower and upper bounds:     3333
                     variables with only upper bounds:        0
Total number of equality constraints.................:     1169
Total number of inequality constraints...............:      255
        inequality constraints with only lower bounds:        0
   inequality constraints with lower and upper bounds:        0
        inequality constraints with only upper bounds:      255

iter    objective    inf_pr   inf_du lg(mu)  ||d||  lg(rg) alpha_du alpha_pr  ls
   0  1.5670286e+05 1.41e+03 9.90e+01   0.0 0.00e+00    -  0.00e+00 0.00e+00   0
   1  1.5639620e+05 1.38e+03 9.75e+01  -5.7 1.41e+03    -  1.69e-02 1.52e-02f  1
   2  1.5602751e+05 1.36e+03 9.55e+01  -5.7 1.38e+03    -  1.60e-03 2.00e-02f  1
   3  1.5578874e+05 1.33e+03 9.40e+01  -5.7 1.36e+03    -  2.92e-02 1.62e-02f  1
   4  1.5532701e+05 1.29e+03 9.06e+01  -5.7 1.33e+03    -  9.67e-03 3.63e-02f  1
   5  1.5494578e+05 1.24e+03 8.71e+01  -5.7 1.29e+03    -  4.68e-02 3.82e-02f  1
   6  1.5479190e+05 1.21e+03 8.50e+01  -5.7 1.24e+03    -  1.20e-02 2.35e-02f  1
   7  1.5453657e+05 1.15e+03 8.08e+01  -5.7 1.21e+03    -  2.00e-02 4.99e-02f  1
   8  1.5443747e+05 1.10e+03 7.75e+01  -5.7 1.15e+03    -  3.31e-02 4.06e-02f  1
   9  1.5437069e+05 1.03e+03 7.25e+01  -5.7 1.10e+03    -  7.13e-02 6.45e-02f  1
iter    objective    inf_pr   inf_du lg(mu)  ||d||  lg(rg) alpha_du alpha_pr  ls
  10  1.5438008e+05 9.84e+02 6.93e+01  -5.8 1.03e+03    -  7.28e-02 4.41e-02h  1
  11  1.5439124e+05 9.68e+02 6.83e+01  -5.8 9.84e+02    -  1.07e-01 1.62e-02h  1
  12  1.5445848e+05 9.02e+02 6.36e+01  -5.9 9.68e+02    -  2.30e-02 6.83e-02h  1
  13  1.5451646e+05 8.55e+02 6.03e+01  -5.9 9.02e+02    -  1.22e-01 5.19e-02h  1
  14  1.5451879e+05 8.54e+02 6.03e+01  -5.9 8.55e+02    -  8.24e-02 1.78e-03h  1
  15  1.5466498e+05 7.64e+02 5.40e+01  -6.0 8.54e+02    -  1.71e-01 1.05e-01h  1
  16  1.5475123e+05 7.18e+02 5.07e+01  -6.0 7.64e+02    -  7.10e-02 6.03e-02h  1
  17  1.5483457e+05 6.76e+02 4.77e+01  -6.1 7.18e+02    -  1.46e-01 5.94e-02h  1
  18  1.5486487e+05 6.61e+02 4.67e+01  -6.1 6.75e+02    -  1.62e-01 2.20e-02h  1
  19  1.5496812e+05 6.12e+02 4.33e+01  -6.2 6.61e+02    -  7.35e-02 7.42e-02h  1
iter    objective    inf_pr   inf_du lg(mu)  ||d||  lg(rg) alpha_du alpha_pr  ls
  20  1.5508511e+05 5.58e+02 3.95e+01  -6.3 6.12e+02    -  1.43e-01 8.83e-02h  1
  21  1.5516241e+05 5.24e+02 3.71e+01  -6.3 5.58e+02    -  1.52e-01 6.11e-02h  1
  22  1.5523967e+05 4.91e+02 3.47e+01  -6.4 5.23e+02    -  8.54e-03 6.28e-02h  1
  23  1.5527287e+05 4.77e+02 3.37e+01  -6.4 4.91e+02    -  6.03e-02 2.85e-02h  1
  24  1.5531002e+05 4.61e+02 3.27e+01  -6.4 4.77e+02    -  3.31e-01 3.25e-02h  1
  25  1.5532524e+05 4.55e+02 3.23e+01  -6.6 4.61e+02    -  1.60e-01 1.35e-02h  1
  26  1.5559987e+05 3.45e+02 2.45e+01  -6.7 4.55e+02    -  2.79e-01 2.42e-01h  1
  27  1.5560523e+05 3.43e+02 2.43e+01  -6.8 3.45e+02    -  2.81e-01 6.08e-03h  1
  28  1.5566073e+05 3.21e+02 2.28e+01  -7.0 3.43e+02    -  1.65e-01 6.30e-02h  1
  29  1.5583221e+05 2.55e+02 1.81e+01  -7.0 3.21e+02    -  3.15e-01 2.05e-01h  1
iter    objective    inf_pr   inf_du lg(mu)  ||d||  lg(rg) alpha_du alpha_pr  ls
  30  1.5585450e+05 2.47e+02 1.75e+01  -7.2 2.55e+02    -  3.50e-01 3.31e-02h  1
  31  1.5598090e+05 1.99e+02 1.42e+01  -7.4 2.47e+02    -  2.47e-01 1.92e-01h  1
  32  1.5598353e+05 1.98e+02 1.41e+01  -7.5 1.99e+02    -  4.30e-01 4.93e-03h  1
  33  1.5606467e+05 1.68e+02 1.20e+01  -7.7 1.98e+02    -  7.12e-02 1.52e-01h  1
  34  1.5609914e+05 1.56e+02 1.11e+01  -7.8 1.68e+02    -  3.95e-01 7.55e-02h  1
  35  1.5626926e+05 9.35e+01 6.65e+00  -8.0 1.56e+02    -  1.66e-01 3.99e-01h  1
  36  1.5631416e+05 7.73e+01 5.49e+00  -8.0 9.35e+01    -  1.43e-02 1.73e-01h  1
  37  1.5635364e+05 6.31e+01 4.48e+00  -8.1 7.72e+01    -  2.01e-01 1.84e-01h  1
  38  1.5643913e+05 3.25e+01 2.31e+00  -8.2 6.31e+01    -  6.84e-01 4.85e-01h  1
  39  1.5645716e+05 2.61e+01 2.03e+00  -8.6 3.25e+01    -  8.69e-01 1.97e-01h  1
iter    objective    inf_pr   inf_du lg(mu)  ||d||  lg(rg) alpha_du alpha_pr  ls
  40  1.5645857e+05 2.56e+01 1.99e+00  -5.0 2.61e+01    -  7.50e-02 1.92e-02h  1
  41  1.5650567e+05 8.95e+00 7.29e-01  -5.4 2.56e+01    -  9.75e-01 6.51e-01h  1
  42  1.5652715e+05 1.37e+00 1.11e-01  -6.1 8.94e+00    -  6.96e-01 8.47e-01h  1
  43  1.5653066e+05 1.29e-01 1.63e-02 -10.8 1.37e+00    -  7.39e-01 9.05e-01h  1
  44  1.5653095e+05 2.57e-02 1.59e-01  -7.6 1.29e-01  -2.0 9.90e-01 8.01e-01h  1
  45  1.5653102e+05 2.60e-03 7.11e-02  -8.1 2.57e-02  -2.5 9.96e-01 8.99e-01h  1
  46  1.5653102e+05 9.91e-04 1.48e+00  -8.4 2.60e-03  -3.0 1.00e+00 6.18e-01h  1
  47  1.5653102e+05 1.78e-04 3.84e-01  -8.7 6.80e-01    -  1.00e+00 8.21e-01h  1
  48  1.5653102e+05 7.64e-05 7.18e-01  -9.1 1.78e-04  -3.4 1.00e+00 5.70e-01h  1
MUMPS returned INFO(1) = -9 and requires more memory, reallocating.  Attempt 1
  Increasing icntl[13] from 1000 to 2000.
  49  1.5653102e+05 1.20e-05 5.21e-01  -9.3 7.63e-05  -3.0 1.00e+00 8.43e-01h  1
iter    objective    inf_pr   inf_du lg(mu)  ||d||  lg(rg) alpha_du alpha_pr  ls
  50  1.5653102e+05 2.70e-06 2.12e-01  -9.7 1.20e-05  -3.5 1.00e+00 7.75e-01h  1
  51  1.5653102e+05 4.14e-07 8.05e-02 -10.1 2.70e-06  -4.0 8.90e-01 8.47e-01h  1
  52  1.5653102e+05 2.08e-07 1.16e+00 -10.2 5.09e-07  -3.5 1.00e+00 4.98e-01h  1
In iteration 52, 1 Slack too small, adjusting variable bound
  53  1.5653102e+05 1.21e-08 8.86e-02 -10.3 7.96e-01    -  1.00e+00 9.41e-01h  1
  54  1.5653102e+05 5.72e-11 9.21e-11 -10.3 3.20e-01    -  1.00e+00 1.00e+00h  1

Number of Iterations....: 54

                                   (scaled)                 (unscaled)
Objective...............:   8.6279445339227561e+04    1.5653102450088121e+05
Dual infeasibility......:   9.2060632265808047e-11    1.6701944510779150e-10
Constraint violation....:   5.7184479373972863e-11    5.7184479373972863e-11
Variable bound violation:   8.2767002140826662e-09    8.2767002140826662e-09
Complementarity.........:   1.2317112444813138e-10    2.2346112939168036e-10
Overall NLP error.......:   1.2317112444813138e-10    2.2346112939168036e-10


Number of objective function evaluations             = 55
Number of objective gradient evaluations             = 55
Number of equality constraint evaluations            = 55
Number of inequality constraint evaluations          = 55
Number of equality constraint Jacobian evaluations   = 1
Number of inequality constraint Jacobian evaluations = 1
Number of Lagrangian Hessian evaluations             = 54
Total seconds in IPOPT                               = 3.216

EXIT: Optimal Solution Found.
--- Reading solution for model calib_step2_cps
--- GDX Point h:\windc\github\windc_build\household\calib_step2_cps_p.gdx
--- Executing after solve: elapsed 0:00:06.052
--- hhcalib.gms(995) 226 Mb
--- hhcalib.gms(1173) 226 Mb
--- GDXin=h:\windc\github\windc_build\household\gdx\calib_step3_cps_p.gdx
--- GDX File (execute_load) h:\windc\github\windc_build\household\gdx\calib_step3_cps_p.gdx
--- hhcalib.gms(1177) 226 Mb
--- Generating NLP model calib_step3_cps
--- hhcalib.gms(1179) 229 Mb
---   3,826 rows  18,106 columns  50,695 non-zeroes
---   113,477 nl-code  18,105 nl-non-zeroes
--- Range statistics (absolute non-zero finite values)
--- RHS       [min, max] : [ 2.645E-04, 4.209E+02] - Zero values observed as well
--- Bound     [min, max] : [ 1.000E-05, 1.000E-05] - Zero values observed as well
--- Matrix    [min, max] : [ 1.618E-03, 1.893E+04] - Zero values observed as well
--- hhcalib.gms(1179) 226 Mb
--- Executing IPOPT (Solvelink=2): elapsed 0:00:06.619

COIN-OR Ipopt    42.5.0 cf11b917 Mar 30, 2023          WEI x86 64bit/MS Window

COIN-OR Interior Point Optimizer (Ipopt Library 3.14.10)
written by A. Waechter.

******************************************************************************
This program contains Ipopt, a library for large-scale nonlinear optimization.
 Ipopt is released as open source code under the Eclipse Public License (EPL).
         For more information visit https://github.com/coin-or/Ipopt
******************************************************************************

This is Ipopt version 3.14.10, running with linear solver MUMPS 5.5.1.

Number of nonzeros in equality constraint Jacobian...:    26622
Number of nonzeros in inequality constraint Jacobian.:        0
Number of nonzeros in Lagrangian Hessian.............:    14790

Total number of variables............................:    14790
                     variables with only lower bounds:    14790
                variables with lower and upper bounds:        0
                     variables with only upper bounds:        0
Total number of equality constraints.................:     3825
Total number of inequality constraints...............:        0
        inequality constraints with only lower bounds:        0
   inequality constraints with lower and upper bounds:        0
        inequality constraints with only upper bounds:        0

iter    objective    inf_pr   inf_du lg(mu)  ||d||  lg(rg) alpha_du alpha_pr  ls
   0  3.2882763e+04 1.20e-01 1.53e+00   0.0 0.00e+00    -  0.00e+00 0.00e+00   0
   1  3.4296649e+04 2.37e-02 4.74e+01  -2.2 1.27e-01    -  9.82e-01 8.03e-01h  1
   2  3.4977846e+04 5.77e-03 1.30e+02  -3.1 8.14e-02    -  9.90e-01 7.56e-01h  1
   3  3.5208501e+04 2.40e-03 2.67e+02  -3.3 4.65e-02    -  1.00e+00 5.84e-01h  1
   4  3.5423380e+04 3.02e-04 3.65e+02  -3.1 1.09e-01    -  1.00e+00 8.74e-01h  1
   5  3.5484243e+04 1.19e-05 6.00e+02  -2.7 2.78e-01    -  1.00e+00 9.61e-01h  1
   6  3.5579291e+04 1.92e-07 2.24e+03  -2.3 5.65e-01    -  1.00e+00 1.00e+00f  1
   7  3.5487076e+04 8.56e-08 1.89e+01  -2.8 5.67e-01    -  1.00e+00 1.00e+00f  1
   8  3.5456517e+04 1.00e-07 2.88e+00  -3.5 4.07e-01    -  1.00e+00 1.00e+00f  1
   9  3.5454410e+04 7.91e-09 1.21e+00  -4.2 1.21e-01    -  1.00e+00 1.00e+00f  1
iter    objective    inf_pr   inf_du lg(mu)  ||d||  lg(rg) alpha_du alpha_pr  ls
  10  3.5454359e+04 1.33e-09 1.98e-02  -5.5 1.89e-02    -  1.00e+00 1.00e+00h  1
  11  3.5454359e+04 3.01e-11 2.20e-05  -7.2 8.21e-04    -  1.00e+00 1.00e+00h  1
  12  3.5454359e+04 2.34e-13 2.04e-11 -11.0 1.66e-05    -  1.00e+00 1.00e+00h  1

Number of Iterations....: 12

                                   (scaled)                 (unscaled)
Objective...............:   1.8726618370224244e+02    3.5454358944570638e+04
Dual infeasibility......:   2.0440118781578365e-11    3.8698460865951914e-09
Constraint violation....:   2.3366497538951370e-13    2.3366497538951370e-13
Variable bound violation:   0.0000000000000000e+00    0.0000000000000000e+00
Complementarity.........:   1.0690853002144725e-11    2.0240565182038302e-09
Overall NLP error.......:   2.0440118781578365e-11    3.8698460865951914e-09


Number of objective function evaluations             = 13
Number of objective gradient evaluations             = 13
Number of equality constraint evaluations            = 13
Number of inequality constraint evaluations          = 0
Number of equality constraint Jacobian evaluations   = 1
Number of inequality constraint Jacobian evaluations = 0
Number of Lagrangian Hessian evaluations             = 12
Total seconds in IPOPT                               = 0.905

EXIT: Optimal Solution Found.
--- Reading solution for model calib_step3_cps
--- GDX Point h:\windc\github\windc_build\household\calib_step3_cps_p.gdx
--- Executing after solve: elapsed 0:00:07.934
--- hhcalib.gms(1188) 226 Mb
--- hhcalib.gms(1236) 226 Mb
--- GDX File (execute_unload) h:\windc\github\windc_build\household\gdx\calibrated_hhdata_cps_dynamic_2014.gdx
--- hhcalib.gms(1240) 226 Mb
--- GDX File (execute_unload) h:\windc\github\windc_build\household\gdx\capital_taxrate_2014.gdx
*** Status: Normal completion
--- Job hhcalib.gms Stop 06/08/23 15:51:53 elapsed 0:00:08.341
