--- Job hhcalib Start 06/08/23 15:53:36 42.5.0 cf11b917 WEX-WEI x86 64bit/MS Windows
--- Applying:
    C:\GAMS\42\gmsprmNT.txt
--- GAMS Parameters defined
    Input h:\windc\github\windc_build\household\hhcalib.gms
    Output h:\windc\github\windc_build\household\lst\hhcalib_2016_soi_dynamic.lst
    ScrDir h:\windc\github\windc_build\household\225b\
    SysDir C:\GAMS\42\
    LogOption 4
    LogFile h:\windc\github\windc_build\household\lst\hhcalib_2016_soi_dynamic.log
    --year 2016
    --hhdata soi
    --invest dynamic
    --puttitle no
Licensee: Small MUD - 5 User License                     G230511|0002AO-GEN
          University of Wisconsin-Madison, Agricultural & Applied EconDC289
          C:\Users\Thomas F. Rutherford\Documents\GAMS\gamslice.txt
          License Admin: Thomas F. Rutherford, rutherford@aae.wisc.edu     
Processor information: 1 socket(s), 12 core(s), and 24 thread(s) available
GAMS 42.5.0   Copyright (C) 1987-2023 GAMS Development. All rights reserved
--- Starting compilation
--- hhcalib.gms(63) 2 Mb
--- . windc_coredata.gms(17) 2 Mb
--- GDXin=h:\windc\github\windc_build\core\WiNDCdatabase.gdx
--- GDX File ($gdxIn) h:\windc\github\windc_build\core\WiNDCdatabase.gdx
--- . windc_coredata.gms(209) 202 Mb
--- hhcalib.gms(89) 202 Mb
--- GDXin=h:\windc\github\windc_build\household\gdx\capital_tax_rates.gdx
--- GDX File ($gdxIn) h:\windc\github\windc_build\household\gdx\capital_tax_rates.gdx
--- hhcalib.gms(121) 202 Mb
--- GDXin=h:\windc\github\windc_build\household\gdx\soi_data_2016.gdx
--- GDX File ($gdxIn) h:\windc\github\windc_build\household\gdx\soi_data_2016.gdx
--- hhcalib.gms(130) 202 Mb
--- GDXin=h:\windc\github\windc_build\household\gdx\cps_data_2016.gdx
--- GDX File ($gdxIn) h:\windc\github\windc_build\household\gdx\cps_data_2016.gdx
--- hhcalib.gms(333) 202 Mb
--- . hh_calib_aggregate_regions.map(68) 202 Mb
--- hhcalib.gms(840) 202 Mb
--- call csv2gdx data_sources\cex\national_income_elasticities_CEX_2013_2017.csv output=gdx\national_income_elasticities_CEX_2013_2017.gdx id=regres index=1 useHeader=y value=2,3,4
--- hhcalib.gms(841) 202 Mb
--- GDXin=h:\windc\github\windc_build\household\gdx\national_income_elasticities_CEX_2013_2017.gdx
--- GDX File ($gdxIn) h:\windc\github\windc_build\household\gdx\national_income_elasticities_CEX_2013_2017.gdx
--- hhcalib.gms(847) 202 Mb
--- call csv2gdx data_sources\cex\windc_pce_map.csv output=gdx\windc_pce_map.gdx id=pcebridge index=1,2 useHeader=y value=3,4,5
--- hhcalib.gms(848) 202 Mb
--- GDXin=h:\windc\github\windc_build\household\gdx\windc_pce_map.gdx
--- GDX File ($gdxIn) h:\windc\github\windc_build\household\gdx\windc_pce_map.gdx
--- hhcalib.gms(963) 202 Mb
--- Starting execution: elapsed 0:00:00.572
--- hhcalib.gms(271) 221 Mb
--- GDX File (execute_unload) h:\windc\github\windc_build\household\225b\totgdp.gdx
--- hhcalib.gms(272) 221 Mb
--- hhcalib.gms(517) 221 Mb
--- Generating QCP model partial_ss
--- hhcalib.gms(518) 223 Mb
---   52 rows  3,622 columns  5,233 non-zeroes
---   8,058 nl-code  1,611 nl-non-zeroes
--- Range statistics (absolute non-zero finite values)
--- RHS       [min, max] : [ 6.909E+00, 7.330E+02] - Zero values observed as well
--- Bound     [min, max] : [ 3.358E-06, 6.276E+01] - Zero values observed as well
--- Matrix    [min, max] : [ 1.000E+00, 1.000E+00] - Zero values observed as well
--- hhcalib.gms(518) 221 Mb
--- Executing CPLEX (Solvelink=2): elapsed 0:00:01.785

IBM ILOG CPLEX   42.5.0 cf11b917 Mar 30, 2023          WEI x86 64bit/MS Window

--- GAMS/Cplex licensed for continuous and discrete problems.
--- GMO Q Extraction (ThreePass): 0.00s
--- GMO setup time: 0.00s
--- Space for names approximately 0.07 Mb
--- Use option 'names no' to turn use of names off
--- GMO memory 1.20 Mb (peak 1.25 Mb)
--- Dictionary memory 0.00 Mb
--- Cplex 22.1.1.0 link memory 0.07 Mb (peak 0.25 Mb)
--- Starting Cplex

Version identifier: 22.1.1.0 | 2022-11-27 | 9160aff4d
CPXPARAM_Advance                                 0
CPXPARAM_Threads                                 1
CPXPARAM_MIP_Display                             4
CPXPARAM_MIP_Pool_Capacity                       0
CPXPARAM_MIP_Tolerances_AbsMIPGap                0
Tried aggregator 1 time.
QP Presolve eliminated 0 rows and 2011 columns.
Reduced QP has 51 rows, 1611 columns, and 1611 nonzeros.
Reduced QP objective Q matrix has 1611 nonzeros.
Presolve time = 0.00 sec. (0.75 ticks)
Parallel mode: none, using 1 thread for barrier
Number of nonzeros in lower triangle of A*A' = 0
Using Approximate Minimum Degree ordering
Total time for automatic ordering = 0.00 sec. (0.01 ticks)
Summary statistics for Cholesky factor:
  Rows in Factor            = 51
  Integer space required    = 51
  Total non-zeros in factor = 51
  Total FP ops to factor    = 51
 Itn      Primal Obj        Dual Obj  Prim Inf Upper Inf  Dual Inf          
   0   2.3358480e+06  -2.3362511e+06  3.40e+02  0.00e+00  2.75e+06
   1   5.3157484e+05  -5.3883013e+05  1.62e+02  0.00e+00  1.31e+06
   2   3.3065442e+04  -3.4044905e+04  3.95e+01  0.00e+00  3.21e+05
   3   1.8819730e+03  -3.9676529e+02  5.93e+00  0.00e+00  4.81e+04
   4   1.0933371e+03   9.4841418e+02  7.68e-01  0.00e+00  6.24e+03
   5   1.0843292e+03   1.0457605e+03  1.05e-02  0.00e+00  8.52e+01
   6   1.0719288e+03   1.0670152e+03  1.44e-04  0.00e+00  1.17e+00
   7   1.0706670e+03   1.0700925e+03  6.30e-07  0.00e+00  6.87e-03
   8   1.0706129e+03   1.0705888e+03  2.75e-09  0.00e+00  3.53e-05
   9   1.0706128e+03   1.0706127e+03  1.35e-11  0.00e+00  1.67e-07
  10   1.0706128e+03   1.0706128e+03  7.01e-13  0.00e+00  8.37e-10
Barrier time = 0.02 sec. (3.32 ticks)

Total time on 1 threads = 0.02 sec. (3.32 ticks)

--- QP status (1): optimal.
--- Cplex Time: 0.02sec (det. 3.32 ticks)


Optimal solution found
Objective:         1070.612792

--- Reading solution for model partial_ss
--- Executing after solve: elapsed 0:00:01.892
--- hhcalib.gms(523) 221 Mb
--- GDX File (execute_unload) h:\windc\github\windc_build\household\gdx\i0_2016.gdx
--- hhcalib.gms(784) 221 Mb
--- Generating NLP model calib_step1_soi
--- hhcalib.gms(787) 223 Mb
---   99 rows  147 columns  447 non-zeroes
---   562 nl-code  105 nl-non-zeroes
--- Range statistics (absolute non-zero finite values)
--- RHS       [min, max] : [ 1.059E+02, 5.847E+03] - Zero values observed as well
--- Bound     [min, max] : [ 1.000E-02, 6.844E+02] - Zero values observed as well
--- Matrix    [min, max] : [ 8.635E-04, 1.000E+00] - Zero values observed as well
--- hhcalib.gms(787) 221 Mb
--- Executing IPOPT (Solvelink=2): elapsed 0:00:01.939

COIN-OR Ipopt    42.5.0 cf11b917 Mar 30, 2023          WEI x86 64bit/MS Window

COIN-OR Interior Point Optimizer (Ipopt Library 3.14.10)
written by A. Waechter.

******************************************************************************
This program contains Ipopt, a library for large-scale nonlinear optimization.
 Ipopt is released as open source code under the Eclipse Public License (EPL).
         For more information visit https://github.com/coin-or/Ipopt
******************************************************************************

This is Ipopt version 3.14.10, running with linear solver MUMPS 5.5.1.

Number of nonzeros in equality constraint Jacobian...:      301
Number of nonzeros in inequality constraint Jacobian.:       40
Number of nonzeros in Lagrangian Hessian.............:      205

Total number of variables............................:      146
                     variables with only lower bounds:       90
                variables with lower and upper bounds:       36
                     variables with only upper bounds:        0
Total number of equality constraints.................:       90
Total number of inequality constraints...............:        8
        inequality constraints with only lower bounds:        4
   inequality constraints with lower and upper bounds:        0
        inequality constraints with only upper bounds:        4

iter    objective    inf_pr   inf_du lg(mu)  ||d||  lg(rg) alpha_du alpha_pr  ls
   0  1.6557211e+00 4.75e+03 9.69e+02   0.0 0.00e+00    -  0.00e+00 0.00e+00   0
WARNING: Problem in step computation; switching to emergency mode.
   1r 1.6557211e+00 4.75e+03 9.99e+02   3.7 0.00e+00  20.0 0.00e+00 0.00e+00R  1
WARNING: Problem in step computation; switching to emergency mode.
Cannot call restoration phase at point that is almost feasible for the restoration NLP (violation 0.000000e+00).
Abort in line search due to no other fall back.
Step computation in the restoration phase failed.

Number of Iterations....: 1

                                   (scaled)                 (unscaled)
Objective...............:   1.6557211034919703e+00    1.6557211034919703e+00
Dual infeasibility......:   9.6878985165661970e+02    9.6878985165661970e+02
Constraint violation....:   4.7465613745099299e+03    4.7465613745099299e+03
Variable bound violation:   0.0000000000000000e+00    0.0000000000000000e+00
Complementarity.........:   5.7904295077754853e+02    5.7904295077754853e+02
Overall NLP error.......:   4.7465613745099299e+03    4.7465613745099299e+03


Number of objective function evaluations             = 2
Number of objective gradient evaluations             = 2
Number of equality constraint evaluations            = 2
Number of inequality constraint evaluations          = 2
Number of equality constraint Jacobian evaluations   = 1
Number of inequality constraint Jacobian evaluations = 1
Number of Lagrangian Hessian evaluations             = 2
Total seconds in IPOPT                               = 0.018

EXIT: Restoration Failed!
--- Reading solution for model calib_step1_soi
--- Executing after solve: elapsed 0:00:02.013
--- hhcalib.gms(789) 221 Mb
--- Generating NLP model calib_step1_soi
--- hhcalib.gms(791) 223 Mb
---   99 rows  147 columns  447 non-zeroes
---   562 nl-code  105 nl-non-zeroes
--- Range statistics (absolute non-zero finite values)
--- RHS       [min, max] : [ 1.059E+02, 5.847E+03] - Zero values observed as well
--- Bound     [min, max] : [ 1.000E-02, 6.844E+02] - Zero values observed as well
--- Matrix    [min, max] : [ 8.635E-04, 9.698E+02] - Zero values observed as well
--- hhcalib.gms(791) 221 Mb
--- Executing CONOPT (Solvelink=2): elapsed 0:00:02.044

CONOPT 3         42.5.0 cf11b917 Mar 30, 2023          WEI x86 64bit/MS Window

 
 
    C O N O P T 3   version 3.17N
    Copyright (C)   ARKI Consulting and Development A/S
                    Bagsvaerdvej 246 A
                    DK-2880 Bagsvaerd, Denmark
 
 
   Iter Phase Ninf   Infeasibility   RGmax    NSB   Step InItr MX OK
      0   0        1.6473430877E+04 (Input point)
 
                   Pre-triangular equations:   44
                   Post-triangular equations:  21
                   Definitional equations:     12
 
      1   0        1.1669611722E+04 (After pre-processing)
      2   0        9.8614327342E+00 (After scaling)
 
 ** Feasible solution. Value of objective =    23579722.0580
 
   Iter Phase Ninf     Objective     RGmax    NSB   Step InItr MX OK
     11   3        1.8362719952E+07 3.6E+06    46 1.9E-01    9 F  T
     21   4        6.6575878233E+06 7.6E+05    38 1.0E+00    3 T  T
     26   4        7.8612306887E+05 2.8E+04    27 1.0E+00   12 T  T
     31   4        7.8284162967E+05 8.3E-10    21
 
 ** Optimal solution. Reduced gradient less than tolerance.
 
--- Reading solution for model calib_step1_soi
--- Executing after solve: elapsed 0:00:02.102
--- hhcalib.gms(978) 221 Mb
--- GDXin=h:\windc\github\windc_build\household\gdx\calib_step2_soi_p.gdx
--- GDX File (execute_load) h:\windc\github\windc_build\household\gdx\calib_step2_soi_p.gdx
--- hhcalib.gms(984) 221 Mb
--- Generating NLP model calib_step2_soi
--- hhcalib.gms(986) 227 Mb
---   1,327 rows  14,542 columns  83,392 non-zeroes
---   19,892 nl-code  14,030 nl-non-zeroes
--- Range statistics (absolute non-zero finite values)
--- RHS       [min, max] : [ 2.106E-01, 5.847E+03] - Zero values observed as well
--- Bound     [min, max] : [ 1.916E-03, 4.847E+02] - Zero values observed as well
--- Matrix    [min, max] : [ 3.212E-09, 2.037E+02]
--- hhcalib.gms(986) 225 Mb
--- Executing IPOPT (Solvelink=2): elapsed 0:00:02.450

COIN-OR Ipopt    42.5.0 cf11b917 Mar 30, 2023          WEI x86 64bit/MS Window

COIN-OR Interior Point Optimizer (Ipopt Library 3.14.10)
written by A. Waechter.

******************************************************************************
This program contains Ipopt, a library for large-scale nonlinear optimization.
 Ipopt is released as open source code under the Eclipse Public License (EPL).
         For more information visit https://github.com/coin-or/Ipopt
******************************************************************************

This is Ipopt version 3.14.10, running with linear solver MUMPS 5.5.1.

Number of nonzeros in equality constraint Jacobian...:    17486
Number of nonzeros in inequality constraint Jacobian.:     3925
Number of nonzeros in Lagrangian Hessian.............:    31085

Total number of variables............................:     4951
                     variables with only lower bounds:     3982
                variables with lower and upper bounds:      714
                     variables with only upper bounds:        0
Total number of equality constraints.................:      969
Total number of inequality constraints...............:      357
        inequality constraints with only lower bounds:       51
   inequality constraints with lower and upper bounds:        0
        inequality constraints with only upper bounds:      306

iter    objective    inf_pr   inf_du lg(mu)  ||d||  lg(rg) alpha_du alpha_pr  ls
   0  1.1927886e+05 1.50e+03 1.00e+02   0.0 0.00e+00    -  0.00e+00 0.00e+00   0
   1  1.1927549e+05 1.50e+03 1.56e+02  -0.4 1.50e+03    -  1.75e-02 1.57e-04f  1
   2  1.1899157e+05 1.48e+03 4.17e+02  -0.3 1.50e+03    -  3.47e-02 1.30e-02f  1
   3  1.1869086e+05 1.46e+03 5.77e+03   0.4 1.48e+03    -  1.04e-01 1.64e-02f  1
   4  1.1784883e+05 1.30e+03 6.69e+03   0.4 1.46e+03    -  1.42e-01 1.12e-01f  1
   5  1.1776909e+05 1.15e+03 6.24e+04   0.6 1.30e+03    -  9.97e-01 1.15e-01h  1
   6  1.1863362e+05 6.87e+02 4.69e+04   0.8 1.15e+03    -  7.98e-01 4.00e-01h  1
   7  1.1899232e+05 3.05e+02 1.35e+04   0.2 6.87e+02    -  1.00e+00 5.56e-01h  1
   8  1.1910829e+05 7.99e+01 3.60e+03  -0.2 3.05e+02    -  1.00e+00 7.38e-01h  1
   9  1.1910842e+05 8.27e+00 4.33e+02  -0.8 7.99e+01    -  1.00e+00 8.97e-01h  1
iter    objective    inf_pr   inf_du lg(mu)  ||d||  lg(rg) alpha_du alpha_pr  ls
  10  1.1910400e+05 3.13e+00 7.62e+02  -1.2 8.27e+00    -  1.00e+00 6.21e-01h  1
  11  1.1910170e+05 1.00e+00 1.14e+03  -1.3 3.13e+00    -  1.00e+00 6.80e-01h  1
  12  1.1909983e+05 1.74e-01 4.45e+02  -2.0 1.00e+00    -  1.00e+00 8.26e-01h  1
  13  1.1909925e+05 4.63e-02 7.02e+02  -2.4 1.74e-01    -  1.00e+00 7.35e-01h  1
  14  1.1909889e+05 2.82e-03 4.52e+01  -3.5 5.72e-02    -  1.00e+00 9.39e-01h  1
  15  1.1909885e+05 1.37e-04 2.85e+00  -4.9 1.11e-02    -  1.00e+00 9.52e-01h  1
  16  1.1909885e+05 2.37e-06 1.16e+00  -6.1 1.66e-03    -  1.00e+00 9.83e-01h  1
  17  1.1909885e+05 2.70e-08 6.18e-09  -7.1 6.18e-05  -4.0 1.00e+00 1.00e+00h  1
  18  1.1909885e+05 2.99e-07 3.05e-11 -11.0 4.49e-07  -4.5 1.00e+00 1.00e+00h  1
MUMPS returned INFO(1) = -9 and requires more memory, reallocating.  Attempt 1
  Increasing icntl[13] from 1000 to 2000.
  19  1.1909885e+05 2.78e-08 2.37e+03 -11.0 1.52e+00    -  2.26e-01 1.00e+00h  1
iter    objective    inf_pr   inf_du lg(mu)  ||d||  lg(rg) alpha_du alpha_pr  ls
  20  1.1909885e+05 2.77e-08 3.44e+03  -9.4 1.84e-07  -3.1 3.57e-02 1.00e+00h  1
  21  1.1909885e+05 2.76e-08 3.90e+03  -9.4 1.16e-07  -3.6 1.55e-01 1.00e+00h  1
In iteration 21, 1 Slack too small, adjusting variable bound
  22  1.1909885e+05 2.72e-08 3.70e+03  -9.4 2.53e-07  -3.2 1.59e-01 5.44e-01h  1
In iteration 22, 1 Slack too small, adjusting variable bound
  23  1.1909885e+05 2.21e-08 3.57e+03  -9.4 3.06e-07  -3.7 5.09e-02 6.06e-01h  1
  24  1.1909885e+05 1.55e-08 3.58e+03  -9.4 1.76e-07  -3.3 1.14e-01 1.00e+00H  1
  25  1.1909885e+05 2.70e-08 3.15e+03  -9.4 1.50e-07  -3.7 1.30e-01 1.00e+00H  1
  26  1.1909885e+05 2.84e-08 2.48e+03  -9.4 4.23e-08  -3.3 4.07e-02 1.00e+00H  1
In iteration 26, 1 Slack too small, adjusting variable bound
  27  1.1909885e+05 1.93e-08 2.54e+03  -9.4 2.68e-07  -2.9 7.96e-02 9.89e-01h  1
  28  1.1909885e+05 1.81e-08 2.24e+03  -7.0 4.01e-06  -3.4 1.18e-01 1.04e-01f  1
  29  1.1909885e+05 3.11e-08 2.38e+03  -8.0 1.19e-06  -3.8 4.46e-03 1.00e+00h  1
iter    objective    inf_pr   inf_du lg(mu)  ||d||  lg(rg) alpha_du alpha_pr  ls
  30  1.1909885e+05 1.16e-08 2.13e+03  -8.0 4.44e-07  -3.4 1.54e-01 1.00e+00h  1
  31  1.1909885e+05 3.22e-08 2.03e+03  -8.0 1.33e-06  -3.9 1.13e-01 1.00e+00h  1
  32  1.1909885e+05 2.70e-08 1.89e+03  -8.0 5.62e-07  -3.5 1.32e-01 1.00e+00h  1
  33  1.1909885e+05 1.76e-08 1.50e+03  -8.0 1.50e-06  -3.9 2.63e-01 1.00e+00h  1
  34  1.1909885e+05 8.88e-09 1.46e+03  -8.0 5.63e-07  -3.5 7.07e-02 5.00e-01h  2
  35  1.1909885e+05 9.48e-09 1.04e+03  -8.0 1.69e-06  -4.0 3.52e-01 1.00e+00h  1
  36  1.1909885e+05 1.31e-08 8.96e+02  -8.0 6.33e-07  -3.6 2.44e-01 1.00e+00h  1
  37  1.1909885e+05 8.45e-09 4.52e+02  -8.0 1.90e-06  -4.0 5.66e-01 1.00e+00h  1
  38  1.1909885e+05 7.73e-09 3.41e+02  -8.0 5.70e-06  -4.5 4.30e-01 1.00e+00h  1
  39  1.1909885e+05 2.13e-08 1.76e-10  -8.0 2.14e-06  -4.1 1.00e+00 1.00e+00h  1
iter    objective    inf_pr   inf_du lg(mu)  ||d||  lg(rg) alpha_du alpha_pr  ls
  40  1.1909885e+05 7.84e-09 1.00e+02  -9.9 5.75e-08  -3.7 3.22e-01 1.00e+00h  1
  41  1.1909885e+05 7.77e-09 6.03e+01  -8.3 1.17e-06  -4.1 7.81e-01 1.00e+00h  1
  42  1.1909885e+05 7.73e-09 8.55e-11  -8.3 4.39e-07  -3.7 1.00e+00 1.00e+00h  1

Number of Iterations....: 42

                                   (scaled)                 (unscaled)
Objective...............:   5.8457037866422063e+04    1.1909884544541265e+05
Dual infeasibility......:   8.5522407357207277e-11    1.7424112386998498e-10
Constraint violation....:   7.7325239544734359e-09    7.7325239544734359e-09
Variable bound violation:   9.7563770395936444e-09    9.7563770395936444e-09
Complementarity.........:   1.2060431393108342e-08    2.4571608602116273e-08
Overall NLP error.......:   7.7325239544734359e-09    2.4571608602116273e-08


Number of objective function evaluations             = 47
Number of objective gradient evaluations             = 43
Number of equality constraint evaluations            = 47
Number of inequality constraint evaluations          = 47
Number of equality constraint Jacobian evaluations   = 1
Number of inequality constraint Jacobian evaluations = 1
Number of Lagrangian Hessian evaluations             = 42
Total seconds in IPOPT                               = 3.650

EXIT: Optimal Solution Found.
--- Reading solution for model calib_step2_soi
--- GDX Point h:\windc\github\windc_build\household\calib_step2_soi_p.gdx
--- Executing after solve: elapsed 0:00:06.448
--- hhcalib.gms(995) 225 Mb
--- hhcalib.gms(1173) 225 Mb
--- GDXin=h:\windc\github\windc_build\household\gdx\calib_step3_soi_p.gdx
--- GDX File (execute_load) h:\windc\github\windc_build\household\gdx\calib_step3_soi_p.gdx
--- hhcalib.gms(1177) 225 Mb
--- Generating NLP model calib_step3_soi
--- hhcalib.gms(1179) 228 Mb
---   3,826 rows  18,106 columns  50,695 non-zeroes
---   113,477 nl-code  18,105 nl-non-zeroes
--- Range statistics (absolute non-zero finite values)
--- RHS       [min, max] : [ 2.047E-04, 4.633E+02] - Zero values observed as well
--- Bound     [min, max] : [ 1.000E-05, 1.000E-05] - Zero values observed as well
--- Matrix    [min, max] : [ 9.215E-04, 2.444E+04] - Zero values observed as well
--- hhcalib.gms(1179) 226 Mb
--- Executing IPOPT (Solvelink=2): elapsed 0:00:07.013

COIN-OR Ipopt    42.5.0 cf11b917 Mar 30, 2023          WEI x86 64bit/MS Window

COIN-OR Interior Point Optimizer (Ipopt Library 3.14.10)
written by A. Waechter.

******************************************************************************
This program contains Ipopt, a library for large-scale nonlinear optimization.
 Ipopt is released as open source code under the Eclipse Public License (EPL).
         For more information visit https://github.com/coin-or/Ipopt
******************************************************************************

This is Ipopt version 3.14.10, running with linear solver MUMPS 5.5.1.

Number of nonzeros in equality constraint Jacobian...:    26622
Number of nonzeros in inequality constraint Jacobian.:        0
Number of nonzeros in Lagrangian Hessian.............:    14790

Total number of variables............................:    14790
                     variables with only lower bounds:    14790
                variables with lower and upper bounds:        0
                     variables with only upper bounds:        0
Total number of equality constraints.................:     3825
Total number of inequality constraints...............:        0
        inequality constraints with only lower bounds:        0
   inequality constraints with lower and upper bounds:        0
        inequality constraints with only upper bounds:        0

iter    objective    inf_pr   inf_du lg(mu)  ||d||  lg(rg) alpha_du alpha_pr  ls
   0  3.0290711e+04 1.10e-01 1.41e+00   0.0 0.00e+00    -  0.00e+00 0.00e+00   0
   1  3.2568449e+04 3.43e-03 3.64e+01  -6.1 1.02e-02    -  9.89e-01 9.69e-01h  1
   2  3.2820884e+04 1.04e-03 2.61e+02  -4.1 1.35e-02    -  9.89e-01 6.98e-01h  1
   3  3.2966822e+04 1.09e-04 3.04e+02  -4.0 1.57e-02    -  1.00e+00 8.95e-01h  1
   4  3.2985791e+04 5.05e-08 1.92e+02  -3.7 2.20e-02    -  1.00e+00 1.00e+00h  1
   5  3.2999356e+04 5.63e-08 2.77e+01  -2.9 2.47e-01    -  1.00e+00 1.00e+00f  1
   6  3.2993412e+04 1.22e-08 1.49e+01  -3.0 6.43e-02    -  1.00e+00 1.00e+00f  1
   7  3.2993283e+04 1.98e-09 1.21e-01  -3.0 1.84e-03    -  1.00e+00 1.00e+00h  1
   8  3.2993283e+04 2.34e-10 1.85e-03  -3.0 2.65e-06    -  1.00e+00 1.00e+00h  1
   9  3.2985054e+04 5.70e-08 3.96e+00  -9.0 2.16e-01    -  8.77e-01 1.00e+00f  1
iter    objective    inf_pr   inf_du lg(mu)  ||d||  lg(rg) alpha_du alpha_pr  ls
  10  3.2984976e+04 2.48e-12 1.16e-05  -5.6 1.51e-02    -  1.00e+00 1.00e+00h  1
  11  3.2984976e+04 3.38e-11 1.10e-04 -11.0 7.29e-04    -  9.99e-01 1.00e+00h  1
  12  3.2984976e+04 1.42e-13 2.73e-12 -11.0 5.45e-07    -  1.00e+00 1.00e+00h  1

Number of Iterations....: 12

                                   (scaled)                 (unscaled)
Objective...............:   1.3498012991613763e+02    3.2984976299732909e+04
Dual infeasibility......:   2.7322913761151577e-12    6.6768765403557513e-10
Constraint violation....:   1.4210854715202004e-13    1.4210854715202004e-13
Variable bound violation:   0.0000000000000000e+00    0.0000000000000000e+00
Complementarity.........:   1.0002038900400367e-11    2.4441894987335413e-09
Overall NLP error.......:   1.0002038900400367e-11    2.4441894987335413e-09


Number of objective function evaluations             = 13
Number of objective gradient evaluations             = 13
Number of equality constraint evaluations            = 13
Number of inequality constraint evaluations          = 0
Number of equality constraint Jacobian evaluations   = 1
Number of inequality constraint Jacobian evaluations = 0
Number of Lagrangian Hessian evaluations             = 12
Total seconds in IPOPT                               = 0.862

EXIT: Optimal Solution Found.
--- Reading solution for model calib_step3_soi
--- GDX Point h:\windc\github\windc_build\household\calib_step3_soi_p.gdx
--- Executing after solve: elapsed 0:00:08.285
--- hhcalib.gms(1188) 226 Mb
--- hhcalib.gms(1236) 226 Mb
--- GDX File (execute_unload) h:\windc\github\windc_build\household\gdx\calibrated_hhdata_soi_dynamic_2016.gdx
--- hhcalib.gms(1240) 226 Mb
--- GDX File (execute_unload) h:\windc\github\windc_build\household\gdx\capital_taxrate_2016.gdx
*** Status: Normal completion
--- Job hhcalib.gms Stop 06/08/23 15:53:44 elapsed 0:00:08.681
