--- Job hhcalib Start 06/08/23 15:51:53 42.5.0 cf11b917 WEX-WEI x86 64bit/MS Windows
--- Applying:
    C:\GAMS\42\gmsprmNT.txt
--- GAMS Parameters defined
    Input h:\windc\github\windc_build\household\hhcalib.gms
    Output h:\windc\github\windc_build\household\lst\hhcalib_2014_soi_static.lst
    ScrDir h:\windc\github\windc_build\household\225b\
    SysDir C:\GAMS\42\
    LogOption 4
    LogFile h:\windc\github\windc_build\household\lst\hhcalib_2014_soi_static.log
    --year 2014
    --hhdata soi
    --invest static
    --puttitle no
Licensee: Small MUD - 5 User License                     G230511|0002AO-GEN
          University of Wisconsin-Madison, Agricultural & Applied EconDC289
          C:\Users\Thomas F. Rutherford\Documents\GAMS\gamslice.txt
          License Admin: Thomas F. Rutherford, rutherford@aae.wisc.edu     
Processor information: 1 socket(s), 12 core(s), and 24 thread(s) available
GAMS 42.5.0   Copyright (C) 1987-2023 GAMS Development. All rights reserved
--- Starting compilation
--- hhcalib.gms(63) 2 Mb
--- . windc_coredata.gms(17) 2 Mb
--- GDXin=h:\windc\github\windc_build\core\WiNDCdatabase.gdx
--- GDX File ($gdxIn) h:\windc\github\windc_build\core\WiNDCdatabase.gdx
--- . windc_coredata.gms(209) 202 Mb
--- hhcalib.gms(89) 202 Mb
--- GDXin=h:\windc\github\windc_build\household\gdx\capital_tax_rates.gdx
--- GDX File ($gdxIn) h:\windc\github\windc_build\household\gdx\capital_tax_rates.gdx
--- hhcalib.gms(121) 202 Mb
--- GDXin=h:\windc\github\windc_build\household\gdx\soi_data_2014.gdx
--- GDX File ($gdxIn) h:\windc\github\windc_build\household\gdx\soi_data_2014.gdx
--- hhcalib.gms(130) 202 Mb
--- GDXin=h:\windc\github\windc_build\household\gdx\cps_data_2014.gdx
--- GDX File ($gdxIn) h:\windc\github\windc_build\household\gdx\cps_data_2014.gdx
--- hhcalib.gms(333) 202 Mb
--- . hh_calib_aggregate_regions.map(68) 202 Mb
--- hhcalib.gms(840) 202 Mb
--- call csv2gdx data_sources\cex\national_income_elasticities_CEX_2013_2017.csv output=gdx\national_income_elasticities_CEX_2013_2017.gdx id=regres index=1 useHeader=y value=2,3,4
--- hhcalib.gms(841) 202 Mb
--- GDXin=h:\windc\github\windc_build\household\gdx\national_income_elasticities_CEX_2013_2017.gdx
--- GDX File ($gdxIn) h:\windc\github\windc_build\household\gdx\national_income_elasticities_CEX_2013_2017.gdx
--- hhcalib.gms(847) 202 Mb
--- call csv2gdx data_sources\cex\windc_pce_map.csv output=gdx\windc_pce_map.gdx id=pcebridge index=1,2 useHeader=y value=3,4,5
--- hhcalib.gms(848) 202 Mb
--- GDXin=h:\windc\github\windc_build\household\gdx\windc_pce_map.gdx
--- GDX File ($gdxIn) h:\windc\github\windc_build\household\gdx\windc_pce_map.gdx
--- hhcalib.gms(963) 202 Mb
--- Starting execution: elapsed 0:00:00.571
--- hhcalib.gms(271) 221 Mb
--- GDX File (execute_unload) h:\windc\github\windc_build\household\225b\totgdp.gdx
--- hhcalib.gms(272) 221 Mb
--- hhcalib.gms(764) 221 Mb
--- Generating NLP model calib_step1_soi
--- hhcalib.gms(767) 223 Mb
---   99 rows  147 columns  447 non-zeroes
---   562 nl-code  105 nl-non-zeroes
--- Range statistics (absolute non-zero finite values)
--- RHS       [min, max] : [ 1.069E+02, 5.543E+03] - Zero values observed as well
--- Bound     [min, max] : [ 1.000E-02, 6.434E+02] - Zero values observed as well
--- Matrix    [min, max] : [ 9.172E-04, 1.000E+00] - Zero values observed as well
--- hhcalib.gms(767) 221 Mb
--- Executing IPOPT (Solvelink=2): elapsed 0:00:01.770

COIN-OR Ipopt    42.5.0 cf11b917 Mar 30, 2023          WEI x86 64bit/MS Window

COIN-OR Interior Point Optimizer (Ipopt Library 3.14.10)
written by A. Waechter.

******************************************************************************
This program contains Ipopt, a library for large-scale nonlinear optimization.
 Ipopt is released as open source code under the Eclipse Public License (EPL).
         For more information visit https://github.com/coin-or/Ipopt
******************************************************************************

This is Ipopt version 3.14.10, running with linear solver MUMPS 5.5.1.

Number of nonzeros in equality constraint Jacobian...:      301
Number of nonzeros in inequality constraint Jacobian.:       40
Number of nonzeros in Lagrangian Hessian.............:      205

Total number of variables............................:      146
                     variables with only lower bounds:       90
                variables with lower and upper bounds:       36
                     variables with only upper bounds:        0
Total number of equality constraints.................:       90
Total number of inequality constraints...............:        8
        inequality constraints with only lower bounds:        4
   inequality constraints with lower and upper bounds:        0
        inequality constraints with only upper bounds:        4

iter    objective    inf_pr   inf_du lg(mu)  ||d||  lg(rg) alpha_du alpha_pr  ls
   0  1.5242374e+00 3.09e+03 9.08e+02   0.0 0.00e+00    -  0.00e+00 0.00e+00   0
WARNING: Problem in step computation; switching to emergency mode.
   1r 1.5242374e+00 3.09e+03 9.99e+02   3.5 0.00e+00  20.0 0.00e+00 0.00e+00R  1
WARNING: Problem in step computation; switching to emergency mode.
Cannot call restoration phase at point that is almost feasible for the restoration NLP (violation 0.000000e+00).
Abort in line search due to no other fall back.
Step computation in the restoration phase failed.

Number of Iterations....: 1

                                   (scaled)                 (unscaled)
Objective...............:   1.5242373906825151e+00    1.5242373906825151e+00
Dual infeasibility......:   9.0823995739164468e+02    9.0823995739164468e+02
Constraint violation....:   3.0941292203609232e+03    3.0941292203609232e+03
Variable bound violation:   0.0000000000000000e+00    0.0000000000000000e+00
Complementarity.........:   5.4516214918388073e+02    5.4516214918388073e+02
Overall NLP error.......:   3.0941292203609232e+03    3.0941292203609232e+03


Number of objective function evaluations             = 2
Number of objective gradient evaluations             = 2
Number of equality constraint evaluations            = 2
Number of inequality constraint evaluations          = 2
Number of equality constraint Jacobian evaluations   = 1
Number of inequality constraint Jacobian evaluations = 1
Number of Lagrangian Hessian evaluations             = 2
Total seconds in IPOPT                               = 0.021

EXIT: Restoration Failed!
--- Reading solution for model calib_step1_soi
--- Executing after solve: elapsed 0:00:01.847
--- hhcalib.gms(769) 221 Mb
--- Generating NLP model calib_step1_soi
--- hhcalib.gms(771) 223 Mb
---   99 rows  147 columns  447 non-zeroes
---   562 nl-code  105 nl-non-zeroes
--- Range statistics (absolute non-zero finite values)
--- RHS       [min, max] : [ 1.069E+02, 5.543E+03] - Zero values observed as well
--- Bound     [min, max] : [ 1.000E-02, 6.434E+02] - Zero values observed as well
--- Matrix    [min, max] : [ 9.172E-04, 9.092E+02] - Zero values observed as well
--- hhcalib.gms(771) 221 Mb
--- Executing CONOPT (Solvelink=2): elapsed 0:00:01.879

CONOPT 3         42.5.0 cf11b917 Mar 30, 2023          WEI x86 64bit/MS Window

 
 
    C O N O P T 3   version 3.17N
    Copyright (C)   ARKI Consulting and Development A/S
                    Bagsvaerdvej 246 A
                    DK-2880 Bagsvaerd, Denmark
 
 
   Iter Phase Ninf   Infeasibility   RGmax    NSB   Step InItr MX OK
      0   0        1.3607587494E+04 (Input point)
 
                   Pre-triangular equations:   44
                   Post-triangular equations:  21
                   Definitional equations:     12
 
      1   0        9.1969248119E+03 (After pre-processing)
      2   0        9.6718981511E+00 (After scaling)
 
 ** Feasible solution. Value of objective =    17276034.3254
 
   Iter Phase Ninf     Objective     RGmax    NSB   Step InItr MX OK
     11   3        1.3925777887E+07 2.8E+06    45 2.3E-01    6 F  T
     21   4        6.9691766997E+06 8.5E+04    39 1.0E+00    8 T  T
     26   4        6.7909457124E+05 1.7E+03    26 1.0E+00   16 T  T
     30   4        6.7894636761E+05 8.2E-10    22
 
 ** Optimal solution. Reduced gradient less than tolerance.
 
--- Reading solution for model calib_step1_soi
--- Executing after solve: elapsed 0:00:01.939
--- hhcalib.gms(964) 221 Mb
--- Generating NLP model calib_step2_soi
--- hhcalib.gms(966) 227 Mb
---   1,327 rows  14,542 columns  83,392 non-zeroes
---   19,892 nl-code  14,030 nl-non-zeroes
--- Range statistics (absolute non-zero finite values)
--- RHS       [min, max] : [ 2.472E-01, 5.543E+03] - Zero values observed as well
--- Bound     [min, max] : [ 1.835E-03, 4.407E+02] - Zero values observed as well
--- Matrix    [min, max] : [ 6.758E-03, 4.906E+05]
--- hhcalib.gms(966) 225 Mb
--- Executing IPOPT (Solvelink=2): elapsed 0:00:02.294

COIN-OR Ipopt    42.5.0 cf11b917 Mar 30, 2023          WEI x86 64bit/MS Window

COIN-OR Interior Point Optimizer (Ipopt Library 3.14.10)
written by A. Waechter.

******************************************************************************
This program contains Ipopt, a library for large-scale nonlinear optimization.
 Ipopt is released as open source code under the Eclipse Public License (EPL).
         For more information visit https://github.com/coin-or/Ipopt
******************************************************************************

This is Ipopt version 3.14.10, running with linear solver MUMPS 5.5.1.

Number of nonzeros in equality constraint Jacobian...:    17486
Number of nonzeros in inequality constraint Jacobian.:     3925
Number of nonzeros in Lagrangian Hessian.............:    31085

Total number of variables............................:     4951
                     variables with only lower bounds:     3982
                variables with lower and upper bounds:      714
                     variables with only upper bounds:        0
Total number of equality constraints.................:      969
Total number of inequality constraints...............:      357
        inequality constraints with only lower bounds:       51
   inequality constraints with lower and upper bounds:        0
        inequality constraints with only upper bounds:      306

iter    objective    inf_pr   inf_du lg(mu)  ||d||  lg(rg) alpha_du alpha_pr  ls
   0  7.1633898e+05 3.09e+03 9.90e+01   0.0 0.00e+00    -  0.00e+00 0.00e+00   0
   1  6.9497283e+05 3.04e+03 3.11e+02  -5.6 1.84e+02    -  5.37e-05 1.69e-02h  1
   2  6.4486841e+05 2.92e+03 2.99e+02  -5.6 1.81e+02    -  1.35e-02 4.11e-02h  1
   3  4.5605966e+05 2.42e+03 2.48e+02  -5.6 2.90e+02    -  1.90e-02 1.71e-01f  1
   4  3.0482620e+05 1.91e+03 1.96e+02  -5.6 2.56e+02    -  8.43e-02 2.09e-01h  1
   5  1.8667532e+05 1.36e+03 1.39e+02  -5.7 2.02e+02    -  3.09e-02 2.89e-01h  1
   6  1.6136301e+05 1.20e+03 1.23e+02  -5.7 1.41e+02    -  4.14e-02 1.15e-01h  1
   7  1.5605853e+05 1.17e+03 1.20e+02  -1.8 1.24e+02    -  7.51e-02 2.99e-02f  1
   8  1.2763203e+05 9.38e+02 9.61e+01  -1.8 1.20e+02    -  1.24e-01 1.96e-01f  1
   9  1.1107990e+05 7.47e+02 7.65e+01  -1.7 9.65e+01    -  1.58e-01 2.04e-01f  1
iter    objective    inf_pr   inf_du lg(mu)  ||d||  lg(rg) alpha_du alpha_pr  ls
  10  9.8250245e+04 3.88e+02 3.98e+01  -5.9 7.86e+01    -  6.59e-02 4.80e-01h  1
  11  1.0017579e+05 2.24e+02 2.30e+01  -2.0 3.91e+01    -  2.49e-01 4.22e-01h  1
  12  1.0473158e+05 9.85e+01 1.01e+01  -6.0 2.12e+01    -  1.92e-01 5.61e-01h  1
  13  1.0706971e+05 4.79e+01 4.90e+00  -6.1 7.42e+00    -  4.93e-01 5.14e-01h  1
  14  1.0831354e+05 1.36e+01 1.70e+00  -6.4 4.89e+00    -  4.29e-01 7.16e-01h  1
  15  1.0811857e+05 2.33e+00 4.23e-01  -6.7 7.18e+00    -  7.77e-01 8.29e-01h  1
  16  1.0795033e+05 2.06e+00 6.78e+01  -3.4 1.16e+01    -  6.44e-01 1.14e-01h  1
  17  1.0701132e+05 6.44e-01 1.77e+01  -3.6 1.33e+01    -  6.47e-01 6.88e-01h  1
  18  1.0674540e+05 2.32e-01 2.98e+01  -3.8 5.95e+00    -  7.64e-01 6.39e-01h  1
  19  1.0663130e+05 5.19e-02 1.67e+01  -4.2 2.56e+00    -  8.29e-01 7.77e-01h  1
iter    objective    inf_pr   inf_du lg(mu)  ||d||  lg(rg) alpha_du alpha_pr  ls
  20  1.0659527e+05 6.07e-03 2.13e+00  -4.8 1.04e+00    -  8.53e-01 8.83e-01h  1
  21  1.0659194e+05 3.37e-03 1.57e+02  -4.9 4.45e+00    -  7.98e-01 4.45e-01h  1
  22  1.0658643e+05 2.53e-04 1.16e+01  -5.7 2.55e+00    -  9.03e-01 9.25e-01h  1
  23  1.0658563e+05 3.09e-05 1.44e+01  -6.0 9.81e-02  -4.0 1.00e+00 8.78e-01h  1
  24  1.0658556e+05 2.03e-05 1.05e+02  -6.1 1.62e-01  -4.5 1.00e+00 3.41e-01h  1
  25  1.0658525e+05 1.57e-07 5.51e-01  -7.4 3.08e-02  -5.0 1.00e+00 9.92e-01h  1
  26  1.0658524e+05 1.57e-08 9.43e-07  -8.6 3.98e-03  -3.6 1.00e+00 1.00e+00h  1
MUMPS returned INFO(1) = -9 and requires more memory, reallocating.  Attempt 1
  Increasing icntl[13] from 1000 to 2000.
  27  1.0658524e+05 1.06e-08 1.35e+02  -8.3 1.41e-03  -4.1 4.52e-01 9.97e-01h  1
In iteration 27, 1 Slack too small, adjusting variable bound
  28  1.0658524e+05 1.05e-08 1.08e+02  -8.5 2.26e-04  -3.7 4.42e-01 1.86e-02h  1
In iteration 28, 1 Slack too small, adjusting variable bound
  29  1.0658524e+05 1.02e-08 1.06e+02  -8.5 9.99e+00    -  8.06e-01 2.90e-02h  1
iter    objective    inf_pr   inf_du lg(mu)  ||d||  lg(rg) alpha_du alpha_pr  ls
  30  1.0658524e+05 1.01e-08 7.11e+00  -8.5 8.25e-05  -3.3 7.92e-01 1.00e+00h  1
In iteration 30, 1 Slack too small, adjusting variable bound
  31  1.0658524e+05 1.01e-08 9.35e+01  -8.5 1.19e+01    -  6.37e-01 1.46e-04h  1
In iteration 31, 1 Slack too small, adjusting variable bound
  32  1.0658524e+05 9.45e-09 1.10e+02  -8.5 2.46e-04  -3.7 8.38e-01 1.27e-01h  1
  33  1.0658524e+05 7.47e-09 7.58e+01  -8.5 1.13e+01    -  7.74e-01 3.63e-01h  1
In iteration 33, 1 Slack too small, adjusting variable bound
  34  1.0658524e+05 7.47e-09 1.01e+02  -8.5 4.37e+01    -  4.92e-01 2.47e-04f  1
  35  1.0658524e+05 6.18e-09 6.46e+01  -8.5 6.23e+01    -  5.11e-01 3.86e-01h  1
  36  1.0658524e+05 5.27e-09 1.91e+01  -8.5 5.94e+01    -  4.94e-01 6.14e-01f  1
  37  1.0658524e+05 5.03e-09 4.53e+01  -8.5 9.44e+00  -4.2 6.74e-01 2.22e-01f  1
  38  1.0658524e+05 3.54e-09 7.30e-06  -8.5 4.39e-02  -3.8 1.00e+00 1.00e+00f  1
  39  1.0658524e+05 8.95e-07 3.73e+01  -8.5 2.54e+01    -  1.62e-01 7.78e-01h  1
In iteration 39, 1 Slack too small, adjusting variable bound
iter    objective    inf_pr   inf_du lg(mu)  ||d||  lg(rg) alpha_du alpha_pr  ls
  40  1.0658524e+05 4.82e-07 2.35e+01  -8.5 1.02e-03  -4.3 9.12e-01 4.61e-01h  1
  41  1.0658524e+05 4.49e-08 4.33e+00  -8.5 4.16e-04  -3.8 1.00e+00 9.07e-01h  1
  42  1.0658524e+05 2.61e-09 6.10e-08  -8.5 1.54e-04  -3.4 1.00e+00 1.00e+00f  1
  43  1.0658524e+05 1.65e-09 1.63e+01  -8.8 2.52e-04  -3.9 6.39e-01 1.00e+00H  1
  44  1.0658524e+05 1.65e-09 3.47e-13  -8.8 2.06e+00    -  1.00e+00 1.00e+00h  1
  45  1.0658524e+05 1.67e-09 6.04e-01  -9.0 2.22e-05  -3.5 9.88e-01 1.00e+00H  1
  46  1.0658524e+05 1.67e-09 3.21e+01  -9.1 6.73e-06  -3.0 1.00e+00 1.91e-06h 20
  47  1.0658524e+05 1.67e-09 6.29e-09  -9.1 2.02e-05  -3.5 1.00e+00 1.00e+00s 22

Number of Iterations....: 47

                                   (scaled)                 (unscaled)
Objective...............:   2.1725237177616073e+01    1.0658524382027892e+05
Dual infeasibility......:   6.2912346859931458e-09    3.0865153620880085e-05
Constraint violation....:   1.6734258423412030e-09    1.6734258423412030e-09
Variable bound violation:   8.0529929391559563e-09    8.0529929391559563e-09
Complementarity.........:   7.4832584019279400e-10    3.6713289471538102e-06
Overall NLP error.......:   6.2912346859931458e-09    3.0865153620880085e-05


Number of objective function evaluations             = 94
Number of objective gradient evaluations             = 48
Number of equality constraint evaluations            = 94
Number of inequality constraint evaluations          = 94
Number of equality constraint Jacobian evaluations   = 1
Number of inequality constraint Jacobian evaluations = 1
Number of Lagrangian Hessian evaluations             = 47
Total seconds in IPOPT                               = 3.271

EXIT: Optimal Solution Found.
--- Reading solution for model calib_step2_soi
--- GDX Point h:\windc\github\windc_build\household\calib_step2_soi_p.gdx
--- Executing after solve: elapsed 0:00:05.946
--- hhcalib.gms(975) 225 Mb
--- hhcalib.gms(1157) 225 Mb
--- Generating NLP model calib_step3_soi
--- hhcalib.gms(1159) 227 Mb
---   3,826 rows  18,106 columns  50,695 non-zeroes
---   113,477 nl-code  18,105 nl-non-zeroes
--- Range statistics (absolute non-zero finite values)
--- RHS       [min, max] : [ 2.645E-04, 4.265E+02] - Zero values observed as well
--- Bound     [min, max] : [ 1.000E-05, 1.000E-05] - Zero values observed as well
--- Matrix    [min, max] : [ 1.518E-02, 1.000E+05] - Zero values observed as well
--- hhcalib.gms(1159) 225 Mb
--- Executing IPOPT (Solvelink=2): elapsed 0:00:06.492

COIN-OR Ipopt    42.5.0 cf11b917 Mar 30, 2023          WEI x86 64bit/MS Window

COIN-OR Interior Point Optimizer (Ipopt Library 3.14.10)
written by A. Waechter.

******************************************************************************
This program contains Ipopt, a library for large-scale nonlinear optimization.
 Ipopt is released as open source code under the Eclipse Public License (EPL).
         For more information visit https://github.com/coin-or/Ipopt
******************************************************************************

This is Ipopt version 3.14.10, running with linear solver MUMPS 5.5.1.

Number of nonzeros in equality constraint Jacobian...:    26622
Number of nonzeros in inequality constraint Jacobian.:        0
Number of nonzeros in Lagrangian Hessian.............:    14790

Total number of variables............................:    14790
                     variables with only lower bounds:    14790
                variables with lower and upper bounds:        0
                     variables with only upper bounds:        0
Total number of equality constraints.................:     3825
Total number of inequality constraints...............:        0
        inequality constraints with only lower bounds:        0
   inequality constraints with lower and upper bounds:        0
        inequality constraints with only upper bounds:        0

iter    objective    inf_pr   inf_du lg(mu)  ||d||  lg(rg) alpha_du alpha_pr  ls
   0  2.8004010e+04 6.30e+01 1.10e+00   0.0 0.00e+00    -  0.00e+00 0.00e+00   0
   1  3.2599533e+04 1.23e+01 8.88e+00  -2.2 1.99e+01    -  5.41e-01 8.04e-01h  1
   2  3.3721375e+04 5.10e+00 1.77e+01  -2.5 4.57e+00    -  6.96e-01 5.86e-01h  1
   3  3.4364803e+04 8.58e-01 4.46e+01  -2.8 2.01e+00    -  8.23e-01 8.32e-01h  1
   4  3.3802418e+04 4.68e-01 1.93e+02  -2.5 2.27e+00    -  8.74e-01 4.54e-01f  1
   5  3.3663685e+04 2.90e-01 1.48e+03  -1.9 5.63e+00    -  1.00e+00 3.80e-01f  1
   6  3.3466749e+04 2.24e-07 9.93e+01  -2.6 2.55e+00    -  1.00e+00 1.00e+00h  1
   7  3.3183499e+04 1.91e-07 4.81e-01  -3.1 1.18e+00    -  1.00e+00 1.00e+00f  1
   8  3.3090819e+04 1.82e-08 1.53e+00  -3.9 6.25e-01    -  1.00e+00 1.00e+00f  1
   9  3.3081464e+04 2.87e-09 7.65e-01  -4.9 1.74e-01    -  1.00e+00 1.00e+00f  1
iter    objective    inf_pr   inf_du lg(mu)  ||d||  lg(rg) alpha_du alpha_pr  ls
  10  3.3081339e+04 1.80e-10 8.25e-02  -6.2 1.66e-02    -  1.00e+00 1.00e+00h  1
  11  3.3081339e+04 8.84e-12 4.86e-04  -7.3 9.21e-04    -  1.00e+00 1.00e+00h  1
  12  3.3081339e+04 2.06e-13 2.59e-08  -9.4 4.99e-05    -  1.00e+00 1.00e+00h  1
  13  3.3081339e+04 2.84e-13 7.31e-15 -11.0 4.05e-07    -  1.00e+00 1.00e+00h  1

Number of Iterations....: 13

                                   (scaled)                 (unscaled)
Objective...............:   3.3081339213386713e+01    3.3081339213135121e+04
Dual infeasibility......:   7.3105787374259934e-15    7.3105787373703946e-12
Constraint violation....:   2.8421709430404007e-13    2.8421709430404007e-13
Variable bound violation:   0.0000000000000000e+00    0.0000000000000000e+00
Complementarity.........:   1.0000162446798764e-11    1.0000162446722710e-08
Overall NLP error.......:   1.0000162446798764e-11    1.0000162446722710e-08


Number of objective function evaluations             = 14
Number of objective gradient evaluations             = 14
Number of equality constraint evaluations            = 14
Number of inequality constraint evaluations          = 0
Number of equality constraint Jacobian evaluations   = 1
Number of inequality constraint Jacobian evaluations = 0
Number of Lagrangian Hessian evaluations             = 13
Total seconds in IPOPT                               = 0.982

EXIT: Optimal Solution Found.
--- Reading solution for model calib_step3_soi
--- GDX Point h:\windc\github\windc_build\household\calib_step3_soi_p.gdx
--- Executing after solve: elapsed 0:00:07.890
--- hhcalib.gms(1168) 225 Mb
--- hhcalib.gms(1216) 225 Mb
--- GDX File (execute_unload) h:\windc\github\windc_build\household\gdx\calibrated_hhdata_soi_static_2014.gdx
--- hhcalib.gms(1220) 225 Mb
--- GDX File (execute_unload) h:\windc\github\windc_build\household\gdx\capital_taxrate_2014.gdx
*** Status: Normal completion
--- Job hhcalib.gms Stop 06/08/23 15:52:02 elapsed 0:00:08.268
