--- Job hhcalib Start 06/08/23 15:53:18 42.5.0 cf11b917 WEX-WEI x86 64bit/MS Windows
--- Applying:
    C:\GAMS\42\gmsprmNT.txt
--- GAMS Parameters defined
    Input h:\windc\github\windc_build\household\hhcalib.gms
    Output h:\windc\github\windc_build\household\lst\hhcalib_2016_cps_dynamic.lst
    ScrDir h:\windc\github\windc_build\household\225b\
    SysDir C:\GAMS\42\
    LogOption 4
    LogFile h:\windc\github\windc_build\household\lst\hhcalib_2016_cps_dynamic.log
    --year 2016
    --hhdata cps
    --invest dynamic
    --puttitle no
Licensee: Small MUD - 5 User License                     G230511|0002AO-GEN
          University of Wisconsin-Madison, Agricultural & Applied EconDC289
          C:\Users\Thomas F. Rutherford\Documents\GAMS\gamslice.txt
          License Admin: Thomas F. Rutherford, rutherford@aae.wisc.edu     
Processor information: 1 socket(s), 12 core(s), and 24 thread(s) available
GAMS 42.5.0   Copyright (C) 1987-2023 GAMS Development. All rights reserved
--- Starting compilation
--- hhcalib.gms(63) 2 Mb
--- . windc_coredata.gms(17) 2 Mb
--- GDXin=h:\windc\github\windc_build\core\WiNDCdatabase.gdx
--- GDX File ($gdxIn) h:\windc\github\windc_build\core\WiNDCdatabase.gdx
--- . windc_coredata.gms(209) 202 Mb
--- hhcalib.gms(89) 202 Mb
--- GDXin=h:\windc\github\windc_build\household\gdx\capital_tax_rates.gdx
--- GDX File ($gdxIn) h:\windc\github\windc_build\household\gdx\capital_tax_rates.gdx
--- hhcalib.gms(121) 202 Mb
--- GDXin=h:\windc\github\windc_build\household\gdx\cps_data_2016.gdx
--- GDX File ($gdxIn) h:\windc\github\windc_build\household\gdx\cps_data_2016.gdx
--- hhcalib.gms(136) 202 Mb
--- GDXin=h:\windc\github\windc_build\household\gdx\capital_gains_2016.gdx
--- GDX File ($gdxIn) h:\windc\github\windc_build\household\gdx\capital_gains_2016.gdx
--- hhcalib.gms(144) 202 Mb
--- GDXin=h:\windc\github\windc_build\household\gdx\labor_tax_rates.gdx
--- GDX File ($gdxIn) h:\windc\github\windc_build\household\gdx\labor_tax_rates.gdx
--- hhcalib.gms(333) 202 Mb
--- . hh_calib_aggregate_regions.map(68) 202 Mb
--- hhcalib.gms(840) 202 Mb
--- call csv2gdx data_sources\cex\national_income_elasticities_CEX_2013_2017.csv output=gdx\national_income_elasticities_CEX_2013_2017.gdx id=regres index=1 useHeader=y value=2,3,4
--- hhcalib.gms(841) 202 Mb
--- GDXin=h:\windc\github\windc_build\household\gdx\national_income_elasticities_CEX_2013_2017.gdx
--- GDX File ($gdxIn) h:\windc\github\windc_build\household\gdx\national_income_elasticities_CEX_2013_2017.gdx
--- hhcalib.gms(847) 202 Mb
--- call csv2gdx data_sources\cex\windc_pce_map.csv output=gdx\windc_pce_map.gdx id=pcebridge index=1,2 useHeader=y value=3,4,5
--- hhcalib.gms(848) 202 Mb
--- GDXin=h:\windc\github\windc_build\household\gdx\windc_pce_map.gdx
--- GDX File ($gdxIn) h:\windc\github\windc_build\household\gdx\windc_pce_map.gdx
--- hhcalib.gms(963) 202 Mb
--- Starting execution: elapsed 0:00:00.569
--- hhcalib.gms(271) 221 Mb
--- GDX File (execute_unload) h:\windc\github\windc_build\household\225b\totgdp.gdx
--- hhcalib.gms(272) 221 Mb
--- hhcalib.gms(517) 221 Mb
--- Generating QCP model partial_ss
--- hhcalib.gms(518) 223 Mb
---   52 rows  3,622 columns  5,233 non-zeroes
---   8,058 nl-code  1,611 nl-non-zeroes
--- Range statistics (absolute non-zero finite values)
--- RHS       [min, max] : [ 6.909E+00, 7.330E+02] - Zero values observed as well
--- Bound     [min, max] : [ 3.358E-06, 6.276E+01] - Zero values observed as well
--- Matrix    [min, max] : [ 1.000E+00, 1.000E+00] - Zero values observed as well
--- hhcalib.gms(518) 221 Mb
--- Executing CPLEX (Solvelink=2): elapsed 0:00:01.704

IBM ILOG CPLEX   42.5.0 cf11b917 Mar 30, 2023          WEI x86 64bit/MS Window

--- GAMS/Cplex licensed for continuous and discrete problems.
--- GMO Q Extraction (ThreePass): 0.00s
--- GMO setup time: 0.00s
--- Space for names approximately 0.07 Mb
--- Use option 'names no' to turn use of names off
--- GMO memory 1.20 Mb (peak 1.25 Mb)
--- Dictionary memory 0.00 Mb
--- Cplex 22.1.1.0 link memory 0.07 Mb (peak 0.25 Mb)
--- Starting Cplex

Version identifier: 22.1.1.0 | 2022-11-27 | 9160aff4d
CPXPARAM_Advance                                 0
CPXPARAM_Threads                                 1
CPXPARAM_MIP_Display                             4
CPXPARAM_MIP_Pool_Capacity                       0
CPXPARAM_MIP_Tolerances_AbsMIPGap                0
Tried aggregator 1 time.
QP Presolve eliminated 0 rows and 2011 columns.
Reduced QP has 51 rows, 1611 columns, and 1611 nonzeros.
Reduced QP objective Q matrix has 1611 nonzeros.
Presolve time = 0.00 sec. (0.75 ticks)
Parallel mode: none, using 1 thread for barrier
Number of nonzeros in lower triangle of A*A' = 0
Using Approximate Minimum Degree ordering
Total time for automatic ordering = 0.00 sec. (0.01 ticks)
Summary statistics for Cholesky factor:
  Rows in Factor            = 51
  Integer space required    = 51
  Total non-zeros in factor = 51
  Total FP ops to factor    = 51
 Itn      Primal Obj        Dual Obj  Prim Inf Upper Inf  Dual Inf          
   0   2.3358480e+06  -2.3362511e+06  3.40e+02  0.00e+00  2.75e+06
   1   5.3157484e+05  -5.3883013e+05  1.62e+02  0.00e+00  1.31e+06
   2   3.3065442e+04  -3.4044905e+04  3.95e+01  0.00e+00  3.21e+05
   3   1.8819730e+03  -3.9676529e+02  5.93e+00  0.00e+00  4.81e+04
   4   1.0933371e+03   9.4841418e+02  7.68e-01  0.00e+00  6.24e+03
   5   1.0843292e+03   1.0457605e+03  1.05e-02  0.00e+00  8.52e+01
   6   1.0719288e+03   1.0670152e+03  1.44e-04  0.00e+00  1.17e+00
   7   1.0706670e+03   1.0700925e+03  6.30e-07  0.00e+00  6.87e-03
   8   1.0706129e+03   1.0705888e+03  2.75e-09  0.00e+00  3.53e-05
   9   1.0706128e+03   1.0706127e+03  1.35e-11  0.00e+00  1.67e-07
  10   1.0706128e+03   1.0706128e+03  7.01e-13  0.00e+00  8.37e-10
Barrier time = 0.00 sec. (3.32 ticks)

Total time on 1 threads = 0.00 sec. (3.32 ticks)

--- QP status (1): optimal.
--- Cplex Time: 0.00sec (det. 3.32 ticks)


Optimal solution found
Objective:         1070.612792

--- Reading solution for model partial_ss
--- Executing after solve: elapsed 0:00:01.811
--- hhcalib.gms(523) 221 Mb
--- GDX File (execute_unload) h:\windc\github\windc_build\household\gdx\i0_2016.gdx
--- hhcalib.gms(784) 221 Mb
--- Generating NLP model calib_step1_cps
--- hhcalib.gms(787) 223 Mb
---   102 rows  347 columns  1,027 non-zeroes
---   1,562 nl-code  305 nl-non-zeroes
--- Range statistics (absolute non-zero finite values)
--- RHS       [min, max] : [ 1.395E+01, 5.847E+03] - Zero values observed as well
--- Bound     [min, max] : [ 5.162E-03, 8.710E+02] - Zero values observed as well
--- Matrix    [min, max] : [ 8.113E-04, 5.663E+05] - Zero values observed as well
--- hhcalib.gms(787) 221 Mb
--- Executing IPOPT (Solvelink=2): elapsed 0:00:01.863

COIN-OR Ipopt    42.5.0 cf11b917 Mar 30, 2023          WEI x86 64bit/MS Window

COIN-OR Interior Point Optimizer (Ipopt Library 3.14.10)
written by A. Waechter.

******************************************************************************
This program contains Ipopt, a library for large-scale nonlinear optimization.
 Ipopt is released as open source code under the Eclipse Public License (EPL).
         For more information visit https://github.com/coin-or/Ipopt
******************************************************************************

This is Ipopt version 3.14.10, running with linear solver MUMPS 5.5.1.

Number of nonzeros in equality constraint Jacobian...:      721
Number of nonzeros in inequality constraint Jacobian.:        0
Number of nonzeros in Lagrangian Hessian.............:      605

Total number of variables............................:      346
                     variables with only lower bounds:       70
                variables with lower and upper bounds:      256
                     variables with only upper bounds:        0
Total number of equality constraints.................:      101
Total number of inequality constraints...............:        0
        inequality constraints with only lower bounds:        0
   inequality constraints with lower and upper bounds:        0
        inequality constraints with only upper bounds:        0

iter    objective    inf_pr   inf_du lg(mu)  ||d||  lg(rg) alpha_du alpha_pr  ls
   0  2.5110504e+05 4.23e+03 1.01e+02   0.0 0.00e+00    -  0.00e+00 0.00e+00   0
   1  2.2887298e+05 3.57e+03 2.91e+04  -0.7 1.85e+03    -  5.36e-06 1.58e-01f  1
   2  2.9698753e+05 2.93e+03 2.40e+04  -0.8 1.56e+03    -  1.23e-01 1.78e-01h  1
   3  2.9725490e+05 2.93e+03 2.39e+04   1.5 1.28e+03    -  4.60e-01 1.39e-03f  1
   4  4.6657097e+05 2.38e+03 1.94e+04   2.1 1.28e+03    -  9.71e-01 1.88e-01f  1
   5  2.7025041e+06 6.41e-04 4.21e+00   2.3 1.04e+03    -  9.30e-01 1.00e+00f  1
   6  2.0362243e+06 8.38e-07 1.74e+01   0.2 1.02e+02    -  8.84e-01 1.00e+00f  1
   7  1.5379968e+06 8.11e-09 9.95e-02   0.8 1.28e+02    -  9.96e-01 1.00e+00f  1
   8  1.3150347e+06 1.25e-08 3.83e-02   0.1 5.70e+01    -  9.93e-01 1.00e+00f  1
   9  1.2106443e+06 1.49e-09 4.32e-03  -0.5 3.78e+01    -  9.98e-01 1.00e+00f  1
iter    objective    inf_pr   inf_du lg(mu)  ||d||  lg(rg) alpha_du alpha_pr  ls
  10  1.1575329e+06 2.92e-10 2.06e-02  -1.1 1.99e+01    -  9.99e-01 9.59e-01f  1
  11  1.1307018e+06 7.63e-11 4.12e-03  -1.7 1.01e+01    -  9.94e-01 9.52e-01f  1
  12  1.1246126e+06 1.26e-10 2.83e-02  -2.3 6.62e+00    -  9.99e-01 5.22e-01f  1
  13  1.1195217e+06 1.45e-10 1.32e-02  -2.7 5.69e+00    -  8.47e-01 6.89e-01f  1
  14  1.1184784e+06 1.03e-10 1.39e-02  -3.1 3.86e+00    -  8.71e-01 3.93e-01f  1
  15  1.1175299e+06 5.48e-11 1.23e-02  -3.3 3.65e+00    -  9.49e-01 5.64e-01f  1
  16  1.1171079e+06 2.94e-11 5.82e-03  -3.5 2.21e+00    -  9.62e-01 5.43e-01f  1
  17  1.1167190e+06 2.32e-11 2.56e-04  -3.6 1.35e+00    -  9.79e-01 1.00e+00f  1
  18  1.1166411e+06 1.09e-11 4.41e-03  -3.9 5.74e-01    -  1.00e+00 6.51e-01f  1
  19  1.1165220e+06 2.92e-11 1.07e-04  -4.4 6.00e-01    -  9.95e-01 1.00e+00f  1
iter    objective    inf_pr   inf_du lg(mu)  ||d||  lg(rg) alpha_du alpha_pr  ls
  20  1.1164992e+06 7.86e-12 5.25e-04  -4.8 4.39e-01    -  9.97e-01 7.77e-01f  1
  21  1.1164801e+06 1.82e-12 6.62e-05  -5.4 2.87e-01    -  1.00e+00 9.31e-01f  1
  22  1.1164745e+06 9.09e-13 1.78e-05  -6.0 1.58e-01    -  9.60e-01 1.00e+00f  1
  23  1.1164735e+06 9.09e-13 3.80e-06  -6.4 5.17e-02    -  9.53e-01 1.00e+00f  1
  24  1.1164731e+06 9.09e-13 4.03e-13  -7.4 2.59e-02    -  1.00e+00 1.00e+00f  1
  25  1.1164730e+06 9.09e-13 3.90e-07  -9.0 1.15e-02    -  9.61e-01 1.00e+00f  1
  26  1.1164730e+06 9.09e-13 1.99e-13 -10.5 4.64e-03    -  1.00e+00 1.00e+00h  1
  27  1.1164730e+06 9.09e-13 1.98e-13 -11.0 2.04e-03    -  1.00e+00 1.00e+00h  1

Number of Iterations....: 27

                                   (scaled)                 (unscaled)
Objective...............:   1.9713847633753954e+02    1.1164730298902774e+06
Dual infeasibility......:   1.9801731386943351e-13    1.1214502338346508e-09
Constraint violation....:   9.0949470177292824e-13    9.0949470177292824e-13
Variable bound violation:   2.1103431890878710e-08    2.1103431890878710e-08
Complementarity.........:   2.7955714078824515e-09    1.5832424689582563e-05
Overall NLP error.......:   2.7955714078824515e-09    1.5832424689582563e-05


Number of objective function evaluations             = 28
Number of objective gradient evaluations             = 28
Number of equality constraint evaluations            = 28
Number of inequality constraint evaluations          = 0
Number of equality constraint Jacobian evaluations   = 1
Number of inequality constraint Jacobian evaluations = 0
Number of Lagrangian Hessian evaluations             = 27
Total seconds in IPOPT                               = 0.086

EXIT: Optimal Solution Found.
--- Reading solution for model calib_step1_cps
--- Executing after solve: elapsed 0:00:02.027
--- hhcalib.gms(978) 221 Mb
--- GDXin=h:\windc\github\windc_build\household\gdx\calib_step2_cps_p.gdx
--- hhcalib.gms(978) 222 Mb
--- GDX File (execute_load) h:\windc\github\windc_build\household\gdx\calib_step2_cps_p.gdx
--- hhcalib.gms(984) 222 Mb
--- Generating NLP model calib_step2_cps
--- hhcalib.gms(986) 228 Mb
---   1,425 rows  17,092 columns  90,532 non-zeroes
---   32,274 nl-code  16,580 nl-non-zeroes
--- Range statistics (absolute non-zero finite values)
--- RHS       [min, max] : [ 8.603E-03, 5.847E+03] - Zero values observed as well
--- Bound     [min, max] : [ 2.948E-05, 6.713E+02] - Zero values observed as well
--- Matrix    [min, max] : [ 3.493E-07, 2.028E+02] - Zero values observed as well
--- hhcalib.gms(986) 226 Mb
--- Executing IPOPT (Solvelink=2): elapsed 0:00:02.435

COIN-OR Ipopt    42.5.0 cf11b917 Mar 30, 2023          WEI x86 64bit/MS Window

COIN-OR Interior Point Optimizer (Ipopt Library 3.14.10)
written by A. Waechter.

******************************************************************************
This program contains Ipopt, a library for large-scale nonlinear optimization.
 Ipopt is released as open source code under the Eclipse Public License (EPL).
         For more information visit https://github.com/coin-or/Ipopt
******************************************************************************

This is Ipopt version 3.14.10, running with linear solver MUMPS 5.5.1.

Number of nonzeros in equality constraint Jacobian...:    22218
Number of nonzeros in inequality constraint Jacobian.:     3415
Number of nonzeros in Lagrangian Hessian.............:    35817

Total number of variables............................:     7317
                     variables with only lower bounds:     3727
                variables with lower and upper bounds:     3335
                     variables with only upper bounds:        0
Total number of equality constraints.................:     1169
Total number of inequality constraints...............:      255
        inequality constraints with only lower bounds:        0
   inequality constraints with lower and upper bounds:        0
        inequality constraints with only upper bounds:      255

iter    objective    inf_pr   inf_du lg(mu)  ||d||  lg(rg) alpha_du alpha_pr  ls
   0  1.6332147e+05 1.50e+03 9.90e+01   0.0 0.00e+00    -  0.00e+00 0.00e+00   0
   1  1.6297111e+05 1.48e+03 9.74e+01  -5.6 1.50e+03    -  1.91e-02 1.60e-02f  1
   2  1.6262600e+05 1.45e+03 9.56e+01  -5.7 1.48e+03    -  6.35e-03 1.84e-02f  1
   3  1.6231822e+05 1.42e+03 9.36e+01  -5.7 1.45e+03    -  1.19e-02 2.09e-02f  1
   4  1.6191893e+05 1.38e+03 9.06e+01  -5.7 1.42e+03    -  2.47e-02 3.21e-02f  1
   5  1.6152877e+05 1.32e+03 8.69e+01  -5.7 1.38e+03    -  3.80e-02 4.07e-02f  1
   6  1.6112475e+05 1.24e+03 8.14e+01  -5.7 1.32e+03    -  4.20e-02 6.37e-02f  1
   7  1.6100802e+05 1.17e+03 7.70e+01  -5.7 1.24e+03    -  5.33e-02 5.36e-02f  1
   8  1.6100472e+05 1.14e+03 7.52e+01  -5.7 1.17e+03    -  6.86e-02 2.36e-02h  1
   9  1.6102220e+05 1.10e+03 7.26e+01  -5.8 1.14e+03    -  3.50e-02 3.41e-02h  1
iter    objective    inf_pr   inf_du lg(mu)  ||d||  lg(rg) alpha_du alpha_pr  ls
  10  1.6108123e+05 1.02e+03 6.72e+01  -5.8 1.10e+03    -  5.55e-02 7.41e-02h  1
  11  1.6112110e+05 9.85e+02 6.49e+01  -5.8 1.02e+03    -  1.08e-01 3.56e-02h  1
  12  1.6121588e+05 9.13e+02 6.02e+01  -5.9 9.85e+02    -  7.88e-02 7.28e-02h  1
  13  1.6121853e+05 9.11e+02 6.01e+01  -5.9 9.13e+02    -  1.23e-01 1.95e-03h  1
  14  1.6127991e+05 8.72e+02 5.76e+01  -5.9 9.11e+02    -  4.38e-02 4.26e-02h  1
  15  1.6135861e+05 8.24e+02 5.45e+01  -6.0 8.72e+02    -  1.72e-01 5.51e-02h  1
  16  1.6148406e+05 7.53e+02 4.98e+01  -6.1 8.24e+02    -  1.84e-01 8.67e-02h  1
  17  1.6150604e+05 7.41e+02 4.90e+01  -6.1 7.53e+02    -  1.38e-01 1.57e-02h  1
  18  1.6156518e+05 7.10e+02 4.70e+01  -6.2 7.41e+02    -  8.55e-02 4.20e-02h  1
  19  1.6164981e+05 6.66e+02 4.41e+01  -6.2 7.10e+02    -  1.42e-01 6.16e-02h  1
iter    objective    inf_pr   inf_du lg(mu)  ||d||  lg(rg) alpha_du alpha_pr  ls
  20  1.6168185e+05 6.50e+02 4.31e+01  -6.3 6.66e+02    -  1.75e-01 2.43e-02h  1
  21  1.6172722e+05 6.28e+02 4.16e+01  -6.4 6.50e+02    -  1.70e-01 3.46e-02h  1
  22  1.6183291e+05 5.76e+02 3.82e+01  -6.5 6.27e+02    -  1.80e-01 8.22e-02h  1
  23  1.6189146e+05 5.48e+02 3.64e+01  -6.6 5.76e+02    -  2.28e-01 4.87e-02h  1
  24  1.6209196e+05 4.54e+02 3.01e+01  -6.7 5.48e+02    -  1.59e-01 1.72e-01h  1
  25  1.6213663e+05 4.33e+02 2.87e+01  -6.7 4.53e+02    -  1.18e-01 4.55e-02h  1
  26  1.6218512e+05 4.11e+02 2.73e+01  -6.8 4.33e+02    -  1.87e-01 5.14e-02h  1
  27  1.6229758e+05 3.60e+02 2.39e+01  -6.9 4.11e+02    -  4.96e-01 1.24e-01h  1
  28  1.6234455e+05 3.39e+02 2.25e+01  -7.2 3.59e+02    -  1.05e-01 5.84e-02h  1
  29  1.6236310e+05 3.30e+02 2.20e+01  -3.3 3.38e+02    -  9.23e-02 2.43e-02h  1
iter    objective    inf_pr   inf_du lg(mu)  ||d||  lg(rg) alpha_du alpha_pr  ls
  30  1.6254628e+05 2.49e+02 1.66e+01  -7.3 3.30e+02    -  1.44e-01 2.45e-01h  1
  31  1.6266156e+05 1.99e+02 1.32e+01  -7.3 2.49e+02    -  3.36e-01 2.01e-01h  1
  32  1.6268537e+05 1.89e+02 1.26e+01  -3.6 1.99e+02    -  2.00e-01 5.13e-02h  1
  33  1.6280380e+05 1.38e+02 9.20e+00  -3.7 1.89e+02    -  2.38e-01 2.67e-01h  1
  34  1.6285467e+05 1.17e+02 1.14e+01  -3.6 1.38e+02    -  8.82e-01 1.55e-01h  1
  35  1.6297199e+05 6.83e+01 4.54e+00  -3.5 1.17e+02    -  2.00e-01 4.17e-01h  1
  36  1.6307726e+05 2.47e+01 3.09e+00  -4.3 6.83e+01    -  9.56e-01 6.38e-01h  1
  37  1.6311722e+05 8.32e+00 5.19e+00  -4.5 2.47e+01    -  9.77e-01 6.63e-01h  1
  38  1.6313256e+05 2.01e+00 4.14e+00  -5.0 8.32e+00    -  9.88e-01 7.58e-01h  1
  39  1.6313622e+05 4.96e-01 4.88e+00  -5.5 2.01e+00    -  1.00e+00 7.54e-01h  1
iter    objective    inf_pr   inf_du lg(mu)  ||d||  lg(rg) alpha_du alpha_pr  ls
  40  1.6313722e+05 7.93e-02 2.38e+00  -6.2 4.96e-01  -4.0 1.00e+00 8.40e-01h  1
  41  1.6313734e+05 2.87e-02 1.09e+01  -6.5 7.92e-02  -4.5 1.00e+00 6.37e-01h  1
  42  1.6313740e+05 4.90e-03 3.18e+00  -7.0 2.87e-02  -4.1 1.00e+00 8.30e-01h  1
  43  1.6313740e+05 1.91e-03 1.08e+01  -7.2 4.90e-03  -4.5 1.00e+00 6.09e-01h  1
  44  1.6313741e+05 6.77e-04 1.12e+01  -7.3 1.91e-03  -4.1 1.00e+00 6.46e-01h  1
  45  1.6313741e+05 2.00e-04 5.71e+00  -7.7 6.77e-04  -4.6 1.00e+00 7.05e-01h  1
  46  1.6313741e+05 8.15e-05 8.74e+00  -7.9 1.47e-02    -  1.00e+00 5.91e-01h  1
  47  1.6313741e+05 3.17e-05 9.40e+00  -8.0 8.15e-05  -4.2 1.00e+00 6.12e-01h  1
  48  1.6313741e+05 1.43e-05 1.17e+01  -8.2 3.83e-05  -3.7 1.00e+00 5.49e-01h  1
  49  1.6313741e+05 5.83e-06 1.16e+01  -8.3 3.00e-05  -4.2 1.00e+00 5.92e-01h  1
In iteration 49, 1 Slack too small, adjusting variable bound
iter    objective    inf_pr   inf_du lg(mu)  ||d||  lg(rg) alpha_du alpha_pr  ls
  50  1.6313741e+05 1.09e-06 5.18e+00  -8.4 1.77e-05  -3.8 1.00e+00 8.13e-01h  1
  51  1.6313741e+05 2.89e-07 5.79e+00  -8.5 9.76e-06  -3.4 1.00e+00 7.35e-01h  1
  52  1.6313741e+05 8.90e-10 1.09e-09  -8.6 7.38e-06  -3.8 1.00e+00 1.00e+00h  1

Number of Iterations....: 52

                                   (scaled)                 (unscaled)
Objective...............:   8.0440311156129785e+04    1.6313740909436691e+05
Dual infeasibility......:   1.0925333872926947e-09    2.2157182585492877e-09
Constraint violation....:   8.8961663036180028e-10    8.8961663036180028e-10
Variable bound violation:   7.6853297059642500e-09    7.6853297059642500e-09
Complementarity.........:   8.2535114075608448e-09    1.6738578551081025e-08
Overall NLP error.......:   8.2535114075608448e-09    1.6738578551081025e-08


Number of objective function evaluations             = 53
Number of objective gradient evaluations             = 53
Number of equality constraint evaluations            = 53
Number of inequality constraint evaluations          = 53
Number of equality constraint Jacobian evaluations   = 1
Number of inequality constraint Jacobian evaluations = 1
Number of Lagrangian Hessian evaluations             = 52
Total seconds in IPOPT                               = 2.929

EXIT: Optimal Solution Found.
--- Reading solution for model calib_step2_cps
--- GDX Point h:\windc\github\windc_build\household\calib_step2_cps_p.gdx
--- Executing after solve: elapsed 0:00:05.783
--- hhcalib.gms(995) 226 Mb
--- hhcalib.gms(1173) 226 Mb
--- GDXin=h:\windc\github\windc_build\household\gdx\calib_step3_cps_p.gdx
--- GDX File (execute_load) h:\windc\github\windc_build\household\gdx\calib_step3_cps_p.gdx
--- hhcalib.gms(1177) 226 Mb
--- Generating NLP model calib_step3_cps
--- hhcalib.gms(1179) 229 Mb
---   3,826 rows  18,106 columns  50,695 non-zeroes
---   113,477 nl-code  18,105 nl-non-zeroes
--- Range statistics (absolute non-zero finite values)
--- RHS       [min, max] : [ 2.047E-04, 4.027E+02] - Zero values observed as well
--- Bound     [min, max] : [ 1.000E-05, 1.000E-05] - Zero values observed as well
--- Matrix    [min, max] : [ 2.572E-04, 2.446E+04] - Zero values observed as well
--- hhcalib.gms(1179) 226 Mb
--- Executing IPOPT (Solvelink=2): elapsed 0:00:06.357

COIN-OR Ipopt    42.5.0 cf11b917 Mar 30, 2023          WEI x86 64bit/MS Window

COIN-OR Interior Point Optimizer (Ipopt Library 3.14.10)
written by A. Waechter.

******************************************************************************
This program contains Ipopt, a library for large-scale nonlinear optimization.
 Ipopt is released as open source code under the Eclipse Public License (EPL).
         For more information visit https://github.com/coin-or/Ipopt
******************************************************************************

This is Ipopt version 3.14.10, running with linear solver MUMPS 5.5.1.

Number of nonzeros in equality constraint Jacobian...:    26622
Number of nonzeros in inequality constraint Jacobian.:        0
Number of nonzeros in Lagrangian Hessian.............:    14790

Total number of variables............................:    14790
                     variables with only lower bounds:    14790
                variables with lower and upper bounds:        0
                     variables with only upper bounds:        0
Total number of equality constraints.................:     3825
Total number of inequality constraints...............:        0
        inequality constraints with only lower bounds:        0
   inequality constraints with lower and upper bounds:        0
        inequality constraints with only upper bounds:        0

iter    objective    inf_pr   inf_du lg(mu)  ||d||  lg(rg) alpha_du alpha_pr  ls
   0  3.3331716e+04 1.24e-01 1.41e+00   0.0 0.00e+00    -  0.00e+00 0.00e+00   0
   1  3.5079476e+04 1.42e-02 3.65e+01  -6.1 1.12e-02    -  9.85e-01 8.85e-01h  1
   2  3.5653697e+04 3.44e-03 1.51e+02  -3.6 7.54e-02    -  9.83e-01 7.58e-01h  1
   3  3.5838850e+04 1.45e-03 2.47e+02  -3.6 4.03e-02    -  1.00e+00 5.78e-01h  1
   4  3.6010735e+04 1.66e-04 3.05e+02  -3.3 9.47e-02    -  1.00e+00 8.86e-01h  1
   5  3.6052132e+04 7.35e-08 5.24e+02  -3.0 2.27e-01    -  1.00e+00 1.00e+00h  1
   6  3.6037868e+04 3.13e-08 3.83e+01  -3.3 1.88e-01    -  1.00e+00 1.00e+00f  1
   7  3.6033306e+04 8.90e-09 4.01e+00  -3.7 1.24e-01    -  1.00e+00 1.00e+00f  1
   8  3.6032473e+04 7.19e-09 5.34e-01  -4.9 7.24e-02    -  1.00e+00 1.00e+00f  1
   9  3.6032466e+04 2.76e-10 3.26e-03  -6.5 6.08e-03    -  1.00e+00 1.00e+00h  1
iter    objective    inf_pr   inf_du lg(mu)  ||d||  lg(rg) alpha_du alpha_pr  ls
  10  3.6032466e+04 2.33e-12 3.63e-07  -8.6 1.19e-04    -  1.00e+00 1.00e+00h  1
  11  3.6032466e+04 1.14e-13 3.05e-14 -11.0 9.31e-07    -  1.00e+00 1.00e+00h  1

Number of Iterations....: 11

                                   (scaled)                 (unscaled)
Objective...............:   1.4729120662795140e+02    3.6032465713780381e+04
Dual infeasibility......:   3.0531206127904387e-14    7.4689770230676344e-12
Constraint violation....:   1.1368683772161603e-13    1.1368683772161603e-13
Variable bound violation:   0.0000000000000000e+00    0.0000000000000000e+00
Complementarity.........:   1.0001392547665722e-11    2.4466826113666690e-09
Overall NLP error.......:   1.0001392547665722e-11    2.4466826113666690e-09


Number of objective function evaluations             = 12
Number of objective gradient evaluations             = 12
Number of equality constraint evaluations            = 12
Number of inequality constraint evaluations          = 0
Number of equality constraint Jacobian evaluations   = 1
Number of inequality constraint Jacobian evaluations = 0
Number of Lagrangian Hessian evaluations             = 11
Total seconds in IPOPT                               = 0.847

EXIT: Optimal Solution Found.
--- Reading solution for model calib_step3_cps
--- GDX Point h:\windc\github\windc_build\household\calib_step3_cps_p.gdx
--- Executing after solve: elapsed 0:00:07.643
--- hhcalib.gms(1188) 226 Mb
--- hhcalib.gms(1236) 226 Mb
--- GDX File (execute_unload) h:\windc\github\windc_build\household\gdx\calibrated_hhdata_cps_dynamic_2016.gdx
--- hhcalib.gms(1240) 226 Mb
--- GDX File (execute_unload) h:\windc\github\windc_build\household\gdx\capital_taxrate_2016.gdx
*** Status: Normal completion
--- Job hhcalib.gms Stop 06/08/23 15:53:26 elapsed 0:00:08.048
