--- Job hhcalib Start 06/08/23 15:52:12 42.5.0 cf11b917 WEX-WEI x86 64bit/MS Windows
--- Applying:
    C:\GAMS\42\gmsprmNT.txt
--- GAMS Parameters defined
    Input h:\windc\github\windc_build\household\hhcalib.gms
    Output h:\windc\github\windc_build\household\lst\hhcalib_2015_cps_static.lst
    ScrDir h:\windc\github\windc_build\household\225b\
    SysDir C:\GAMS\42\
    LogOption 4
    LogFile h:\windc\github\windc_build\household\lst\hhcalib_2015_cps_static.log
    --year 2015
    --hhdata cps
    --invest static
    --puttitle no
Licensee: Small MUD - 5 User License                     G230511|0002AO-GEN
          University of Wisconsin-Madison, Agricultural & Applied EconDC289
          C:\Users\Thomas F. Rutherford\Documents\GAMS\gamslice.txt
          License Admin: Thomas F. Rutherford, rutherford@aae.wisc.edu     
Processor information: 1 socket(s), 12 core(s), and 24 thread(s) available
GAMS 42.5.0   Copyright (C) 1987-2023 GAMS Development. All rights reserved
--- Starting compilation
--- hhcalib.gms(63) 2 Mb
--- . windc_coredata.gms(17) 2 Mb
--- GDXin=h:\windc\github\windc_build\core\WiNDCdatabase.gdx
--- GDX File ($gdxIn) h:\windc\github\windc_build\core\WiNDCdatabase.gdx
--- . windc_coredata.gms(209) 202 Mb
--- hhcalib.gms(89) 202 Mb
--- GDXin=h:\windc\github\windc_build\household\gdx\capital_tax_rates.gdx
--- GDX File ($gdxIn) h:\windc\github\windc_build\household\gdx\capital_tax_rates.gdx
--- hhcalib.gms(121) 202 Mb
--- GDXin=h:\windc\github\windc_build\household\gdx\cps_data_2015.gdx
--- GDX File ($gdxIn) h:\windc\github\windc_build\household\gdx\cps_data_2015.gdx
--- hhcalib.gms(136) 202 Mb
--- GDXin=h:\windc\github\windc_build\household\gdx\capital_gains_2015.gdx
--- GDX File ($gdxIn) h:\windc\github\windc_build\household\gdx\capital_gains_2015.gdx
--- hhcalib.gms(144) 202 Mb
--- GDXin=h:\windc\github\windc_build\household\gdx\labor_tax_rates.gdx
--- GDX File ($gdxIn) h:\windc\github\windc_build\household\gdx\labor_tax_rates.gdx
--- hhcalib.gms(333) 202 Mb
--- . hh_calib_aggregate_regions.map(68) 202 Mb
--- hhcalib.gms(840) 202 Mb
--- call csv2gdx data_sources\cex\national_income_elasticities_CEX_2013_2017.csv output=gdx\national_income_elasticities_CEX_2013_2017.gdx id=regres index=1 useHeader=y value=2,3,4
--- hhcalib.gms(841) 202 Mb
--- GDXin=h:\windc\github\windc_build\household\gdx\national_income_elasticities_CEX_2013_2017.gdx
--- GDX File ($gdxIn) h:\windc\github\windc_build\household\gdx\national_income_elasticities_CEX_2013_2017.gdx
--- hhcalib.gms(847) 202 Mb
--- call csv2gdx data_sources\cex\windc_pce_map.csv output=gdx\windc_pce_map.gdx id=pcebridge index=1,2 useHeader=y value=3,4,5
--- hhcalib.gms(848) 202 Mb
--- GDXin=h:\windc\github\windc_build\household\gdx\windc_pce_map.gdx
--- GDX File ($gdxIn) h:\windc\github\windc_build\household\gdx\windc_pce_map.gdx
--- hhcalib.gms(963) 202 Mb
--- Starting execution: elapsed 0:00:00.568
--- hhcalib.gms(271) 221 Mb
--- GDX File (execute_unload) h:\windc\github\windc_build\household\225b\totgdp.gdx
--- hhcalib.gms(272) 221 Mb
--- hhcalib.gms(764) 221 Mb
--- Generating NLP model calib_step1_cps
--- hhcalib.gms(767) 223 Mb
---   102 rows  347 columns  1,027 non-zeroes
---   1,562 nl-code  305 nl-non-zeroes
--- Range statistics (absolute non-zero finite values)
--- RHS       [min, max] : [ 1.142E+01, 5.720E+03] - Zero values observed as well
--- Bound     [min, max] : [ 1.000E-02, 7.685E+02] - Zero values observed as well
--- Matrix    [min, max] : [ 8.780E-04, 5.484E+05] - Zero values observed as well
--- hhcalib.gms(767) 221 Mb
--- Executing IPOPT (Solvelink=2): elapsed 0:00:01.668

COIN-OR Ipopt    42.5.0 cf11b917 Mar 30, 2023          WEI x86 64bit/MS Window

COIN-OR Interior Point Optimizer (Ipopt Library 3.14.10)
written by A. Waechter.

******************************************************************************
This program contains Ipopt, a library for large-scale nonlinear optimization.
 Ipopt is released as open source code under the Eclipse Public License (EPL).
         For more information visit https://github.com/coin-or/Ipopt
******************************************************************************

This is Ipopt version 3.14.10, running with linear solver MUMPS 5.5.1.

Number of nonzeros in equality constraint Jacobian...:      721
Number of nonzeros in inequality constraint Jacobian.:        0
Number of nonzeros in Lagrangian Hessian.............:      605

Total number of variables............................:      346
                     variables with only lower bounds:       70
                variables with lower and upper bounds:      256
                     variables with only upper bounds:        0
Total number of equality constraints.................:      101
Total number of inequality constraints...............:        0
        inequality constraints with only lower bounds:        0
   inequality constraints with lower and upper bounds:        0
        inequality constraints with only upper bounds:        0

iter    objective    inf_pr   inf_du lg(mu)  ||d||  lg(rg) alpha_du alpha_pr  ls
   0  2.4314089e+05 2.83e+03 1.01e+02   0.0 0.00e+00    -  0.00e+00 0.00e+00   0
   1  2.2182513e+05 2.45e+03 4.03e+03  -0.4 1.01e+03    -  3.31e-05 1.35e-01f  1
   2  2.9618730e+05 1.99e+03 3.28e+03   0.1 8.28e+02    -  1.04e-01 1.87e-01f  1
   3  1.2513705e+06 2.08e-06 1.49e+00  -4.8 5.87e+02    -  1.30e-01 1.00e+00h  1
   4  1.2514233e+06 1.71e-06 1.06e+00   0.1 3.15e+01    -  9.62e-01 1.76e-01f  1
   5  1.2339964e+06 1.38e-08 2.24e-02  -0.5 6.69e+01    -  9.73e-01 1.00e+00f  1
   6  1.2127389e+06 9.09e-13 1.56e-03  -0.8 2.04e+01    -  9.90e-01 1.00e+00f  1
   7  1.1910281e+06 9.79e-11 8.47e-04  -1.3 9.83e+00    -  9.91e-01 1.00e+00f  1
   8  1.1798916e+06 4.15e-11 6.90e-03  -7.3 7.39e+00    -  7.26e-01 5.83e-01f  1
   9  1.1739860e+06 2.09e-11 1.78e-02  -2.8 5.90e+00    -  7.65e-01 5.04e-01f  1
iter    objective    inf_pr   inf_du lg(mu)  ||d||  lg(rg) alpha_du alpha_pr  ls
  10  1.1705287e+06 5.51e-11 1.62e-02  -2.7 5.05e+00    -  8.80e-01 5.83e-01f  1
  11  1.1685117e+06 4.70e-11 6.49e-03  -3.1 4.34e+00    -  9.36e-01 7.24e-01f  1
  12  1.1679863e+06 1.22e-11 2.08e-03  -3.1 1.57e+00    -  8.87e-01 7.41e-01f  1
  13  1.1675799e+06 6.01e-11 1.71e-04  -3.5 2.45e+00    -  9.20e-01 9.26e-01f  1
  14  1.1673848e+06 2.73e-11 3.78e-04  -4.8 1.47e+00    -  6.99e-01 7.29e-01f  1
  15  1.1673447e+06 4.03e-12 3.03e-05  -4.1 4.36e-01    -  8.97e-01 8.74e-01f  1
  16  1.1672836e+06 9.09e-13 8.29e-05  -5.2 4.67e-01    -  8.16e-01 9.08e-01f  1
  17  1.1672708e+06 9.09e-13 1.91e-06  -5.3 2.82e-01    -  9.93e-01 1.00e+00f  1
  18  1.1672653e+06 4.55e-13 8.60e-12  -6.1 1.44e-01    -  1.00e+00 1.00e+00f  1
  19  1.1672642e+06 4.55e-13 3.61e-06  -7.3 5.91e-02    -  9.03e-01 9.99e-01f  1
iter    objective    inf_pr   inf_du lg(mu)  ||d||  lg(rg) alpha_du alpha_pr  ls
  20  1.1672641e+06 1.36e-12 1.99e-13  -8.3 1.85e-02    -  1.00e+00 1.00e+00f  1
  21  1.1672641e+06 9.09e-13 3.26e-13  -8.2 9.08e-03    -  1.00e+00 1.00e+00h  1
  22  1.1672641e+06 9.09e-13 1.07e-08 -10.2 4.35e-03    -  9.95e-01 1.00e+00h  1
  23  1.1672641e+06 9.09e-13 3.22e-13 -11.0 1.81e-03    -  1.00e+00 1.00e+00h  1

Number of Iterations....: 23

                                   (scaled)                 (unscaled)
Objective...............:   2.1283706574345686e+02    1.1672640998355735e+06
Dual infeasibility......:   3.2211685099101735e-13    1.7665881400897789e-09
Constraint violation....:   9.0949470177292824e-13    9.0949470177292824e-13
Variable bound violation:   1.9050702348977211e-08    1.9050702348977211e-08
Complementarity.........:   1.6980761654550926e-09    9.3127733169903266e-06
Overall NLP error.......:   1.6980761654550926e-09    9.3127733169903266e-06


Number of objective function evaluations             = 24
Number of objective gradient evaluations             = 24
Number of equality constraint evaluations            = 24
Number of inequality constraint evaluations          = 0
Number of equality constraint Jacobian evaluations   = 1
Number of inequality constraint Jacobian evaluations = 0
Number of Lagrangian Hessian evaluations             = 23
Total seconds in IPOPT                               = 0.100

EXIT: Optimal Solution Found.
--- Reading solution for model calib_step1_cps
--- Executing after solve: elapsed 0:00:01.827
--- hhcalib.gms(958) 221 Mb
--- GDXin=h:\windc\github\windc_build\household\gdx\calib_step2_cps_p.gdx
--- GDX File (execute_load) h:\windc\github\windc_build\household\gdx\calib_step2_cps_p.gdx
--- hhcalib.gms(964) 221 Mb
--- Generating NLP model calib_step2_cps
--- hhcalib.gms(966) 228 Mb
---   1,425 rows  17,092 columns  90,532 non-zeroes
---   32,254 nl-code  16,580 nl-non-zeroes
--- Range statistics (absolute non-zero finite values)
--- RHS       [min, max] : [ 4.668E-02, 5.720E+03] - Zero values observed as well
--- Bound     [min, max] : [ 2.705E-06, 6.375E+02] - Zero values observed as well
--- Matrix    [min, max] : [ 1.028E-06, 2.582E+05] - Zero values observed as well
--- hhcalib.gms(966) 226 Mb
--- Executing IPOPT (Solvelink=2): elapsed 0:00:02.236

COIN-OR Ipopt    42.5.0 cf11b917 Mar 30, 2023          WEI x86 64bit/MS Window

COIN-OR Interior Point Optimizer (Ipopt Library 3.14.10)
written by A. Waechter.

******************************************************************************
This program contains Ipopt, a library for large-scale nonlinear optimization.
 Ipopt is released as open source code under the Eclipse Public License (EPL).
         For more information visit https://github.com/coin-or/Ipopt
******************************************************************************

This is Ipopt version 3.14.10, running with linear solver MUMPS 5.5.1.

Number of nonzeros in equality constraint Jacobian...:    22198
Number of nonzeros in inequality constraint Jacobian.:     3415
Number of nonzeros in Lagrangian Hessian.............:    35797

Total number of variables............................:     7307
                     variables with only lower bounds:     3727
                variables with lower and upper bounds:     3325
                     variables with only upper bounds:        0
Total number of equality constraints.................:     1169
Total number of inequality constraints...............:      255
        inequality constraints with only lower bounds:        0
   inequality constraints with lower and upper bounds:        0
        inequality constraints with only upper bounds:      255

iter    objective    inf_pr   inf_du lg(mu)  ||d||  lg(rg) alpha_du alpha_pr  ls
   0  2.0354958e+05 1.21e+03 9.90e+01   0.0 0.00e+00    -  0.00e+00 0.00e+00   0
   1  2.0260424e+05 1.19e+03 9.77e+01  -5.6 1.34e+03    -  1.27e-02 1.35e-02h  1
   2  1.9996759e+05 1.15e+03 9.38e+01  -5.6 1.32e+03    -  2.44e-03 3.96e-02h  1
   3  1.9703685e+05 1.09e+03 8.91e+01  -5.6 1.27e+03    -  2.00e-02 4.89e-02h  1
   4  1.9354838e+05 1.02e+03 8.32e+01  -5.7 1.21e+03    -  2.52e-02 6.65e-02h  1
   5  1.8776077e+05 8.77e+02 7.15e+01  -5.7 1.13e+03    -  2.33e-02 1.39e-01h  1
   6  1.8369849e+05 7.49e+02 6.10e+01  -5.7 9.69e+02    -  4.20e-02 1.46e-01h  1
   7  1.8064559e+05 6.14e+02 4.99e+01  -5.7 8.28e+02    -  7.07e-02 1.80e-01h  1
   8  1.7939839e+05 5.32e+02 4.32e+01  -5.7 6.79e+02    -  8.62e-02 1.34e-01h  1
   9  1.7835071e+05 3.47e+02 2.79e+01  -5.8 5.88e+02    -  1.20e-02 3.48e-01h  1
iter    objective    inf_pr   inf_du lg(mu)  ||d||  lg(rg) alpha_du alpha_pr  ls
  10  1.7940281e+05 1.86e+02 1.48e+01  -5.8 3.83e+02    -  1.76e-01 4.64e-01h  1
  11  1.8151580e+05 5.30e+01 3.81e+00  -5.9 2.05e+02    -  8.29e-02 7.15e-01h  1
  12  1.8203104e+05 1.71e+01 1.05e+00  -5.9 5.85e+01    -  3.46e-01 6.77e-01h  1
  13  1.8203082e+05 1.71e+01 2.13e+02  -2.2 1.89e+01    -  1.49e-01 8.07e-04f  1
  14  1.8172406e+05 4.16e+00 5.18e+01  -6.2 1.89e+01    -  5.08e-01 7.56e-01h  1
  15  1.8164379e+05 3.87e+00 1.17e+03  -2.6 5.57e+00    -  5.11e-01 7.03e-02f  1
  16  1.8005593e+05 1.48e-01 2.28e+02  -6.8 7.98e+00    -  4.21e-01 9.62e-01h  1
  17  1.7993639e+05 1.35e-01 5.64e+02  -3.1 5.18e+00    -  2.17e-01 8.61e-02f  1
  18  1.7952701e+05 9.59e-02 1.05e+03  -3.0 5.38e+00    -  5.38e-01 2.89e-01f  1
  19  1.7895180e+05 6.14e-02 9.98e+02  -2.7 6.15e+00    -  4.69e-01 3.60e-01f  1
iter    objective    inf_pr   inf_du lg(mu)  ||d||  lg(rg) alpha_du alpha_pr  ls
  20  1.7803833e+05 1.57e-02 1.86e+02  -3.2 5.10e+00    -  3.86e-01 7.45e-01h  1
  21  1.7815731e+05 1.49e-02 2.52e+04  -1.9 1.32e+01    -  8.00e-01 4.88e-02f  1
  22  1.7830855e+05 5.03e-03 5.65e+03  -2.3 8.91e+00    -  7.95e-01 6.63e-01f  1
  23  1.7823833e+05 9.30e-04 7.13e+02  -2.5 1.05e+01    -  1.00e+00 8.15e-01h  1
  24  1.7792263e+05 3.00e-04 8.41e+02  -2.9 9.08e+00    -  1.00e+00 6.77e-01h  1
  25  1.7746905e+05 2.58e-06 1.45e-06  -3.1 9.82e+00    -  1.00e+00 1.00e+00h  1
  26  1.7720428e+05 1.12e-06 3.65e+01  -3.5 2.87e+00    -  9.85e-01 9.46e-01h  1
  27  1.7720113e+05 1.11e-06 9.32e+02  -3.8 2.09e+00    -  1.00e+00 1.56e-02h  7
  28  1.7694270e+05 1.28e-06 1.25e-06  -4.0 3.33e+00    -  1.00e+00 1.00e+00h  1
  29  1.7683643e+05 1.27e-06 4.01e+02  -4.5 3.41e-01    -  6.88e-01 9.99e-01h  1
iter    objective    inf_pr   inf_du lg(mu)  ||d||  lg(rg) alpha_du alpha_pr  ls
  30  1.7690618e+05 8.88e-07 7.38e+02  -3.8 2.05e+00    -  1.00e+00 3.72e-01f  1
  31  1.7693948e+05 4.79e-07 4.56e-08  -3.9 1.01e-01    -  1.00e+00 1.00e+00f  1
  32  1.7681799e+05 3.78e-07 4.03e+02  -5.9 4.92e-01    -  5.55e-01 8.75e-01f  1
  33  1.7680057e+05 3.79e-07 2.81e-08  -4.7 1.82e-01    -  1.00e+00 1.00e+00f  1
  34  1.7677647e+05 3.94e-07 1.72e+00  -5.0 1.60e-01    -  9.97e-01 1.00e+00h  1
  35  1.7676364e+05 4.03e-07 8.12e-09  -5.2 9.07e-02    -  1.00e+00 1.00e+00h  1
  36  1.7676120e+05 4.05e-07 6.67e+02  -5.7 8.07e-02    -  9.85e-01 2.23e-01h  1
  37  1.7676096e+05 4.06e-07 1.12e+03  -5.6 6.47e-02  -4.0 1.00e+00 3.12e-02f  6
  38  1.7675584e+05 4.11e-07 5.48e+02  -5.8 8.81e-02    -  1.00e+00 5.00e-01h  2
  39  1.7675584e+05 4.11e-07 1.26e+03  -5.8 4.79e-02  -4.5 1.00e+00 1.91e-06h 20
iter    objective    inf_pr   inf_du lg(mu)  ||d||  lg(rg) alpha_du alpha_pr  ls
  40  1.7675584e+05 4.11e-07 1.24e+03  -5.8 4.75e-02  -5.0 1.00e+00 9.54e-07h 21
  41  1.7675584e+05 4.11e-07 1.24e+03  -5.8 4.68e-02  -4.5 1.00e+00 9.54e-07h 21
  42  1.7675584e+05 4.11e-07 1.24e+03  -5.8 4.76e-02    -  1.00e+00 9.54e-07h 21
  43  1.7675584e+05 4.11e-07 1.24e+03  -5.8 4.72e-02  -5.0 1.00e+00 9.54e-07h 21
  44  1.7675584e+05 4.11e-07 1.24e+03  -5.8 4.68e-02  -4.6 1.00e+00 9.54e-07h 21
  45  1.7675584e+05 4.11e-07 1.24e+03  -5.8 4.73e-02  -5.1 1.00e+00 9.54e-07h 21
  46  1.7675584e+05 4.11e-07 1.24e+03  -5.8 4.68e-02  -4.6 1.00e+00 9.54e-07h 21
  47  1.7675584e+05 4.11e-07 1.24e+03  -5.8 4.75e-02    -  1.00e+00 9.54e-07h 21
  48  1.7675584e+05 4.11e-07 1.24e+03  -5.8 4.72e-02  -5.1 1.00e+00 9.54e-07h 21
  49  1.7675584e+05 4.11e-07 1.24e+03  -5.8 4.75e-02    -  1.00e+00 9.54e-07h 21
iter    objective    inf_pr   inf_du lg(mu)  ||d||  lg(rg) alpha_du alpha_pr  ls
  50  1.7675086e+05 4.13e-07 9.76e-07  -5.8 4.69e-02  -4.7 1.00e+00 1.00e+00w  1
  51  1.7674953e+05 4.14e-07 2.98e+02  -6.3 2.91e-02    -  6.77e-01 4.37e-01h  2
  52  1.7674798e+05 4.09e-07 2.46e-01  -6.2 1.67e-02  -4.3 1.00e+00 1.00e+00h  1
  53  1.7674774e+05 3.15e-07 8.16e-08  -6.3 4.41e-03  -4.7 1.00e+00 1.00e+00h  1
  54  1.7674663e+05 3.15e-07 9.99e+01 -11.0 1.88e-02    -  6.32e-01 7.13e-01h  1
  55  1.7674758e+05 3.06e-07 3.34e+02  -5.1 3.88e-01  -4.3 1.52e-01 3.85e-02f  1
  56  1.7674885e+05 1.04e-07 3.70e-07  -6.1 2.25e-02  -4.8 1.00e+00 1.00e+00h  1
  57  1.7674814e+05 5.32e-08 2.03e+02  -6.5 1.95e-02    -  9.98e-01 4.07e-01h  2
  58  1.7674788e+05 5.34e-08 3.14e+02  -6.5 1.63e-02  -4.4 1.00e+00 2.50e-01h  3
  59  1.7674788e+05 5.34e-08 3.95e+02  -6.5 1.37e-02  -4.8 1.00e+00 9.54e-07h 21
iter    objective    inf_pr   inf_du lg(mu)  ||d||  lg(rg) alpha_du alpha_pr  ls
  60  1.7674788e+05 5.34e-08 4.16e+02  -6.5 1.39e-02  -4.4 1.00e+00 9.54e-07h 21
  61  1.7674788e+05 5.34e-08 4.22e+02  -6.5 1.43e-02  -4.9 1.00e+00 9.54e-07h 21
  62  1.7674788e+05 5.34e-08 4.23e+02  -6.5 1.42e-02  -4.5 1.00e+00 9.54e-07h 21
  63  1.7674788e+05 5.34e-08 4.24e+02  -6.5 1.44e-02  -4.9 1.00e+00 9.54e-07h 21
  64  1.7674788e+05 5.34e-08 4.24e+02  -6.5 1.44e-02  -5.4 1.00e+00 9.54e-07h 21
  65  1.7674788e+05 5.34e-08 4.24e+02  -6.5 1.43e-02  -5.0 1.00e+00 9.54e-07h 21
  66  1.7674788e+05 5.34e-08 4.24e+02  -6.5 1.44e-02  -5.5 1.00e+00 9.54e-07h 21
  67  1.7674788e+05 5.34e-08 4.24e+02  -6.5 1.44e-02  -5.9 1.00e+00 9.54e-07h 21
  68  1.7674712e+05 9.65e-08 3.46e-07  -6.5 1.42e-02  -4.6 1.00e+00 1.00e+00w  1
  69  1.7674631e+05 5.42e-08 7.73e+01  -7.3 1.16e-02  -4.2 7.47e-01 9.96e-01h  1
iter    objective    inf_pr   inf_du lg(mu)  ||d||  lg(rg) alpha_du alpha_pr  ls
  70  1.7674629e+05 5.42e-08 1.02e-07  -7.3 4.70e-03  -4.7 1.00e+00 1.00e+00f  1
  71  1.7674612e+05 5.43e-08 7.13e+01  -8.2 4.77e-03  -4.2 8.51e-01 1.00e+00h  1
  72  1.7674611e+05 5.43e-08 4.14e+02  -8.5 4.27e-03    -  1.00e+00 5.00e-01h  2
  73  1.7674610e+05 5.43e-08 2.39e-07  -8.5 1.55e-03  -3.8 1.00e+00 1.00e+00h  1
  74  1.7674610e+05 5.43e-08 5.91e-02  -9.1 7.99e-04  -3.4 1.00e+00 1.00e+00h  1
MUMPS returned INFO(1) = -9 and requires more memory, reallocating.  Attempt 1
  Increasing icntl[13] from 1000 to 2000.
  75  1.7674609e+05 5.43e-08 7.02e+02  -9.5 6.44e-04  -3.9 1.00e+00 5.00e-01h  2
  76  1.7674609e+05 5.43e-08 1.44e-07  -9.6 3.96e-04  -3.4 1.00e+00 1.00e+00h  1
In iteration 76, 16 Slacks too small, adjusting variable bounds
  77  1.7674609e+05 5.43e-08 1.41e+03 -11.0 3.54e-04  -3.9 2.12e-01 1.00e+00h  1
  78  1.7674609e+05 6.25e-08 1.67e+03  -9.9 6.11e-05  -3.5 3.94e-01 1.00e+00h  1
  79  1.7674609e+05 2.34e-07 2.97e+03  -9.9 1.19e-05  -4.0 1.11e-01 1.00e+00h  1
iter    objective    inf_pr   inf_du lg(mu)  ||d||  lg(rg) alpha_du alpha_pr  ls
  80  1.7674609e+05 1.08e-07 4.18e+03  -9.9 2.07e-06  -3.5 4.80e-02 1.00e+00h  1
In iteration 80, 1 Slack too small, adjusting variable bound
  81  1.7674609e+05 4.15e-08 4.96e+03  -9.9 1.37e-06  -4.0 5.06e-02 6.85e-01h  1
  82  1.7674609e+05 1.52e-07 5.69e+03  -9.9 4.70e-07  -3.6 3.78e-02 1.00e+00h  1
In iteration 82, 1 Slack too small, adjusting variable bound
  83  1.7674609e+05 1.88e-07 6.34e+03  -9.9 2.84e-07  -4.1 4.40e-02 9.86e-01h  1
  84  1.7674609e+05 1.02e-07 6.37e+03  -9.9 3.27e-07  -4.5 7.76e-02 7.04e-01h  1
In iteration 84, 1 Slack too small, adjusting variable bound
  85  1.7674609e+05 1.16e-07 5.85e+03  -9.9 1.14e-07  -4.1 4.14e-02 6.96e-01f  1
  86  1.7674609e+05 1.08e-07 5.35e+03  -9.9 6.63e-07  -4.6 8.34e-02 1.23e-01h  1
  87  1.7674609e+05 9.43e-08 5.44e+03  -9.9 2.11e-07  -4.2 2.29e-02 2.20e-01f  1
  88  1.7674609e+05 8.48e-08 3.89e+03  -9.9 6.52e-07  -4.6 2.64e-01 1.60e-01f  1
In iteration 88, 1 Slack too small, adjusting variable bound
  89  1.7674609e+05 7.31e-08 4.13e+03  -9.9 4.54e-07  -3.3 4.86e-02 4.55e-01f  1
In iteration 89, 1 Slack too small, adjusting variable bound
iter    objective    inf_pr   inf_du lg(mu)  ||d||  lg(rg) alpha_du alpha_pr  ls
  90  1.7674609e+05 6.85e-08 4.28e+03  -9.9 3.55e-07  -3.8 3.64e-02 3.13e-01h  1
In iteration 90, 1 Slack too small, adjusting variable bound
  91  1.7674609e+05 5.49e-08 4.45e+03  -9.9 4.07e-07  -3.4 6.05e-02 4.76e-01h  1
In iteration 91, 1 Slack too small, adjusting variable bound
  92  1.7674609e+05 4.34e-08 4.37e+03  -9.9 6.65e-02    -  7.55e-02 3.38e-01h  1
In iteration 92, 1 Slack too small, adjusting variable bound
  93  1.7674609e+05 4.24e-08 4.22e+03  -9.9 1.78e-07  -3.8 1.49e-01 3.39e-02h  1
In iteration 93, 1 Slack too small, adjusting variable bound
  94  1.7674609e+05 1.31e-07 3.15e+03  -9.9 1.36e-07  -3.4 4.31e-02 9.43e-01h  1
In iteration 94, 1 Slack too small, adjusting variable bound
  95  1.7674609e+05 1.23e-07 3.11e+03  -9.9 1.89e-06  -3.9 2.54e-02 7.10e-02h  1
In iteration 95, 1 Slack too small, adjusting variable bound
  96  1.7674609e+05 1.20e-07 2.96e+03  -9.9 5.54e-06  -3.5 4.09e-02 2.02e-02h  1
In iteration 96, 1 Slack too small, adjusting variable bound
  97  1.7674609e+05 1.01e-07 3.04e+03  -9.9 6.15e-07  -3.9 1.40e-02 1.74e-01h  1
In iteration 97, 1 Slack too small, adjusting variable bound
  98  1.7674609e+05 9.14e-08 2.54e+03  -9.9 5.68e-07  -3.5 1.55e-01 1.09e-01h  1
In iteration 98, 1 Slack too small, adjusting variable bound
  99  1.7674609e+05 7.40e-08 2.08e+03  -9.9 2.10e-07  -3.1 1.32e-01 2.10e-01h  1
In iteration 99, 1 Slack too small, adjusting variable bound
iter    objective    inf_pr   inf_du lg(mu)  ||d||  lg(rg) alpha_du alpha_pr  ls
 100  1.7674609e+05 5.79e-08 2.14e+03  -9.9 9.07e-08  -3.6 2.76e-02 2.43e-01h  1
In iteration 100, 1 Slack too small, adjusting variable bound
 101  1.7674609e+05 4.65e-08 1.67e+03  -9.9 6.68e-08  -3.1 2.19e-01 2.24e-01h  1
In iteration 101, 1 Slack too small, adjusting variable bound
 102  1.7674609e+05 3.30e-08 1.36e+03  -9.9 7.50e-08  -3.6 2.41e-01 4.32e-01h  1
In iteration 102, 1 Slack too small, adjusting variable bound
 103  1.7674609e+05 2.84e-08 1.60e+03  -9.9 4.16e-08  -4.1 2.59e-02 5.56e-01h  1
In iteration 103, 1 Slack too small, adjusting variable bound
 104  1.7674609e+05 2.15e-08 1.34e+03  -9.9 7.09e-08  -3.7 2.48e-01 5.32e-01h  1
In iteration 104, 1 Slack too small, adjusting variable bound
 105  1.7674609e+05 2.99e-08 1.70e+03  -9.9 6.21e-08  -3.3 4.58e-02 7.43e-01h  1
In iteration 105, 1 Slack too small, adjusting variable bound
 106  1.7674609e+05 3.78e-08 2.09e+03  -9.9 6.64e-08  -3.7 4.51e-02 8.05e-01h  1
In iteration 106, 1 Slack too small, adjusting variable bound
 107  1.7674609e+05 4.05e-08 2.27e+03  -9.9 6.76e-08  -3.3 9.94e-02 8.07e-01h  1
 108  1.7674609e+05 7.35e-08 2.56e+03  -9.9 9.28e-08  -3.8 4.29e-02 9.47e-01h  1
 109  1.7674609e+05 3.70e-08 2.77e+03  -9.9 9.60e-08  -3.4 8.82e-02 9.17e-01f  1
iter    objective    inf_pr   inf_du lg(mu)  ||d||  lg(rg) alpha_du alpha_pr  ls
 110  1.7674609e+05 2.81e-08 2.63e+03  -9.9 1.84e-07  -2.9 6.36e-02 2.69e-01f  1
In iteration 110, 1 Slack too small, adjusting variable bound
 111  1.7674609e+05 2.99e-08 2.56e+03  -9.9 7.36e-08  -3.4 8.54e-02 3.99e-01f  1
 112  1.7674609e+05 2.91e-08 2.26e+03  -9.9 8.32e-08  -3.9 1.40e-01 2.39e-01h  1
In iteration 112, 1 Slack too small, adjusting variable bound
 113  1.7674609e+05 2.70e-08 2.37e+03  -9.9 7.52e-08  -3.5 6.00e-02 5.26e-01f  1
 114  1.7674609e+05 2.61e-08 2.43e+03  -9.9 6.68e-08  -3.0 4.09e-02 3.73e-01h  1
In iteration 114, 1 Slack too small, adjusting variable bound
 115  1.7674609e+05 5.35e-08 2.48e+03  -9.9 1.20e-01    -  6.81e-02 7.34e-01f  1
 116  1.7674609e+05 4.12e-08 2.39e+03  -9.9 9.77e-08  -3.5 6.92e-02 3.37e-01h  1
In iteration 116, 1 Slack too small, adjusting variable bound
 117  1.7674609e+05 3.63e-08 2.44e+03  -9.9 7.63e-08  -3.1 7.65e-02 5.45e-01f  1
In iteration 117, 1 Slack too small, adjusting variable bound
 118  1.7674609e+05 3.28e-08 2.16e+03  -9.9 9.10e-08  -3.6 1.73e-01 4.68e-01h  1
In iteration 118, 1 Slack too small, adjusting variable bound
 119  1.7674609e+05 2.69e-08 2.14e+03  -9.9 7.27e-08  -4.0 8.56e-02 4.45e-01h  1
In iteration 119, 1 Slack too small, adjusting variable bound
iter    objective    inf_pr   inf_du lg(mu)  ||d||  lg(rg) alpha_du alpha_pr  ls
 120  1.7674609e+05 2.55e-08 1.84e+03  -9.9 6.48e-08  -3.6 1.91e-02 4.81e-01h  1
In iteration 120, 1 Slack too small, adjusting variable bound
 121  1.7674609e+05 2.71e-08 1.52e+03  -9.9 7.29e-08  -3.2 2.01e-01 3.91e-01h  1
In iteration 121, 1 Slack too small, adjusting variable bound
 122  1.7674609e+05 3.26e-08 1.49e+03  -9.9 4.41e-08  -3.7 6.72e-02 4.96e-01h  1
In iteration 122, 1 Slack too small, adjusting variable bound
 123  1.7674609e+05 3.00e-08 1.17e+03  -9.9 1.10e-07  -3.2 7.52e-01 2.15e-01h  1
In iteration 123, 1 Slack too small, adjusting variable bound
 124  1.7674609e+05 2.53e-08 4.07e+02  -9.9 1.20e-07  -3.7 3.06e-01 6.53e-01h  1
In iteration 124, 1 Slack too small, adjusting variable bound
 125  1.7674609e+05 2.49e-08 3.94e+02  -9.9 9.78e-07  -3.3 1.30e-01 3.29e-02h  1
In iteration 125, 1 Slack too small, adjusting variable bound
 126  1.7674609e+05 2.41e-08 3.68e+02  -9.9 3.97e-07  -3.8 1.00e+00 6.55e-02h  1
In iteration 126, 1 Slack too small, adjusting variable bound
 127  1.7674609e+05 1.93e-08 2.25e+02  -9.9 4.62e-08  -3.3 2.68e-01 3.90e-01h  1
In iteration 127, 1 Slack too small, adjusting variable bound
 128  1.7674609e+05 1.91e-08 3.08e+02  -9.9 1.46e-07  -3.8 1.00e+00 1.57e-02h  1
 129  1.7674609e+05 8.27e-09 1.01e-11  -9.9 2.47e-08  -3.4 1.00e+00 1.00e+00h  1
In iteration 129, 14 Slacks too small, adjusting variable bounds
iter    objective    inf_pr   inf_du lg(mu)  ||d||  lg(rg) alpha_du alpha_pr  ls
 130  1.7674609e+05 7.78e-09 9.51e+01 -11.0 1.41e-04  -3.9 6.96e-01 1.00e+00h  1
In iteration 130, 5 Slacks too small, adjusting variable bounds
 131  1.7674609e+05 7.78e-09 5.79e-09 -10.5 1.59e-05  -3.4 1.00e+00 1.00e+00h  1

Number of Iterations....: 131

                                   (scaled)                 (unscaled)
Objective...............:   6.8461112333375326e+01    1.7674609316489394e+05
Dual infeasibility......:   5.7899197529785559e-09    1.4947839162968413e-05
Constraint violation....:   7.7841926238164660e-09    7.7841926238164660e-09
Variable bound violation:   7.9798638807915268e-09    7.9798638807915268e-09
Complementarity.........:   1.2799420388712987e-10    3.3044270993786428e-07
Overall NLP error.......:   7.7841926238164660e-09    1.4947839162968413e-05


Number of objective function evaluations             = 586
Number of objective gradient evaluations             = 132
Number of equality constraint evaluations            = 586
Number of inequality constraint evaluations          = 586
Number of equality constraint Jacobian evaluations   = 1
Number of inequality constraint Jacobian evaluations = 1
Number of Lagrangian Hessian evaluations             = 131
Total seconds in IPOPT                               = 11.036

EXIT: Optimal Solution Found.
--- Reading solution for model calib_step2_cps
--- GDX Point h:\windc\github\windc_build\household\calib_step2_cps_p.gdx
--- Executing after solve: elapsed 0:00:13.692
--- hhcalib.gms(975) 226 Mb
--- hhcalib.gms(1153) 226 Mb
--- GDXin=h:\windc\github\windc_build\household\gdx\calib_step3_cps_p.gdx
--- GDX File (execute_load) h:\windc\github\windc_build\household\gdx\calib_step3_cps_p.gdx
--- hhcalib.gms(1157) 226 Mb
--- Generating NLP model calib_step3_cps
--- hhcalib.gms(1159) 228 Mb
---   3,826 rows  18,106 columns  50,695 non-zeroes
---   113,477 nl-code  18,105 nl-non-zeroes
--- Range statistics (absolute non-zero finite values)
--- RHS       [min, max] : [ 2.239E-04, 3.980E+02] - Zero values observed as well
--- Bound     [min, max] : [ 1.000E-05, 1.000E-05] - Zero values observed as well
--- Matrix    [min, max] : [ 1.207E-04, 1.893E+04] - Zero values observed as well
--- hhcalib.gms(1159) 226 Mb
--- Executing IPOPT (Solvelink=2): elapsed 0:00:14.269

COIN-OR Ipopt    42.5.0 cf11b917 Mar 30, 2023          WEI x86 64bit/MS Window

COIN-OR Interior Point Optimizer (Ipopt Library 3.14.10)
written by A. Waechter.

******************************************************************************
This program contains Ipopt, a library for large-scale nonlinear optimization.
 Ipopt is released as open source code under the Eclipse Public License (EPL).
         For more information visit https://github.com/coin-or/Ipopt
******************************************************************************

This is Ipopt version 3.14.10, running with linear solver MUMPS 5.5.1.

Number of nonzeros in equality constraint Jacobian...:    26622
Number of nonzeros in inequality constraint Jacobian.:        0
Number of nonzeros in Lagrangian Hessian.............:    14790

Total number of variables............................:    14790
                     variables with only lower bounds:    14790
                variables with lower and upper bounds:        0
                     variables with only upper bounds:        0
Total number of equality constraints.................:     3825
Total number of inequality constraints...............:        0
        inequality constraints with only lower bounds:        0
   inequality constraints with lower and upper bounds:        0
        inequality constraints with only upper bounds:        0

iter    objective    inf_pr   inf_du lg(mu)  ||d||  lg(rg) alpha_du alpha_pr  ls
   0  3.3581150e+04 2.37e+01 1.53e+00   0.0 0.00e+00    -  0.00e+00 0.00e+00   0
   1  3.3496504e+04 1.65e+01 5.38e+01  -0.9 1.93e+01    -  7.23e-01 3.04e-01h  1
   2  3.4858914e+04 3.37e+00 2.63e+02  -1.4 1.29e+01    -  7.99e-01 7.95e-01h  1
   3  3.5592149e+04 9.95e-01 1.43e+02  -1.8 1.98e+00    -  9.60e-01 7.05e-01h  1
   4  3.5952194e+04 2.45e-01 3.07e+02  -2.0 1.34e+00    -  9.99e-01 7.54e-01h  1
   5  3.5974300e+04 8.98e-03 4.41e+02  -2.4 1.08e+00    -  1.00e+00 9.63e-01h  1
   6  3.5898427e+04 1.40e-07 5.48e+02  -2.6 5.08e-01    -  1.00e+00 1.00e+00h  1
   7  3.5971462e+04 1.74e-07 1.56e+01  -2.3 4.44e-01    -  1.00e+00 1.00e+00f  1
   8  3.5931505e+04 4.69e-08 1.64e+01  -2.4 2.10e-01    -  1.00e+00 1.00e+00f  1
   9  3.5929752e+04 1.12e-09 4.64e-02  -2.4 1.49e-02    -  1.00e+00 1.00e+00h  1
iter    objective    inf_pr   inf_du lg(mu)  ||d||  lg(rg) alpha_du alpha_pr  ls
  10  3.5855238e+04 2.26e-07 2.68e+01  -3.4 7.07e-01    -  7.11e-01 1.00e+00f  1
  11  3.5849026e+04 8.17e-09 7.56e-04  -3.8 1.98e-01    -  1.00e+00 1.00e+00f  1
  12  3.5848471e+04 5.49e-09 1.14e-01  -5.4 5.86e-02    -  9.76e-01 1.00e+00f  1
  13  3.5848470e+04 4.61e-11 7.85e-07  -6.8 2.01e-03    -  1.00e+00 1.00e+00h  1
  14  3.5848470e+04 1.01e-12 1.63e-08 -11.0 5.18e-05    -  1.00e+00 1.00e+00h  1
  15  3.5848470e+04 1.14e-13 2.47e-14 -11.0 1.17e-09    -  1.00e+00 1.00e+00h  1

Number of Iterations....: 15

                                   (scaled)                 (unscaled)
Objective...............:   1.8934783621185358e+02    3.5848469996108928e+04
Dual infeasibility......:   2.4740397277257448e-14    4.6840006584139489e-12
Constraint violation....:   1.1368683772161603e-13    1.1368683772161603e-13
Variable bound violation:   0.0000000000000000e+00    0.0000000000000000e+00
Complementarity.........:   1.0000000047439152e-11    1.8932600912355629e-09
Overall NLP error.......:   1.0000000047439152e-11    1.8932600912355629e-09


Number of objective function evaluations             = 16
Number of objective gradient evaluations             = 16
Number of equality constraint evaluations            = 16
Number of inequality constraint evaluations          = 0
Number of equality constraint Jacobian evaluations   = 1
Number of inequality constraint Jacobian evaluations = 0
Number of Lagrangian Hessian evaluations             = 15
Total seconds in IPOPT                               = 1.095

EXIT: Optimal Solution Found.
--- Reading solution for model calib_step3_cps
--- GDX Point h:\windc\github\windc_build\household\calib_step3_cps_p.gdx
--- Executing after solve: elapsed 0:00:15.779
--- hhcalib.gms(1168) 226 Mb
--- hhcalib.gms(1216) 226 Mb
--- GDX File (execute_unload) h:\windc\github\windc_build\household\gdx\calibrated_hhdata_cps_static_2015.gdx
--- hhcalib.gms(1220) 226 Mb
--- GDX File (execute_unload) h:\windc\github\windc_build\household\gdx\capital_taxrate_2015.gdx
*** Status: Normal completion
--- Job hhcalib.gms Stop 06/08/23 15:52:28 elapsed 0:00:16.196
