--- Job hhcalib Start 06/08/23 15:53:04 42.5.0 cf11b917 WEX-WEI x86 64bit/MS Windows
--- Applying:
    C:\GAMS\42\gmsprmNT.txt
--- GAMS Parameters defined
    Input h:\windc\github\windc_build\household\hhcalib.gms
    Output h:\windc\github\windc_build\household\lst\hhcalib_2016_cps_static.lst
    ScrDir h:\windc\github\windc_build\household\225b\
    SysDir C:\GAMS\42\
    LogOption 4
    LogFile h:\windc\github\windc_build\household\lst\hhcalib_2016_cps_static.log
    --year 2016
    --hhdata cps
    --invest static
    --puttitle no
Licensee: Small MUD - 5 User License                     G230511|0002AO-GEN
          University of Wisconsin-Madison, Agricultural & Applied EconDC289
          C:\Users\Thomas F. Rutherford\Documents\GAMS\gamslice.txt
          License Admin: Thomas F. Rutherford, rutherford@aae.wisc.edu     
Processor information: 1 socket(s), 12 core(s), and 24 thread(s) available
GAMS 42.5.0   Copyright (C) 1987-2023 GAMS Development. All rights reserved
--- Starting compilation
--- hhcalib.gms(63) 2 Mb
--- . windc_coredata.gms(17) 2 Mb
--- GDXin=h:\windc\github\windc_build\core\WiNDCdatabase.gdx
--- GDX File ($gdxIn) h:\windc\github\windc_build\core\WiNDCdatabase.gdx
--- . windc_coredata.gms(209) 202 Mb
--- hhcalib.gms(89) 202 Mb
--- GDXin=h:\windc\github\windc_build\household\gdx\capital_tax_rates.gdx
--- GDX File ($gdxIn) h:\windc\github\windc_build\household\gdx\capital_tax_rates.gdx
--- hhcalib.gms(121) 202 Mb
--- GDXin=h:\windc\github\windc_build\household\gdx\cps_data_2016.gdx
--- GDX File ($gdxIn) h:\windc\github\windc_build\household\gdx\cps_data_2016.gdx
--- hhcalib.gms(136) 202 Mb
--- GDXin=h:\windc\github\windc_build\household\gdx\capital_gains_2016.gdx
--- GDX File ($gdxIn) h:\windc\github\windc_build\household\gdx\capital_gains_2016.gdx
--- hhcalib.gms(144) 202 Mb
--- GDXin=h:\windc\github\windc_build\household\gdx\labor_tax_rates.gdx
--- GDX File ($gdxIn) h:\windc\github\windc_build\household\gdx\labor_tax_rates.gdx
--- hhcalib.gms(333) 202 Mb
--- . hh_calib_aggregate_regions.map(68) 202 Mb
--- hhcalib.gms(840) 202 Mb
--- call csv2gdx data_sources\cex\national_income_elasticities_CEX_2013_2017.csv output=gdx\national_income_elasticities_CEX_2013_2017.gdx id=regres index=1 useHeader=y value=2,3,4
--- hhcalib.gms(841) 202 Mb
--- GDXin=h:\windc\github\windc_build\household\gdx\national_income_elasticities_CEX_2013_2017.gdx
--- GDX File ($gdxIn) h:\windc\github\windc_build\household\gdx\national_income_elasticities_CEX_2013_2017.gdx
--- hhcalib.gms(847) 202 Mb
--- call csv2gdx data_sources\cex\windc_pce_map.csv output=gdx\windc_pce_map.gdx id=pcebridge index=1,2 useHeader=y value=3,4,5
--- hhcalib.gms(848) 202 Mb
--- GDXin=h:\windc\github\windc_build\household\gdx\windc_pce_map.gdx
--- GDX File ($gdxIn) h:\windc\github\windc_build\household\gdx\windc_pce_map.gdx
--- hhcalib.gms(963) 202 Mb
--- Starting execution: elapsed 0:00:00.574
--- hhcalib.gms(271) 221 Mb
--- GDX File (execute_unload) h:\windc\github\windc_build\household\225b\totgdp.gdx
--- hhcalib.gms(272) 221 Mb
--- hhcalib.gms(764) 221 Mb
--- Generating NLP model calib_step1_cps
--- hhcalib.gms(767) 223 Mb
---   102 rows  347 columns  1,027 non-zeroes
---   1,562 nl-code  305 nl-non-zeroes
--- Range statistics (absolute non-zero finite values)
--- RHS       [min, max] : [ 1.395E+01, 5.847E+03] - Zero values observed as well
--- Bound     [min, max] : [ 5.162E-03, 8.710E+02] - Zero values observed as well
--- Matrix    [min, max] : [ 8.113E-04, 5.663E+05] - Zero values observed as well
--- hhcalib.gms(767) 221 Mb
--- Executing IPOPT (Solvelink=2): elapsed 0:00:01.676

COIN-OR Ipopt    42.5.0 cf11b917 Mar 30, 2023          WEI x86 64bit/MS Window

COIN-OR Interior Point Optimizer (Ipopt Library 3.14.10)
written by A. Waechter.

******************************************************************************
This program contains Ipopt, a library for large-scale nonlinear optimization.
 Ipopt is released as open source code under the Eclipse Public License (EPL).
         For more information visit https://github.com/coin-or/Ipopt
******************************************************************************

This is Ipopt version 3.14.10, running with linear solver MUMPS 5.5.1.

Number of nonzeros in equality constraint Jacobian...:      721
Number of nonzeros in inequality constraint Jacobian.:        0
Number of nonzeros in Lagrangian Hessian.............:      605

Total number of variables............................:      346
                     variables with only lower bounds:       70
                variables with lower and upper bounds:      256
                     variables with only upper bounds:        0
Total number of equality constraints.................:      101
Total number of inequality constraints...............:        0
        inequality constraints with only lower bounds:        0
   inequality constraints with lower and upper bounds:        0
        inequality constraints with only upper bounds:        0

iter    objective    inf_pr   inf_du lg(mu)  ||d||  lg(rg) alpha_du alpha_pr  ls
   0  2.5110504e+05 2.93e+03 1.01e+02   0.0 0.00e+00    -  0.00e+00 0.00e+00   0
   1  2.2887265e+05 2.47e+03 5.45e+03  -0.7 1.04e+03    -  2.87e-05 1.58e-01f  1
   2  2.9814561e+05 2.02e+03 4.47e+03  -0.8 8.22e+02    -  1.23e-01 1.80e-01h  1
   3  2.9859126e+05 2.02e+03 4.46e+03   1.2 6.65e+02    -  4.58e-01 2.49e-03f  1
   4  1.4093175e+06 8.93e-05 1.97e+00   1.1 5.84e+02    -  4.52e-01 1.00e+00f  1
   5  1.2815055e+06 3.26e-08 9.95e-01  -0.2 1.73e+02    -  8.78e-01 1.00e+00f  1
   6  1.2277316e+06 5.96e-10 1.46e-01  -0.6 3.01e+01    -  9.37e-01 1.00e+00f  1
   7  1.1681615e+06 1.30e-10 1.46e-06  -0.8 1.82e+01    -  1.00e+00 1.00e+00f  1
   8  1.1398309e+06 9.52e-11 3.64e-04  -1.4 8.37e+00    -  9.96e-01 1.00e+00f  1
   9  1.1279290e+06 9.28e-11 8.41e-03  -1.9 7.20e+00    -  1.00e+00 7.19e-01f  1
iter    objective    inf_pr   inf_du lg(mu)  ||d||  lg(rg) alpha_du alpha_pr  ls
  10  1.1222324e+06 1.79e-10 2.50e-02  -2.6 6.62e+00    -  9.05e-01 5.75e-01f  1
  11  1.1190053e+06 1.16e-10 1.21e-02  -2.8 4.45e+00    -  9.00e-01 6.26e-01f  1
  12  1.1176705e+06 5.81e-11 1.01e-02  -3.2 3.67e+00    -  9.08e-01 6.34e-01f  1
  13  1.1172177e+06 2.85e-11 5.32e-03  -3.2 2.12e+00    -  9.69e-01 5.95e-01f  1
  14  1.1167629e+06 3.06e-11 3.54e-09  -3.5 1.46e+00    -  1.00e+00 1.00e+00f  1
  15  1.1166636e+06 1.42e-11 4.23e-03  -4.0 9.00e-01    -  9.97e-01 6.01e-01f  1
  16  1.1165597e+06 2.48e-11 2.74e-04  -4.1 6.00e-01    -  9.86e-01 1.00e+00f  1
  17  1.1165056e+06 9.46e-12 8.39e-05  -4.7 3.42e-01    -  8.87e-01 8.94e-01f  1
  18  1.1164859e+06 1.57e-12 8.35e-04  -5.0 3.37e-01    -  6.79e-01 1.00e+00f  1
  19  1.1164804e+06 1.82e-12 2.82e-06  -5.2 9.82e-02    -  9.97e-01 1.00e+00f  1
iter    objective    inf_pr   inf_du lg(mu)  ||d||  lg(rg) alpha_du alpha_pr  ls
  20  1.1164740e+06 4.55e-13 5.95e-05  -6.2 1.36e-01    -  8.68e-01 1.00e+00f  1
  21  1.1164734e+06 1.82e-12 3.44e-08  -6.5 4.18e-02    -  1.00e+00 1.00e+00f  1
  22  1.1164730e+06 4.55e-13 1.40e-06  -8.6 2.54e-02    -  9.35e-01 9.99e-01f  1
  23  1.1164730e+06 9.09e-13 6.45e-09  -9.1 1.03e-02    -  9.99e-01 1.00e+00f  1
  24  1.1164730e+06 9.09e-13 1.03e-09 -10.4 4.51e-03    -  1.00e+00 1.00e+00h  1
  25  1.1164730e+06 9.09e-13 1.98e-13 -11.0 1.93e-03    -  1.00e+00 1.00e+00h  1

Number of Iterations....: 25

                                   (scaled)                 (unscaled)
Objective...............:   1.9713847633635800e+02    1.1164730298835859e+06
Dual infeasibility......:   1.9769613029425202e-13    1.1196312444318926e-09
Constraint violation....:   9.0949470177292824e-13    9.0949470177292824e-13
Variable bound violation:   2.1103431890878710e-08    2.1103431890878710e-08
Complementarity.........:   2.5022391771071421e-09    1.4171168447054626e-05
Overall NLP error.......:   2.5022391771071421e-09    1.4171168447054626e-05


Number of objective function evaluations             = 26
Number of objective gradient evaluations             = 26
Number of equality constraint evaluations            = 26
Number of inequality constraint evaluations          = 0
Number of equality constraint Jacobian evaluations   = 1
Number of inequality constraint Jacobian evaluations = 0
Number of Lagrangian Hessian evaluations             = 25
Total seconds in IPOPT                               = 0.080

EXIT: Optimal Solution Found.
--- Reading solution for model calib_step1_cps
--- Executing after solve: elapsed 0:00:01.814
--- hhcalib.gms(958) 221 Mb
--- GDXin=h:\windc\github\windc_build\household\gdx\calib_step2_cps_p.gdx
--- GDX File (execute_load) h:\windc\github\windc_build\household\gdx\calib_step2_cps_p.gdx
--- hhcalib.gms(964) 221 Mb
--- Generating NLP model calib_step2_cps
--- hhcalib.gms(966) 228 Mb
---   1,425 rows  17,092 columns  90,532 non-zeroes
---   32,274 nl-code  16,580 nl-non-zeroes
--- Range statistics (absolute non-zero finite values)
--- RHS       [min, max] : [ 8.603E-03, 5.847E+03] - Zero values observed as well
--- Bound     [min, max] : [ 2.948E-05, 6.713E+02] - Zero values observed as well
--- Matrix    [min, max] : [ 1.115E-05, 1.306E+05] - Zero values observed as well
--- hhcalib.gms(966) 226 Mb
--- Executing IPOPT (Solvelink=2): elapsed 0:00:02.226

COIN-OR Ipopt    42.5.0 cf11b917 Mar 30, 2023          WEI x86 64bit/MS Window

COIN-OR Interior Point Optimizer (Ipopt Library 3.14.10)
written by A. Waechter.

******************************************************************************
This program contains Ipopt, a library for large-scale nonlinear optimization.
 Ipopt is released as open source code under the Eclipse Public License (EPL).
         For more information visit https://github.com/coin-or/Ipopt
******************************************************************************

This is Ipopt version 3.14.10, running with linear solver MUMPS 5.5.1.

Number of nonzeros in equality constraint Jacobian...:    22218
Number of nonzeros in inequality constraint Jacobian.:     3415
Number of nonzeros in Lagrangian Hessian.............:    35817

Total number of variables............................:     7317
                     variables with only lower bounds:     3727
                variables with lower and upper bounds:     3335
                     variables with only upper bounds:        0
Total number of equality constraints.................:     1169
Total number of inequality constraints...............:      255
        inequality constraints with only lower bounds:        0
   inequality constraints with lower and upper bounds:        0
        inequality constraints with only upper bounds:      255

iter    objective    inf_pr   inf_du lg(mu)  ||d||  lg(rg) alpha_du alpha_pr  ls
   0  1.7351873e+05 1.38e+03 9.76e+01   0.0 0.00e+00    -  0.00e+00 0.00e+00   0
   1  1.7308702e+05 1.36e+03 9.61e+01  -5.6 1.33e+03    -  1.24e-02 1.56e-02h  1
   2  1.7217233e+05 1.32e+03 9.27e+01  -5.6 1.31e+03    -  1.20e-03 3.51e-02h  1
   3  1.7115264e+05 1.26e+03 8.86e+01  -5.6 1.26e+03    -  2.50e-02 4.36e-02h  1
   4  1.6974445e+05 1.17e+03 8.24e+01  -5.6 1.20e+03    -  9.79e-03 6.98e-02h  1
   5  1.6896614e+05 1.12e+03 7.85e+01  -5.7 1.12e+03    -  1.90e-02 4.65e-02h  1
   6  1.6732029e+05 9.76e+02 6.86e+01  -5.7 1.07e+03    -  3.95e-02 1.25e-01h  1
   7  1.6646513e+05 8.79e+02 6.18e+01  -5.7 9.34e+02    -  5.30e-02 9.92e-02h  1
   8  1.6549162e+05 6.79e+02 4.76e+01  -5.7 8.42e+02    -  6.59e-02 2.27e-01h  1
   9  1.6555101e+05 4.89e+02 3.41e+01  -5.7 6.51e+02    -  5.31e-02 2.80e-01h  1
iter    objective    inf_pr   inf_du lg(mu)  ||d||  lg(rg) alpha_du alpha_pr  ls
  10  1.6679991e+05 2.74e+02 1.88e+01  -5.8 4.68e+02    -  1.23e-01 4.41e-01h  1
  11  1.6755826e+05 1.85e+02 1.26e+01  -5.8 2.62e+02    -  1.04e-01 3.22e-01h  1
  12  1.6802241e+05 1.31e+02 8.82e+00  -5.9 1.78e+02    -  1.10e-01 2.93e-01h  1
  13  1.6832502e+05 8.78e+01 5.76e+00  -5.9 1.26e+02    -  5.50e-02 3.31e-01h  1
  14  1.6846161e+05 5.26e+01 3.32e+00  -6.0 8.41e+01    -  1.36e-01 4.01e-01h  1
  15  1.6830891e+05 1.83e+01 9.48e-01  -6.0 5.04e+01    -  1.78e-01 6.52e-01h  1
  16  1.6771157e+05 4.90e+00 5.21e-01  -6.1 1.75e+01    -  3.02e-01 7.32e-01h  1
  17  1.6708522e+05 2.13e+00 2.08e-01  -6.3 4.75e+00    -  5.95e-01 5.66e-01h  1
  18  1.6574938e+05 2.86e-01 2.62e-01  -6.7 6.58e+00    -  2.49e-01 8.65e-01h  1
  19  1.6509859e+05 9.37e-02 3.52e-01  -6.8 4.26e+00    -  2.37e-01 6.73e-01h  1
iter    objective    inf_pr   inf_du lg(mu)  ||d||  lg(rg) alpha_du alpha_pr  ls
  20  1.6474983e+05 4.87e-02 6.23e-01  -6.9 3.07e+00    -  1.77e-01 4.80e-01h  1
  21  1.6455490e+05 3.30e-02 6.79e-01  -7.0 2.67e+00    -  2.06e-01 3.22e-01h  1
  22  1.6455472e+05 3.30e-02 4.24e+03  -3.2 2.49e+00    -  2.06e-01 3.62e-04f  1
  23  1.6433795e+05 2.16e-02 3.02e+03  -7.2 3.02e+00    -  2.86e-01 3.44e-01h  1
  24  1.6405081e+05 1.17e-02 2.30e+03  -7.3 3.03e+00    -  1.34e-01 4.58e-01f  1
  25  1.6389449e+05 7.98e-03 1.96e+03  -7.4 2.50e+00    -  6.57e-02 3.20e-01f  1
  26  1.6378885e+05 5.88e-03 1.73e+03  -7.4 2.15e+00    -  5.09e-02 2.64e-01f  1
  27  1.6371563e+05 4.60e-03 1.49e+03  -7.4 1.88e+00    -  1.10e-01 2.16e-01h  1
  28  1.6357623e+05 2.48e-03 1.24e+03  -7.5 1.74e+00    -  5.70e-02 4.62e-01f  1
  29  1.6347388e+05 1.28e-03 9.50e+02  -7.5 1.30e+00    -  1.70e-01 4.81e-01f  1
iter    objective    inf_pr   inf_du lg(mu)  ||d||  lg(rg) alpha_du alpha_pr  ls
  30  1.6340472e+05 7.40e-04 8.46e+02  -7.6 1.05e+00    -  8.50e-02 4.24e-01f  1
  31  1.6335159e+05 4.25e-04 6.97e+02  -7.6 8.89e-01    -  2.10e-01 4.25e-01f  1
  32  1.6330541e+05 2.40e-04 7.27e+02  -7.7 8.14e-01    -  6.81e-02 4.36e-01f  1
  33  1.6326662e+05 1.23e-04 6.94e+02  -7.8 6.69e-01    -  1.63e-01 4.86e-01f  1
  34  1.6326653e+05 1.22e-04 8.29e+03  -3.9 6.23e-01    -  2.60e-01 5.30e-03f  1
  35  1.6326540e+05 9.70e-05 6.50e+03  -3.9 6.58e-01    -  2.16e-01 2.08e-01f  1
  36  1.6325078e+05 4.20e-05 3.55e+03  -4.0 6.25e-01    -  4.45e-01 5.67e-01f  1
  37  1.6327017e+05 2.33e-05 1.60e+03  -3.7 4.70e-01    -  6.27e-01 4.44e-01f  1
  38  1.6337324e+05 2.01e-05 1.49e+03  -2.8 4.68e+00    -  1.65e-01 1.38e-01f  1
  39  1.6355141e+05 1.24e-05 3.76e+03  -2.8 4.31e+00    -  9.75e-01 3.84e-01f  1
iter    objective    inf_pr   inf_du lg(mu)  ||d||  lg(rg) alpha_du alpha_pr  ls
  40  1.6371554e+05 5.95e-06 2.10e-06  -2.8 2.55e+01    -  1.00e+00 1.00e+00f  1
  41  1.6355207e+05 3.04e-06 2.02e+02  -4.2 1.00e+00    -  6.50e-01 4.99e-01f  2
  42  1.6341997e+05 1.65e-06 3.39e+02  -4.2 6.99e-01    -  6.67e-01 4.83e-01f  2
  43  1.6332397e+05 9.61e-07 3.18e+02  -4.2 9.03e-01    -  6.04e-01 4.71e-01f  2
  44  1.6322114e+05 8.80e-07 2.10e+02  -4.3 1.34e+00    -  1.00e+00 8.08e-01h  1
  45  1.6318079e+05 3.22e-07 7.25e-07  -4.4 1.63e+00    -  1.00e+00 1.00e+00h  1
  46  1.6315558e+05 3.29e-07 6.03e+01  -4.9 1.25e-01    -  8.53e-01 9.95e-01h  1
  47  1.6315544e+05 3.29e-07 5.93e+02  -5.1 1.13e-01    -  1.00e+00 1.56e-02f  7
  48  1.6314609e+05 3.48e-07 1.79e-07  -5.1 2.78e-01    -  1.00e+00 1.00e+00h  1
  49  1.6314322e+05 6.73e-07 2.37e+02  -5.7 5.71e-02    -  8.18e-01 4.95e-01h  2
iter    objective    inf_pr   inf_du lg(mu)  ||d||  lg(rg) alpha_du alpha_pr  ls
  50  1.6314027e+05 3.55e-07 3.23e+02  -6.0 5.29e-02  -4.0 1.00e+00 6.85e-01h  1
  51  1.6314478e+05 2.93e-07 1.08e+02  -5.3 5.94e-02    -  8.44e-01 1.00e+00f  1
  52  1.6314260e+05 2.85e-07 1.08e-06  -5.4 3.24e-02  -4.5 1.00e+00 1.00e+00h  1
  53  1.6313935e+05 2.95e-07 5.99e+01 -11.0 5.72e-02  -5.0 6.00e-01 6.85e-01f  1
  54  1.6314678e+05 1.73e-07 9.98e+02  -4.9 2.14e-01  -3.6 2.53e-01 4.49e-01f  1
  55  1.6314294e+05 4.65e-07 4.06e-06  -5.4 5.14e-02  -4.1 1.00e+00 1.00e+00h  1
  56  1.6313956e+05 1.12e-07 2.76e+01  -5.9 4.18e-02  -4.6 8.90e-01 9.95e-01h  1
  57  1.6313952e+05 1.13e-07 3.11e+02  -5.9 1.07e-02  -5.1 1.00e+00 1.25e-01f  4
  58  1.6313948e+05 1.13e-07 3.11e+02  -5.9 1.03e-02  -5.5 1.00e+00 1.25e-01h  4
  59  1.6313948e+05 1.13e-07 3.44e+02  -5.9 9.12e-03  -6.0 1.00e+00 3.12e-02h  6
iter    objective    inf_pr   inf_du lg(mu)  ||d||  lg(rg) alpha_du alpha_pr  ls
  60  1.6313924e+05 1.13e-07 2.30e-08  -5.9 8.84e-03  -5.6 1.00e+00 1.00e+00h  1
  61  1.6313813e+05 1.19e-07 9.02e+00 -11.0 2.71e-02    -  6.20e-01 6.44e-01h  1
  62  1.6313891e+05 1.08e-07 1.21e+01  -5.7 3.59e-02  -3.4 3.36e-01 3.33e-01f  1
  63  1.6313861e+05 1.70e-07 8.45e-11  -6.1 5.17e-03    -  1.00e+00 1.00e+00h  1
  64  1.6313797e+05 8.41e-08 7.12e+00  -6.4 1.08e-02  -3.8 9.90e-01 9.67e-01h  1
  65  1.6313836e+05 7.02e-08 1.65e-10  -6.2 6.28e-03    -  1.00e+00 1.00e+00f  1
  66  1.6313788e+05 6.63e-08 1.64e+02  -6.5 8.68e-03  -4.3 6.29e-01 9.63e-01H  1
  67  1.6313788e+05 6.63e-08 2.91e+02  -6.8 5.11e-03  -4.8 1.00e+00 3.12e-02f  6
  68  1.6313776e+05 6.70e-08 1.50e+02  -6.8 6.47e-03    -  5.78e-01 5.00e-01h  2
  69  1.6313776e+05 6.70e-08 3.58e+02  -7.1 5.49e-03    -  1.00e+00 3.11e-05h  2
iter    objective    inf_pr   inf_du lg(mu)  ||d||  lg(rg) alpha_du alpha_pr  ls
  70  1.6313771e+05 6.73e-08 3.05e+02  -7.0 5.51e-03  -5.3 1.00e+00 2.50e-01h  3
  71  1.6313761e+05 6.80e-08 2.05e+02  -7.2 5.08e-03  -5.7 1.00e+00 5.00e-01h  2
  72  1.6313745e+05 6.90e-08 2.00e+01  -7.8 4.62e-03  -4.4 1.00e+00 9.56e-01h  1
  73  1.6313742e+05 6.89e-08 1.75e-07  -8.3 1.68e-03  -4.0 1.00e+00 1.00e+00h  1
In iteration 73, 1 Slack too small, adjusting variable bound
  74  1.6313741e+05 5.38e-08 7.02e+02 -11.0 1.01e-02    -  3.50e-02 9.91e-01h  1
  75  1.6313742e+05 5.38e-08 4.05e-08  -8.6 1.46e-04  -3.6 1.00e+00 1.00e+00f  1
In iteration 75, 3 Slacks too small, adjusting variable bounds
  76  1.6313741e+05 5.37e-08 3.99e+02 -11.0 5.00e-04  -4.0 5.18e-01 9.91e-01h  1
  77  1.6313741e+05 3.90e-08 1.21e+02  -9.1 6.92e-05  -3.6 9.00e-01 1.00e+00f  1
MUMPS returned INFO(1) = -9 and requires more memory, reallocating.  Attempt 1
  Increasing icntl[13] from 1000 to 2000.
  78  1.6313741e+05 3.93e-08 8.31e+02  -9.1 4.25e-06  -3.2 1.55e-01 1.00e+00h  1
  79  1.6313741e+05 4.85e-08 9.87e+02  -9.1 1.52e-06  -3.7 3.63e-01 1.00e+00h  1
In iteration 79, 1 Slack too small, adjusting variable bound
iter    objective    inf_pr   inf_du lg(mu)  ||d||  lg(rg) alpha_du alpha_pr  ls
  80  1.6313741e+05 3.47e-08 1.21e+03  -9.1 2.30e-07  -3.2 1.82e-01 6.96e-01h  1
  81  1.6313741e+05 6.70e-08 1.69e+03  -9.1 1.02e-07  -3.7 7.63e-02 1.00e+00h  1
  82  1.6313741e+05 8.63e-08 2.32e+03  -9.1 1.19e-07  -3.3 4.05e-02 1.00e+00h  1
  83  1.6313741e+05 8.98e-08 2.26e+03  -9.1 1.22e-07  -3.8 2.52e-01 9.80e-01h  1
  84  1.6313741e+05 3.26e-08 2.55e+03  -9.1 4.76e-07  -3.3 9.90e-02 8.18e-01f  1
  85  1.6313741e+05 3.21e-08 2.61e+03  -9.1 6.47e-07  -3.8 2.01e-01 1.00e+00f  1
  86  1.6313741e+05 8.49e-08 2.65e+03  -9.1 5.10e-07  -3.4 2.24e-02 9.20e-01h  1
  87  1.6313741e+05 1.29e-07 1.80e+03  -9.1 1.66e-07  -3.9 2.11e-01 9.53e-01f  1
In iteration 87, 1 Slack too small, adjusting variable bound
  88  1.6313741e+05 4.22e-08 1.69e+03  -9.1 6.34e-07  -3.4 1.85e-01 7.26e-01f  1
  89  1.6313741e+05 2.49e-08 1.65e+03  -9.1 3.08e-07  -3.9 2.18e-01 1.00e+00h  1
iter    objective    inf_pr   inf_du lg(mu)  ||d||  lg(rg) alpha_du alpha_pr  ls
  90  1.6313741e+05 2.30e-08 1.99e+03  -9.1 4.02e-07  -3.5 3.99e-02 1.00e+00h  1
  91  1.6313741e+05 2.40e-08 2.04e+03  -9.1 3.83e-07  -3.1 1.44e-01 1.00e+00h  1
  92  1.6313741e+05 2.58e-08 2.22e+03  -9.1 4.04e-07  -3.5 6.01e-02 1.00e+00h  1
  93  1.6313741e+05 1.16e-07 2.18e+03  -9.1 3.82e-07  -4.0 1.66e-01 1.00e+00h  1
  94  1.6313741e+05 6.32e-08 2.02e+03  -9.1 2.21e-07  -3.6 1.27e-01 4.55e-01h  1
  95  1.6313741e+05 5.44e-08 1.91e+03  -9.1 1.33e-07  -3.2 6.26e-02 1.38e-01f  1
  96  1.6313741e+05 3.32e-08 1.68e+03  -9.1 9.17e-08  -3.6 4.24e-02 4.18e-01f  1
  97  1.6313741e+05 3.48e-08 1.50e+03  -9.1 1.35e-07  -4.1 1.15e-01 1.44e-01f  1
  98  1.6313741e+05 3.57e-08 1.44e+03  -9.1 7.54e-08  -3.7 8.59e-02 2.96e-01f  1
  99  1.6313741e+05 4.01e-08 8.30e+02  -9.1 7.58e-08  -3.3 4.21e-01 4.09e-01f  1
iter    objective    inf_pr   inf_du lg(mu)  ||d||  lg(rg) alpha_du alpha_pr  ls
 100  1.6313741e+05 4.40e-08 1.01e+03  -9.1 5.64e-08  -3.7 1.25e-01 1.00e+00f  1
 101  1.6313741e+05 1.84e-08 1.08e+03  -9.1 5.71e-08  -4.2 5.28e-02 5.33e-01h  1
 102  1.6313741e+05 5.46e-08 1.28e+03  -9.1 6.81e-08  -3.8 8.26e-02 1.00e+00f  1
 103  1.6313741e+05 2.68e-08 1.29e+03  -9.1 9.93e-08  -3.4 1.30e-01 6.89e-01h  1
 104  1.6313741e+05 2.18e-08 9.54e+02  -9.1 1.12e-07  -3.8 2.70e-01 3.02e-01f  1
 105  1.6313741e+05 5.13e-08 1.21e+03  -9.1 6.05e-08  -4.3 4.33e-02 1.00e+00f  1
 106  1.6313741e+05 3.57e-08 1.06e+03  -9.1 5.82e-08  -3.9 1.49e-01 3.07e-01h  1
 107  1.6313741e+05 5.59e-08 1.01e+03  -9.1 6.92e-08  -3.5 1.06e-01 1.00e+00f  1
 108  1.6313741e+05 3.33e-08 7.26e+02  -9.1 7.07e-08  -3.0 3.03e-01 4.20e-01h  1
 109  1.6313741e+05 1.22e-06 6.59e+02  -9.1 9.82e-03    -  2.55e-01 9.86e-01f  1
In iteration 109, 1 Slack too small, adjusting variable bound
iter    objective    inf_pr   inf_du lg(mu)  ||d||  lg(rg) alpha_du alpha_pr  ls
 110  1.6313741e+05 5.46e-07 4.55e+02  -9.1 3.06e-07  -3.5 3.51e-01 5.54e-01f  1
In iteration 110, 1 Slack too small, adjusting variable bound
 111  1.6313741e+05 1.70e-07 2.36e+02  -9.1 1.22e-07  -4.0 5.49e-01 6.88e-01h  1
In iteration 111, 1 Slack too small, adjusting variable bound
 112  1.6313741e+05 1.68e-07 8.95e+01  -9.1 6.12e-06  -3.6 4.79e-01 1.28e-02h  1
In iteration 112, 1 Slack too small, adjusting variable bound
 113  1.6313741e+05 1.39e-07 7.40e+01  -9.1 5.27e-07  -4.1 3.24e-02 1.75e-01h  1
In iteration 113, 1 Slack too small, adjusting variable bound
 114  1.6313741e+05 1.30e-07 6.90e+01  -9.1 1.80e-06  -3.6 4.07e-01 6.24e-02h  1
In iteration 114, 1 Slack too small, adjusting variable bound
 115  1.6313741e+05 1.05e-07 7.02e+01  -9.1 5.40e-07  -3.2 3.85e-01 1.92e-01h  1
In iteration 115, 1 Slack too small, adjusting variable bound
 116  1.6313741e+05 8.72e-08 1.83e+02  -9.1 1.70e-07  -3.7 1.00e+00 1.69e-01h  1
 117  1.6313741e+05 9.01e-09 8.08e+00  -9.1 2.96e-08  -3.3 7.83e-01 1.00e+00h  1
 118  1.6313741e+05 8.98e-09 3.64e-12  -9.1 1.50e-08  -3.7 1.00e+00 1.00e+00h  1

Number of Iterations....: 118

                                   (scaled)                 (unscaled)
Objective...............:   1.2489294114903454e+02    1.6313741362372067e+05
Dual infeasibility......:   3.6379788070917130e-12    4.7519935710268804e-09
Constraint violation....:   8.9825982207969446e-09    8.9825982207969446e-09
Variable bound violation:   7.7006632182019530e-09    7.7006632182019530e-09
Complementarity.........:   8.8426628102873533e-10    1.1550445742930538e-06
Overall NLP error.......:   8.9825982207969446e-09    1.1550445742930538e-06


Number of objective function evaluations             = 163
Number of objective gradient evaluations             = 119
Number of equality constraint evaluations            = 163
Number of inequality constraint evaluations          = 163
Number of equality constraint Jacobian evaluations   = 1
Number of inequality constraint Jacobian evaluations = 1
Number of Lagrangian Hessian evaluations             = 118
Total seconds in IPOPT                               = 8.976

EXIT: Optimal Solution Found.
--- Reading solution for model calib_step2_cps
--- GDX Point h:\windc\github\windc_build\household\calib_step2_cps_p.gdx
--- Executing after solve: elapsed 0:00:11.608
--- hhcalib.gms(975) 226 Mb
--- hhcalib.gms(1153) 226 Mb
--- GDXin=h:\windc\github\windc_build\household\gdx\calib_step3_cps_p.gdx
--- GDX File (execute_load) h:\windc\github\windc_build\household\gdx\calib_step3_cps_p.gdx
--- hhcalib.gms(1157) 226 Mb
--- Generating NLP model calib_step3_cps
--- hhcalib.gms(1159) 228 Mb
---   3,826 rows  18,106 columns  50,695 non-zeroes
---   113,477 nl-code  18,105 nl-non-zeroes
--- Range statistics (absolute non-zero finite values)
--- RHS       [min, max] : [ 2.047E-04, 4.027E+02] - Zero values observed as well
--- Bound     [min, max] : [ 1.000E-05, 1.000E-05] - Zero values observed as well
--- Matrix    [min, max] : [ 9.163E-04, 2.237E+04] - Zero values observed as well
--- hhcalib.gms(1159) 226 Mb
--- Executing IPOPT (Solvelink=2): elapsed 0:00:12.171

COIN-OR Ipopt    42.5.0 cf11b917 Mar 30, 2023          WEI x86 64bit/MS Window

COIN-OR Interior Point Optimizer (Ipopt Library 3.14.10)
written by A. Waechter.

******************************************************************************
This program contains Ipopt, a library for large-scale nonlinear optimization.
 Ipopt is released as open source code under the Eclipse Public License (EPL).
         For more information visit https://github.com/coin-or/Ipopt
******************************************************************************

This is Ipopt version 3.14.10, running with linear solver MUMPS 5.5.1.

Number of nonzeros in equality constraint Jacobian...:    26622
Number of nonzeros in inequality constraint Jacobian.:        0
Number of nonzeros in Lagrangian Hessian.............:    14790

Total number of variables............................:    14790
                     variables with only lower bounds:    14790
                variables with lower and upper bounds:        0
                     variables with only upper bounds:        0
Total number of equality constraints.................:     3825
Total number of inequality constraints...............:        0
        inequality constraints with only lower bounds:        0
   inequality constraints with lower and upper bounds:        0
        inequality constraints with only upper bounds:        0

iter    objective    inf_pr   inf_du lg(mu)  ||d||  lg(rg) alpha_du alpha_pr  ls
   0  3.3382861e+04 2.11e+01 1.45e+00   0.0 0.00e+00    -  0.00e+00 0.00e+00   0
   1  3.4336394e+04 5.88e+00 4.01e+01  -2.0 1.07e+01    -  6.78e-01 7.21e-01h  1
   2  3.5052103e+04 2.28e+00 7.40e+01  -2.3 2.71e+00    -  8.85e-01 6.12e-01h  1
   3  3.5618583e+04 6.84e-01 1.72e+02  -2.4 1.59e+00    -  9.36e-01 7.00e-01h  1
   4  3.5885686e+04 2.54e-01 2.64e+02  -2.4 6.28e-01    -  1.00e+00 6.29e-01h  1
   5  3.6090263e+04 4.41e-02 4.44e+02  -2.5 3.33e-01    -  1.00e+00 8.26e-01h  1
   6  3.6080485e+04 1.87e-07 4.96e+02  -2.7 3.55e-01    -  1.00e+00 1.00e+00h  1
   7  3.6154657e+04 1.48e-07 4.80e+02  -2.4 4.29e-01    -  1.00e+00 1.00e+00f  1
   8  3.6114461e+04 2.86e-08 1.41e+01  -2.5 2.01e-01    -  1.00e+00 1.00e+00f  1
   9  3.6112750e+04 2.49e-09 4.46e-02  -2.5 1.51e-02    -  1.00e+00 1.00e+00h  1
iter    objective    inf_pr   inf_du lg(mu)  ||d||  lg(rg) alpha_du alpha_pr  ls
  10  3.6047399e+04 1.52e-07 6.53e+00  -3.1 5.32e-01    -  9.01e-01 1.00e+00f  1
  11  3.6033267e+04 3.82e-08 1.47e-03  -3.8 2.59e-01    -  1.00e+00 1.00e+00f  1
  12  3.6032468e+04 5.72e-09 1.49e-01  -5.3 6.77e-02    -  9.71e-01 1.00e+00f  1
  13  3.6032466e+04 7.21e-11 9.24e-07  -6.7 3.82e-03    -  1.00e+00 1.00e+00h  1
  14  3.6032466e+04 1.49e-12 3.86e-07 -11.0 7.49e-05    -  1.00e+00 1.00e+00h  1
  15  3.6032466e+04 1.42e-13 2.36e-14 -11.0 3.48e-09    -  1.00e+00 1.00e+00h  1

Number of Iterations....: 15

                                   (scaled)                 (unscaled)
Objective...............:   1.6110112037011808e+02    3.6032465717895844e+04
Dual infeasibility......:   2.3640633388995208e-14    5.2875505159821084e-12
Constraint violation....:   1.4210854715202004e-13    1.4210854715202004e-13
Variable bound violation:   0.0000000000000000e+00    0.0000000000000000e+00
Complementarity.........:   1.0000000100515383e-11    2.2366365918061643e-09
Overall NLP error.......:   1.0000000100515383e-11    2.2366365918061643e-09


Number of objective function evaluations             = 16
Number of objective gradient evaluations             = 16
Number of equality constraint evaluations            = 16
Number of inequality constraint evaluations          = 0
Number of equality constraint Jacobian evaluations   = 1
Number of inequality constraint Jacobian evaluations = 0
Number of Lagrangian Hessian evaluations             = 15
Total seconds in IPOPT                               = 1.103

EXIT: Optimal Solution Found.
--- Reading solution for model calib_step3_cps
--- GDX Point h:\windc\github\windc_build\household\calib_step3_cps_p.gdx
--- Executing after solve: elapsed 0:00:13.681
--- hhcalib.gms(1168) 226 Mb
--- hhcalib.gms(1216) 226 Mb
--- GDX File (execute_unload) h:\windc\github\windc_build\household\gdx\calibrated_hhdata_cps_static_2016.gdx
--- hhcalib.gms(1220) 226 Mb
--- GDX File (execute_unload) h:\windc\github\windc_build\household\gdx\capital_taxrate_2016.gdx
*** Status: Normal completion
--- Job hhcalib.gms Stop 06/08/23 15:53:18 elapsed 0:00:14.112
