--- Job hhcalib Start 06/08/23 15:54:21 42.5.0 cf11b917 WEX-WEI x86 64bit/MS Windows
--- Applying:
    C:\GAMS\42\gmsprmNT.txt
--- GAMS Parameters defined
    Input h:\windc\github\windc_build\household\hhcalib.gms
    Output h:\windc\github\windc_build\household\lst\hhcalib_2017_soi_static.lst
    ScrDir h:\windc\github\windc_build\household\225b\
    SysDir C:\GAMS\42\
    LogOption 4
    LogFile h:\windc\github\windc_build\household\lst\hhcalib_2017_soi_static.log
    --year 2017
    --hhdata soi
    --invest static
    --puttitle no
Licensee: Small MUD - 5 User License                     G230511|0002AO-GEN
          University of Wisconsin-Madison, Agricultural & Applied EconDC289
          C:\Users\Thomas F. Rutherford\Documents\GAMS\gamslice.txt
          License Admin: Thomas F. Rutherford, rutherford@aae.wisc.edu     
Processor information: 1 socket(s), 12 core(s), and 24 thread(s) available
GAMS 42.5.0   Copyright (C) 1987-2023 GAMS Development. All rights reserved
--- Starting compilation
--- hhcalib.gms(63) 2 Mb
--- . windc_coredata.gms(17) 2 Mb
--- GDXin=h:\windc\github\windc_build\core\WiNDCdatabase.gdx
--- GDX File ($gdxIn) h:\windc\github\windc_build\core\WiNDCdatabase.gdx
--- . windc_coredata.gms(209) 202 Mb
--- hhcalib.gms(89) 202 Mb
--- GDXin=h:\windc\github\windc_build\household\gdx\capital_tax_rates.gdx
--- GDX File ($gdxIn) h:\windc\github\windc_build\household\gdx\capital_tax_rates.gdx
--- hhcalib.gms(121) 202 Mb
--- GDXin=h:\windc\github\windc_build\household\gdx\soi_data_2017.gdx
--- GDX File ($gdxIn) h:\windc\github\windc_build\household\gdx\soi_data_2017.gdx
--- hhcalib.gms(130) 202 Mb
--- GDXin=h:\windc\github\windc_build\household\gdx\cps_data_2017.gdx
--- GDX File ($gdxIn) h:\windc\github\windc_build\household\gdx\cps_data_2017.gdx
--- hhcalib.gms(333) 202 Mb
--- . hh_calib_aggregate_regions.map(68) 202 Mb
--- hhcalib.gms(840) 202 Mb
--- call csv2gdx data_sources\cex\national_income_elasticities_CEX_2013_2017.csv output=gdx\national_income_elasticities_CEX_2013_2017.gdx id=regres index=1 useHeader=y value=2,3,4
--- hhcalib.gms(841) 202 Mb
--- GDXin=h:\windc\github\windc_build\household\gdx\national_income_elasticities_CEX_2013_2017.gdx
--- GDX File ($gdxIn) h:\windc\github\windc_build\household\gdx\national_income_elasticities_CEX_2013_2017.gdx
--- hhcalib.gms(847) 202 Mb
--- call csv2gdx data_sources\cex\windc_pce_map.csv output=gdx\windc_pce_map.gdx id=pcebridge index=1,2 useHeader=y value=3,4,5
--- hhcalib.gms(848) 202 Mb
--- GDXin=h:\windc\github\windc_build\household\gdx\windc_pce_map.gdx
--- GDX File ($gdxIn) h:\windc\github\windc_build\household\gdx\windc_pce_map.gdx
--- hhcalib.gms(963) 202 Mb
--- Starting execution: elapsed 0:00:00.565
--- hhcalib.gms(271) 221 Mb
--- GDX File (execute_unload) h:\windc\github\windc_build\household\225b\totgdp.gdx
--- hhcalib.gms(272) 221 Mb
--- hhcalib.gms(764) 221 Mb
--- Generating NLP model calib_step1_soi
--- hhcalib.gms(767) 223 Mb
---   99 rows  147 columns  447 non-zeroes
---   562 nl-code  105 nl-non-zeroes
--- Range statistics (absolute non-zero finite values)
--- RHS       [min, max] : [ 1.040E+02, 6.085E+03] - Zero values observed as well
--- Bound     [min, max] : [ 1.000E-02, 7.219E+02] - Zero values observed as well
--- Matrix    [min, max] : [ 8.118E-04, 1.000E+00] - Zero values observed as well
--- hhcalib.gms(767) 221 Mb
--- Executing IPOPT (Solvelink=2): elapsed 0:00:01.755

COIN-OR Ipopt    42.5.0 cf11b917 Mar 30, 2023          WEI x86 64bit/MS Window

COIN-OR Interior Point Optimizer (Ipopt Library 3.14.10)
written by A. Waechter.

******************************************************************************
This program contains Ipopt, a library for large-scale nonlinear optimization.
 Ipopt is released as open source code under the Eclipse Public License (EPL).
         For more information visit https://github.com/coin-or/Ipopt
******************************************************************************

This is Ipopt version 3.14.10, running with linear solver MUMPS 5.5.1.

Number of nonzeros in equality constraint Jacobian...:      301
Number of nonzeros in inequality constraint Jacobian.:       40
Number of nonzeros in Lagrangian Hessian.............:      205

Total number of variables............................:      146
                     variables with only lower bounds:       90
                variables with lower and upper bounds:       36
                     variables with only upper bounds:        0
Total number of equality constraints.................:       90
Total number of inequality constraints...............:        8
        inequality constraints with only lower bounds:        4
   inequality constraints with lower and upper bounds:        0
        inequality constraints with only upper bounds:        4

iter    objective    inf_pr   inf_du lg(mu)  ||d||  lg(rg) alpha_du alpha_pr  ls
   0  1.9142032e+00 3.45e+03 1.13e+03   0.0 0.00e+00    -  0.00e+00 0.00e+00   0
WARNING: Problem in step computation; switching to emergency mode.
   1r 1.9142032e+00 3.45e+03 9.99e+02   3.5 0.00e+00  20.0 0.00e+00 0.00e+00R  1
WARNING: Problem in step computation; switching to emergency mode.
Cannot call restoration phase at point that is almost feasible for the restoration NLP (violation 0.000000e+00).
Abort in line search due to no other fall back.
Step computation in the restoration phase failed.

Number of Iterations....: 1

                                   (scaled)                 (unscaled)
Objective...............:   1.9142032204873516e+00    1.9142032204873516e+00
Dual infeasibility......:   1.1336026067506425e+03    1.1336026067506425e+03
Constraint violation....:   3.4540757211466926e+03    3.4540757211466926e+03
Variable bound violation:   0.0000000000000000e+00    0.0000000000000000e+00
Complementarity.........:   6.1590342985567293e+02    6.1590342985567293e+02
Overall NLP error.......:   3.4540757211466926e+03    3.4540757211466926e+03


Number of objective function evaluations             = 2
Number of objective gradient evaluations             = 2
Number of equality constraint evaluations            = 2
Number of inequality constraint evaluations          = 2
Number of equality constraint Jacobian evaluations   = 1
Number of inequality constraint Jacobian evaluations = 1
Number of Lagrangian Hessian evaluations             = 2
Total seconds in IPOPT                               = 0.018

EXIT: Restoration Failed!
--- Reading solution for model calib_step1_soi
--- Executing after solve: elapsed 0:00:01.837
--- hhcalib.gms(769) 221 Mb
--- Generating NLP model calib_step1_soi
--- hhcalib.gms(771) 223 Mb
---   99 rows  147 columns  447 non-zeroes
---   562 nl-code  105 nl-non-zeroes
--- Range statistics (absolute non-zero finite values)
--- RHS       [min, max] : [ 1.040E+02, 6.085E+03] - Zero values observed as well
--- Bound     [min, max] : [ 1.000E-02, 7.219E+02] - Zero values observed as well
--- Matrix    [min, max] : [ 8.118E-04, 1.135E+03] - Zero values observed as well
--- hhcalib.gms(771) 221 Mb
--- Executing CONOPT (Solvelink=2): elapsed 0:00:01.870

CONOPT 3         42.5.0 cf11b917 Mar 30, 2023          WEI x86 64bit/MS Window

 
 
    C O N O P T 3   version 3.17N
    Copyright (C)   ARKI Consulting and Development A/S
                    Bagsvaerdvej 246 A
                    DK-2880 Bagsvaerd, Denmark
 
 
   Iter Phase Ninf   Infeasibility   RGmax    NSB   Step InItr MX OK
      0   0        1.5029298425E+04 (Input point)
 
                   Pre-triangular equations:   44
                   Post-triangular equations:  21
                   Definitional equations:     12
 
      1   0        1.0135688924E+04 (After pre-processing)
      2   0        9.6842269805E+00 (After scaling)
 
 ** Feasible solution. Value of objective =    20465422.8018
 
   Iter Phase Ninf     Objective     RGmax    NSB   Step InItr MX OK
     11   3        1.9535640116E+07 6.1E+06    45 1.0E+00    2 T  T
     21   4        8.6868903348E+06 1.7E+05    40 1.0E+00    3 T  T
     26   4        7.8808233902E+05 1.8E+05    28 1.0E+00   16 F  T
     31   4        6.5702416317E+05 5.6E+02    30 1.0E+00   14 T  T
     35   4        6.5701590451E+05 6.2E-08    22
 
 ** Optimal solution. Reduced gradient less than tolerance.
 
--- Reading solution for model calib_step1_soi
--- Executing after solve: elapsed 0:00:01.927
--- hhcalib.gms(958) 221 Mb
--- GDXin=h:\windc\github\windc_build\household\gdx\calib_step2_soi_p.gdx
--- hhcalib.gms(958) 221 Mb
--- GDX File (execute_load) h:\windc\github\windc_build\household\gdx\calib_step2_soi_p.gdx
--- hhcalib.gms(964) 221 Mb
--- Generating NLP model calib_step2_soi
--- hhcalib.gms(966) 227 Mb
---   1,327 rows  14,542 columns  83,392 non-zeroes
---   19,892 nl-code  14,030 nl-non-zeroes
--- Range statistics (absolute non-zero finite values)
--- RHS       [min, max] : [ 1.913E-01, 6.085E+03] - Zero values observed as well
--- Bound     [min, max] : [ 1.786E-03, 5.082E+02] - Zero values observed as well
--- Matrix    [min, max] : [ 1.090E-02, 3.745E+05]
--- hhcalib.gms(966) 225 Mb
--- Executing IPOPT (Solvelink=2): elapsed 0:00:02.273

COIN-OR Ipopt    42.5.0 cf11b917 Mar 30, 2023          WEI x86 64bit/MS Window

COIN-OR Interior Point Optimizer (Ipopt Library 3.14.10)
written by A. Waechter.

******************************************************************************
This program contains Ipopt, a library for large-scale nonlinear optimization.
 Ipopt is released as open source code under the Eclipse Public License (EPL).
         For more information visit https://github.com/coin-or/Ipopt
******************************************************************************

This is Ipopt version 3.14.10, running with linear solver MUMPS 5.5.1.

Number of nonzeros in equality constraint Jacobian...:    17486
Number of nonzeros in inequality constraint Jacobian.:     3925
Number of nonzeros in Lagrangian Hessian.............:    31085

Total number of variables............................:     4951
                     variables with only lower bounds:     3982
                variables with lower and upper bounds:      714
                     variables with only upper bounds:        0
Total number of equality constraints.................:      969
Total number of inequality constraints...............:      357
        inequality constraints with only lower bounds:       51
   inequality constraints with lower and upper bounds:        0
        inequality constraints with only upper bounds:      306

iter    objective    inf_pr   inf_du lg(mu)  ||d||  lg(rg) alpha_du alpha_pr  ls
   0  2.0814539e+05 1.29e+03 9.90e+01   0.0 0.00e+00    -  0.00e+00 0.00e+00   0
   1  1.8729586e+05 1.11e+03 8.52e+01  -5.3 1.29e+03    -  9.90e-03 1.38e-01h  1
   2  1.8407460e+05 1.08e+03 8.29e+01  -5.3 1.12e+03    -  2.34e-02 2.70e-02h  1
   3  1.4797526e+05 6.64e+02 5.05e+01  -5.4 1.09e+03    -  4.53e-02 3.88e-01h  1
   4  1.3523299e+05 4.25e+02 3.21e+01  -5.4 6.65e+02    -  1.65e-01 3.60e-01h  1
   5  1.2638084e+05 8.34e+01 5.84e+00  -5.5 4.25e+02    -  1.90e-01 8.04e-01h  1
   6  1.2518041e+05 1.68e+01 9.58e-01  -5.6 8.35e+01    -  4.52e-01 7.98e-01h  1
   7  1.2355437e+05 3.12e+00 2.19e-01  -5.8 1.68e+01    -  9.32e-01 8.14e-01h  1
   8  1.1708393e+05 2.84e-01 4.98e-02  -7.0 4.14e+01    -  7.45e-01 9.09e-01h  1
   9  1.1608387e+05 1.65e-02 3.61e-01  -7.6 1.47e+01    -  5.34e-01 9.42e-01h  1
iter    objective    inf_pr   inf_du lg(mu)  ||d||  lg(rg) alpha_du alpha_pr  ls
  10  1.1608386e+05 1.65e-02 1.73e+04  -4.0 2.60e+00    -  3.27e-01 6.55e-05f  1
  11  1.1608394e+05 1.64e-02 1.70e+04  -2.2 3.39e+01    -  1.40e-02 2.56e-03f  1
  12  1.1605254e+05 1.16e-02 5.83e+03  -3.4 2.65e+00    -  6.60e-01 2.96e-01f  1
  13  1.1600337e+05 3.33e-03 1.60e+03  -3.8 2.07e+00    -  7.27e-01 7.12e-01h  1
  14  1.1598571e+05 6.61e-04 1.73e+02  -4.1 9.52e-01    -  9.88e-01 8.01e-01h  1
  15  1.1597630e+05 1.72e-04 6.87e+01  -4.7 3.85e+00    -  1.00e+00 7.40e-01h  1
  16  1.1597038e+05 8.30e-06 4.79e+00  -5.4 2.59e+00    -  1.00e+00 9.52e-01h  1
  17  1.1596955e+05 8.14e-07 3.93e+00  -6.2 2.02e+00    -  1.00e+00 9.02e-01h  1
  18  1.1596937e+05 1.75e-08 9.79e-01  -7.6 5.07e-01    -  1.00e+00 9.79e-01h  1
  19  1.1596935e+05 7.36e-09 9.68e+01  -8.1 1.17e-02  -4.0 5.99e-01 1.00e+00H  1
iter    objective    inf_pr   inf_du lg(mu)  ||d||  lg(rg) alpha_du alpha_pr  ls
  20  1.1596935e+05 5.74e-09 3.11e+01  -7.9 3.55e-03  -3.6 8.10e-01 1.00e+00h  1
MUMPS returned INFO(1) = -9 and requires more memory, reallocating.  Attempt 1
  Increasing icntl[13] from 1000 to 2000.
  21  1.1596935e+05 5.31e-09 5.02e-08  -7.9 5.65e-04  -4.1 1.00e+00 1.00e+00h  1
  22  1.1596935e+05 5.34e-09 4.90e+01  -8.8 1.72e-04  -4.5 7.11e-01 1.25e-01h  4
In iteration 22, 1 Slack too small, adjusting variable bound
  23  1.1596935e+05 5.34e-09 1.04e+02  -8.4 8.79e-05  -4.1 1.00e+00 3.39e-02h  1
  24  1.1596935e+05 5.48e-09 4.14e+00  -8.4 7.76e-05  -3.7 8.24e-01 1.00e+00h  1
  25  1.1596935e+05 5.48e-09 5.09e+01  -8.4 3.43e-05  -3.3 4.84e-01 1.65e-05h  2
  26  1.1596935e+05 5.44e-09 2.73e+01  -8.4 3.02e-05  -3.7 5.05e-01 1.00e+00h  1
  27  1.1596935e+05 5.38e-09 5.89e+01  -8.4 8.97e-05  -4.2 5.55e-01 1.00e+00h  1
  28  1.1596935e+05 6.49e-09 1.17e+02  -8.4 3.35e-05  -3.8 2.80e-01 1.00e+00h  1
  29  1.1596935e+05 4.96e-09 1.43e+02  -8.4 1.19e+01    -  3.37e-01 1.00e+00h  1
In iteration 29, 1 Slack too small, adjusting variable bound
iter    objective    inf_pr   inf_du lg(mu)  ||d||  lg(rg) alpha_du alpha_pr  ls
  30  1.1596935e+05 4.82e-09 1.42e+02  -8.4 1.47e-06  -3.4 2.59e-01 6.97e-01h  1
In iteration 30, 1 Slack too small, adjusting variable bound
  31  1.1596935e+05 4.81e-09 1.17e+02  -8.4 4.41e-06  -3.8 3.41e-01 6.30e-01h  1
In iteration 31, 1 Slack too small, adjusting variable bound
  32  1.1596935e+05 3.91e-07 8.64e+01  -8.4 1.75e+00    -  3.82e-01 5.71e-01h  1
In iteration 32, 1 Slack too small, adjusting variable bound
  33  1.1596935e+05 2.06e-07 5.53e+01  -8.4 7.79e-07  -3.4 4.13e-01 4.73e-01h  1
In iteration 33, 1 Slack too small, adjusting variable bound
  34  1.1596935e+05 8.54e-08 4.53e+01  -8.4 1.19e+00    -  4.16e-01 5.85e-01h  1
In iteration 34, 1 Slack too small, adjusting variable bound
  35  1.1596935e+05 2.03e-08 1.75e+01  -8.4 1.02e-06  -3.9 1.00e+00 7.62e-01h  1
  36  1.1596935e+05 4.75e-09 1.34e-10  -8.4 3.81e-07  -3.5 1.00e+00 1.00e+00h  1
  37  1.1596935e+05 4.85e-09 3.37e+01 -11.0 1.65e-03    -  5.81e-01 9.97e-01h  1
  38  1.1596935e+05 4.81e-09 9.44e+01  -8.9 5.09e-01    -  3.25e-01 1.00e+00f  1
  39  1.1596935e+05 4.79e-09 9.18e+01  -8.9 1.55e-01    -  5.43e-01 1.00e+00h  1
In iteration 39, 1 Slack too small, adjusting variable bound
iter    objective    inf_pr   inf_du lg(mu)  ||d||  lg(rg) alpha_du alpha_pr  ls
  40  1.1596935e+05 4.77e-09 1.00e+02  -8.9 3.61e-02    -  4.88e-01 9.88e-01h  1
  41  1.1596935e+05 8.24e-09 4.81e-12  -8.9 4.12e-08  -3.9 1.00e+00 1.00e+00h  1
  42  1.1596935e+05 8.24e-09 8.64e+01  -9.2 1.59e-05  -4.4 8.78e-01 1.22e-04h 14
  43  1.1596935e+05 3.70e-09 1.37e-08  -9.2 1.64e-05  -3.1 1.00e+00 1.00e+00h  1
  44  1.1596935e+05 3.70e-09 2.71e+01  -9.6 1.05e-05  -3.6 6.98e-01 1.00e+00h  1
  45  1.1596935e+05 3.70e-09 8.15e-10  -9.5 1.10e-06  -3.1 1.00e+00 1.00e+00h  1
  46  1.1596935e+05 3.70e-09 8.60e+01  -9.8 3.67e-06  -3.6 8.71e-01 3.12e-02h  6
  47  1.1596935e+05 3.70e-09 6.55e+01  -9.8 3.74e-06  -4.1 2.77e-01 2.50e-01h  3
  48  1.1596935e+05 3.70e-09 2.90e+01  -9.8 2.80e-06  -3.7 4.86e-01 1.00e+00h  1
  49  1.1596935e+05 3.69e-09 8.54e+01  -9.8 1.95e-07  -3.2 4.31e-01 1.00e+00h  1
iter    objective    inf_pr   inf_du lg(mu)  ||d||  lg(rg) alpha_du alpha_pr  ls
  50  1.1596935e+05 3.67e-09 1.26e+02  -9.8 1.66e-07  -3.7 3.85e-01 1.00e+00h  1
  51  1.1596935e+05 4.44e-09 1.71e+02  -9.8 5.94e-08  -4.2 2.58e-01 1.00e+00h  1
  52  1.1596935e+05 6.10e-09 1.74e+02  -9.8 1.63e-08  -3.8 5.94e-02 1.00e+00h  1
  53  1.1596935e+05 5.84e-09 6.44e-12  -9.8 1.39e-08  -3.3 1.00e+00 1.00e+00h  1

Number of Iterations....: 53

                                   (scaled)                 (unscaled)
Objective...............:   3.0966197698476083e+01    1.1596935219247403e+05
Dual infeasibility......:   6.4378372424678254e-12    2.4109896274618132e-08
Constraint violation....:   5.8396949498273898e-09    5.8396949498273898e-09
Variable bound violation:   9.5371461839022231e-09    9.5371461839022231e-09
Complementarity.........:   6.6313214200666057e-09    2.4834500404389234e-05
Overall NLP error.......:   6.6313214200666057e-09    2.4834500404389234e-05


Number of objective function evaluations             = 88
Number of objective gradient evaluations             = 54
Number of equality constraint evaluations            = 88
Number of inequality constraint evaluations          = 88
Number of equality constraint Jacobian evaluations   = 1
Number of inequality constraint Jacobian evaluations = 1
Number of Lagrangian Hessian evaluations             = 53
Total seconds in IPOPT                               = 4.940

EXIT: Optimal Solution Found.
--- Reading solution for model calib_step2_soi
--- GDX Point h:\windc\github\windc_build\household\calib_step2_soi_p.gdx
--- Executing after solve: elapsed 0:00:07.619
--- hhcalib.gms(975) 225 Mb
--- hhcalib.gms(1153) 225 Mb
--- GDXin=h:\windc\github\windc_build\household\gdx\calib_step3_soi_p.gdx
--- GDX File (execute_load) h:\windc\github\windc_build\household\gdx\calib_step3_soi_p.gdx
--- hhcalib.gms(1157) 225 Mb
--- Generating NLP model calib_step3_soi
--- hhcalib.gms(1159) 227 Mb
---   3,826 rows  18,106 columns  50,695 non-zeroes
---   113,477 nl-code  18,105 nl-non-zeroes
--- Range statistics (absolute non-zero finite values)
--- RHS       [min, max] : [ 1.556E-04, 4.886E+02] - Zero values observed as well
--- Bound     [min, max] : [ 1.000E-05, 1.000E-05] - Zero values observed as well
--- Matrix    [min, max] : [ 4.913E-04, 2.444E+04] - Zero values observed as well
--- hhcalib.gms(1159) 225 Mb
--- Executing IPOPT (Solvelink=2): elapsed 0:00:08.193

COIN-OR Ipopt    42.5.0 cf11b917 Mar 30, 2023          WEI x86 64bit/MS Window

COIN-OR Interior Point Optimizer (Ipopt Library 3.14.10)
written by A. Waechter.

******************************************************************************
This program contains Ipopt, a library for large-scale nonlinear optimization.
 Ipopt is released as open source code under the Eclipse Public License (EPL).
         For more information visit https://github.com/coin-or/Ipopt
******************************************************************************

This is Ipopt version 3.14.10, running with linear solver MUMPS 5.5.1.

Number of nonzeros in equality constraint Jacobian...:    26622
Number of nonzeros in inequality constraint Jacobian.:        0
Number of nonzeros in Lagrangian Hessian.............:    14790

Total number of variables............................:    14790
                     variables with only lower bounds:    14790
                variables with lower and upper bounds:        0
                     variables with only upper bounds:        0
Total number of equality constraints.................:     3825
Total number of inequality constraints...............:        0
        inequality constraints with only lower bounds:        0
   inequality constraints with lower and upper bounds:        0
        inequality constraints with only upper bounds:        0

iter    objective    inf_pr   inf_du lg(mu)  ||d||  lg(rg) alpha_du alpha_pr  ls
   0  3.0447857e+04 2.53e+01 1.41e+00   0.0 0.00e+00    -  0.00e+00 0.00e+00   0
   1  3.1460663e+04 6.39e+00 3.67e+01  -1.4 6.51e+00    -  7.38e-01 7.48e-01h  1
   2  3.2186707e+04 2.13e+00 9.04e+01  -2.0 1.63e+00    -  9.24e-01 6.67e-01h  1
   3  3.2783837e+04 8.75e-01 3.89e+02  -1.7 1.86e+00    -  9.77e-01 5.89e-01h  1
   4  3.3006872e+04 2.23e-01 3.42e+02  -2.3 7.59e-01    -  1.00e+00 7.46e-01h  1
   5  3.3017316e+04 7.08e-03 3.03e+02  -2.8 8.31e-01    -  1.00e+00 9.68e-01h  1
   6  3.2986787e+04 7.34e-08 9.43e+01  -3.2 3.24e-01    -  1.00e+00 1.00e+00h  1
   7  3.2981830e+04 9.56e-09 1.53e+01  -3.7 1.08e-01    -  1.00e+00 1.00e+00f  1
   8  3.2981254e+04 6.34e-09 2.51e+00  -4.8 4.85e-02    -  1.00e+00 1.00e+00f  1
   9  3.2981248e+04 3.07e-10 3.55e-02  -6.2 4.25e-03    -  1.00e+00 1.00e+00h  1
iter    objective    inf_pr   inf_du lg(mu)  ||d||  lg(rg) alpha_du alpha_pr  ls
  10  3.2981248e+04 7.07e-12 1.72e-05  -8.1 1.69e-04    -  1.00e+00 1.00e+00h  1
  11  3.2981248e+04 1.42e-13 6.08e-12 -11.0 2.20e-06    -  1.00e+00 1.00e+00h  1

Number of Iterations....: 11

                                   (scaled)                 (unscaled)
Objective...............:   1.3496487164575171e+02    3.2981247645251424e+04
Dual infeasibility......:   6.0758785155878847e-12    1.4847571189563999e-09
Constraint violation....:   1.4210854715202004e-13    1.4210854715202004e-13
Variable bound violation:   0.0000000000000000e+00    0.0000000000000000e+00
Complementarity.........:   1.0017586293070712e-11    2.4479888011647741e-09
Overall NLP error.......:   1.0017586293070712e-11    2.4479888011647741e-09


Number of objective function evaluations             = 12
Number of objective gradient evaluations             = 12
Number of equality constraint evaluations            = 12
Number of inequality constraint evaluations          = 0
Number of equality constraint Jacobian evaluations   = 1
Number of inequality constraint Jacobian evaluations = 0
Number of Lagrangian Hessian evaluations             = 11
Total seconds in IPOPT                               = 0.859

EXIT: Optimal Solution Found.
--- Reading solution for model calib_step3_soi
--- GDX Point h:\windc\github\windc_build\household\calib_step3_soi_p.gdx
--- Executing after solve: elapsed 0:00:09.500
--- hhcalib.gms(1168) 225 Mb
--- hhcalib.gms(1216) 225 Mb
--- GDX File (execute_unload) h:\windc\github\windc_build\household\gdx\calibrated_hhdata_soi_static_2017.gdx
--- hhcalib.gms(1220) 225 Mb
--- GDX File (execute_unload) h:\windc\github\windc_build\household\gdx\capital_taxrate_2017.gdx
*** Status: Normal completion
--- Job hhcalib.gms Stop 06/08/23 15:54:31 elapsed 0:00:09.917
